remark: tx_src/transmitter.cpp:22:0: Unrolling loop 'VITIS_LOOP_166_11' (tx_src/transmitter.cpp:166:23) in function 'transmitter' partially with a factor of 128
remark: tx_src/transmitter.cpp:22:0: Unrolling loop 'VITIS_LOOP_159_10' (tx_src/transmitter.cpp:159:23) in function 'transmitter': changing partial unrolling into complete unrolling since the unrolling factor (=100) is no less than the loop trip count (=100).
remark: tx_src/transmitter.cpp:22:0: Unrolling loop 'VITIS_LOOP_159_10' (tx_src/transmitter.cpp:159:23) in function 'transmitter' completely with a factor of 100
remark: tx_src/transmitter.cpp:22:0: Unrolling loop 'VITIS_LOOP_153_9' (tx_src/transmitter.cpp:153:20) in function 'transmitter': changing partial unrolling into complete unrolling since the unrolling factor (=64) is no less than the loop trip count (=64).
remark: tx_src/transmitter.cpp:22:0: Unrolling loop 'VITIS_LOOP_153_9' (tx_src/transmitter.cpp:153:20) in function 'transmitter' completely with a factor of 64
remark: tx_src/transmitter.cpp:22:0: Unrolling loop 'VITIS_LOOP_142_8' (tx_src/transmitter.cpp:142:22) in function 'transmitter': changing partial unrolling into complete unrolling since the unrolling factor (=32) is no less than the loop trip count (=32).
remark: tx_src/transmitter.cpp:22:0: Unrolling loop 'VITIS_LOOP_142_8' (tx_src/transmitter.cpp:142:22) in function 'transmitter' completely with a factor of 32
remark: tx_src/transmitter.cpp:22:0: Unrolling loop 'VITIS_LOOP_136_7' (tx_src/transmitter.cpp:136:20) in function 'transmitter': changing partial unrolling into complete unrolling since the unrolling factor (=32) is no less than the loop trip count (=32).
remark: tx_src/transmitter.cpp:22:0: Unrolling loop 'VITIS_LOOP_136_7' (tx_src/transmitter.cpp:136:20) in function 'transmitter' completely with a factor of 32
remark: tx_src/transmitter.cpp:22:0: Unrolling loop 'VITIS_LOOP_87_4' (tx_src/transmitter.cpp:87:20) in function 'transmitter': changing partial unrolling into complete unrolling since the unrolling factor (=7) is no less than the loop trip count (=7).
remark: tx_src/transmitter.cpp:22:0: Unrolling loop 'VITIS_LOOP_87_4' (tx_src/transmitter.cpp:87:20) in function 'transmitter' completely with a factor of 7
remark: /wrk/ci/prod/2022.2/hls_product/continuous/608/2022.2/src/shared/hls/clib/hlsmath/include/FloatingPoint/hls_case_IEEE754.h:12:0: Inlining function 'fp_struct<float>::fp_struct(float)' into 'short generic_cast_IEEE754<short, (ap_q_mode)6, float>(float, bool, hls::enable_if<std::numeric_limits<short>::is_signed, bool>::type)'
remark: /wrk/ci/prod/2022.2/hls_product/continuous/608/2022.2/src/shared/hls/clib/hlsmath/include/FloatingPoint/hls_case_IEEE754.h:12:0: Inlining function 'fp_struct<float>::mantissa() const' into 'short generic_cast_IEEE754<short, (ap_q_mode)6, float>(float, bool, hls::enable_if<std::numeric_limits<short>::is_signed, bool>::type)'
remark: /wrk/ci/prod/2022.2/hls_product/continuous/608/2022.2/src/shared/hls/clib/hlsmath/include/FloatingPoint/hls_case_IEEE754.h:12:0: Inlining function 'fp_struct<float>::expv() const' into 'short generic_cast_IEEE754<short, (ap_q_mode)6, float>(float, bool, hls::enable_if<std::numeric_limits<short>::is_signed, bool>::type)'
remark: /wrk/ci/prod/2022.2/hls_product/continuous/608/2022.2/src/shared/hls/clib/hlsmath/include/FloatingPoint/hls_case_IEEE754.h:12:0: Inlining function 'fp_struct<float>::__signbit() const' into 'short generic_cast_IEEE754<short, (ap_q_mode)6, float>(float, bool, hls::enable_if<std::numeric_limits<short>::is_signed, bool>::type)'
remark: /wrk/ci/prod/2022.2/hls_product/continuous/608/2022.2/src/shared/hls/clib/hlsmath/include/FloatingPoint/hls_case_IEEE754.h:116:0: Inlining function 'short generic_cast_IEEE754<short, (ap_q_mode)6, float>(float, bool, hls::enable_if<std::numeric_limits<short>::is_signed, bool>::type)' into 'short generic_cast_IEEE754<short, float>(float, bool)'
remark: /wrk/ci/prod/2022.2/hls_product/continuous/608/2022.2/src/shared/hls/clib/hlsmath/src/lib_floatconversion.cpp:50:0: Inlining function 'short generic_cast_IEEE754<short, float>(float, bool)' into '__hls_fptosi_float_i16'
remark: tx_src/transmitter.cpp:22:0: Inlining function '__hls_fptosi_float_i16' into 'transmitter(hls::stream<hls::axis<ap_int<16>, 2ul, 5ul, 6ul>, 0>&, hls::stream<hls::axis<ap_int<16>, 2ul, 5ul, 6ul>, 0>&, hls::stream<hls::axis<ap_int<16>, 2ul, 5ul, 6ul>, 0>&, hls::stream<hls::axis<ap_int<16>, 2ul, 5ul, 6ul>, 0>&)'
remark: tx_src/transmitter.cpp:22:0: Inlining function 'encoder(short, short*, short*)' into 'transmitter(hls::stream<hls::axis<ap_int<16>, 2ul, 5ul, 6ul>, 0>&, hls::stream<hls::axis<ap_int<16>, 2ul, 5ul, 6ul>, 0>&, hls::stream<hls::axis<ap_int<16>, 2ul, 5ul, 6ul>, 0>&, hls::stream<hls::axis<ap_int<16>, 2ul, 5ul, 6ul>, 0>&)'
remark: tx_src/transmitter.h:52:0: Applying array_partition to '_ZL13pnGenSequence': Complete partitioning on dimension 1.
remark: tx_src/transmitter.cpp:61:9: Applying array_partition to 'scrambledDataI': Complete partitioning on dimension 1.
remark: tx_src/transmitter.cpp:61:29: Applying array_partition to 'scrambledDataQ': Complete partitioning on dimension 1.
remark: tx_src/transmitter.cpp:76:10: Applying array_partition to 'encodedDataI': Complete partitioning on dimension 1.
remark: tx_src/transmitter.cpp:77:10: Applying array_partition to 'encodedDataQ': Complete partitioning on dimension 1.
remark: tx_src/transmitter.cpp:104:10: Applying array_partition to 'qpskDataI': Complete partitioning on dimension 1.
remark: tx_src/transmitter.cpp:105:10: Applying array_partition to 'qpskDataQ': Complete partitioning on dimension 1.
remark: tx_src/transmitter.cpp:149:13: Applying array_partition to 'symbolsI': Complete partitioning on dimension 1.
remark: tx_src/transmitter.cpp:150:13: Applying array_partition to 'symbolsQ': Complete partitioning on dimension 1.
