INFO: [SIM 2] *************** CSIM start ***************
INFO: [SIM 4] CSIM will launch GCC as the compiler.
   Compiling ../../../../tx_src/transmitter.cpp in debug mode
   Generating csim.exe
Hi
output: -0.200965 
output: 0.079468 
output: 0.151333 
output: -0.201792 
output: -0.001352 
output: 0.209753 
output: -0.160109 
output: -0.090444 
output: 0.230671 
output: -0.085250 
output: -0.164562 
output: 0.208944 
output: 0.003485 
output: -0.206477 
output: 0.152175 
output: 0.084817 
output: -0.209921 
output: 0.076459 
output: 0.142706 
output: -0.179713 
output: -0.000408 
output: 0.170353 
output: -0.127636 
output: -0.064992 
output: 0.169739 
output: -0.066556 
output: -0.110996 
output: 0.147678 
output: -0.005788 
output: -0.138045 
output: 0.110989 
output: 0.050179 
output: -0.147365 
output: 0.063963 
output: 0.101112 
output: -0.142907 
output: 0.005365 
output: 0.144106 
output: -0.116138 
output: -0.061933 
output: 0.169739 
output: -0.064973 
output: -0.129547 
output: 0.150222 
output: 0.007794 
output: -0.183898 
output: 0.133086 
output: 0.091392 
output: -0.209921 
output: 0.065611 
output: 0.168278 
output: -0.172941 
output: -0.022416 
output: 0.219267 
output: -0.144984 
output: -0.111122 
output: 0.230671 
output: -0.065155 
output: -0.178770 
output: 0.200206 
output: 0.021683 
output: -0.209696 
output: 0.138745 
output: 0.092853 
output: -0.199893 
output: 0.067138 
output: 0.133685 
output: -0.163248 
output: 0.005099 
output: 0.140386 
output: -0.113355 
output: -0.055895 
output: 0.119746 
output: -0.072145 
output: -0.036257 
output: 0.090077 
output: -0.055362 
output: -0.019592 
output: 0.072329 
output: -0.066423 
output: -0.000000 
output: 0.081088 
output: -0.094715 
output: 0.001504 
output: 0.117974 
output: -0.119778 
output: -0.059447 
output: 0.175711 
output: -0.119746 
output: -0.091510 
output: 0.215709 
output: -0.080632 
output: -0.171840 
output: 0.230790 
output: -0.002605 
output: -0.245777 
output: 0.200965 
output: 0.098919 
output: -0.288642 
output: 0.125014 
output: 0.198622 
output: -0.282103 
output: -0.041760 
output: 0.270971 
output: -0.224853 
output: -0.098326 
output: 0.297688 
output: -0.128424 
output: -0.195752 
output: 0.273158 
output: -0.013800 
output: -0.255837 
output: 0.204615 
output: 0.095738 
output: -0.269826 
output: 0.108115 
output: 0.181130 
output: -0.239735 
output: 0.002691 
output: 0.231140 
output: -0.175209 
output: -0.094668 
output: 0.242506 
output: -0.089265 
output: -0.171574 
output: 0.217804 
output: 0.005004 
output: -0.220315 
output: 0.162373 
output: 0.095382 
output: -0.238267 
output: 0.087642 
output: 0.173854 
output: -0.223801 
output: -0.003075 
output: 0.229866 
output: -0.175209 
output: -0.097514 
output: 0.253216 
output: -0.097244 
output: -0.180714 
output: 0.213910 
output: 0.049034 
output: -0.252327 
output: 0.183391 
output: 0.096398 
output: -0.256228 
output: 0.099857 
output: 0.177637 
output: -0.233742 
output: 0.002372 
output: 0.228227 
output: -0.175209 
output: -0.091463 
output: 0.241110 
output: -0.092582 
output: -0.166715 
output: 0.217154 
output: -0.000287 
output: -0.214124 
output: 0.163445 
output: 0.088406 
output: -0.230577 
output: 0.088260 
output: 0.163506 
output: -0.214713 
output: 0.000000 
output: 0.218550 
output: -0.169391 
output: -0.093053 
output: 0.247347 
output: -0.096468 
output: -0.213954 
output: 0.218675 
output: 0.052487 
output: -0.254402 
output: 0.199309 
output: 0.110382 
output: -0.294972 
output: 0.115314 
output: 0.217353 
output: -0.289167 
output: 0.000000 
output: 0.297773 
output: -0.230323 
output: -0.125570 
output: 0.329385 
output: -0.126040 
output: -0.231881 
output: 0.300250 
output: 0.000000 
output: -0.290277 
output: 0.215973 
output: 0.112849 
output: -0.283323 
output: 0.103309 
output: 0.180175 
output: -0.219778 
output: 0.000000 
output: 0.183804 
output: -0.125216 
output: -0.058839 
output: 0.129090 
output: -0.039507 
output: -0.063491 
output: 0.044938 
output: 0.000000 
output: 0.007870 
output: -0.026531 
output: -0.025446 
output: 0.095198 
output: -0.047216 
output: -0.106629 
output: 0.163701 
output: 0.000000 
output: -0.208723 
output: 0.175209 
output: 0.102434 
output: -0.285383 
output: 0.115080 
output: 0.221684 
output: -0.298965 
output: 0.000000 
output: 0.309673 
output: -0.238485 
output: -0.128684 
output: 0.331377 
output: -0.123751 
output: -0.220837 
output: 0.275562 
output: 0.000000 
output: -0.241804 
output: 0.169391 
output: 0.082294 
output: -0.188426 
output: 0.061212 
output: 0.091857 
output: -0.091069 
output: 0.000000 
output: 0.030762 
output: 0.000000 
output: 0.012742 
output: -0.066263 
output: 0.037722 
output: 0.091857 
output: -0.147779 
output: 0.000000 
output: 0.198675 
output: -0.169391 
output: -0.100159 
output: 0.281357 
output: -0.114142 
output: -0.220837 
output: 0.298760 
output: 0.000000 
output: -0.310670 
output: 0.238485 
output: 0.128271 
output: -0.330858 
output: 0.123835 
output: 0.221684 
output: -0.277828 
output: 0.000000 
output: 0.247298 
output: -0.175209 
output: -0.086456 
output: 0.202311 
output: -0.067807 
output: -0.106629 
output: 0.113990 
output: 0.000000 
output: -0.061433 
output: 0.026531 
output: 0.003260 
output: 0.020277 
output: -0.018614 
output: -0.053995 
output: 0.095379 
output: 0.000000 
output: -0.142050 
output: 0.125216 
output: 0.076134 
output: -0.215032 
output: 0.046409 
output: 0.211863 
output: -0.224463 
output: -0.055274 
output: 0.272442 
output: -0.214901 
output: -0.120161 
output: 0.321586 
output: -0.125324 
output: -0.234584 
output: 0.308988 
output: 0.000000 
output: -0.309917 
output: 0.236141 
output: 0.126770 
output: -0.327502 
output: 0.123525 
output: 0.224323 
output: -0.287324 
output: 0.000000 
output: 0.274330 
output: -0.204615 
output: -0.107772 
output: 0.273813 
output: -0.101817 
output: -0.182769 
output: 0.232045 
output: 0.000000 
output: -0.219652 
output: 0.163921 
output: 0.086681 
output: -0.221876 
output: 0.083417 
output: 0.151930 
output: -0.196375 
output: 0.000000 
output: 0.194436 
output: -0.148437 
output: -0.080462 
output: 0.212231 
output: -0.082298 
output: -0.154633 
output: 0.206088 
output: 0.000000 
output: -0.216028 
output: 0.169739 
output: 0.094411 
output: -0.253712 
output: 0.099864 
output: 0.189739 
output: -0.254738 
output: 0.000000 
output: 0.268029 
output: -0.209921 
output: -0.116027 
output: 0.308957 
output: -0.120185 
output: -0.225139 
output: 0.297365 
output: 0.000000 
output: -0.301052 
output: 0.181237 
output: 0.180783 
output: -0.317138 
output: 0.062433 
output: 0.262230 
output: -0.257263 
output: 0.000000 
output: 0.271097 
output: -0.199893 
output: -0.104645 
output: 0.262160 
output: -0.095518 
output: -0.166742 
output: 0.204016 
output: 0.000000 
output: -0.173249 
output: 0.119746 
output: 0.057503 
output: -0.130367 
output: 0.042003 
output: 0.062612 
output: -0.061757 
output: 0.000000 
output: 0.020740 
output: -0.000000 
output: 0.008591 
output: -0.044772 
output: 0.025580 
output: 0.062612 
output: -0.101404 
output: 0.000000 
output: 0.138825 
output: -0.119746 
output: -0.071762 
output: 0.204708 
output: -0.084506 
output: -0.166742 
output: 0.230602 
output: 0.000000 
output: -0.252635 
output: 0.199893 
output: 0.112292 
output: -0.302091 
output: 0.118405 
output: 0.223008 
output: -0.295661 
output: 0.000000 
output: 0.300632 
output: -0.230671 
output: -0.124700 
output: 0.324380 
output: -0.123173 
output: -0.225139 
output: 0.290153 
output: 0.000000 
output: -0.280113 
output: 0.209921 
output: 0.111022 
output: -0.283025 
output: 0.105516 
output: 0.189739 
output: -0.241092 
output: 0.000000 
output: 0.241967 
output: -0.133363 
output: -0.129908 
output: 0.228140 
output: -0.085365 
output: -0.154633 
output: 0.198684 
output: 0.000000 
output: -0.194252 
output: 0.147365 
output: 0.080462 
output: -0.212231 
output: 0.082298 
output: 0.154633 
output: -0.206088 
output: 0.000000 
output: 0.216028 
output: -0.169739 
output: -0.094411 
output: 0.253712 
output: -0.099864 
output: -0.189739 
output: 0.254738 
output: 0.000000 
output: -0.268029 
output: 0.209921 
output: 0.116027 
output: -0.308957 
output: 0.120185 
output: 0.225139 
output: -0.297365 
output: 0.000000 
output: 0.301052 
output: -0.230671 
output: -0.124526 
output: 0.323351 
output: -0.122467 
output: -0.223008 
output: 0.285855 
output: 0.000000 
output: -0.271097 
output: 0.200965 
output: 0.104721 
output: -0.261012 
output: 0.094562 
output: 0.164038 
output: -0.199315 
output: 0.000000 
output: 0.166486 
output: -0.113928 
output: -0.054075 
output: 0.120880 
output: -0.038255 
output: -0.055642 
output: 0.052826 
output: 0.000000 
output: -0.012895 
output: -0.005306 
output: -0.010986 
output: 0.049544 
output: -0.026752 
output: -0.063428 
output: 0.100554 
output: 0.000000 
output: -0.133828 
output: 0.114276 
output: 0.067916 
output: -0.192410 
output: 0.078986 
output: 0.155166 
output: -0.213898 
output: 0.000000 
output: 0.233639 
output: -0.184885 
output: -0.104088 
output: 0.280929 
output: -0.110615 
output: -0.209575 
output: 0.279900 
output: 0.000000 
output: -0.290077 
output: 0.225201 
output: 0.123364 
output: -0.325657 
output: 0.125668 
output: 0.233756 
output: -0.306971 
output: 0.000000 
output: 0.308722 
output: -0.236452 
output: -0.127877 
output: 0.333451 
output: -0.127152 
output: -0.233756 
output: 0.303389 
output: 0.000000 
output: -0.297827 
output: 0.225201 
output: 0.120154 
output: -0.308815 
output: 0.115939 
output: 0.209575 
output: -0.267047 
output: 0.000000 
output: 0.251290 
output: -0.184885 
output: -0.096777 
output: 0.242665 
output: -0.088600 
output: -0.155166 
output: 0.190690 
output: 0.000000 
output: -0.163964 
output: 0.114276 
output: 0.055433 
output: -0.127245 
output: 0.041651 
output: 0.063428 
output: -0.064585 
output: 0.000000 
output: 0.026523 
output: -0.005306 
output: 0.005341 
output: -0.035559 
output: 0.021881 
output: 0.055642 
output: -0.092356 
output: 0.000000 
output: 0.130549 
output: -0.113928 
output: -0.068961 
output: 0.198444 
output: -0.082559 
output: -0.164038 
output: 0.228293 
output: 0.000000 
output: -0.252819 
output: 0.200965 
output: 0.112292 
output: -0.302091 
output: 0.118405 
output: 0.223008 
output: -0.295661 
output: 0.000000 
output: 0.300632 
output: -0.230671 
output: -0.124700 
output: 0.324380 
output: -0.123173 
output: -0.225139 
output: 0.290153 
output: 0.000000 
output: -0.280113 
output: 0.209921 
output: 0.111022 
output: -0.283025 
output: 0.053792 
output: 0.223109 
output: -0.216977 
output: -0.049497 
output: 0.241967 
output: -0.133363 
output: -0.129908 
output: 0.223757 
output: -0.043518 
output: -0.181829 
output: 0.178811 
output: 0.000000 
output: -0.194252 
output: 0.147365 
output: 0.080462 
output: -0.212231 
output: 0.082298 
output: 0.154633 
output: -0.206088 
output: 0.000000 
output: 0.216028 
output: -0.169739 
output: -0.094411 
output: 0.253712 
output: -0.099864 
output: -0.189739 
output: 0.254738 
output: 0.000000 
output: -0.268029 
output: 0.209921 
output: 0.116027 
output: -0.308957 
output: 0.120185 
output: 0.225139 
output: -0.297365 
output: 0.000000 
output: 0.301052 
output: -0.230671 
output: -0.124526 
output: 0.323351 
output: -0.122467 
output: -0.223008 
output: 0.285855 
output: 0.000000 
output: -0.271097 
output: 0.200965 
output: 0.104721 
output: -0.261012 
output: 0.094562 
output: 0.164038 
output: -0.199315 
output: 0.000000 
output: 0.166486 
output: -0.113928 
output: -0.054075 
output: 0.120880 
output: -0.038255 
output: -0.055642 
output: 0.052826 
output: 0.000000 
output: -0.012895 
output: -0.005306 
output: -0.010986 
output: 0.049544 
output: -0.026752 
output: -0.063428 
output: 0.100554 
output: 0.000000 
output: -0.133828 
output: 0.114276 
output: 0.067916 
output: -0.192410 
output: 0.078986 
output: 0.155166 
output: -0.213898 
output: 0.000000 
output: 0.233639 
output: -0.185957 
output: -0.104164 
output: 0.279780 
output: -0.109658 
output: -0.206872 
output: 0.275199 
output: 0.000000 
output: -0.283314 
output: 0.219384 
output: 0.119936 
output: -0.316170 
output: 0.121921 
output: 0.226786 
output: -0.298040 
output: 0.000000 
output: 0.300878 
output: -0.231146 
output: -0.125482 
output: 0.328679 
output: -0.125980 
output: -0.232940 
output: 0.304239 
output: 0.000000 
output: -0.302824 
output: 0.230671 
output: 0.124000 
output: -0.321113 
output: 0.121458 
output: 0.221151 
output: -0.283751 
output: 0.000000 
output: 0.270285 
output: -0.200965 
output: -0.105058 
output: 0.262679 
output: -0.095434 
output: -0.165896 
output: 0.201750 
output: 0.000000 
output: -0.167756 
output: 0.113928 
output: 0.053341 
output: -0.116482 
output: 0.035408 
output: 0.047840 
output: -0.038836 
output: 0.000000 
output: -0.009931 
output: 0.020845 
output: 0.035703 
output: -0.089014 
output: 0.022782 
output: 0.118145 
output: -0.138419 
output: -0.037009 
output: 0.207488 
output: -0.128792 
output: -0.139061 
output: 0.261694 
output: -0.107613 
output: -0.207404 
output: 0.279952 
output: 0.000000 
output: -0.290862 
output: 0.224549 
output: 0.120479 
output: -0.310215 
output: 0.115960 
output: 0.207404 
output: -0.259801 
output: 0.000000 
output: 0.231250 
output: -0.163921 
output: -0.080958 
output: 0.189702 
output: -0.063708 
output: -0.100474 
output: 0.107888 
output: 0.000000 
output: -0.059372 
output: 0.026531 
output: 0.004113 
output: 0.015837 
output: -0.016086 
output: -0.047840 
output: 0.085482 
output: 0.000000 
output: -0.128777 
output: 0.113928 
output: 0.069487 
output: -0.200682 
output: 0.083568 
output: 0.165896 
output: -0.230397 
output: 0.000000 
output: 0.253631 
output: -0.202037 
output: -0.112033 
output: 0.299275 
output: -0.116577 
output: -0.218448 
output: 0.288525 
output: 0.000000 
output: -0.292599 
output: 0.224853 
output: 0.122006 
output: -0.319291 
output: 0.122273 
output: 0.225970 
output: -0.295212 
output: 0.000000 
output: 0.295095 
output: -0.225840 
output: -0.122232 
output: 0.319467 
output: -0.122281 
output: -0.225970 
output: 0.295192 
output: 0.000000 
output: -0.294548 
output: 0.224853 
output: 0.121198 
output: -0.314849 
output: 0.119511 
output: 0.218448 
output: -0.281442 
output: 0.000000 
output: 0.270470 
output: -0.202037 
output: -0.105058 
output: 0.262679 
output: -0.095434 
output: -0.165896 
output: 0.201750 
output: 0.000000 
output: -0.167756 
output: 0.113928 
output: 0.053341 
output: -0.116482 
output: 0.035408 
output: 0.047840 
output: -0.038836 
output: 0.000000 
output: -0.009931 
output: 0.026531 
output: 0.024593 
output: -0.090758 
output: 0.044689 
output: 0.100474 
output: -0.153804 
output: 0.000000 
output: 0.195450 
output: -0.163921 
output: -0.095787 
output: 0.266821 
output: -0.107613 
output: -0.207404 
output: 0.279952 
output: 0.000000 
output: -0.290862 
output: 0.223477 
output: 0.120403 
output: -0.311363 
output: 0.116916 
output: 0.210108 
output: -0.264502 
output: 0.000000 
output: 0.238013 
output: -0.169739 
output: -0.084386 
output: 0.199189 
output: -0.067455 
output: -0.107444 
output: 0.105134 
output: 0.019503 
output: -0.071356 
output: 0.025014 
output: 0.009450 
output: 0.010852 
output: -0.007603 
output: -0.047025 
output: 0.086332 
output: 0.000000 
output: -0.133774 
output: 0.119398 
output: 0.073333 
output: -0.212980 
output: 0.089088 
output: 0.177472 
output: -0.247101 
output: 0.000000 
output: 0.272627 
output: -0.217045 
output: -0.120237 
output: 0.320438 
output: -0.124368 
output: -0.231881 
output: 0.304287 
output: 0.000000 
output: -0.303153 
output: 0.230323 
output: 0.123342 
output: -0.318015 
output: 0.119777 
output: 0.217353 
output: -0.278393 
output: 0.000000 
output: 0.266485 
output: -0.199309 
output: -0.105377 
output: 0.269040 
output: -0.100645 
output: -0.181953 
output: 0.232895 
output: 0.000000 
output: -0.224650 
output: 0.169391 
output: 0.090527 
output: -0.234174 
output: 0.088937 
output: 0.163506 
output: -0.213079 
output: 0.000000 
output: 0.213432 
output: -0.163445 
output: -0.088666 
output: 0.233393 
output: -0.090088 
output: -0.168066 
output: 0.221849 
output: 0.000000 
output: -0.226583 
output: 0.175209 
output: 0.095747 
output: -0.252436 
output: 0.097368 
output: 0.181122 
output: -0.237919 
output: 0.000000 
output: 0.239420 
output: -0.183391 
output: -0.099171 
output: 0.258531 
output: -0.098550 
output: -0.181122 
output: 0.235067 
output: 0.000000 
output: -0.231153 
output: 0.175209 
output: 0.093854 
output: -0.242676 
output: 0.091893 
output: 0.168066 
output: -0.217492 
output: 0.000000 
output: 0.214059 
output: -0.163445 
output: -0.088406 
output: 0.230577 
output: -0.088260 
output: -0.163506 
output: 0.214713 
output: 0.000000 
output: -0.218550 
output: 0.169391 
output: 0.093053 
output: -0.247347 
output: 0.096468 
output: 0.181953 
output: -0.242978 
output: 0.000000 
output: 0.254402 
output: -0.199309 
output: -0.110382 
output: 0.294972 
output: -0.115314 
output: -0.217353 
output: 0.289167 
output: 0.000000 
output: -0.297773 
output: 0.230323 
output: 0.125570 
output: -0.329385 
output: 0.126040 
output: 0.231881 
output: -0.300250 
output: 0.000000 
output: 0.290277 
output: -0.215973 
output: -0.112849 
output: 0.283323 
output: -0.103309 
output: -0.180175 
output: 0.219778 
output: 0.000000 
output: -0.183804 
output: 0.125216 
output: 0.058839 
output: -0.129090 
output: 0.039507 
output: 0.053995 
output: -0.044938 
output: 0.000000 
output: -0.007870 
output: 0.026531 
output: 0.025446 
output: -0.095198 
output: 0.047216 
output: 0.106629 
output: -0.163701 
output: 0.000000 
output: 0.208723 
output: -0.175209 
output: -0.102434 
output: 0.285383 
output: -0.115080 
output: -0.221684 
output: 0.298965 
output: 0.000000 
output: -0.309673 
output: 0.237413 
output: 0.128607 
output: -0.332526 
output: 0.124707 
output: 0.223541 
output: -0.280263 
output: 0.000000 
output: 0.248568 
output: -0.175209 
output: -0.085722 
output: 0.197913 
output: -0.064960 
output: -0.098827 
output: 0.100000 
output: 0.000000 
output: -0.038607 
output: 0.005306 
output: -0.010347 
output: 0.061491 
output: -0.036551 
output: -0.091042 
output: 0.148629 
output: 0.000000 
output: -0.203672 
output: 0.174861 
output: 0.104005 
output: -0.293655 
output: 0.119662 
output: 0.232413 
output: -0.315464 
output: 0.000000 
output: 0.329665 
output: -0.254029 
output: -0.136514 
output: 0.351446 
output: -0.131148 
output: -0.233765 
output: 0.291239 
output: 0.000000 
output: -0.254471 
output: 0.177770 
output: 0.124966 
output: -0.196291 
output: 0.032340 
output: 0.094527 
output: -0.083433 
output: 0.000000 
output: 0.030681 
output: 0.002653 
output: 0.021477 
output: -0.073089 
output: 0.020818 
output: 0.098419 
output: -0.141522 
output: 0.000000 
output: 0.222351 
output: -0.177944 
output: -0.152267 
output: 0.293770 
output: -0.060589 
output: -0.229329 
output: 0.278471 
output: 0.000000 
output: -0.319983 
output: 0.244917 
output: 0.132373 
output: -0.341439 
output: 0.127731 
output: 0.228400 
output: -0.285709 
output: 0.000000 
output: 0.252575 
output: -0.177944 
output: -0.087124 
output: 0.201673 
output: -0.066559 
output: -0.102320 
output: 0.105581 
output: 0.000000 
output: -0.047128 
output: 0.013265 
output: -0.005168 
output: 0.045490 
output: -0.029432 
output: -0.076003 
output: 0.126527 
output: 0.000000 
output: -0.176999 
output: 0.152947 
output: 0.091470 
output: -0.259582 
output: 0.106322 
output: 0.207646 
output: -0.283592 
output: 0.000000 
output: 0.300961 
output: -0.234733 
output: -0.128394 
output: 0.335655 
output: -0.127519 
output: -0.232147 
output: 0.296588 
output: 0.000000 
output: -0.277121 
output: 0.202592 
output: 0.103853 
output: -0.254781 
output: 0.090671 
output: 0.154197 
output: -0.183317 
output: 0.000000 
output: 0.145732 
output: -0.097001 
output: -0.044693 
output: 0.096782 
output: -0.029612 
output: -0.041563 
output: 0.038034 
output: 0.000000 
output: -0.008849 
output: -0.002909 
output: -0.006217 
output: 0.026723 
output: -0.013576 
output: -0.030017 
output: 0.043995 
output: 0.000000 
output: -0.048527 
output: 0.036448 
output: 0.019764 
output: -0.049307 
output: 0.017352 
output: 0.028160 
output: -0.030340 
output: 0.000000 
output: 0.013739 
output: -0.002909 
output: 0.002931 
output: -0.020319 
output: 0.012907 
output: 0.033762 
output: -0.057499 
output: 0.000000 
output: 0.085072 
output: -0.075777 
output: -0.046758 
output: 0.137018 
output: -0.057996 
output: -0.117150 
output: 0.165648 
output: 0.000000 
output: -0.189101 
output: 0.152947 
output: 0.086917 
output: -0.237109 
output: 0.094224 
output: 0.179908 
output: -0.241803 
output: 0.000000 
output: 0.252748 
output: -0.197213 
output: -0.108424 
output: 0.286089 
output: -0.110209 
output: -0.204410 
output: 0.267381 
output: 0.056390 
output: -0.266129 
output: 0.159176 
output: 0.108865 
output: -0.276623 
output: 0.106875 
output: 0.229701 
output: -0.252276 
output: -0.052627 
output: 0.246139 
output: -0.146174 
output: -0.099452 
output: 0.251859 
output: -0.097162 
output: -0.208888 
output: 0.229882 
output: 0.048131 
output: -0.226262 
output: 0.135238 
output: 0.092713 
output: -0.236803 
output: 0.092202 
output: 0.170223 
output: -0.222483 
output: 0.000000 
output: 0.223335 
output: -0.170949 
output: -0.092600 
output: 0.243141 
output: -0.093548 
output: -0.173854 
output: 0.228512 
output: 0.000000 
output: -0.231226 
output: 0.177944 
output: 0.096782 
output: -0.253997 
output: 0.097544 
output: 0.180714 
output: -0.236505 
output: 0.000000 
output: 0.236528 
output: -0.180737 
output: -0.097547 
output: 0.253925 
output: -0.096700 
output: -0.177637 
output: 0.230544 
output: 0.000000 
output: -0.227015 
output: 0.172300 
output: 0.092453 
output: -0.239544 
output: 0.090920 
output: 0.166715 
output: -0.216338 
output: 0.000000 
output: 0.214151 
output: -0.163981 
output: -0.088406 
output: 0.230577 
output: -0.088260 
output: -0.163506 
output: 0.214713 
output: 0.000000 
output: -0.218550 
output: 0.169391 
output: 0.093053 
output: -0.247347 
output: 0.096468 
output: 0.181953 
output: -0.242978 
output: 0.000000 
output: 0.254402 
output: -0.199309 
output: -0.110382 
output: 0.294972 
output: -0.115314 
output: -0.217353 
output: 0.289167 
output: 0.000000 
output: -0.297773 
output: 0.230323 
output: 0.125570 
output: -0.329385 
output: 0.126040 
output: 0.231881 
output: -0.300250 
output: 0.000000 
output: 0.290277 
output: -0.215973 
output: -0.112849 
output: 0.283323 
output: -0.103309 
output: -0.180175 
output: 0.219778 
output: 0.000000 
output: -0.183804 
output: 0.125216 
output: 0.058839 
output: -0.129090 
output: 0.039507 
output: 0.053995 
output: -0.044938 
output: 0.000000 
output: -0.007870 
output: 0.026531 
output: 0.025446 
output: -0.095198 
output: 0.047216 
output: 0.106629 
output: -0.163701 
output: 0.000000 
output: 0.208723 
output: -0.175209 
output: -0.102434 
output: 0.285383 
output: -0.115080 
output: -0.221684 
output: 0.298965 
output: 0.000000 
output: -0.309673 
output: 0.238485 
output: 0.128684 
output: -0.331377 
output: 0.063088 
output: 0.220837 
output: -0.248000 
output: 0.000000 
output: 0.256698 
output: -0.169391 
output: -0.119472 
output: 0.188426 
output: -0.031206 
output: -0.091857 
output: 0.081960 
output: 0.000000 
output: -0.032657 
output: -0.000000 
output: -0.018499 
output: 0.066263 
output: -0.019231 
output: -0.091857 
output: 0.132997 
output: 0.000000 
output: -0.210912 
output: 0.169391 
output: 0.100159 
output: -0.281357 
output: 0.114142 
output: 0.220837 
output: -0.298760 
output: 0.000000 
output: 0.310670 
output: -0.238485 
output: -0.128271 
output: 0.330858 
output: -0.123835 
output: -0.221684 
output: 0.277828 
output: 0.000000 
output: -0.247298 
output: 0.175209 
output: 0.086456 
output: -0.202311 
output: 0.067807 
output: 0.106629 
output: -0.113990 
output: 0.000000 
output: 0.061433 
output: -0.026531 
output: -0.003260 
output: -0.020277 
output: 0.018614 
output: 0.053995 
output: -0.095379 
output: 0.000000 
output: 0.142050 
output: -0.125216 
output: -0.076134 
output: 0.219245 
output: -0.091035 
output: -0.180175 
output: 0.249410 
output: 0.000000 
output: -0.272442 
output: 0.214901 
output: 0.120161 
output: -0.321586 
output: 0.125324 
output: 0.234584 
output: -0.308988 
output: 0.000000 
output: 0.309917 
output: -0.236141 
output: -0.126770 
output: 0.327502 
output: -0.123525 
output: -0.224323 
output: 0.287324 
output: 0.000000 
output: -0.274330 
output: 0.204615 
output: 0.107772 
output: -0.273813 
output: 0.101817 
output: 0.182769 
output: -0.232045 
output: 0.000000 
output: 0.219652 
output: -0.163921 
output: -0.086681 
output: 0.221876 
output: -0.083417 
output: -0.151930 
output: 0.196375 
output: 0.000000 
output: -0.194436 
output: 0.148437 
output: 0.080462 
output: -0.212231 
output: 0.082298 
output: 0.154633 
output: -0.206088 
output: 0.000000 
output: 0.216028 
output: -0.169739 
output: -0.094411 
output: 0.253712 
output: -0.099864 
output: -0.189739 
output: 0.254738 
output: 0.000000 
output: -0.268029 
output: 0.209921 
output: 0.116027 
output: -0.308957 
output: 0.120185 
output: 0.225139 
output: -0.297365 
output: 0.000000 
output: 0.301052 
output: -0.230671 
output: -0.124526 
output: 0.323351 
output: -0.122467 
output: -0.223008 
output: 0.285855 
output: 0.000000 
output: -0.271097 
output: 0.157055 
output: 0.104645 
output: -0.257123 
output: 0.095518 
output: 0.196067 
output: -0.204016 
output: -0.039937 
output: 0.173249 
output: -0.094084 
output: -0.057503 
output: 0.127862 
output: -0.042003 
output: -0.073624 
output: 0.061757 
output: 0.008735 
output: -0.020740 
output: 0.000000 
output: -0.008591 
output: 0.043911 
output: -0.025580 
output: -0.073624 
output: 0.101404 
output: 0.000000 
output: -0.138825 
output: 0.119746 
output: 0.071762 
output: -0.204708 
output: 0.084506 
output: 0.166742 
output: -0.230602 
output: 0.000000 
output: 0.252635 
output: -0.199893 
output: -0.112292 
output: 0.302091 
output: -0.118405 
output: -0.223008 
output: 0.295661 
output: 0.000000 
output: -0.300632 
output: 0.230671 
output: 0.124700 
output: -0.324380 
output: 0.123173 
output: 0.225139 
output: -0.290153 
output: 0.000000 
output: 0.280113 
output: -0.209921 
output: -0.111022 
output: 0.283025 
output: -0.105516 
output: -0.189739 
output: 0.241092 
output: 0.000000 
output: -0.227928 
output: 0.169739 
output: 0.089482 
output: -0.228140 
output: 0.085365 
output: 0.154633 
output: -0.198684 
output: 0.000000 
output: 0.194252 
output: -0.147365 
output: -0.080462 
output: 0.212231 
output: -0.082298 
output: -0.154633 
output: 0.206088 
output: 0.000000 
output: -0.216028 
output: 0.169739 
output: 0.094411 
output: -0.253712 
output: 0.099864 
output: 0.189739 
output: -0.254738 
output: 0.000000 
output: 0.268029 
output: -0.209921 
output: -0.116027 
output: 0.308957 
output: -0.120185 
output: -0.225139 
output: 0.297365 
output: 0.000000 
output: -0.301052 
output: 0.230671 
output: 0.124526 
output: -0.323351 
output: 0.122467 
output: 0.223008 
output: -0.285855 
output: 0.000000 
output: 0.271097 
output: -0.200965 
output: -0.104721 
output: 0.261012 
output: -0.094562 
output: -0.164038 
output: 0.199315 
output: 0.000000 
output: -0.166486 
output: 0.113928 
output: 0.054075 
output: -0.120880 
output: 0.038255 
output: 0.055642 
output: -0.052826 
output: 0.000000 
output: 0.012895 
output: 0.005306 
output: 0.010986 
output: -0.049544 
output: 0.026752 
output: 0.063428 
output: -0.100554 
output: 0.000000 
output: 0.133828 
output: -0.114276 
output: -0.067916 
output: 0.192410 
output: -0.078986 
output: -0.155166 
output: 0.192503 
output: 0.000000 
output: -0.248030 
output: 0.185957 
output: 0.151223 
output: -0.279780 
output: 0.055903 
output: 0.206872 
output: -0.247672 
output: 0.000000 
output: 0.300764 
output: -0.219384 
output: -0.174120 
output: 0.316170 
output: -0.062155 
output: -0.226786 
output: 0.268229 
output: 0.000000 
output: -0.319410 
output: 0.231146 
output: 0.182171 
output: -0.328679 
output: 0.125980 
output: 0.232940 
output: -0.304239 
output: 0.000000 
output: 0.302824 
output: -0.230671 
output: -0.124000 
output: 0.321113 
output: -0.121458 
output: -0.221151 
output: 0.283751 
output: 0.000000 
output: -0.270285 
output: 0.200965 
output: 0.105058 
output: -0.262679 
output: 0.095434 
output: 0.165896 
output: -0.201750 
output: 0.000000 
output: 0.167756 
output: -0.113928 
output: -0.053341 
output: 0.116482 
output: -0.035408 
output: -0.047840 
output: 0.038836 
output: 0.000000 
output: 0.009931 
output: -0.026531 
output: -0.024593 
output: 0.090758 
output: -0.044689 
output: -0.100474 
output: 0.153804 
output: 0.000000 
output: -0.195450 
output: 0.163921 
output: 0.095787 
output: -0.266821 
output: 0.107613 
output: 0.207404 
output: -0.279952 
output: 0.000000 
output: 0.290862 
output: -0.224549 
output: -0.120479 
output: 0.310215 
output: -0.115960 
output: -0.207404 
output: 0.259801 
output: 0.000000 
output: -0.231250 
output: 0.163921 
output: 0.080958 
output: -0.189702 
output: 0.063708 
output: 0.100474 
output: -0.107888 
output: 0.000000 
output: 0.059372 
output: -0.026531 
output: -0.004113 
output: -0.015837 
output: 0.016086 
output: 0.047840 
output: -0.085482 
output: 0.000000 
output: 0.128777 
output: -0.113928 
output: -0.069487 
output: 0.200682 
output: -0.083568 
output: -0.165896 
output: 0.230397 
output: 0.000000 
output: -0.253631 
output: 0.200965 
output: 0.111956 
output: -0.300424 
output: 0.117534 
output: 0.221151 
output: -0.293226 
output: 0.000000 
output: 0.299362 
output: -0.230671 
output: -0.125434 
output: 0.328778 
output: -0.126020 
output: -0.232940 
output: 0.304142 
output: 0.000000 
output: -0.302939 
output: 0.231146 
output: 0.124628 
output: -0.324239 
output: 0.123453 
output: 0.226786 
output: -0.294342 
output: 0.000000 
output: 0.289550 
output: -0.219384 
output: -0.117353 
output: 0.296737 
output: -0.113991 
output: -0.243255 
output: 0.264738 
output: 0.054583 
output: -0.251475 
output: 0.146948 
output: 0.096853 
output: -0.236876 
output: 0.087643 
output: 0.179277 
output: -0.185989 
output: -0.036315 
output: 0.157201 
output: -0.108459 
output: -0.052005 
output: 0.117758 
output: -0.037903 
output: -0.056458 
output: 0.055654 
output: 0.000000 
output: -0.018679 
output: -0.000000 
output: -0.007737 
output: 0.040332 
output: -0.023053 
output: -0.056458 
output: 0.091506 
output: 0.000000 
output: -0.125551 
output: 0.108459 
output: 0.065115 
output: -0.186146 
output: 0.077039 
output: 0.152463 
output: -0.211589 
output: 0.000000 
output: 0.233824 
output: -0.187029 
output: -0.104164 
output: 0.279780 
output: -0.109658 
output: -0.206872 
output: 0.275199 
output: 0.000000 
output: -0.283314 
output: 0.219384 
output: 0.119936 
output: -0.316170 
output: 0.121921 
output: 0.226786 
output: -0.298040 
output: 0.000000 
output: 0.300878 
output: -0.231146 
output: -0.125482 
output: 0.328679 
output: -0.125980 
output: -0.232940 
output: 0.304239 
output: 0.000000 
output: -0.302824 
output: 0.230671 
output: 0.124000 
output: -0.321113 
output: 0.121458 
output: 0.221151 
output: -0.283751 
output: 0.000000 
output: 0.270285 
output: -0.200965 
output: -0.105058 
output: 0.262679 
output: -0.095434 
output: -0.165896 
output: 0.201750 
output: 0.000000 
output: -0.167756 
output: 0.113928 
output: 0.053341 
output: -0.116482 
output: 0.035408 
output: 0.047840 
output: -0.038836 
output: 0.000000 
output: -0.009931 
output: 0.026531 
output: 0.024593 
output: -0.090758 
output: 0.044689 
output: 0.100474 
output: -0.153804 
output: 0.000000 
output: 0.195450 
output: -0.163921 
output: -0.095787 
output: 0.266821 
output: -0.107613 
output: -0.207404 
output: 0.279952 
output: 0.000000 
output: -0.290862 
output: 0.224549 
output: 0.120479 
output: -0.310215 
output: 0.115960 
output: 0.207404 
output: -0.259801 
output: 0.000000 
output: 0.231250 
output: -0.163921 
output: -0.080958 
output: 0.189702 
output: -0.063708 
output: -0.100474 
output: 0.107888 
output: 0.000000 
output: -0.059372 
output: 0.026531 
output: 0.004113 
output: 0.015837 
output: -0.016086 
output: -0.047840 
output: 0.085482 
output: 0.000000 
output: -0.128777 
output: 0.113928 
output: 0.069487 
output: -0.200682 
output: 0.083568 
output: 0.165896 
output: -0.230397 
output: 0.000000 
output: 0.253631 
output: -0.202037 
output: -0.112033 
output: 0.299275 
output: -0.116577 
output: -0.218448 
output: 0.288525 
output: 0.000000 
output: -0.292599 
output: 0.224853 
output: 0.122006 
output: -0.319291 
output: 0.122273 
output: 0.225970 
output: -0.295212 
output: 0.000000 
output: 0.295095 
output: -0.225840 
output: -0.122232 
output: 0.319467 
output: -0.122281 
output: -0.225970 
output: 0.295192 
output: 0.000000 
output: -0.294548 
output: 0.224853 
output: 0.121198 
output: -0.314849 
output: 0.119511 
output: 0.218448 
output: -0.281442 
output: 0.000000 
output: 0.270470 
output: -0.202037 
output: -0.105058 
output: 0.262679 
output: -0.095434 
output: -0.165896 
output: 0.201750 
output: 0.000000 
output: -0.167756 
output: 0.113928 
output: 0.053341 
output: -0.116482 
output: 0.035408 
output: 0.047840 
output: -0.038836 
output: 0.000000 
output: -0.009931 
output: 0.026531 
output: 0.024593 
output: -0.090758 
output: 0.044689 
output: 0.100474 
output: -0.153804 
output: 0.000000 
output: 0.195450 
output: -0.163921 
output: -0.095787 
output: 0.266821 
output: -0.107613 
output: -0.207404 
output: 0.279952 
output: 0.000000 
output: -0.290862 
output: 0.223477 
output: 0.120403 
output: -0.311363 
output: 0.116916 
output: 0.210108 
output: -0.264502 
output: 0.000000 
output: 0.238013 
output: -0.169739 
output: -0.084386 
output: 0.199189 
output: -0.067455 
output: -0.107444 
output: 0.116819 
output: 0.000000 
output: -0.067216 
output: 0.031837 
output: 0.006509 
output: 0.011065 
output: -0.014915 
output: -0.047025 
output: 0.086332 
output: 0.000000 
output: -0.133774 
output: 0.119398 
output: 0.073333 
output: -0.212980 
output: 0.089088 
output: 0.177472 
output: -0.247101 
output: 0.000000 
output: 0.272627 
output: -0.217045 
output: -0.120237 
output: 0.320438 
output: -0.124368 
output: -0.231881 
output: 0.304287 
output: 0.000000 
output: -0.303153 
output: 0.230323 
output: 0.123342 
output: -0.318015 
output: 0.119777 
output: 0.217353 
output: -0.278393 
output: 0.000000 
output: 0.266485 
output: -0.199309 
output: -0.105377 
output: 0.269040 
output: -0.100645 
output: -0.181953 
output: 0.232895 
output: 0.000000 
output: -0.224650 
output: 0.169391 
output: 0.090527 
output: -0.234174 
output: 0.088937 
output: 0.163506 
output: -0.213079 
output: 0.000000 
output: 0.213432 
output: -0.163445 
output: -0.088666 
output: 0.233393 
output: -0.090088 
output: -0.168066 
output: 0.221849 
output: 0.000000 
output: -0.226583 
output: 0.175209 
output: 0.095747 
output: -0.252436 
output: 0.097368 
output: 0.181122 
output: -0.237919 
output: 0.000000 
output: 0.239420 
output: -0.183391 
output: -0.099171 
output: 0.258531 
output: -0.098550 
output: -0.181122 
output: 0.235067 
output: 0.000000 
output: -0.231153 
output: 0.175209 
output: 0.093854 
output: -0.242676 
output: 0.091893 
output: 0.168066 
output: -0.217492 
output: 0.000000 
output: 0.214059 
output: -0.163445 
output: -0.088406 
output: 0.230577 
output: -0.088260 
output: -0.163506 
output: 0.214713 
output: 0.000000 
output: -0.218550 
output: 0.169391 
output: 0.093053 
output: -0.247347 
output: 0.096468 
output: 0.181953 
output: -0.242978 
output: 0.000000 
output: 0.254402 
output: -0.199309 
output: -0.110382 
output: 0.294972 
output: -0.115314 
output: -0.217353 
output: 0.289167 
output: 0.000000 
output: -0.297773 
output: 0.230323 
output: 0.125570 
output: -0.329385 
output: 0.126040 
output: 0.231881 
output: -0.300250 
output: 0.000000 
output: 0.290277 
output: -0.215973 
output: -0.112849 
output: 0.283323 
output: -0.103309 
output: -0.180175 
output: 0.219778 
output: 0.000000 
output: -0.183804 
output: 0.125216 
output: 0.058839 
output: -0.129090 
output: 0.039507 
output: 0.053995 
output: -0.044938 
output: 0.000000 
output: -0.007870 
output: 0.026531 
output: 0.025446 
output: -0.095198 
output: 0.047216 
output: 0.106629 
output: -0.163701 
output: 0.000000 
output: 0.208723 
output: -0.175209 
output: -0.102434 
output: 0.285383 
output: -0.115080 
output: -0.221684 
output: 0.298965 
output: 0.000000 
output: -0.309673 
output: 0.237413 
output: 0.128607 
output: -0.332526 
output: 0.124707 
output: 0.223541 
output: -0.280263 
output: 0.000000 
output: 0.248568 
output: -0.175209 
output: -0.085722 
output: 0.197913 
output: -0.064960 
output: -0.098827 
output: 0.100000 
output: 0.000000 
output: -0.038607 
output: 0.005306 
output: -0.010347 
output: 0.060309 
output: -0.036551 
output: -0.091042 
output: 0.148629 
output: 0.037369 
output: -0.203672 
output: 0.174861 
output: 0.104005 
output: -0.288012 
output: 0.119662 
output: 0.232413 
output: -0.315464 
output: -0.068452 
output: 0.329665 
output: -0.254029 
output: -0.136514 
output: 0.344693 
output: -0.131148 
output: -0.233765 
output: 0.291239 
output: 0.057900 
output: -0.254471 
output: 0.177770 
output: 0.086078 
output: -0.192520 
output: 0.063438 
output: 0.094527 
output: -0.092706 
output: -0.012895 
output: 0.028901 
output: 0.002653 
output: 0.014794 
output: -0.071685 
output: 0.040836 
output: 0.098419 
output: -0.157251 
output: -0.038916 
output: 0.209450 
output: -0.177944 
output: -0.104883 
output: 0.288125 
output: -0.118849 
output: -0.229329 
output: 0.309421 
output: 0.000000 
output: -0.319983 
output: 0.244917 
output: 0.132373 
output: -0.341439 
output: 0.127731 
output: 0.228400 
output: -0.285709 
output: 0.000000 
output: 0.252575 
output: -0.177944 
output: -0.087124 
output: 0.201673 
output: -0.066559 
output: -0.102320 
output: 0.105581 
output: 0.000000 
output: -0.047128 
output: 0.013265 
output: -0.005168 
output: 0.045490 
output: -0.029432 
output: -0.076003 
output: 0.126527 
output: 0.000000 
output: -0.176999 
output: 0.152947 
output: 0.091470 
output: -0.259582 
output: 0.106322 
output: 0.207646 
output: -0.283592 
output: 0.000000 
output: 0.300961 
output: -0.234733 
output: -0.128264 
output: 0.336229 
output: -0.126842 
output: -0.234850 
output: 0.297965 
output: 0.003132 
output: -0.281904 
output: 0.202592 
output: 0.109705 
output: -0.259525 
output: 0.088021 
output: 0.161167 
output: -0.185933 
output: -0.004606 
output: 0.151279 
output: -0.097001 
output: -0.048782 
output: 0.099169 
output: -0.028783 
output: -0.042379 
output: 0.037785 
output: -0.001561 
output: -0.005315 
output: -0.002909 
output: -0.012782 
output: 0.032872 
output: -0.009673 
output: -0.041593 
output: 0.048888 
output: 0.009748 
output: -0.061958 
output: 0.036448 
output: 0.033770 
output: -0.059888 
output: 0.011843 
output: 0.041593 
output: -0.034956 
output: -0.007268 
output: 0.021202 
output: -0.002909 
output: 0.000651 
output: -0.020957 
output: 0.011142 
output: 0.042379 
output: -0.062425 
output: -0.012247 
output: 0.108518 
output: -0.075777 
output: -0.075532 
output: 0.162231 
output: -0.007356 
output: -0.161167 
output: 0.183895 
output: 0.035972 
output: -0.245230 
output: 0.152947 
output: 0.139277 
output: -0.277447 
output: 0.016649 
output: 0.234850 
output: -0.261826 
output: -0.034349 
output: 0.304614 
output: -0.197213 
output: -0.136275 
output: 0.301306 
output: -0.049715 
output: -0.204942 
output: 0.262871 
output: -0.017865 
output: -0.249389 
output: 0.202592 
output: 0.042326 
output: -0.218809 
output: 0.114243 
output: 0.069033 
output: -0.196582 
output: 0.116741 
output: 0.107610 
output: -0.186044 
output: 0.107737 
output: 0.084535 
output: -0.195372 
output: 0.103136 
output: 0.115736 
output: -0.222630 
output: 0.034463 
output: 0.172126 
output: -0.237590 
output: 0.019455 
output: 0.237177 
output: -0.216824 
output: -0.071893 
output: 0.281551 
output: -0.147130 
output: -0.170949 
output: 0.277734 
output: -0.038985 
output: -0.244815 
output: 0.215896 
output: 0.082160 
output: -0.264030 
output: 0.103859 
output: 0.177944 
output: -0.214258 
output: -0.026623 
output: 0.214341 
output: -0.107037 
output: -0.133433 
output: 0.176864 
output: 0.023793 
output: -0.180737 
output: 0.077314 
output: 0.134798 
output: -0.153223 
output: -0.050510 
output: 0.189630 
output: -0.061673 
output: -0.164010 
output: 0.172300 
output: 0.062204 
output: -0.227828 
output: 0.091526 
output: 0.178823 
output: -0.225686 
output: -0.024965 
output: 0.255435 
output: -0.163981 
output: -0.142745 
output: 0.275508 
output: -0.062728 
output: -0.231881 
output: 0.240949 
output: 0.047605 
output: -0.278374 
output: 0.169391 
output: 0.144759 
output: -0.282681 
output: 0.079987 
output: 0.217353 
output: -0.253351 
output: -0.012966 
output: 0.262946 
output: -0.199309 
output: -0.101838 
output: 0.282006 
output: -0.125687 
output: -0.181953 
output: 0.272685 
output: -0.035334 
output: -0.246067 
output: 0.230323 
output: 0.065747 
output: -0.281779 
output: 0.152275 
output: 0.163506 
output: -0.274718 
output: 0.044930 
output: 0.235939 
output: -0.217045 
output: -0.071512 
output: 0.257784 
output: -0.111025 
output: -0.168066 
output: 0.217060 
output: 0.014848 
output: -0.212073 
output: 0.119398 
output: 0.124269 
output: -0.186020 
output: -0.007804 
output: 0.186816 
output: -0.095146 
output: -0.123733 
output: 0.164693 
output: 0.067003 
output: -0.188983 
output: 0.079280 
output: 0.152288 
output: -0.156680 
output: -0.046303 
output: 0.225813 
output: -0.103780 
output: -0.200659 
output: 0.229931 
output: 0.015204 
output: -0.252009 
output: 0.123847 
output: 0.135887 
output: -0.272378 
output: 0.066225 
output: 0.251069 
output: -0.236111 
output: -0.039819 
output: 0.260365 
output: -0.119902 
output: -0.120819 
output: 0.250497 
output: -0.086807 
output: -0.193818 
output: 0.216097 
output: -0.028822 
output: -0.176969 
output: 0.158856 
output: 0.005122 
output: -0.179899 
output: 0.162500 
output: 0.064904 
output: -0.191342 
output: 0.155405 
output: 0.054078 
output: -0.222510 
output: 0.145140 
output: 0.100767 
output: -0.248275 
output: 0.113928 
output: 0.165227 
output: -0.265033 
output: 0.053536 
output: 0.231881 
output: -0.250857 
output: -0.028879 
output: 0.279544 
output: -0.200965 
output: -0.113612 
output: 0.291299 
output: -0.128268 
output: -0.177472 
output: 0.270337 
output: -0.054066 
output: -0.212868 
output: 0.230671 
output: 0.005898 
output: -0.224191 
output: 0.189844 
output: 0.047025 
output: -0.225608 
output: 0.158807 
output: 0.077617 
output: -0.231146 
output: 0.135654 
output: 0.112134 
output: -0.244962 
output: 0.107444 
output: 0.160433 
output: -0.257679 
output: 0.059249 
output: 0.219384 
output: -0.251281 
output: -0.014733 
output: 0.272066 
output: -0.210108 
output: -0.104526 
output: 0.295572 
output: -0.131885 
output: -0.185957 
output: 0.274102 
output: -0.033775 
output: -0.233245 
output: 0.207404 
output: 0.058744 
output: -0.229616 
output: 0.115494 
output: 0.114276 
output: -0.177401 
output: 0.031229 
output: 0.116150 
output: -0.100474 
output: -0.014069 
output: 0.070151 
output: -0.034214 
output: -0.005306 
output: 0.003245 
output: -0.009861 
output: 0.048728 
output: -0.047840 
output: -0.040269 
output: 0.118681 
output: -0.052822 
output: -0.113928 
output: 0.167384 
output: -0.001119 
output: -0.200028 
output: 0.165896 
output: 0.093946 
output: -0.261845 
output: 0.105296 
output: 0.202037 
output: -0.270708 
output: -0.000834 
output: 0.282930 
output: -0.218448 
output: -0.121233 
output: 0.315968 
output: -0.120827 
output: -0.224853 
output: 0.264821 
output: -0.002199 
output: -0.290331 
output: 0.225970 
output: 0.167022 
output: -0.309606 
output: 0.128918 
output: 0.204615 
output: -0.260673 
output: 0.020607 
output: 0.264592 
output: -0.225970 
output: -0.137540 
output: 0.288063 
output: -0.140055 
output: -0.175209 
output: 0.253285 
output: -0.037205 
output: -0.239656 
output: 0.218448 
output: 0.119660 
output: -0.265500 
output: 0.128793 
output: 0.162373 
output: -0.222215 
output: 0.015217 
output: 0.221948 
output: -0.168599 
output: -0.135707 
output: 0.224811 
output: -0.057039 
output: -0.175209 
output: 0.137395 
output: 0.063234 
output: -0.193905 
output: 0.054810 
output: 0.171464 
output: -0.141790 
output: -0.071600 
output: 0.183391 
output: 0.004477 
output: -0.172258 
output: 0.137463 
output: 0.099659 
output: -0.211515 
output: 0.029806 
output: 0.209441 
output: -0.175209 
output: -0.103719 
output: 0.260898 
output: -0.076874 
output: -0.218980 
output: 0.240679 
output: 0.048158 
output: -0.281799 
output: 0.162373 
output: 0.157088 
output: -0.282126 
output: 0.064121 
output: 0.223541 
output: -0.237236 
output: -0.023591 
output: 0.241757 
output: -0.175209 
output: -0.078114 
output: 0.227373 
output: -0.125146 
output: -0.098827 
output: 0.207416 
output: -0.101389 
output: -0.104109 
output: 0.204615 
output: -0.097408 
output: -0.119127 
output: 0.224699 
output: -0.091042 
output: -0.160339 
output: 0.253221 
output: -0.058266 
output: -0.224853 
output: 0.263619 
output: 0.011716 
output: -0.290354 
output: 0.232413 
output: 0.108100 
output: -0.325908 
output: 0.153652 
output: 0.202037 
output: -0.307157 
output: 0.044930 
output: 0.253824 
output: -0.232413 
output: -0.056324 
output: 0.246050 
output: -0.128784 
output: -0.113928 
output: 0.182255 
output: -0.035334 
output: -0.108838 
output: 0.091042 
output: 0.011508 
output: -0.048525 
output: 0.013886 
output: -0.005306 
output: 0.035068 
output: -0.012966 
output: -0.074958 
output: 0.098827 
output: 0.025169 
output: -0.162579 
output: 0.107139 
output: 0.114276 
output: -0.223788 
output: 0.047605 
output: 0.216925 
output: -0.223541 
output: -0.063068 
output: 0.287595 
output: -0.151115 
output: -0.184885 
output: 0.292704 
output: -0.024391 
output: -0.275719 
output: 0.218980 
output: 0.117922 
output: -0.285421 
output: 0.085122 
output: 0.225201 
output: -0.228969 
output: -0.115715 
output: 0.259826 
output: -0.099659 
output: -0.186290 
output: 0.181549 
output: 0.052530 
output: -0.236452 
output: 0.091898 
output: 0.205889 
output: -0.203071 
output: -0.054810 
output: 0.242216 
output: -0.053872 
output: -0.184142 
output: 0.225201 
output: 0.038442 
output: -0.262862 
output: 0.137451 
output: 0.168599 
output: -0.256989 
output: -0.044752 
output: 0.252815 
output: -0.185957 
output: -0.122635 
output: 0.260017 
output: -0.066507 
output: -0.221151 
output: 0.217398 
output: 0.115667 
output: -0.257724 
output: 0.108459 
output: 0.177356 
output: -0.198394 
output: -0.024405 
output: 0.232940 
output: -0.128435 
output: -0.177399 
output: 0.219681 
output: 0.000000 
output: -0.218224 
output: 0.141954 
output: 0.126648 
output: -0.226786 
output: 0.021506 
output: 0.216964 
output: -0.167970 
output: -0.108459 
output: 0.246376 
output: -0.058202 
output: -0.212118 
output: 0.206872 
output: 0.072076 
output: -0.260648 
output: 0.109334 
output: 0.187029 
output: -0.238863 
output: -0.018558 
output: 0.249847 
output: -0.155166 
output: -0.138744 
output: 0.247480 
output: -0.032960 
output: -0.219384 
output: 0.179438 
output: 0.094462 
output: -0.237583 
output: 0.063428 
output: 0.191830 
output: -0.186891 
output: -0.069370 
output: 0.231146 
output: -0.079610 
output: -0.182119 
output: 0.199589 
output: 0.055642 
output: -0.242180 
output: 0.103949 
output: 0.181007 
output: -0.230671 
output: -0.030042 
output: 0.259779 
output: -0.148964 
output: -0.164038 
output: 0.267508 
output: -0.019706 
output: -0.257935 
output: 0.200965 
output: 0.117539 
output: -0.281811 
output: 0.079867 
output: 0.220305 
output: -0.227879 
output: -0.058202 
output: 0.256931 
output: -0.113928 
output: -0.169306 
output: 0.215687 
output: 0.024001 
output: -0.218169 
output: 0.109829 
output: 0.141954 
output: -0.189614 
output: -0.026531 
output: 0.202826 
output: -0.093748 
output: -0.150071 
output: 0.188923 
output: 0.037892 
output: -0.223268 
output: 0.107458 
output: 0.163921 
output: -0.227052 
output: -0.013191 
output: 0.247972 
output: -0.166209 
output: -0.134870 
output: 0.270970 
output: -0.065597 
output: -0.224549 
output: 0.236685 
output: 0.038985 
output: -0.269655 
output: 0.165363 
output: 0.120106 
output: -0.251616 
output: 0.041558 
output: 0.163921 
output: -0.214844 
output: 0.026623 
output: 0.193985 
output: -0.174152 
output: -0.009219 
output: 0.170038 
output: -0.122124 
output: -0.026531 
output: 0.168115 
output: -0.134798 
output: -0.075250 
output: 0.180306 
output: -0.129543 
output: -0.069538 
output: 0.205039 
output: -0.113928 
output: -0.117649 
output: 0.227828 
output: -0.028390 
output: -0.179642 
output: 0.231510 
output: -0.004895 
output: -0.256159 
output: 0.202037 
output: 0.085576 
output: -0.276082 
output: 0.079520 
output: 0.179642 
output: -0.272900 
output: 0.029937 
output: 0.274519 
output: -0.224853 
output: -0.080713 
output: 0.287424 
output: -0.087539 
output: -0.180306 
output: 0.277603 
output: -0.032854 
output: -0.251637 
output: 0.225840 
output: 0.077318 
output: -0.284393 
output: 0.141677 
output: 0.174152 
output: -0.274932 
output: 0.038171 
output: 0.243869 
output: -0.224853 
output: -0.069736 
output: 0.275630 
output: -0.140417 
output: -0.165363 
output: 0.262035 
output: -0.033515 
output: -0.230712 
output: 0.202037 
output: 0.076632 
output: -0.246628 
output: 0.100506 
output: 0.163506 
output: -0.205547 
output: -0.016746 
output: 0.203673 
output: -0.113928 
output: -0.121134 
output: 0.181914 
output: 0.007769 
output: -0.181953 
output: 0.098628 
output: 0.126602 
output: -0.176981 
output: -0.026531 
output: 0.205823 
output: -0.102107 
output: -0.157828 
output: 0.217353 
output: 0.024061 
output: -0.253859 
output: 0.153312 
output: 0.163921 
output: -0.282093 
output: 0.031282 
output: 0.272831 
output: -0.231881 
output: -0.110015 
output: 0.315326 
output: -0.120066 
output: -0.223477 
output: 0.277914 
output: 0.014594 
output: -0.271963 
output: 0.177472 
output: 0.124037 
output: -0.243033 
output: 0.055474 
output: 0.169739 
output: -0.154262 
output: -0.039793 
output: 0.140439 
output: -0.047025 
output: -0.072057 
output: 0.055517 
output: 0.030799 
output: -0.031837 
output: -0.042926 
output: 0.044453 
output: 0.059676 
output: -0.107444 
output: -0.013348 
output: 0.159396 
output: -0.104875 
output: -0.119398 
output: 0.220155 
output: -0.030052 
output: -0.229553 
output: 0.210108 
output: 0.092055 
output: -0.296769 
output: 0.125690 
output: 0.256263 
output: -0.290560 
output: -0.004537 
output: 0.294981 
output: -0.160833 
output: -0.137693 
output: 0.301235 
output: -0.079509 
output: -0.259012 
output: 0.231272 
output: 0.059413 
output: -0.252170 
output: 0.062977 
output: 0.162638 
output: -0.197471 
output: -0.030523 
output: 0.201690 
output: -0.085624 
output: -0.140053 
output: 0.161265 
output: 0.081618 
output: -0.189967 
output: 0.063872 
output: 0.160391 
output: -0.142843 
output: -0.061175 
output: 0.223577 
output: -0.088831 
output: -0.205960 
output: 0.223044 
output: 0.025798 
output: -0.255289 
output: 0.119012 
output: 0.142507 
output: -0.276341 
output: 0.064217 
output: 0.259686 
output: -0.242671 
output: -0.046486 
output: 0.278746 
output: -0.121202 
output: -0.145278 
output: 0.280482 
output: -0.075125 
output: -0.217353 
output: 0.243459 
output: 0.022827 
output: -0.256260 
output: 0.178084 
output: 0.111459 
output: -0.261399 
output: 0.095068 
output: 0.181953 
output: -0.235032 
output: 0.004105 
output: 0.228018 
output: -0.180678 
output: -0.085454 
output: 0.244574 
output: -0.103406 
output: -0.163506 
output: 0.228011 
output: -0.011155 
output: -0.219179 
output: 0.177381 
output: 0.083233 
output: -0.242567 
output: 0.102576 
output: 0.165363 
output: -0.229896 
output: 0.009281 
output: 0.224520 
output: -0.180678 
output: -0.088431 
output: 0.249253 
output: -0.100619 
output: -0.174152 
output: 0.233303 
output: -0.002220 
output: -0.232179 
output: 0.178084 
output: 0.097379 
output: -0.251538 
output: 0.093063 
output: 0.180306 
output: -0.228919 
output: -0.006304 
output: 0.232263 
output: -0.169391 
output: -0.102400 
output: 0.245693 
output: -0.084666 
output: -0.179642 
output: 0.220752 
output: 0.010322 
output: -0.227545 
output: 0.164517 
output: 0.102412 
output: -0.241159 
output: 0.082751 
output: 0.176939 
output: -0.219330 
output: -0.007268 
output: 0.226013 
output: -0.169391 
output: -0.095334 
output: 0.246709 
output: -0.098233 
output: -0.173336 
output: 0.238052 
output: -0.012247 
output: -0.234172 
output: 0.199309 
output: 0.081608 
output: -0.269759 
output: 0.130613 
output: 0.173336 
output: -0.270921 
output: 0.035972 
output: 0.248347 
output: -0.230323 
output: -0.073210 
output: 0.289047 
output: -0.147659 
output: -0.176939 
output: 0.260010 
output: -0.034349 
output: -0.249945 
output: 0.217045 
output: 0.134376 
output: -0.266957 
output: 0.106809 
output: 0.176939 
output: -0.195863 
output: -0.017865 
output: 0.213856 
output: -0.119398 
output: -0.151082 
output: 0.182837 
output: 0.005403 
output: -0.173336 
output: 0.060798 
output: 0.116741 
output: -0.155057 
output: -0.031837 
output: 0.179530 
output: -0.072288 
output: -0.148844 
output: 0.173336 
output: 0.088370 
output: -0.222630 
output: 0.101462 
output: 0.169739 
output: -0.207519 
output: -0.012187 
output: 0.254536 
output: -0.176939 
output: -0.177258 
output: 0.281551 
output: -0.079788 
output: -0.223477 
output: 0.218375 
output: 0.028663 
output: -0.266550 
output: 0.179642 
output: 0.159907 
output: -0.260898 
output: 0.099053 
output: 0.163921 
output: -0.224230 
output: 0.032928 
output: 0.177854 
output: -0.180306 
output: -0.007432 
output: 0.172258 
output: -0.147817 
output: -0.026531 
output: 0.166657 
output: -0.132578 
output: -0.039608 
output: 0.174152 
output: -0.126644 
output: -0.063234 
output: 0.195316 
output: -0.113928 
output: -0.106302 
output: 0.218547 
output: -0.079058 
output: -0.165363 
output: 0.225941 
output: -0.015217 
output: -0.225780 
output: 0.200965 
output: 0.071624 
output: -0.266075 
output: 0.137557 
output: 0.166209 
output: -0.271607 
output: 0.040337 
output: 0.247002 
output: -0.230671 
output: -0.076008 
output: 0.292806 
output: -0.144267 
output: -0.188923 
output: 0.288844 
output: -0.025213 
output: -0.274165 
output: 0.231146 
output: 0.104398 
output: -0.311992 
output: 0.128379 
output: 0.218169 
output: -0.292577 
output: 0.000638 
output: 0.291831 
output: -0.219384 
output: -0.124816 
output: 0.309819 
output: -0.109375 
output: -0.220305 
output: 0.270247 
output: 0.010581 
output: -0.265481 
output: 0.187029 
output: 0.110155 
output: -0.251838 
output: 0.082074 
output: 0.166742 
output: -0.191269 
output: -0.009281 
output: 0.168549 
output: -0.108459 
output: -0.061391 
output: 0.124062 
output: -0.035004 
output: -0.062612 
output: 0.057442 
output: 0.002220 
output: -0.020136 
output: -0.000000 
output: -0.009194 
output: 0.042552 
output: -0.021266 
output: -0.062612 
output: 0.094405 
output: 0.006304 
output: -0.134937 
output: 0.108459 
output: 0.076463 
output: -0.189862 
output: 0.071759 
output: 0.166742 
output: -0.217158 
output: -0.059255 
output: 0.247125 
output: -0.187029 
output: -0.118170 
output: 0.282718 
output: -0.104149 
output: -0.220305 
output: 0.279815 
output: 0.067571 
output: -0.290777 
output: 0.219384 
output: 0.122216 
output: -0.309593 
output: 0.123685 
output: 0.218169 
output: -0.293114 
output: -0.048855 
output: 0.280648 
output: -0.231146 
output: -0.096707 
output: 0.302554 
output: -0.141279 
output: -0.188923 
output: 0.285993 
output: 0.021843 
output: -0.253398 
output: 0.230671 
output: 0.071640 
output: -0.283250 
output: 0.143078 
output: 0.166209 
output: -0.263728 
output: -0.018220 
output: 0.229953 
output: -0.199893 
output: -0.077130 
output: 0.246802 
output: -0.100846 
output: -0.168066 
output: 0.210961 
output: 0.017865 
output: -0.211334 
output: 0.119746 
output: 0.123308 
output: -0.189202 
output: -0.002007 
output: 0.181122 
output: -0.103461 
output: -0.116741 
output: 0.168685 
output: 0.021225 
output: -0.184991 
output: 0.086273 
output: 0.143973 
output: -0.181122 
output: -0.040507 
output: 0.222630 
output: -0.104741 
output: -0.169391 
output: 0.230669 
output: 0.018221 
output: -0.258108 
output: 0.168066 
output: 0.146065 
output: -0.281551 
output: 0.060608 
output: 0.238485 
output: -0.241858 
output: -0.050974 
output: 0.275297 
output: -0.163506 
output: -0.135288 
output: 0.260898 
output: -0.081735 
output: -0.175209 
output: 0.219466 
output: -0.024717 
output: -0.179106 
output: 0.181953 
output: -0.000456 
output: -0.172258 
output: 0.168581 
output: 0.005306 
output: -0.181117 
output: 0.178231 
output: 0.019144 
output: -0.217353 
output: 0.189792 
output: 0.063234 
output: -0.270212 
output: 0.174861 
output: 0.140820 
output: -0.311520 
output: 0.115152 
output: 0.231881 
output: -0.311008 
output: 0.015217 
output: 0.301814 
output: -0.254565 
output: -0.096220 
output: 0.316523 
output: -0.150693 
output: -0.177472 
output: 0.267270 
output: -0.040337 
output: -0.198729 
output: 0.174861 
output: 0.034938 
output: -0.155576 
output: 0.079811 
output: 0.047025 
output: -0.072942 
output: 0.025213 
output: -0.003795 
output: 0.005306 
output: 0.036221 
output: -0.087723 
output: 0.036495 
output: 0.107444 
output: -0.158591 
output: -0.000638 
output: 0.217646 
output: -0.175209 
output: -0.095497 
output: 0.280353 
output: -0.065884 
output: -0.210108 
output: 0.295560 
output: -0.010581 
output: -0.317004 
output: 0.238485 
output: 0.114785 
output: -0.320536 
output: 0.068764 
output: 0.210108 
output: -0.270601 
output: 0.003017 
output: 0.253745 
output: -0.169391 
output: -0.085346 
output: 0.196007 
output: -0.029172 
output: -0.107444 
output: 0.108503 
output: 0.006992 
output: -0.065561 
output: 0.021225 
output: 0.010501 
output: 0.018057 
output: -0.015087 
output: -0.047025 
output: 0.092128 
output: -0.003183 
output: -0.143408 
output: 0.119746 
output: 0.074071 
output: -0.209963 
output: 0.039928 
output: 0.177472 
output: -0.236922 
output: -0.009173 
output: 0.281263 
output: -0.199893 
output: -0.125962 
output: 0.311005 
output: -0.112025 
output: -0.234584 
output: 0.297843 
output: 0.007268 
output: -0.306825 
output: 0.230671 
output: 0.127715 
output: -0.328140 
output: 0.127785 
output: 0.224323 
output: -0.299216 
output: 0.012247 
output: 0.282709 
output: -0.231146 
output: -0.095854 
output: 0.299026 
output: -0.138751 
output: -0.182769 
output: 0.276096 
output: -0.035972 
output: -0.240125 
output: 0.219384 
output: 0.064992 
output: -0.262213 
output: 0.135610 
output: 0.151930 
output: -0.244715 
output: 0.034349 
output: 0.211142 
output: -0.187029 
output: -0.069002 
output: 0.226299 
output: -0.092099 
output: -0.151930 
output: 0.190499 
output: 0.017865 
output: -0.194016 
output: 0.108459 
output: 0.118544 
output: -0.180991 
output: -0.003259 
output: 0.182769 
output: -0.111349 
output: -0.116741 
output: 0.189449 
output: 0.000000 
output: -0.199451 
output: 0.131926 
output: 0.123509 
output: -0.224323 
output: 0.022640 
output: 0.222630 
output: -0.179636 
output: -0.108459 
output: 0.265187 
output: -0.074751 
output: -0.222014 
output: 0.234584 
output: 0.060999 
output: -0.281551 
output: 0.136641 
output: 0.187029 
output: -0.266301 
output: 0.001771 
output: 0.260249 
output: -0.180175 
output: -0.130224 
output: 0.260898 
output: -0.046988 
output: -0.219384 
output: 0.185252 
output: 0.093540 
output: -0.236067 
output: 0.053995 
output: 0.197584 
output: -0.172258 
output: -0.093690 
output: 0.231146 
output: -0.045289 
output: -0.211938 
output: 0.181674 
output: 0.150024 
output: -0.263077 
output: 0.063234 
output: 0.236285 
output: -0.192057 
output: -0.087185 
output: 0.303248 
output: -0.125968 
output: -0.260568 
output: 0.288207 
output: 0.015217 
output: -0.298137 
output: 0.149526 
output: 0.145444 
output: -0.297602 
output: 0.077043 
output: 0.249486 
output: -0.226693 
output: -0.037205 
output: 0.222097 
output: -0.084399 
output: -0.100343 
output: 0.157197 
output: -0.023559 
output: -0.100785 
output: 0.060450 
output: 0.020607 
output: -0.021141 
output: -0.021225 
output: -0.006057 
output: 0.076124 
output: -0.047615 
output: -0.091857 
output: 0.152640 
output: -0.002199 
output: -0.199194 
output: 0.169391 
output: 0.100531 
output: -0.280238 
output: 0.112420 
output: 0.220837 
output: -0.297272 
output: -0.000834 
output: 0.310432 
output: -0.239557 
output: -0.127979 
output: 0.331118 
output: -0.123691 
output: -0.221684 
output: 0.276226 
output: 0.002013 
output: -0.245689 
output: 0.169391 
output: 0.089399 
output: -0.195369 
output: 0.056549 
output: 0.106629 
output: -0.097783 
output: -0.014467 
output: 0.052450 
output: 0.000000 
output: -0.014575 
output: -0.043270 
output: 0.051234 
output: 0.053995 
output: -0.132431 
output: 0.029668 
output: 0.158635 
output: -0.169391 
output: -0.059146 
output: 0.250301 
output: -0.130481 
output: -0.180175 
output: 0.284306 
output: -0.024027 
output: -0.283639 
output: 0.239557 
output: 0.114372 
output: -0.325648 
output: 0.121150 
output: 0.234584 
output: -0.283631 
output: -0.028265 
output: 0.289595 
output: -0.169391 
output: -0.157700 
output: 0.260163 
output: -0.022012 
output: -0.224323 
output: 0.158443 
output: 0.109100 
output: -0.209676 
output: 0.021225 
output: 0.183368 
output: -0.124382 
output: -0.105771 
output: 0.182769 
output: -0.001122 
output: -0.185097 
output: 0.115176 
output: 0.119746 
output: -0.199088 
output: 0.007465 
output: 0.204968 
output: -0.151930 
output: -0.107031 
output: 0.237455 
output: -0.063254 
output: -0.200965 
output: 0.216706 
output: 0.044097 
output: -0.256526 
output: 0.151930 
output: 0.145034 
output: -0.268362 
output: 0.062273 
output: 0.224853 
output: -0.241589 
output: -0.037533 
output: 0.276697 
output: -0.182769 
output: -0.136751 
output: 0.296640 
output: -0.097548 
output: -0.225840 
output: 0.280412 
output: 0.007641 
output: -0.292901 
output: 0.224323 
output: 0.121387 
output: -0.323397 
output: 0.130139 
output: 0.224853 
output: -0.304844 
output: 0.010400 
output: 0.294519 
output: -0.234584 
output: -0.110392 
output: 0.310431 
output: -0.125908 
output: -0.200965 
output: 0.267009 
output: -0.009173 
output: -0.236922 
output: 0.177472 
output: 0.082989 
output: -0.209963 
output: 0.074071 
output: 0.119746 
output: -0.134734 
output: -0.003183 
output: 0.092128 
output: -0.047025 
output: -0.023230 
output: 0.018057 
output: 0.010501 
output: 0.021225 
output: -0.063225 
output: 0.006992 
output: 0.108503 
output: -0.107444 
output: -0.061659 
output: 0.196007 
output: -0.085346 
output: -0.169391 
output: 0.238751 
output: 0.003017 
output: -0.270601 
output: 0.210108 
output: 0.127095 
output: -0.320536 
output: 0.114785 
output: 0.239557 
output: -0.296664 
output: -0.010581 
output: 0.293251 
output: -0.207404 
output: -0.118758 
output: 0.274089 
output: -0.092695 
output: -0.169391 
output: 0.196394 
output: -0.000638 
output: -0.149543 
output: 0.100474 
output: 0.032796 
output: -0.078510 
output: 0.032972 
output: -0.000000 
output: 0.001988 
output: 0.025213 
output: -0.075770 
output: 0.047840 
output: 0.079459 
output: -0.152454 
output: 0.032868 
output: 0.169391 
output: -0.189444 
output: -0.040337 
output: 0.253943 
output: -0.165896 
output: -0.143774 
output: 0.297028 
output: -0.088352 
output: -0.239557 
output: 0.282006 
output: 0.015217 
output: -0.292200 
output: 0.218448 
output: 0.108623 
output: -0.296984 
output: 0.136448 
output: 0.169391 
output: -0.266987 
output: 0.063234 
output: 0.195816 
output: -0.225970 
output: 0.012177 
output: 0.202726 
output: -0.192968 
output: -0.021225 
output: 0.209274 
output: -0.172258 
output: -0.052689 
output: 0.225970 
output: -0.153302 
output: -0.096661 
output: 0.248419 
output: -0.119746 
output: -0.155783 
output: 0.260898 
output: -0.061476 
output: -0.218448 
output: 0.246980 
output: 0.017724 
output: -0.265484 
output: 0.199893 
output: 0.100049 
output: -0.282126 
output: 0.132484 
output: 0.168599 
output: -0.267810 
output: 0.057083 
output: 0.211085 
output: -0.230671 
output: -0.008216 
output: 0.227373 
output: -0.187443 
output: -0.054810 
output: 0.229052 
output: -0.151815 
output: -0.087254 
output: 0.231146 
output: -0.126018 
output: -0.119127 
output: 0.241517 
output: -0.099659 
output: -0.162834 
output: 0.254497 
output: -0.056930 
output: -0.219384 
output: 0.253064 
output: 0.011716 
output: -0.274592 
output: 0.218980 
output: 0.100310 
output: -0.304745 
output: 0.145447 
output: 0.187029 
output: -0.288032 
output: 0.045504 
output: 0.237797 
output: -0.223541 
output: -0.049427 
output: 0.236884 
output: -0.129721 
output: -0.108459 
output: 0.183110 
output: -0.040078 
output: -0.110638 
output: 0.098827 
output: 0.010064 
output: -0.057904 
output: 0.021828 
output: -0.000000 
output: 0.023134 
output: -0.010580 
output: -0.065199 
output: 0.091042 
output: 0.021172 
output: -0.154653 
output: 0.107245 
output: 0.108459 
output: -0.223590 
output: 0.053754 
output: 0.216128 
output: -0.232413 
output: -0.057219 
output: 0.296194 
output: -0.164623 
output: -0.187029 
output: 0.306633 
output: -0.036120 
output: -0.280272 
output: 0.235117 
output: 0.108605 
output: -0.301235 
output: 0.099349 
output: 0.219384 
output: -0.234678 
output: -0.057567 
output: 0.254314 
output: -0.098012 
output: -0.182286 
output: 0.197471 
output: 0.064915 
output: -0.231146 
output: 0.065519 
output: 0.199691 
output: -0.186600 
output: -0.098012 
output: 0.261312 
output: -0.063872 
output: -0.238565 
output: 0.230671 
output: 0.094648 
output: -0.310516 
output: 0.121352 
output: 0.235117 
output: -0.293716 
output: -0.025798 
output: 0.312143 
output: -0.200965 
output: -0.158691 
output: 0.307350 
output: -0.069842 
output: -0.235117 
output: 0.228649 
output: 0.049618 
output: -0.231464 
output: 0.113928 
output: 0.112153 
output: -0.158758 
output: 0.014262 
output: 0.098012 
output: -0.055922 
output: -0.027433 
output: 0.020301 
output: 0.026531 
output: 0.005820 
output: -0.080730 
output: 0.047827 
output: 0.098012 
output: -0.154938 
output: -0.005666 
output: 0.207116 
output: -0.163921 
output: -0.114598 
output: 0.283370 
output: -0.097717 
output: -0.235117 
output: 0.291029 
output: 0.020903 
output: -0.318169 
output: 0.223477 
output: 0.147841 
output: -0.331692 
output: 0.106515 
output: 0.235117 
output: -0.273022 
output: -0.013417 
output: 0.252042 
output: -0.169739 
output: -0.090200 
output: 0.200112 
output: -0.068971 
output: -0.098012 
output: 0.111064 
output: -0.014633 
output: -0.042897 
output: 0.031837 
output: -0.027812 
output: 0.040884 
output: 0.003000 
output: -0.098012 
output: 0.107228 
output: 0.040716 
output: -0.189052 
output: 0.119398 
output: 0.130475 
output: -0.256450 
output: 0.066092 
output: 0.235117 
output: -0.267800 
output: -0.034923 
output: 0.312828 
output: -0.215973 
output: -0.148012 
output: 0.336803 
output: -0.120868 
output: -0.235117 
output: 0.304478 
output: -0.017865 
output: -0.273102 
output: 0.236141 
output: 0.060231 
output: -0.264268 
output: 0.164687 
output: 0.098012 
output: -0.231630 
output: 0.116741 
output: 0.103559 
output: -0.204615 
output: 0.099416 
output: 0.101555 
output: -0.202273 
output: 0.098012 
output: 0.117898 
output: -0.222630 
output: 0.085536 
output: 0.163921 
output: -0.243622 
output: 0.039021 
output: 0.228392 
output: -0.235117 
output: -0.045785 
output: 0.281551 
output: -0.176029 
output: -0.149509 
output: 0.289927 
output: -0.070469 
output: -0.231932 
output: 0.235117 
output: 0.056412 
output: -0.260898 
output: 0.121037 
output: 0.163921 
output: -0.214205 
output: -0.021595 
output: 0.210263 
output: -0.098012 
output: -0.145351 
output: 0.172258 
output: 0.052997 
output: -0.204615 
output: 0.057140 
output: 0.187444 
output: -0.174708 
output: -0.098012 
output: 0.257052 
output: -0.063234 
output: -0.239510 
output: 0.236141 
output: 0.091557 
output: -0.317784 
output: 0.132497 
output: 0.235117 
output: -0.307015 
output: -0.015217 
output: 0.317944 
output: -0.214901 
output: -0.153182 
output: 0.317672 
output: -0.083286 
output: -0.235117 
output: 0.241397 
output: 0.040337 
output: -0.236164 
output: 0.125216 
output: 0.108265 
output: -0.165063 
output: 0.021261 
output: 0.098012 
output: -0.060237 
output: -0.025213 
output: 0.020905 
output: 0.026531 
output: 0.005216 
output: -0.082950 
output: 0.052142 
output: 0.098012 
output: -0.161936 
output: 0.000638 
output: 0.211004 
output: -0.175209 
output: -0.109898 
output: 0.292651 
output: -0.110464 
output: -0.235117 
output: 0.304473 
output: 0.010581 
output: -0.323679 
output: 0.237413 
output: 0.142039 
output: -0.342273 
output: 0.119815 
output: 0.235117 
output: -0.284167 
output: -0.006149 
output: 0.255133 
output: -0.175209 
output: -0.089256 
output: 0.199474 
output: -0.064711 
output: -0.098012 
output: 0.099172 
output: -0.002386 
output: -0.034517 
output: 0.005306 
output: -0.015893 
output: 0.066097 
output: -0.033935 
output: -0.098012 
output: 0.151279 
output: 0.004743 
output: -0.209525 
output: 0.174861 
output: 0.108787 
output: -0.296787 
output: 0.118285 
output: 0.235117 
output: -0.316140 
output: -0.000574 
output: 0.329535 
output: -0.254565 
output: -0.136552 
output: 0.350872 
output: -0.130670 
output: -0.232413 
output: 0.288889 
output: 0.000000 
output: -0.251089 
output: 0.174861 
output: 0.084364 
output: -0.191548 
output: 0.061564 
output: 0.091042 
output: -0.088241 
output: 0.000000 
output: 0.024979 
output: 0.005306 
output: 0.015991 
output: -0.075476 
output: 0.041421 
output: 0.098827 
output: -0.156826 
output: 0.000000 
output: 0.206951 
output: -0.175209 
output: -0.102960 
output: 0.287621 
output: -0.116089 
output: -0.223541 
output: 0.301069 
output: 0.000000 
output: -0.310485 
output: 0.237413 
output: 0.128271 
output: -0.330858 
output: 0.123835 
output: 0.221684 
output: -0.277828 
output: 0.000000 
output: 0.247298 
output: -0.175209 
output: -0.086456 
output: 0.202311 
output: -0.067807 
output: -0.106629 
output: 0.113990 
output: 0.000000 
output: -0.061433 
output: 0.026531 
output: 0.003260 
output: 0.020277 
output: -0.018614 
output: -0.053995 
output: 0.095379 
output: 0.000000 
output: -0.142050 
output: 0.125216 
output: 0.076134 
output: -0.219245 
output: 0.091035 
output: 0.180175 
output: -0.249410 
output: 0.000000 
output: 0.272442 
output: -0.215973 
output: -0.120237 
output: 0.320438 
output: -0.124368 
output: -0.231881 
output: 0.304287 
output: 0.000000 
output: -0.303153 
output: 0.230323 
output: 0.123342 
output: -0.318015 
output: 0.119777 
output: 0.217353 
output: -0.278393 
output: 0.000000 
output: 0.266485 
output: -0.199309 
output: -0.105377 
output: 0.269040 
output: -0.100645 
output: -0.181953 
output: 0.232895 
output: 0.000000 
output: -0.224650 
output: 0.169391 
output: 0.090527 
output: -0.234174 
output: 0.088937 
output: 0.163506 
output: -0.213079 
output: 0.000000 
output: 0.213432 
output: -0.164517 
output: -0.088612 
output: 0.232819 
output: -0.088456 
output: -0.168066 
output: 0.218525 
output: 0.003132 
output: -0.224602 
output: 0.169391 
output: 0.098171 
output: -0.247692 
output: 0.090971 
output: 0.181122 
output: -0.231604 
output: -0.004606 
output: 0.237123 
output: -0.178084 
output: -0.100865 
output: 0.256145 
output: -0.096549 
output: -0.181122 
output: 0.235668 
output: -0.001561 
output: -0.232617 
output: 0.180678 
output: 0.091135 
output: -0.248825 
output: 0.101316 
output: 0.168066 
output: -0.229304 
output: 0.009748 
output: 0.219623 
output: -0.177381 
output: -0.082659 
output: 0.241733 
output: -0.103193 
output: -0.163506 
output: 0.229182 
output: -0.010400 
output: -0.223622 
output: 0.180678 
output: 0.089684 
output: -0.251452 
output: 0.098606 
output: 0.181953 
output: -0.237401 
output: -0.007641 
output: 0.248320 
output: -0.178084 
output: -0.120607 
output: 0.272145 
output: -0.080380 
output: -0.217353 
output: 0.244515 
output: 0.037533 
output: -0.275837 
output: 0.169391 
output: 0.149978 
output: -0.282898 
output: 0.064424 
output: 0.231881 
output: -0.240099 
output: -0.044097 
output: 0.268008 
output: -0.164517 
output: -0.130133 
output: 0.256950 
output: -0.077619 
output: -0.180175 
output: 0.216197 
output: -0.007465 
output: -0.193981 
output: 0.169391 
output: 0.034646 
output: -0.188219 
output: 0.136746 
output: 0.053995 
output: -0.184974 
output: 0.124382 
output: 0.068948 
output: -0.199309 
output: 0.121491 
output: 0.099887 
output: -0.230241 
output: 0.106629 
output: 0.156525 
output: -0.260163 
output: 0.060374 
output: 0.230323 
output: -0.263657 
output: -0.022001 
output: 0.296537 
output: -0.221684 
output: -0.124744 
output: 0.325648 
output: -0.133952 
output: -0.217045 
output: 0.299397 
output: -0.025176 
output: -0.262908 
output: 0.223541 
output: 0.069995 
output: -0.250301 
output: 0.123910 
output: 0.119398 
output: -0.185518 
output: 0.039155 
output: 0.106979 
output: -0.098827 
output: 0.003828 
output: 0.043270 
output: -0.031902 
output: 0.031837 
output: -0.037350 
output: -0.019240 
output: 0.108448 
output: -0.091042 
output: -0.071621 
output: 0.195369 
output: -0.084348 
output: -0.169739 
output: 0.247259 
output: -0.010285 
output: -0.271645 
output: 0.232413 
output: 0.107191 
output: -0.331118 
output: 0.147971 
output: 0.222405 
output: -0.318115 
output: 0.020329 
output: 0.292662 
output: -0.189609 
output: -0.101041 
output: 0.286502 
output: -0.112617 
output: -0.169739 
output: 0.209540 
output: -0.000923 
output: -0.161335 
output: 0.075167 
output: 0.054142 
output: -0.085337 
output: 0.003523 
output: 0.031837 
output: 0.018607 
output: -0.029819 
output: -0.053922 
output: 0.086954 
output: 0.014863 
output: -0.160319 
output: 0.110689 
output: 0.119398 
output: -0.234183 
output: 0.043469 
output: 0.238073 
output: -0.195976 
output: -0.081653 
output: 0.317097 
output: -0.153128 
output: -0.215973 
output: 0.318075 
output: -0.014643 
output: -0.306339 
output: 0.182183 
output: 0.133874 
output: -0.314652 
output: 0.086775 
output: 0.236141 
output: -0.233658 
output: -0.067977 
output: 0.254402 
output: -0.045529 
output: -0.177324 
output: 0.182838 
output: 0.062686 
output: -0.204615 
output: 0.048907 
output: 0.174644 
output: -0.144523 
output: -0.132585 
output: 0.210014 
output: -0.023156 
output: -0.210671 
output: 0.163921 
output: 0.114472 
output: -0.254748 
output: 0.060315 
output: 0.248885 
output: -0.227039 
output: -0.060722 
output: 0.276495 
output: -0.149509 
output: -0.162023 
output: 0.270970 
output: -0.051294 
output: -0.247064 
output: 0.223776 
output: 0.031753 
output: -0.236158 
output: 0.163921 
output: 0.083255 
output: -0.223268 
output: 0.116134 
output: 0.140236 
output: -0.207199 
output: 0.089308 
output: 0.119646 
output: -0.204615 
output: 0.074785 
output: 0.141954 
output: -0.216331 
output: 0.009194 
output: 0.182934 
output: -0.228296 
output: 0.010805 
output: 0.236141 
output: -0.220741 
output: -0.058202 
output: 0.282859 
output: -0.180175 
output: -0.140891 
output: 0.302454 
output: -0.107680 
output: -0.215973 
output: 0.284977 
output: -0.019706 
output: -0.263344 
output: 0.234584 
output: 0.061582 
output: -0.274315 
output: 0.167290 
output: 0.119398 
output: -0.255591 
output: 0.103949 
output: 0.148391 
output: -0.224323 
output: 0.058694 
output: 0.157625 
output: -0.198583 
output: 0.031837 
output: 0.164292 
output: -0.186891 
output: 0.010608 
output: 0.182769 
output: -0.183117 
output: -0.022518 
output: 0.214987 
output: -0.169739 
output: -0.078261 
output: 0.247480 
output: -0.128046 
output: -0.151930 
output: 0.257105 
output: -0.050140 
output: -0.222625 
output: 0.222405 
output: 0.102553 
output: -0.261223 
output: 0.142072 
output: 0.151930 
output: -0.246016 
output: 0.025604 
output: 0.217685 
output: -0.169739 
output: -0.134465 
output: 0.221707 
output: -0.047189 
output: -0.182769 
output: 0.154598 
output: 0.086921 
output: -0.203666 
output: 0.031837 
output: 0.203582 
output: -0.146560 
output: -0.109616 
output: 0.224323 
output: -0.026299 
output: -0.223553 
output: 0.177228 
output: 0.119398 
output: -0.259077 
output: 0.061334 
output: 0.242583 
output: -0.234584 
output: -0.086109 
output: 0.301880 
output: -0.125276 
output: -0.217045 
output: 0.247854 
output: 0.018558 
output: -0.285359 
output: 0.180175 
output: 0.150792 
output: -0.274315 
output: 0.041178 
output: 0.230323 
output: -0.151094 
output: -0.094462 
output: 0.232408 
output: -0.053995 
output: -0.183692 
output: 0.157625 
output: 0.083616 
output: -0.199309 
output: -0.008129 
output: 0.182119 
output: -0.138425 
output: -0.106629 
output: 0.212628 
output: -0.022518 
output: -0.213388 
output: 0.169391 
output: 0.153004 
output: -0.259779 
output: 0.070451 
output: 0.221684 
output: -0.238234 
output: -0.050140 
output: 0.281485 
output: -0.164517 
output: -0.201079 
output: 0.282385 
output: -0.063977 
output: -0.223541 
output: 0.235634 
output: 0.025604 
output: -0.240148 
output: 0.169391 
output: 0.122071 
output: -0.220431 
output: 0.113887 
output: 0.098827 
output: -0.191209 
output: 0.086921 
output: 0.095126 
output: -0.178084 
output: 0.053636 
output: 0.096134 
output: -0.192079 
output: 0.091042 
output: 0.123286 
output: -0.223553 
output: 0.074851 
output: 0.180678 
output: -0.246631 
output: 0.019340 
output: 0.250908 
output: -0.232413 
output: -0.073205 
output: 0.301880 
output: -0.164848 
output: -0.177381 
output: 0.301238 
output: -0.049566 
output: -0.258675 
output: 0.235117 
output: 0.080304 
output: -0.277447 
output: 0.113245 
output: 0.180678 
output: -0.219037 
output: -0.027261 
output: 0.213001 
output: -0.098012 
output: -0.137773 
output: 0.162231 
output: 0.045221 
output: -0.178084 
output: 0.044617 
output: 0.160011 
output: -0.133459 
output: -0.098012 
output: 0.206003 
output: -0.020957 
output: -0.215150 
output: 0.169391 
output: 0.117946 
output: -0.268166 
output: 0.067557 
output: 0.235117 
output: -0.245231 
output: -0.115730 
output: 0.295728 
output: -0.164517 
output: -0.170465 
output: 0.291299 
output: -0.057596 
output: -0.235117 
output: 0.237816 
output: 0.084339 
output: -0.246341 
output: 0.169391 
output: 0.084072 
output: -0.224191 
output: 0.118499 
output: 0.098012 
output: -0.200273 
output: 0.064123 
output: 0.097722 
output: -0.199309 
output: 0.101261 
output: 0.112134 
output: -0.225315 
output: 0.098012 
output: 0.158290 
output: -0.243127 
output: 0.062655 
output: 0.230323 
output: -0.271121 
output: -0.014733 
output: 0.301154 
output: -0.235117 
output: -0.119236 
output: 0.332849 
output: -0.147958 
output: -0.215973 
output: 0.312905 
output: -0.033775 
output: -0.268757 
output: 0.232413 
output: 0.070793 
output: -0.258780 
output: 0.123712 
output: 0.125216 
output: -0.185624 
output: 0.031229 
output: 0.110975 
output: -0.091042 
output: -0.005931 
output: 0.044119 
output: -0.019968 
output: 0.026531 
output: -0.045292 
output: -0.009861 
output: 0.109892 
output: -0.098827 
output: -0.069821 
output: 0.195838 
output: -0.085203 
output: -0.175209 
output: 0.248196 
output: -0.001119 
output: -0.278541 
output: 0.223541 
output: 0.123219 
output: -0.325481 
output: 0.128845 
output: 0.237413 
output: -0.309911 
output: -0.000834 
output: 0.300453 
output: -0.221684 
output: -0.116802 
output: 0.280779 
output: -0.102062 
output: -0.175209 
output: 0.208204 
output: -0.002199 
output: -0.158840 
output: 0.106629 
output: 0.037324 
output: -0.085621 
output: 0.032132 
output: 0.005306 
output: 0.001751 
output: 0.020607 
output: -0.075558 
output: 0.053995 
output: 0.077161 
output: -0.160319 
output: 0.040790 
output: 0.174861 
output: -0.203511 
output: -0.037205 
output: 0.268647 
output: -0.180175 
output: -0.150016 
output: 0.317097 
output: -0.096089 
output: -0.254565 
output: 0.301683 
output: 0.014643 
output: -0.311684 
output: 0.234584 
output: 0.113775 
output: -0.314652 
output: 0.145602 
output: 0.174861 
output: -0.276064 
output: 0.067977 
output: 0.192441 
output: -0.224323 
output: 0.021760 
output: 0.182838 
output: -0.186664 
output: 0.005306 
output: 0.172671 
output: -0.174644 
output: -0.001284 
output: 0.182769 
output: -0.178857 
output: -0.023156 
output: 0.215932 
output: -0.175209 
output: -0.075169 
output: 0.254748 
output: -0.092721 
output: -0.151930 
output: 0.270405 
output: -0.060722 
output: -0.228426 
output: 0.237413 
output: 0.046786 
output: -0.270970 
output: 0.106753 
output: 0.151930 
output: -0.255439 
output: 0.031753 
output: 0.220405 
output: -0.175209 
output: -0.094184 
output: 0.223268 
output: -0.005507 
output: -0.182769 
output: 0.152598 
output: 0.089308 
output: -0.201972 
output: 0.026531 
output: 0.191676 
output: -0.141954 
output: -0.150772 
output: 0.224323 
output: -0.019902 
output: -0.228296 
output: 0.174804 
output: 0.125216 
output: -0.272979 
output: 0.058202 
output: 0.271248 
output: -0.234584 
output: -0.087742 
output: 0.302454 
output: -0.125330 
output: -0.214901 
output: 0.277742 
output: 0.019706 
output: -0.297613 
output: 0.177472 
output: 0.155493 
output: -0.274315 
output: 0.034414 
output: 0.236141 
output: -0.184232 
output: -0.103949 
output: 0.226487 
output: -0.047025 
output: -0.192623 
output: 0.157625 
output: 0.091461 
output: -0.204615 
output: 0.028677 
output: 0.186891 
output: -0.106754 
output: -0.107444 
output: 0.211778 
output: -0.022518 
output: -0.208391 
output: 0.163921 
output: 0.107008 
output: -0.247480 
output: 0.015688 
output: 0.210108 
output: -0.221530 
output: -0.050140 
output: 0.262489 
output: -0.149509 
output: -0.148722 
output: 0.260648 
output: -0.005929 
output: -0.207404 
output: 0.218496 
output: 0.022472 
output: -0.224811 
output: 0.163921 
output: 0.073869 
output: -0.216964 
output: 0.082269 
output: 0.100474 
output: -0.205411 
output: 0.091528 
output: 0.118188 
output: -0.204615 
output: 0.073327 
output: 0.144174 
output: -0.214544 
output: 0.047840 
output: 0.185833 
output: -0.221992 
output: 0.001419 
output: 0.236141 
output: -0.209394 
output: -0.067483 
output: 0.277579 
output: -0.165896 
output: -0.146460 
output: 0.292133 
output: -0.094378 
output: -0.215973 
output: 0.271102 
output: -0.008551 
output: -0.257159 
output: 0.218448 
output: 0.067575 
output: -0.263914 
output: 0.155045 
output: 0.119398 
output: -0.247458 
output: 0.099844 
output: 0.147505 
output: -0.225970 
output: 0.061004 
output: 0.165266 
output: -0.213266 
output: 0.031837 
output: 0.188976 
output: -0.209718 
output: -0.003862 
output: 0.225970 
output: -0.201613 
output: -0.060051 
output: 0.267947 
output: -0.122611 
output: -0.137186 
output: 0.293967 
output: -0.102524 
output: -0.218448 
output: 0.282021 
output: -0.006044 
output: -0.276389 
output: 0.178925 
output: 0.094077 
output: -0.287595 
output: 0.131431 
output: 0.168599 
output: -0.247499 
output: 0.033069 
output: 0.193116 
output: -0.143116 
output: -0.037241 
output: 0.162579 
output: -0.087466 
output: -0.054810 
output: 0.096594 
output: -0.037460 
output: -0.018212 
output: 0.035366 
output: -0.042495 
output: 0.048525 
output: 0.005310 
output: -0.099659 
output: 0.106343 
output: 0.036610 
output: -0.180919 
output: 0.084058 
output: 0.118230 
output: -0.246050 
output: 0.072085 
output: 0.218980 
output: -0.261615 
output: -0.023768 
output: 0.298953 
output: -0.166348 
output: -0.134526 
output: 0.326482 
output: -0.124128 
output: -0.223541 
output: 0.297251 
output: -0.020882 
output: -0.264555 
output: 0.191716 
output: 0.059121 
output: -0.257964 
output: 0.158539 
output: 0.098827 
output: -0.226143 
output: 0.109748 
output: 0.105351 
output: -0.194444 
output: 0.092175 
output: 0.103775 
output: -0.197657 
output: 0.091042 
output: 0.121149 
output: -0.219447 
output: 0.078220 
output: 0.200250 
output: -0.241559 
output: 0.029740 
output: 0.236439 
output: -0.232413 
output: -0.058272 
output: 0.290725 
output: -0.170596 
output: -0.210810 
output: 0.295728 
output: -0.059888 
output: -0.245231 
output: 0.235117 
output: 0.067557 
output: -0.268166 
output: 0.117946 
output: 0.201385 
output: -0.215150 
output: -0.020957 
output: 0.206003 
output: -0.098012 
output: -0.133459 
output: 0.160011 
output: 0.044617 
output: -0.178084 
output: 0.045221 
output: 0.162231 
output: -0.137773 
output: -0.098012 
output: 0.213001 
output: -0.027261 
output: -0.219037 
output: 0.180678 
output: 0.113245 
output: -0.277447 
output: 0.080304 
output: 0.235117 
output: -0.258675 
output: -0.049566 
output: 0.301238 
output: -0.177381 
output: -0.164848 
output: 0.301880 
output: -0.073205 
output: -0.232413 
output: 0.250908 
output: 0.019340 
output: -0.246631 
output: 0.180678 
output: 0.074851 
output: -0.223553 
output: 0.123286 
output: 0.091042 
output: -0.192079 
output: 0.096134 
output: 0.086093 
output: -0.178084 
output: 0.095126 
output: 0.086921 
output: -0.191209 
output: 0.098827 
output: 0.146248 
output: -0.220431 
output: 0.081057 
output: 0.169391 
output: -0.240148 
output: 0.025604 
output: 0.235634 
output: -0.223541 
output: -0.116575 
output: 0.282385 
output: -0.156796 
output: -0.164517 
output: 0.281485 
output: -0.050140 
output: -0.238234 
output: 0.221684 
output: 0.119693 
output: -0.259779 
output: 0.110854 
output: 0.169391 
output: -0.213388 
output: -0.022518 
output: 0.212628 
output: -0.106629 
output: -0.165374 
output: 0.182119 
output: 0.031073 
output: -0.199309 
output: 0.083616 
output: 0.157625 
output: -0.183692 
output: -0.053995 
output: 0.231308 
output: -0.094462 
output: -0.187660 
output: 0.230323 
output: 0.041178 
output: -0.274315 
output: 0.150792 
output: 0.180175 
output: -0.262627 
output: 0.018558 
output: 0.277666 
output: -0.217045 
output: -0.125276 
output: 0.301880 
output: -0.086109 
output: -0.234584 
output: 0.207586 
output: 0.061334 
output: -0.270998 
output: 0.119398 
output: 0.177228 
output: -0.223553 
output: -0.026299 
output: 0.224323 
output: -0.069931 
output: -0.146560 
output: 0.189378 
output: 0.031837 
output: -0.203666 
output: 0.086921 
output: 0.154598 
output: -0.182769 
output: -0.087598 
output: 0.221707 
output: -0.095648 
output: -0.169739 
output: 0.217685 
output: 0.025604 
output: -0.246016 
output: 0.151930 
output: 0.182560 
output: -0.261223 
output: 0.052350 
output: 0.222405 
output: -0.222625 
output: -0.050140 
output: 0.257105 
output: -0.151930 
output: -0.168481 
output: 0.247480 
output: -0.078261 
output: -0.169739 
output: 0.214987 
output: -0.022518 
output: -0.183117 
output: 0.182769 
output: 0.010608 
output: -0.186891 
output: 0.164292 
output: 0.031837 
output: -0.198583 
output: 0.157625 
output: 0.058694 
output: -0.224323 
output: 0.148391 
output: 0.103949 
output: -0.255591 
output: 0.119398 
output: 0.167290 
output: -0.274315 
output: 0.061582 
output: 0.234584 
output: -0.263344 
output: -0.019706 
output: 0.284977 
output: -0.215973 
output: -0.107680 
output: 0.302454 
output: -0.140891 
output: -0.180175 
output: 0.282859 
output: -0.058202 
output: -0.220741 
output: 0.236141 
output: 0.010805 
output: -0.228296 
output: 0.182934 
output: 0.053995 
output: -0.216331 
output: 0.141954 
output: 0.074785 
output: -0.204615 
output: 0.119646 
output: 0.123587 
output: -0.207199 
output: 0.106629 
output: 0.116134 
output: -0.223268 
output: 0.083255 
output: 0.163921 
output: -0.236158 
output: -0.018337 
output: 0.223776 
output: -0.221684 
output: -0.051294 
output: 0.270970 
output: -0.162023 
output: -0.149509 
output: 0.276495 
output: -0.006528 
output: -0.227039 
output: 0.223541 
output: 0.060315 
output: -0.254748 
output: 0.114472 
output: 0.163921 
output: -0.210671 
output: -0.065840 
output: 0.210014 
output: -0.098827 
output: -0.144523 
output: 0.174644 
output: 0.048907 
output: -0.204615 
output: 0.062686 
output: 0.202998 
output: -0.177324 
output: -0.091042 
output: 0.254402 
output: -0.067977 
output: -0.233658 
output: 0.236141 
output: 0.086775 
output: -0.312702 
output: 0.133874 
output: 0.232413 
output: -0.306339 
output: -0.014643 
output: 0.318075 
output: -0.214901 
output: -0.153312 
output: 0.304415 
output: -0.083962 
output: -0.232413 
output: 0.240020 
output: 0.037205 
output: -0.231382 
output: 0.125216 
output: 0.102413 
output: -0.151146 
output: 0.023911 
output: 0.091042 
output: -0.057621 
output: -0.020607 
output: 0.015358 
output: 0.026531 
output: 0.009306 
output: -0.085621 
output: 0.051314 
output: 0.098827 
output: -0.161687 
output: 0.002199 
output: 0.207470 
output: -0.175209 
output: -0.103332 
output: 0.280779 
output: -0.114367 
output: -0.223541 
output: 0.299581 
output: 0.000834 
output: -0.310247 
output: 0.237413 
output: 0.128033 
output: -0.325481 
output: 0.125324 
output: 0.221684 
output: -0.279550 
output: 0.001119 
output: 0.247670 
output: -0.175209 
output: -0.086975 
output: 0.200112 
output: -0.062946 
output: -0.106629 
output: 0.104098 
output: 0.009861 
output: -0.054747 
output: 0.005306 
output: 0.012881 
output: 0.040884 
output: -0.049234 
output: -0.053995 
output: 0.133032 
output: -0.031229 
output: -0.160099 
output: 0.174861 
output: 0.056427 
output: -0.256450 
output: 0.139904 
output: 0.180175 
output: -0.296117 
output: 0.033775 
output: 0.289202 
output: -0.254565 
output: -0.108570 
output: 0.336229 
output: -0.134449 
output: -0.234584 
output: 0.294776 
output: 0.020997 
output: -0.292686 
output: 0.174861 
output: 0.156755 
output: -0.259525 
output: 0.017752 
output: 0.224323 
output: -0.146551 
output: -0.121347 
output: 0.185199 
output: 0.005306 
output: -0.195286 
output: 0.099169 
output: 0.142706 
output: -0.182769 
output: -0.042929 
output: 0.221069 
output: -0.051783 
output: -0.175209 
output: 0.220777 
output: 0.032872 
output: -0.257161 
output: 0.151930 
output: 0.155371 
output: -0.271804 
output: -0.008288 
output: 0.237413 
output: -0.228188 
output: -0.059888 
output: 0.268917 
output: -0.151930 
output: -0.137470 
output: 0.253630 
output: -0.028017 
output: -0.175209 
output: 0.216451 
output: -0.020957 
output: -0.183718 
output: 0.182769 
output: 0.008608 
output: -0.184505 
output: 0.139454 
output: 0.026531 
output: -0.196285 
output: 0.162231 
output: 0.052379 
output: -0.224323 
output: 0.154788 
output: 0.099206 
output: -0.255165 
output: 0.125216 
output: 0.165309 
output: -0.277447 
output: 0.064906 
output: 0.234584 
output: -0.264977 
output: -0.019132 
output: 0.300456 
output: -0.215973 
output: -0.107756 
output: 0.301306 
output: -0.139935 
output: -0.177472 
output: 0.278158 
output: -0.058202 
output: -0.241570 
output: 0.230323 
output: 0.007377 
output: -0.218809 
output: 0.179186 
output: 0.047025 
output: -0.207400 
output: 0.141954 
output: 0.103313 
output: -0.199309 
output: 0.122041 
output: 0.084535 
output: -0.206027 
output: 0.107444 
output: 0.116984 
output: -0.223268 
output: 0.034123 
output: 0.169391 
output: -0.232312 
output: 0.019455 
output: 0.229296 
output: -0.210108 
output: -0.067997 
output: 0.270970 
output: -0.094227 
output: -0.164517 
output: 0.268421 
output: -0.038985 
output: -0.234154 
output: 0.207404 
output: 0.077453 
output: -0.251616 
output: 0.099135 
output: 0.169391 
output: -0.203483 
output: -0.026623 
output: 0.204868 
output: -0.100474 
output: -0.130320 
output: 0.170038 
output: 0.025845 
output: -0.178084 
output: 0.075453 
output: 0.134798 
output: -0.154859 
output: -0.047840 
output: 0.191856 
output: -0.069538 
output: -0.160226 
output: 0.180678 
output: 0.049537 
output: -0.227828 
output: 0.107203 
output: 0.165896 
output: -0.233083 
output: -0.004895 
output: 0.247605 
output: -0.177381 
output: -0.122861 
output: 0.276656 
output: -0.082493 
output: -0.221151 
output: 0.252178 
output: 0.033069 
output: -0.280765 
output: 0.180678 
output: 0.144962 
output: -0.292168 
output: 0.077709 
output: 0.263640 
output: -0.255315 
output: -0.037460 
output: 0.282641 
output: -0.178084 
output: -0.144926 
output: 0.286779 
output: -0.074625 
output: -0.256403 
output: 0.246031 
output: 0.036610 
output: -0.270022 
output: 0.169391 
output: 0.135949 
output: -0.269481 
output: 0.072943 
output: 0.235158 
output: -0.229698 
output: -0.023768 
output: 0.240570 
output: -0.164517 
output: -0.102695 
output: 0.236621 
output: -0.088020 
output: -0.184083 
output: 0.207677 
output: -0.020882 
output: -0.179952 
output: 0.169391 
output: 0.028832 
output: -0.187296 
output: 0.135230 
output: 0.097706 
output: -0.190728 
output: 0.109748 
output: 0.093267 
output: -0.199309 
output: 0.087170 
output: 0.129706 
output: -0.212326 
output: 0.012169 
output: 0.177422 
output: -0.219447 
output: 0.005096 
output: 0.230323 
output: -0.206515 
output: -0.065470 
output: 0.273541 
output: -0.115649 
output: -0.145444 
output: 0.290725 
output: -0.093750 
output: -0.217045 
output: 0.271545 
output: -0.009959 
output: -0.258452 
output: 0.184100 
output: 0.065485 
output: -0.268166 
output: 0.160725 
output: 0.119398 
output: -0.252057 
output: 0.102388 
output: 0.148142 
output: -0.211639 
output: 0.059523 
output: 0.160011 
output: -0.202673 
output: 0.031837 
output: 0.169838 
output: -0.191498 
output: 0.007992 
output: 0.207055 
output: -0.185767 
output: -0.027261 
output: 0.220840 
output: -0.169739 
output: -0.083043 
output: 0.250613 
output: -0.126670 
output: -0.192652 
output: 0.257782 
output: -0.049566 
output: -0.222494 
output: 0.222405 
output: 0.052350 
output: -0.261223 
output: 0.142072 
output: 0.151930 
output: -0.246016 
output: 0.025604 
output: 0.217685 
output: -0.169739 
output: -0.095648 
output: 0.221707 
output: -0.047189 
output: -0.182769 
output: 0.154598 
output: 0.086921 
output: -0.203666 
output: 0.031837 
output: 0.189378 
output: -0.146560 
output: -0.109616 
output: 0.224323 
output: -0.026299 
output: -0.223553 
output: 0.177228 
output: 0.119398 
output: -0.270998 
output: 0.061334 
output: 0.242583 
output: -0.234584 
output: -0.086109 
output: 0.301880 
output: -0.125276 
output: -0.217045 
output: 0.277797 
output: 0.019132 
output: -0.284683 
output: 0.177472 
output: 0.152169 
output: -0.271182 
output: 0.036395 
output: 0.230323 
output: -0.144881 
output: -0.099206 
output: 0.229758 
output: -0.047025 
output: -0.186307 
output: 0.153018 
output: 0.089163 
output: -0.199309 
output: -0.012470 
output: 0.184505 
output: -0.137596 
output: -0.107444 
output: 0.212379 
output: -0.024079 
output: -0.209854 
output: 0.169391 
output: 0.146034 
output: -0.253630 
output: 0.074355 
output: 0.210108 
output: -0.233342 
output: -0.040393 
output: 0.268053 
output: -0.164517 
output: -0.186349 
output: 0.271230 
output: -0.070162 
output: -0.207404 
output: 0.229641 
output: 0.015204 
output: -0.227902 
output: 0.169391 
output: 0.113437 
output: -0.216326 
output: 0.114772 
output: 0.100474 
output: -0.193519 
output: 0.079280 
output: 0.109809 
output: -0.178084 
output: 0.027431 
output: 0.118961 
output: -0.177609 
output: 0.047840 
output: 0.141782 
output: -0.186020 
output: 0.021892 
output: 0.180678 
output: -0.161146 
output: -0.027146 
output: 0.225386 
output: -0.165896 
output: -0.098120 
output: 0.257784 
output: -0.111084 
output: -0.178453 
output: 0.237719 
output: -0.024342 
output: -0.247078 
output: 0.221151 
output: 0.077086 
output: -0.284912 
output: 0.144578 
output: 0.174861 
output: -0.261343 
output: 0.041354 
output: 0.249531 
output: -0.232940 
output: -0.070838 
output: 0.286612 
output: -0.148077 
output: -0.172778 
output: 0.259571 
output: -0.039846 
output: -0.247213 
output: 0.226786 
output: 0.074211 
output: -0.281120 
output: 0.138000 
output: 0.174861 
output: -0.246881 
output: 0.026920 
output: 0.243574 
output: -0.206872 
output: -0.086429 
output: 0.265760 
output: -0.109505 
output: -0.179525 
output: 0.233522 
output: 0.004537 
output: -0.226618 
output: 0.155166 
output: 0.107119 
output: -0.220560 
output: 0.048837 
output: 0.174861 
output: -0.161373 
output: -0.059413 
output: 0.189873 
output: -0.063428 
output: -0.141003 
output: 0.147045 
output: 0.047378 
output: -0.172778 
output: 0.057015 
output: 0.140053 
output: -0.144447 
output: -0.055642 
output: 0.187472 
output: -0.062595 
output: -0.159055 
output: 0.174861 
output: 0.050620 
output: -0.223577 
output: 0.104592 
output: 0.164038 
output: -0.230834 
output: -0.004636 
output: 0.247084 
----------------------------------------------
   RMSE(R)           RMSE(I)
0.000000000000000 0.000000000000000
----------------------------------------------
I am done
INFO: [SIM 1] CSim done with 0 errors.
INFO: [SIM 3] *************** CSIM finish ***************
