Mon May 13 18:36:00 2024: Running xcd server. This server was built by gradle.
Mon May 13 18:36:00 2024: Server was asked to start on port: '45487'
Mon May 13 18:36:00 2024: Server is using token UUID: '18d849d7-004c-4d0f-b5ea-be08f0e64a05'
Mon May 13 18:36:00 2024: SESSION_MGR: creating session with session uuid: '6d04a3e9-ade5-4ab9-8d63-1f78fcd2ec76' and name 'default'
Mon May 13 18:36:00 2024: Attempting to start server on port '45487'
Mon May 13 18:36:00 2024: XCD main fifo: created main fifo '/tmp/xcdmain18d849d7-004c-4d0f-b5ea-be08f0e64a05', fd read = 13
Mon May 13 18:36:00 2024: Running Dispatch Server
Mon May 13 18:36:00 2024: Version 2.2.0
Mon May 13 18:36:08 2024: Dispatch Server: Accepted socket connection from client
Mon May 13 18:36:08 2024: Starting Socket connection
Mon May 13 18:36:08 2024: EXCHANGE_TOKEN received, server token: 18d849d7-004c-4d0f-b5ea-be08f0e64a05, passed token: 18d849d7-004c-4d0f-b5ea-be08f0e64a05
Mon May 13 18:36:08 2024: SESSION_MGR: creating session with session uuid: '7ea09648-c1ad-494c-a172-6c9766502ba8' and name 'vitis_hls'
Mon May 13 18:36:08 2024: KERNEL_SVC: creating session with uuid: '7ea09648-c1ad-494c-a172-6c9766502ba8' and name 'vitis_hls'
Mon May 13 18:36:08 2024: GUIDANCE_SMGR: creating guidance session with uuid: '7ea09648-c1ad-494c-a172-6c9766502ba8' and name 'vitis_hls'
Mon May 13 18:36:26 2024: STOP_SERVER received, server token: 18d849d7-004c-4d0f-b5ea-be08f0e64a05, passed token: 18d849d7-004c-4d0f-b5ea-be08f0e64a05
Mon May 13 18:36:26 2024: Socket received request to stop server.
Mon May 13 18:36:26 2024: Dispatch Server: do_await_stop
Mon May 13 18:36:26 2024: Dispatch Server: stopping mainFifo_
Mon May 13 18:36:26 2024: XCD main fifo: Stopping
Mon May 13 18:36:26 2024: XCD main fifo: do_read error code: Operation canceled
Mon May 13 18:36:26 2024: XCD main fifo: bytes_transferred: 0
Mon May 13 18:36:26 2024: SERVER: destructor for server bound to port 45487
Mon May 13 18:36:26 2024: XCD main fifo: Good unlink of /tmp/xcdmain18d849d7-004c-4d0f-b5ea-be08f0e64a05
Mon May 13 18:36:26 2024: Server exiting with status 0.
Mon May 13 18:36:26 2024: Closing log file.
