

================================================================
== Vitis HLS Report for 'transmitter_Pipeline_VITIS_LOOP_214_10'
================================================================
* Date:           Thu Apr 11 20:19:29 2024

* Version:        2022.2 (Build 3670227 on Oct 13 2022)
* Project:        transmitter
* Solution:       solution1 (Vivado IP Flow Target)
* Product family: zynq
* Target device:  xc7z020-clg400-1


================================================================
== Performance Estimates
================================================================
+ Timing: 
    * Summary: 
    +--------+----------+----------+------------+
    |  Clock |  Target  | Estimated| Uncertainty|
    +--------+----------+----------+------------+
    |ap_clk  |  10.00 ns|  7.256 ns|     2.70 ns|
    +--------+----------+----------+------------+

+ Latency: 
    * Summary: 
    +---------+---------+----------+----------+-------+-------+---------+
    |  Latency (cycles) |  Latency (absolute) |    Interval   | Pipeline|
    |   min   |   max   |    min   |    max   |  min  |  max  |   Type  |
    +---------+---------+----------+----------+-------+-------+---------+
    |    10590|    10590|  0.106 ms|  0.106 ms|  10590|  10590|       no|
    +---------+---------+----------+----------+-------+-------+---------+

    + Detail: 
        * Instance: 
        N/A

        * Loop: 
        +---------------------+---------+---------+----------+-----------+-----------+------+----------+
        |                     |  Latency (cycles) | Iteration|  Initiation Interval  | Trip |          |
        |      Loop Name      |   min   |   max   |  Latency |  achieved |   target  | Count| Pipelined|
        +---------------------+---------+---------+----------+-----------+-----------+------+----------+
        |- VITIS_LOOP_214_10  |    10588|    10588|        95|          2|          2|  5248|       yes|
        +---------------------+---------+---------+----------+-----------+-----------+------+----------+



================================================================
== Utilization Estimates
================================================================
* Summary: 
+-----------------+---------+-----+--------+-------+-----+
|       Name      | BRAM_18K| DSP |   FF   |  LUT  | URAM|
+-----------------+---------+-----+--------+-------+-----+
|DSP              |        -|    -|       -|      -|    -|
|Expression       |        -|    -|       0|   1040|    -|
|FIFO             |        -|    -|       -|      -|    -|
|Instance         |        -|   11|     342|   1000|    -|
|Memory           |        -|    -|       -|      -|    -|
|Multiplexer      |        -|    -|       -|    524|    -|
|Register         |        -|    -|     818|     64|    -|
+-----------------+---------+-----+--------+-------+-----+
|Total            |        0|   11|    1160|   2628|    0|
+-----------------+---------+-----+--------+-------+-----+
|Available        |      280|  220|  106400|  53200|    0|
+-----------------+---------+-----+--------+-------+-----+
|Utilization (%)  |        0|    5|       1|      4|    0|
+-----------------+---------+-----+--------+-------+-----+

+ Detail: 
    * Instance: 
    +-------------------------------------+-------------------------------+---------+----+-----+-----+-----+
    |               Instance              |             Module            | BRAM_18K| DSP|  FF | LUT | URAM|
    +-------------------------------------+-------------------------------+---------+----+-----+-----+-----+
    |ddiv_64ns_64ns_64_59_no_dsp_1_U6718  |ddiv_64ns_64ns_64_59_no_dsp_1  |        0|   0|    0|    0|    0|
    |dmul_64ns_64ns_64_7_max_dsp_1_U6717  |dmul_64ns_64ns_64_7_max_dsp_1  |        0|  11|  342|  586|    0|
    |fpext_32ns_64_2_no_dsp_1_U6716       |fpext_32ns_64_2_no_dsp_1       |        0|   0|    0|    0|    0|
    |fptrunc_64ns_32_2_no_dsp_1_U6715     |fptrunc_64ns_32_2_no_dsp_1     |        0|   0|    0|    0|    0|
    |mux_164_32_1_1_U6722                 |mux_164_32_1_1                 |        0|   0|    0|   65|    0|
    |mux_164_32_1_1_U6723                 |mux_164_32_1_1                 |        0|   0|    0|   65|    0|
    |mux_325_32_1_1_U6720                 |mux_325_32_1_1                 |        0|   0|    0|  142|    0|
    |mux_325_32_1_1_U6721                 |mux_325_32_1_1                 |        0|   0|    0|  142|    0|
    |sitodp_32ns_64_6_no_dsp_1_U6719      |sitodp_32ns_64_6_no_dsp_1      |        0|   0|    0|    0|    0|
    +-------------------------------------+-------------------------------+---------+----+-----+-----+-----+
    |Total                                |                               |        0|  11|  342| 1000|    0|
    +-------------------------------------+-------------------------------+---------+----+-----+-----+-----+

    * DSP: 
    N/A

    * Memory: 
    N/A

    * FIFO: 
    N/A

    * Expression: 
    +-----------------------+----------+----+---+-----+------------+------------+
    |     Variable Name     | Operation| DSP| FF| LUT | Bitwidth P0| Bitwidth P1|
    +-----------------------+----------+----+---+-----+------------+------------+
    |add_ln214_fu_659_p2    |         +|   0|  0|   14|          13|           1|
    |add_ln515_fu_718_p2    |         +|   0|  0|   12|          12|          11|
    |result_V_1_fu_845_p2   |         -|   0|  0|   13|           1|           5|
    |sub_ln1512_fu_732_p2   |         -|   0|  0|   12|          10|          11|
    |icmp_ln214_fu_653_p2   |      icmp|   0|  0|   12|          13|          13|
    |r_V_fu_758_p2          |      lshr|   0|  0|  460|         137|         137|
    |select_ln59_fu_850_p3  |    select|   0|  0|    5|           1|           5|
    |ush_fu_742_p3          |    select|   0|  0|   12|           1|          12|
    |val_fu_792_p3          |    select|   0|  0|    5|           1|           5|
    |r_V_1_fu_764_p2        |       shl|   0|  0|  460|         137|         137|
    |ap_enable_pp0          |       xor|   0|  0|    2|           1|           2|
    |xor_ln223_fu_1000_p2   |       xor|   0|  0|   33|          32|          33|
    +-----------------------+----------+----+---+-----+------------+------------+
    |Total                  |          |   0|  0| 1040|         359|         372|
    +-----------------------+----------+----+---+-----+------------+------------+

    * Multiplexer: 
    +-----------------------------------+----+-----------+-----+-----------+
    |                Name               | LUT| Input Size| Bits| Total Bits|
    +-----------------------------------+----+-----------+-----+-----------+
    |ap_NS_fsm                          |  14|          3|    1|          3|
    |ap_done_int                        |   9|          2|    1|          2|
    |ap_enable_reg_pp0_iter0            |   9|          2|    1|          2|
    |ap_enable_reg_pp0_iter1            |   9|          2|    1|          2|
    |ap_enable_reg_pp0_iter47           |   9|          2|    1|          2|
    |ap_loop_exit_ready_pp0_iter10_reg  |   9|          2|    1|          2|
    |ap_loop_exit_ready_pp0_iter11_reg  |   9|          2|    1|          2|
    |ap_loop_exit_ready_pp0_iter12_reg  |   9|          2|    1|          2|
    |ap_loop_exit_ready_pp0_iter13_reg  |   9|          2|    1|          2|
    |ap_loop_exit_ready_pp0_iter14_reg  |   9|          2|    1|          2|
    |ap_loop_exit_ready_pp0_iter15_reg  |   9|          2|    1|          2|
    |ap_loop_exit_ready_pp0_iter16_reg  |   9|          2|    1|          2|
    |ap_loop_exit_ready_pp0_iter17_reg  |   9|          2|    1|          2|
    |ap_loop_exit_ready_pp0_iter18_reg  |   9|          2|    1|          2|
    |ap_loop_exit_ready_pp0_iter19_reg  |   9|          2|    1|          2|
    |ap_loop_exit_ready_pp0_iter1_reg   |   9|          2|    1|          2|
    |ap_loop_exit_ready_pp0_iter20_reg  |   9|          2|    1|          2|
    |ap_loop_exit_ready_pp0_iter21_reg  |   9|          2|    1|          2|
    |ap_loop_exit_ready_pp0_iter22_reg  |   9|          2|    1|          2|
    |ap_loop_exit_ready_pp0_iter23_reg  |   9|          2|    1|          2|
    |ap_loop_exit_ready_pp0_iter24_reg  |   9|          2|    1|          2|
    |ap_loop_exit_ready_pp0_iter25_reg  |   9|          2|    1|          2|
    |ap_loop_exit_ready_pp0_iter26_reg  |   9|          2|    1|          2|
    |ap_loop_exit_ready_pp0_iter27_reg  |   9|          2|    1|          2|
    |ap_loop_exit_ready_pp0_iter28_reg  |   9|          2|    1|          2|
    |ap_loop_exit_ready_pp0_iter29_reg  |   9|          2|    1|          2|
    |ap_loop_exit_ready_pp0_iter2_reg   |   9|          2|    1|          2|
    |ap_loop_exit_ready_pp0_iter30_reg  |   9|          2|    1|          2|
    |ap_loop_exit_ready_pp0_iter31_reg  |   9|          2|    1|          2|
    |ap_loop_exit_ready_pp0_iter32_reg  |   9|          2|    1|          2|
    |ap_loop_exit_ready_pp0_iter33_reg  |   9|          2|    1|          2|
    |ap_loop_exit_ready_pp0_iter34_reg  |   9|          2|    1|          2|
    |ap_loop_exit_ready_pp0_iter35_reg  |   9|          2|    1|          2|
    |ap_loop_exit_ready_pp0_iter36_reg  |   9|          2|    1|          2|
    |ap_loop_exit_ready_pp0_iter37_reg  |   9|          2|    1|          2|
    |ap_loop_exit_ready_pp0_iter38_reg  |   9|          2|    1|          2|
    |ap_loop_exit_ready_pp0_iter39_reg  |   9|          2|    1|          2|
    |ap_loop_exit_ready_pp0_iter3_reg   |   9|          2|    1|          2|
    |ap_loop_exit_ready_pp0_iter40_reg  |   9|          2|    1|          2|
    |ap_loop_exit_ready_pp0_iter41_reg  |   9|          2|    1|          2|
    |ap_loop_exit_ready_pp0_iter42_reg  |   9|          2|    1|          2|
    |ap_loop_exit_ready_pp0_iter43_reg  |   9|          2|    1|          2|
    |ap_loop_exit_ready_pp0_iter44_reg  |   9|          2|    1|          2|
    |ap_loop_exit_ready_pp0_iter45_reg  |   9|          2|    1|          2|
    |ap_loop_exit_ready_pp0_iter46_reg  |   9|          2|    1|          2|
    |ap_loop_exit_ready_pp0_iter4_reg   |   9|          2|    1|          2|
    |ap_loop_exit_ready_pp0_iter5_reg   |   9|          2|    1|          2|
    |ap_loop_exit_ready_pp0_iter6_reg   |   9|          2|    1|          2|
    |ap_loop_exit_ready_pp0_iter7_reg   |   9|          2|    1|          2|
    |ap_loop_exit_ready_pp0_iter8_reg   |   9|          2|    1|          2|
    |ap_loop_exit_ready_pp0_iter9_reg   |   9|          2|    1|          2|
    |ap_sig_allocacmp_i_1               |   9|          2|   13|         26|
    |grp_fu_617_p0                      |  14|          3|   32|         96|
    |grp_fu_617_p1                      |  14|          3|   32|         96|
    |grp_fu_629_p0                      |  14|          3|   32|         96|
    |i_fu_180                           |   9|          2|   13|         26|
    +-----------------------------------+----+-----------+-----+-----------+
    |Total                              | 524|        116|  173|        443|
    +-----------------------------------+----+-----------+-----+-----------+

    * Register: 
    +-----------------------------------+----+----+-----+-----------+
    |                Name               | FF | LUT| Bits| Const Bits|
    +-----------------------------------+----+----+-----+-----------+
    |add_reg_1360                       |  32|   0|   32|          0|
    |ap_CS_fsm                          |   2|   0|    2|          0|
    |ap_done_reg                        |   1|   0|    1|          0|
    |ap_enable_reg_pp0_iter0_reg        |   1|   0|    1|          0|
    |ap_enable_reg_pp0_iter1            |   1|   0|    1|          0|
    |ap_enable_reg_pp0_iter10           |   1|   0|    1|          0|
    |ap_enable_reg_pp0_iter11           |   1|   0|    1|          0|
    |ap_enable_reg_pp0_iter12           |   1|   0|    1|          0|
    |ap_enable_reg_pp0_iter13           |   1|   0|    1|          0|
    |ap_enable_reg_pp0_iter14           |   1|   0|    1|          0|
    |ap_enable_reg_pp0_iter15           |   1|   0|    1|          0|
    |ap_enable_reg_pp0_iter16           |   1|   0|    1|          0|
    |ap_enable_reg_pp0_iter17           |   1|   0|    1|          0|
    |ap_enable_reg_pp0_iter18           |   1|   0|    1|          0|
    |ap_enable_reg_pp0_iter19           |   1|   0|    1|          0|
    |ap_enable_reg_pp0_iter2            |   1|   0|    1|          0|
    |ap_enable_reg_pp0_iter20           |   1|   0|    1|          0|
    |ap_enable_reg_pp0_iter21           |   1|   0|    1|          0|
    |ap_enable_reg_pp0_iter22           |   1|   0|    1|          0|
    |ap_enable_reg_pp0_iter23           |   1|   0|    1|          0|
    |ap_enable_reg_pp0_iter24           |   1|   0|    1|          0|
    |ap_enable_reg_pp0_iter25           |   1|   0|    1|          0|
    |ap_enable_reg_pp0_iter26           |   1|   0|    1|          0|
    |ap_enable_reg_pp0_iter27           |   1|   0|    1|          0|
    |ap_enable_reg_pp0_iter28           |   1|   0|    1|          0|
    |ap_enable_reg_pp0_iter29           |   1|   0|    1|          0|
    |ap_enable_reg_pp0_iter3            |   1|   0|    1|          0|
    |ap_enable_reg_pp0_iter30           |   1|   0|    1|          0|
    |ap_enable_reg_pp0_iter31           |   1|   0|    1|          0|
    |ap_enable_reg_pp0_iter32           |   1|   0|    1|          0|
    |ap_enable_reg_pp0_iter33           |   1|   0|    1|          0|
    |ap_enable_reg_pp0_iter34           |   1|   0|    1|          0|
    |ap_enable_reg_pp0_iter35           |   1|   0|    1|          0|
    |ap_enable_reg_pp0_iter36           |   1|   0|    1|          0|
    |ap_enable_reg_pp0_iter37           |   1|   0|    1|          0|
    |ap_enable_reg_pp0_iter38           |   1|   0|    1|          0|
    |ap_enable_reg_pp0_iter39           |   1|   0|    1|          0|
    |ap_enable_reg_pp0_iter4            |   1|   0|    1|          0|
    |ap_enable_reg_pp0_iter40           |   1|   0|    1|          0|
    |ap_enable_reg_pp0_iter41           |   1|   0|    1|          0|
    |ap_enable_reg_pp0_iter42           |   1|   0|    1|          0|
    |ap_enable_reg_pp0_iter43           |   1|   0|    1|          0|
    |ap_enable_reg_pp0_iter44           |   1|   0|    1|          0|
    |ap_enable_reg_pp0_iter45           |   1|   0|    1|          0|
    |ap_enable_reg_pp0_iter46           |   1|   0|    1|          0|
    |ap_enable_reg_pp0_iter47           |   1|   0|    1|          0|
    |ap_enable_reg_pp0_iter5            |   1|   0|    1|          0|
    |ap_enable_reg_pp0_iter6            |   1|   0|    1|          0|
    |ap_enable_reg_pp0_iter7            |   1|   0|    1|          0|
    |ap_enable_reg_pp0_iter8            |   1|   0|    1|          0|
    |ap_enable_reg_pp0_iter9            |   1|   0|    1|          0|
    |ap_loop_exit_ready_pp0_iter10_reg  |   1|   0|    1|          0|
    |ap_loop_exit_ready_pp0_iter11_reg  |   1|   0|    1|          0|
    |ap_loop_exit_ready_pp0_iter12_reg  |   1|   0|    1|          0|
    |ap_loop_exit_ready_pp0_iter13_reg  |   1|   0|    1|          0|
    |ap_loop_exit_ready_pp0_iter14_reg  |   1|   0|    1|          0|
    |ap_loop_exit_ready_pp0_iter15_reg  |   1|   0|    1|          0|
    |ap_loop_exit_ready_pp0_iter16_reg  |   1|   0|    1|          0|
    |ap_loop_exit_ready_pp0_iter17_reg  |   1|   0|    1|          0|
    |ap_loop_exit_ready_pp0_iter18_reg  |   1|   0|    1|          0|
    |ap_loop_exit_ready_pp0_iter19_reg  |   1|   0|    1|          0|
    |ap_loop_exit_ready_pp0_iter1_reg   |   1|   0|    1|          0|
    |ap_loop_exit_ready_pp0_iter20_reg  |   1|   0|    1|          0|
    |ap_loop_exit_ready_pp0_iter21_reg  |   1|   0|    1|          0|
    |ap_loop_exit_ready_pp0_iter22_reg  |   1|   0|    1|          0|
    |ap_loop_exit_ready_pp0_iter23_reg  |   1|   0|    1|          0|
    |ap_loop_exit_ready_pp0_iter24_reg  |   1|   0|    1|          0|
    |ap_loop_exit_ready_pp0_iter25_reg  |   1|   0|    1|          0|
    |ap_loop_exit_ready_pp0_iter26_reg  |   1|   0|    1|          0|
    |ap_loop_exit_ready_pp0_iter27_reg  |   1|   0|    1|          0|
    |ap_loop_exit_ready_pp0_iter28_reg  |   1|   0|    1|          0|
    |ap_loop_exit_ready_pp0_iter29_reg  |   1|   0|    1|          0|
    |ap_loop_exit_ready_pp0_iter2_reg   |   1|   0|    1|          0|
    |ap_loop_exit_ready_pp0_iter30_reg  |   1|   0|    1|          0|
    |ap_loop_exit_ready_pp0_iter31_reg  |   1|   0|    1|          0|
    |ap_loop_exit_ready_pp0_iter32_reg  |   1|   0|    1|          0|
    |ap_loop_exit_ready_pp0_iter33_reg  |   1|   0|    1|          0|
    |ap_loop_exit_ready_pp0_iter34_reg  |   1|   0|    1|          0|
    |ap_loop_exit_ready_pp0_iter35_reg  |   1|   0|    1|          0|
    |ap_loop_exit_ready_pp0_iter36_reg  |   1|   0|    1|          0|
    |ap_loop_exit_ready_pp0_iter37_reg  |   1|   0|    1|          0|
    |ap_loop_exit_ready_pp0_iter38_reg  |   1|   0|    1|          0|
    |ap_loop_exit_ready_pp0_iter39_reg  |   1|   0|    1|          0|
    |ap_loop_exit_ready_pp0_iter3_reg   |   1|   0|    1|          0|
    |ap_loop_exit_ready_pp0_iter40_reg  |   1|   0|    1|          0|
    |ap_loop_exit_ready_pp0_iter41_reg  |   1|   0|    1|          0|
    |ap_loop_exit_ready_pp0_iter42_reg  |   1|   0|    1|          0|
    |ap_loop_exit_ready_pp0_iter43_reg  |   1|   0|    1|          0|
    |ap_loop_exit_ready_pp0_iter44_reg  |   1|   0|    1|          0|
    |ap_loop_exit_ready_pp0_iter45_reg  |   1|   0|    1|          0|
    |ap_loop_exit_ready_pp0_iter46_reg  |   1|   0|    1|          0|
    |ap_loop_exit_ready_pp0_iter4_reg   |   1|   0|    1|          0|
    |ap_loop_exit_ready_pp0_iter5_reg   |   1|   0|    1|          0|
    |ap_loop_exit_ready_pp0_iter6_reg   |   1|   0|    1|          0|
    |ap_loop_exit_ready_pp0_iter7_reg   |   1|   0|    1|          0|
    |ap_loop_exit_ready_pp0_iter8_reg   |   1|   0|    1|          0|
    |ap_loop_exit_ready_pp0_iter9_reg   |   1|   0|    1|          0|
    |conv3_reg_1144                     |  64|   0|   64|          0|
    |conv_reg_1124                      |  64|   0|   64|          0|
    |cos_reg_1325                       |  32|   0|   32|          0|
    |dc_reg_1149                        |  64|   0|   64|          0|
    |div_reg_1129                       |  64|   0|   64|          0|
    |i_1_reg_1108                       |  13|   0|   13|          0|
    |i_fu_180                           |  13|   0|   13|          0|
    |icmp_ln214_reg_1115                |   1|   0|    1|          0|
    |modI_reg_1350                      |  32|   0|   32|          0|
    |modQ_reg_1355                      |  32|   0|   32|          0|
    |p_Result_s_reg_1154                |   1|   0|    1|          0|
    |t_reg_1134                         |  32|   0|   32|          0|
    |theta_reg_1139                     |  32|   0|   32|          0|
    |tmp_2_reg_1335                     |  32|   0|   32|          0|
    |tmp_3_reg_1340                     |  32|   0|   32|          0|
    |trunc_ln227_reg_1365               |  16|   0|   16|          0|
    |val_reg_1159                       |   5|   0|    5|          0|
    |xor_ln223_reg_1330                 |  32|   0|   32|          0|
    |i_1_reg_1108                       |  64|  32|   13|          0|
    |icmp_ln214_reg_1115                |  64|  32|    1|          0|
    +-----------------------------------+----+----+-----+-----------+
    |Total                              | 818|  64|  704|          0|
    +-----------------------------------+----+----+-----+-----------+



================================================================
== Interface
================================================================
* Summary: 
+------------------------------+-----+-----+------------+----------------------------------------+--------------+
|           RTL Ports          | Dir | Bits|  Protocol  |              Source Object             |    C Type    |
+------------------------------+-----+-----+------------+----------------------------------------+--------------+
|ap_clk                        |   in|    1|  ap_ctrl_hs|  transmitter_Pipeline_VITIS_LOOP_214_10|  return value|
|ap_rst                        |   in|    1|  ap_ctrl_hs|  transmitter_Pipeline_VITIS_LOOP_214_10|  return value|
|ap_start                      |   in|    1|  ap_ctrl_hs|  transmitter_Pipeline_VITIS_LOOP_214_10|  return value|
|ap_done                       |  out|    1|  ap_ctrl_hs|  transmitter_Pipeline_VITIS_LOOP_214_10|  return value|
|ap_idle                       |  out|    1|  ap_ctrl_hs|  transmitter_Pipeline_VITIS_LOOP_214_10|  return value|
|ap_ready                      |  out|    1|  ap_ctrl_hs|  transmitter_Pipeline_VITIS_LOOP_214_10|  return value|
|grp_fu_16066_p_din0           |  out|   32|  ap_ctrl_hs|  transmitter_Pipeline_VITIS_LOOP_214_10|  return value|
|grp_fu_16066_p_din1           |  out|   32|  ap_ctrl_hs|  transmitter_Pipeline_VITIS_LOOP_214_10|  return value|
|grp_fu_16066_p_opcode         |  out|    2|  ap_ctrl_hs|  transmitter_Pipeline_VITIS_LOOP_214_10|  return value|
|grp_fu_16066_p_dout0          |   in|   32|  ap_ctrl_hs|  transmitter_Pipeline_VITIS_LOOP_214_10|  return value|
|grp_fu_16066_p_ce             |  out|    1|  ap_ctrl_hs|  transmitter_Pipeline_VITIS_LOOP_214_10|  return value|
|grp_fu_16070_p_din0           |  out|   32|  ap_ctrl_hs|  transmitter_Pipeline_VITIS_LOOP_214_10|  return value|
|grp_fu_16070_p_din1           |  out|   32|  ap_ctrl_hs|  transmitter_Pipeline_VITIS_LOOP_214_10|  return value|
|grp_fu_16070_p_dout0          |   in|   32|  ap_ctrl_hs|  transmitter_Pipeline_VITIS_LOOP_214_10|  return value|
|grp_fu_16070_p_ce             |  out|    1|  ap_ctrl_hs|  transmitter_Pipeline_VITIS_LOOP_214_10|  return value|
|grp_fu_16074_p_din0           |  out|   32|  ap_ctrl_hs|  transmitter_Pipeline_VITIS_LOOP_214_10|  return value|
|grp_fu_16074_p_din1           |  out|   32|  ap_ctrl_hs|  transmitter_Pipeline_VITIS_LOOP_214_10|  return value|
|grp_fu_16074_p_dout0          |   in|   32|  ap_ctrl_hs|  transmitter_Pipeline_VITIS_LOOP_214_10|  return value|
|grp_fu_16074_p_ce             |  out|    1|  ap_ctrl_hs|  transmitter_Pipeline_VITIS_LOOP_214_10|  return value|
|dataPulseShapedI_address0     |  out|    9|   ap_memory|                        dataPulseShapedI|         array|
|dataPulseShapedI_ce0          |  out|    1|   ap_memory|                        dataPulseShapedI|         array|
|dataPulseShapedI_q0           |   in|   32|   ap_memory|                        dataPulseShapedI|         array|
|dataPulseShapedI_1_address0   |  out|    9|   ap_memory|                      dataPulseShapedI_1|         array|
|dataPulseShapedI_1_ce0        |  out|    1|   ap_memory|                      dataPulseShapedI_1|         array|
|dataPulseShapedI_1_q0         |   in|   32|   ap_memory|                      dataPulseShapedI_1|         array|
|dataPulseShapedI_2_address0   |  out|    9|   ap_memory|                      dataPulseShapedI_2|         array|
|dataPulseShapedI_2_ce0        |  out|    1|   ap_memory|                      dataPulseShapedI_2|         array|
|dataPulseShapedI_2_q0         |   in|   32|   ap_memory|                      dataPulseShapedI_2|         array|
|dataPulseShapedI_3_address0   |  out|    9|   ap_memory|                      dataPulseShapedI_3|         array|
|dataPulseShapedI_3_ce0        |  out|    1|   ap_memory|                      dataPulseShapedI_3|         array|
|dataPulseShapedI_3_q0         |   in|   32|   ap_memory|                      dataPulseShapedI_3|         array|
|dataPulseShapedI_4_address0   |  out|    9|   ap_memory|                      dataPulseShapedI_4|         array|
|dataPulseShapedI_4_ce0        |  out|    1|   ap_memory|                      dataPulseShapedI_4|         array|
|dataPulseShapedI_4_q0         |   in|   32|   ap_memory|                      dataPulseShapedI_4|         array|
|dataPulseShapedI_5_address0   |  out|    9|   ap_memory|                      dataPulseShapedI_5|         array|
|dataPulseShapedI_5_ce0        |  out|    1|   ap_memory|                      dataPulseShapedI_5|         array|
|dataPulseShapedI_5_q0         |   in|   32|   ap_memory|                      dataPulseShapedI_5|         array|
|dataPulseShapedI_6_address0   |  out|    9|   ap_memory|                      dataPulseShapedI_6|         array|
|dataPulseShapedI_6_ce0        |  out|    1|   ap_memory|                      dataPulseShapedI_6|         array|
|dataPulseShapedI_6_q0         |   in|   32|   ap_memory|                      dataPulseShapedI_6|         array|
|dataPulseShapedI_7_address0   |  out|    9|   ap_memory|                      dataPulseShapedI_7|         array|
|dataPulseShapedI_7_ce0        |  out|    1|   ap_memory|                      dataPulseShapedI_7|         array|
|dataPulseShapedI_7_q0         |   in|   32|   ap_memory|                      dataPulseShapedI_7|         array|
|dataPulseShapedI_8_address0   |  out|    9|   ap_memory|                      dataPulseShapedI_8|         array|
|dataPulseShapedI_8_ce0        |  out|    1|   ap_memory|                      dataPulseShapedI_8|         array|
|dataPulseShapedI_8_q0         |   in|   32|   ap_memory|                      dataPulseShapedI_8|         array|
|dataPulseShapedI_9_address0   |  out|    9|   ap_memory|                      dataPulseShapedI_9|         array|
|dataPulseShapedI_9_ce0        |  out|    1|   ap_memory|                      dataPulseShapedI_9|         array|
|dataPulseShapedI_9_q0         |   in|   32|   ap_memory|                      dataPulseShapedI_9|         array|
|dataPulseShapedI_10_address0  |  out|    9|   ap_memory|                     dataPulseShapedI_10|         array|
|dataPulseShapedI_10_ce0       |  out|    1|   ap_memory|                     dataPulseShapedI_10|         array|
|dataPulseShapedI_10_q0        |   in|   32|   ap_memory|                     dataPulseShapedI_10|         array|
|dataPulseShapedI_11_address0  |  out|    9|   ap_memory|                     dataPulseShapedI_11|         array|
|dataPulseShapedI_11_ce0       |  out|    1|   ap_memory|                     dataPulseShapedI_11|         array|
|dataPulseShapedI_11_q0        |   in|   32|   ap_memory|                     dataPulseShapedI_11|         array|
|dataPulseShapedI_12_address0  |  out|    9|   ap_memory|                     dataPulseShapedI_12|         array|
|dataPulseShapedI_12_ce0       |  out|    1|   ap_memory|                     dataPulseShapedI_12|         array|
|dataPulseShapedI_12_q0        |   in|   32|   ap_memory|                     dataPulseShapedI_12|         array|
|dataPulseShapedI_13_address0  |  out|    9|   ap_memory|                     dataPulseShapedI_13|         array|
|dataPulseShapedI_13_ce0       |  out|    1|   ap_memory|                     dataPulseShapedI_13|         array|
|dataPulseShapedI_13_q0        |   in|   32|   ap_memory|                     dataPulseShapedI_13|         array|
|dataPulseShapedI_14_address0  |  out|    9|   ap_memory|                     dataPulseShapedI_14|         array|
|dataPulseShapedI_14_ce0       |  out|    1|   ap_memory|                     dataPulseShapedI_14|         array|
|dataPulseShapedI_14_q0        |   in|   32|   ap_memory|                     dataPulseShapedI_14|         array|
|dataPulseShapedI_15_address0  |  out|    9|   ap_memory|                     dataPulseShapedI_15|         array|
|dataPulseShapedI_15_ce0       |  out|    1|   ap_memory|                     dataPulseShapedI_15|         array|
|dataPulseShapedI_15_q0        |   in|   32|   ap_memory|                     dataPulseShapedI_15|         array|
|dataPulseShapedQ_address0     |  out|    9|   ap_memory|                        dataPulseShapedQ|         array|
|dataPulseShapedQ_ce0          |  out|    1|   ap_memory|                        dataPulseShapedQ|         array|
|dataPulseShapedQ_q0           |   in|   32|   ap_memory|                        dataPulseShapedQ|         array|
|dataPulseShapedQ_1_address0   |  out|    9|   ap_memory|                      dataPulseShapedQ_1|         array|
|dataPulseShapedQ_1_ce0        |  out|    1|   ap_memory|                      dataPulseShapedQ_1|         array|
|dataPulseShapedQ_1_q0         |   in|   32|   ap_memory|                      dataPulseShapedQ_1|         array|
|dataPulseShapedQ_2_address0   |  out|    9|   ap_memory|                      dataPulseShapedQ_2|         array|
|dataPulseShapedQ_2_ce0        |  out|    1|   ap_memory|                      dataPulseShapedQ_2|         array|
|dataPulseShapedQ_2_q0         |   in|   32|   ap_memory|                      dataPulseShapedQ_2|         array|
|dataPulseShapedQ_3_address0   |  out|    9|   ap_memory|                      dataPulseShapedQ_3|         array|
|dataPulseShapedQ_3_ce0        |  out|    1|   ap_memory|                      dataPulseShapedQ_3|         array|
|dataPulseShapedQ_3_q0         |   in|   32|   ap_memory|                      dataPulseShapedQ_3|         array|
|dataPulseShapedQ_4_address0   |  out|    9|   ap_memory|                      dataPulseShapedQ_4|         array|
|dataPulseShapedQ_4_ce0        |  out|    1|   ap_memory|                      dataPulseShapedQ_4|         array|
|dataPulseShapedQ_4_q0         |   in|   32|   ap_memory|                      dataPulseShapedQ_4|         array|
|dataPulseShapedQ_5_address0   |  out|    9|   ap_memory|                      dataPulseShapedQ_5|         array|
|dataPulseShapedQ_5_ce0        |  out|    1|   ap_memory|                      dataPulseShapedQ_5|         array|
|dataPulseShapedQ_5_q0         |   in|   32|   ap_memory|                      dataPulseShapedQ_5|         array|
|dataPulseShapedQ_6_address0   |  out|    9|   ap_memory|                      dataPulseShapedQ_6|         array|
|dataPulseShapedQ_6_ce0        |  out|    1|   ap_memory|                      dataPulseShapedQ_6|         array|
|dataPulseShapedQ_6_q0         |   in|   32|   ap_memory|                      dataPulseShapedQ_6|         array|
|dataPulseShapedQ_7_address0   |  out|    9|   ap_memory|                      dataPulseShapedQ_7|         array|
|dataPulseShapedQ_7_ce0        |  out|    1|   ap_memory|                      dataPulseShapedQ_7|         array|
|dataPulseShapedQ_7_q0         |   in|   32|   ap_memory|                      dataPulseShapedQ_7|         array|
|dataPulseShapedQ_8_address0   |  out|    9|   ap_memory|                      dataPulseShapedQ_8|         array|
|dataPulseShapedQ_8_ce0        |  out|    1|   ap_memory|                      dataPulseShapedQ_8|         array|
|dataPulseShapedQ_8_q0         |   in|   32|   ap_memory|                      dataPulseShapedQ_8|         array|
|dataPulseShapedQ_9_address0   |  out|    9|   ap_memory|                      dataPulseShapedQ_9|         array|
|dataPulseShapedQ_9_ce0        |  out|    1|   ap_memory|                      dataPulseShapedQ_9|         array|
|dataPulseShapedQ_9_q0         |   in|   32|   ap_memory|                      dataPulseShapedQ_9|         array|
|dataPulseShapedQ_10_address0  |  out|    9|   ap_memory|                     dataPulseShapedQ_10|         array|
|dataPulseShapedQ_10_ce0       |  out|    1|   ap_memory|                     dataPulseShapedQ_10|         array|
|dataPulseShapedQ_10_q0        |   in|   32|   ap_memory|                     dataPulseShapedQ_10|         array|
|dataPulseShapedQ_11_address0  |  out|    9|   ap_memory|                     dataPulseShapedQ_11|         array|
|dataPulseShapedQ_11_ce0       |  out|    1|   ap_memory|                     dataPulseShapedQ_11|         array|
|dataPulseShapedQ_11_q0        |   in|   32|   ap_memory|                     dataPulseShapedQ_11|         array|
|dataPulseShapedQ_12_address0  |  out|    9|   ap_memory|                     dataPulseShapedQ_12|         array|
|dataPulseShapedQ_12_ce0       |  out|    1|   ap_memory|                     dataPulseShapedQ_12|         array|
|dataPulseShapedQ_12_q0        |   in|   32|   ap_memory|                     dataPulseShapedQ_12|         array|
|dataPulseShapedQ_13_address0  |  out|    9|   ap_memory|                     dataPulseShapedQ_13|         array|
|dataPulseShapedQ_13_ce0       |  out|    1|   ap_memory|                     dataPulseShapedQ_13|         array|
|dataPulseShapedQ_13_q0        |   in|   32|   ap_memory|                     dataPulseShapedQ_13|         array|
|dataPulseShapedQ_14_address0  |  out|    9|   ap_memory|                     dataPulseShapedQ_14|         array|
|dataPulseShapedQ_14_ce0       |  out|    1|   ap_memory|                     dataPulseShapedQ_14|         array|
|dataPulseShapedQ_14_q0        |   in|   32|   ap_memory|                     dataPulseShapedQ_14|         array|
|dataPulseShapedQ_15_address0  |  out|    9|   ap_memory|                     dataPulseShapedQ_15|         array|
|dataPulseShapedQ_15_ce0       |  out|    1|   ap_memory|                     dataPulseShapedQ_15|         array|
|dataPulseShapedQ_15_q0        |   in|   32|   ap_memory|                     dataPulseShapedQ_15|         array|
|real_output_address0          |  out|   13|   ap_memory|                             real_output|         array|
|real_output_ce0               |  out|    1|   ap_memory|                             real_output|         array|
|real_output_we0               |  out|    1|   ap_memory|                             real_output|         array|
|real_output_d0                |  out|   16|   ap_memory|                             real_output|         array|
+------------------------------+-----+-----+------------+----------------------------------------+--------------+

