

================================================================
== Vitis HLS Report for 'transmitter_Pipeline_VITIS_LOOP_64_2'
================================================================
* Date:           Thu Apr 25 14:08:57 2024

* Version:        2022.2 (Build 3670227 on Oct 13 2022)
* Project:        transmitter
* Solution:       solution1 (Vivado IP Flow Target)
* Product family: zynq
* Target device:  xc7z020-clg400-1


================================================================
== Performance Estimates
================================================================
+ Timing: 
    * Summary: 
    +--------+----------+----------+------------+
    |  Clock |  Target  | Estimated| Uncertainty|
    +--------+----------+----------+------------+
    |ap_clk  |  10.00 ns|  3.413 ns|     2.70 ns|
    +--------+----------+----------+------------+

+ Latency: 
    * Summary: 
    +---------+---------+----------+----------+-----+-----+---------+
    |  Latency (cycles) |  Latency (absolute) |  Interval | Pipeline|
    |   min   |   max   |    min   |    max   | min | max |   Type  |
    +---------+---------+----------+----------+-----+-----+---------+
    |       52|       52|  0.520 us|  0.520 us|   52|   52|       no|
    +---------+---------+----------+----------+-----+-----+---------+

    + Detail: 
        * Instance: 
        N/A

        * Loop: 
        +-------------------+---------+---------+----------+-----------+-----------+------+----------+
        |                   |  Latency (cycles) | Iteration|  Initiation Interval  | Trip |          |
        |     Loop Name     |   min   |   max   |  Latency |  achieved |   target  | Count| Pipelined|
        +-------------------+---------+---------+----------+-----------+-----------+------+----------+
        |- VITIS_LOOP_64_2  |       50|       50|         1|          1|          4|    50|       yes|
        +-------------------+---------+---------+----------+-----------+-----------+------+----------+



================================================================
== Utilization Estimates
================================================================
* Summary: 
+-----------------+---------+-----+--------+-------+-----+
|       Name      | BRAM_18K| DSP |   FF   |  LUT  | URAM|
+-----------------+---------+-----+--------+-------+-----+
|DSP              |        -|    -|       -|      -|    -|
|Expression       |        -|    -|       0|     24|    -|
|FIFO             |        -|    -|       -|      -|    -|
|Instance         |        -|    -|       0|    217|    -|
|Memory           |        -|    -|       -|      -|    -|
|Multiplexer      |        -|    -|       -|     27|    -|
|Register         |        -|    -|    1608|      -|    -|
+-----------------+---------+-----+--------+-------+-----+
|Total            |        0|    0|    1608|    268|    0|
+-----------------+---------+-----+--------+-------+-----+
|Available        |      280|  220|  106400|  53200|    0|
+-----------------+---------+-----+--------+-------+-----+
|Utilization (%)  |        0|    0|       1|     ~0|    0|
+-----------------+---------+-----+--------+-------+-----+

+ Detail: 
    * Instance: 
    +-------------------+----------------+---------+----+---+-----+-----+
    |      Instance     |     Module     | BRAM_18K| DSP| FF| LUT | URAM|
    +-------------------+----------------+---------+----+---+-----+-----+
    |mux_506_32_1_1_U1  |mux_506_32_1_1  |        0|   0|  0|  217|    0|
    +-------------------+----------------+---------+----+---+-----+-----+
    |Total              |                |        0|   0|  0|  217|    0|
    +-------------------+----------------+---------+----+---+-----+-----+

    * DSP: 
    N/A

    * Memory: 
    N/A

    * FIFO: 
    N/A

    * Expression: 
    +----------------------+----------+----+---+----+------------+------------+
    |     Variable Name    | Operation| DSP| FF| LUT| Bitwidth P0| Bitwidth P1|
    +----------------------+----------+----+---+----+------------+------------+
    |add_ln64_fu_1440_p2   |         +|   0|  0|  14|           6|           1|
    |icmp_ln64_fu_1434_p2  |      icmp|   0|  0|  10|           6|           5|
    +----------------------+----------+----+---+----+------------+------------+
    |Total                 |          |   0|  0|  24|          12|           6|
    +----------------------+----------+----+---+----+------------+------------+

    * Multiplexer: 
    +--------------------+----+-----------+-----+-----------+
    |        Name        | LUT| Input Size| Bits| Total Bits|
    +--------------------+----+-----------+-----+-----------+
    |ap_done_int         |   9|          2|    1|          2|
    |ap_sig_allocacmp_i  |   9|          2|    6|         12|
    |i_1_fu_322          |   9|          2|    6|         12|
    +--------------------+----+-----------+-----+-----------+
    |Total               |  27|          6|   13|         26|
    +--------------------+----+-----------+-----+-----------+

    * Register: 
    +--------------------------+----+----+-----+-----------+
    |           Name           | FF | LUT| Bits| Const Bits|
    +--------------------------+----+----+-----+-----------+
    |ap_CS_fsm                 |   1|   0|    1|          0|
    |ap_done_reg               |   1|   0|    1|          0|
    |i_1_fu_322                |   6|   0|    6|          0|
    |scrambledDataI_10_fu_366  |  16|   0|   16|          0|
    |scrambledDataI_11_fu_370  |  16|   0|   16|          0|
    |scrambledDataI_12_fu_374  |  16|   0|   16|          0|
    |scrambledDataI_13_fu_378  |  16|   0|   16|          0|
    |scrambledDataI_14_fu_382  |  16|   0|   16|          0|
    |scrambledDataI_15_fu_386  |  16|   0|   16|          0|
    |scrambledDataI_16_fu_390  |  16|   0|   16|          0|
    |scrambledDataI_17_fu_394  |  16|   0|   16|          0|
    |scrambledDataI_18_fu_398  |  16|   0|   16|          0|
    |scrambledDataI_19_fu_402  |  16|   0|   16|          0|
    |scrambledDataI_1_fu_330   |  16|   0|   16|          0|
    |scrambledDataI_20_fu_406  |  16|   0|   16|          0|
    |scrambledDataI_21_fu_410  |  16|   0|   16|          0|
    |scrambledDataI_22_fu_414  |  16|   0|   16|          0|
    |scrambledDataI_23_fu_418  |  16|   0|   16|          0|
    |scrambledDataI_24_fu_422  |  16|   0|   16|          0|
    |scrambledDataI_25_fu_426  |  16|   0|   16|          0|
    |scrambledDataI_26_fu_430  |  16|   0|   16|          0|
    |scrambledDataI_27_fu_434  |  16|   0|   16|          0|
    |scrambledDataI_28_fu_438  |  16|   0|   16|          0|
    |scrambledDataI_29_fu_442  |  16|   0|   16|          0|
    |scrambledDataI_2_fu_334   |  16|   0|   16|          0|
    |scrambledDataI_30_fu_446  |  16|   0|   16|          0|
    |scrambledDataI_31_fu_450  |  16|   0|   16|          0|
    |scrambledDataI_32_fu_454  |  16|   0|   16|          0|
    |scrambledDataI_33_fu_458  |  16|   0|   16|          0|
    |scrambledDataI_34_fu_462  |  16|   0|   16|          0|
    |scrambledDataI_35_fu_466  |  16|   0|   16|          0|
    |scrambledDataI_36_fu_470  |  16|   0|   16|          0|
    |scrambledDataI_37_fu_474  |  16|   0|   16|          0|
    |scrambledDataI_38_fu_478  |  16|   0|   16|          0|
    |scrambledDataI_39_fu_482  |  16|   0|   16|          0|
    |scrambledDataI_3_fu_338   |  16|   0|   16|          0|
    |scrambledDataI_40_fu_486  |  16|   0|   16|          0|
    |scrambledDataI_41_fu_490  |  16|   0|   16|          0|
    |scrambledDataI_42_fu_494  |  16|   0|   16|          0|
    |scrambledDataI_43_fu_498  |  16|   0|   16|          0|
    |scrambledDataI_44_fu_502  |  16|   0|   16|          0|
    |scrambledDataI_45_fu_506  |  16|   0|   16|          0|
    |scrambledDataI_46_fu_510  |  16|   0|   16|          0|
    |scrambledDataI_47_fu_514  |  16|   0|   16|          0|
    |scrambledDataI_48_fu_518  |  16|   0|   16|          0|
    |scrambledDataI_49_fu_522  |  16|   0|   16|          0|
    |scrambledDataI_4_fu_342   |  16|   0|   16|          0|
    |scrambledDataI_5_fu_346   |  16|   0|   16|          0|
    |scrambledDataI_6_fu_350   |  16|   0|   16|          0|
    |scrambledDataI_7_fu_354   |  16|   0|   16|          0|
    |scrambledDataI_8_fu_358   |  16|   0|   16|          0|
    |scrambledDataI_9_fu_362   |  16|   0|   16|          0|
    |scrambledDataI_fu_326     |  16|   0|   16|          0|
    |scrambledDataQ_10_fu_566  |  16|   0|   16|          0|
    |scrambledDataQ_11_fu_570  |  16|   0|   16|          0|
    |scrambledDataQ_12_fu_574  |  16|   0|   16|          0|
    |scrambledDataQ_13_fu_578  |  16|   0|   16|          0|
    |scrambledDataQ_14_fu_582  |  16|   0|   16|          0|
    |scrambledDataQ_15_fu_586  |  16|   0|   16|          0|
    |scrambledDataQ_16_fu_590  |  16|   0|   16|          0|
    |scrambledDataQ_17_fu_594  |  16|   0|   16|          0|
    |scrambledDataQ_18_fu_598  |  16|   0|   16|          0|
    |scrambledDataQ_19_fu_602  |  16|   0|   16|          0|
    |scrambledDataQ_1_fu_530   |  16|   0|   16|          0|
    |scrambledDataQ_20_fu_606  |  16|   0|   16|          0|
    |scrambledDataQ_21_fu_610  |  16|   0|   16|          0|
    |scrambledDataQ_22_fu_614  |  16|   0|   16|          0|
    |scrambledDataQ_23_fu_618  |  16|   0|   16|          0|
    |scrambledDataQ_24_fu_622  |  16|   0|   16|          0|
    |scrambledDataQ_25_fu_626  |  16|   0|   16|          0|
    |scrambledDataQ_26_fu_630  |  16|   0|   16|          0|
    |scrambledDataQ_27_fu_634  |  16|   0|   16|          0|
    |scrambledDataQ_28_fu_638  |  16|   0|   16|          0|
    |scrambledDataQ_29_fu_642  |  16|   0|   16|          0|
    |scrambledDataQ_2_fu_534   |  16|   0|   16|          0|
    |scrambledDataQ_30_fu_646  |  16|   0|   16|          0|
    |scrambledDataQ_31_fu_650  |  16|   0|   16|          0|
    |scrambledDataQ_32_fu_654  |  16|   0|   16|          0|
    |scrambledDataQ_33_fu_658  |  16|   0|   16|          0|
    |scrambledDataQ_34_fu_662  |  16|   0|   16|          0|
    |scrambledDataQ_35_fu_666  |  16|   0|   16|          0|
    |scrambledDataQ_36_fu_670  |  16|   0|   16|          0|
    |scrambledDataQ_37_fu_674  |  16|   0|   16|          0|
    |scrambledDataQ_38_fu_678  |  16|   0|   16|          0|
    |scrambledDataQ_39_fu_682  |  16|   0|   16|          0|
    |scrambledDataQ_3_fu_538   |  16|   0|   16|          0|
    |scrambledDataQ_40_fu_686  |  16|   0|   16|          0|
    |scrambledDataQ_41_fu_690  |  16|   0|   16|          0|
    |scrambledDataQ_42_fu_694  |  16|   0|   16|          0|
    |scrambledDataQ_43_fu_698  |  16|   0|   16|          0|
    |scrambledDataQ_44_fu_702  |  16|   0|   16|          0|
    |scrambledDataQ_45_fu_706  |  16|   0|   16|          0|
    |scrambledDataQ_46_fu_710  |  16|   0|   16|          0|
    |scrambledDataQ_47_fu_714  |  16|   0|   16|          0|
    |scrambledDataQ_48_fu_718  |  16|   0|   16|          0|
    |scrambledDataQ_49_fu_722  |  16|   0|   16|          0|
    |scrambledDataQ_4_fu_542   |  16|   0|   16|          0|
    |scrambledDataQ_5_fu_546   |  16|   0|   16|          0|
    |scrambledDataQ_6_fu_550   |  16|   0|   16|          0|
    |scrambledDataQ_7_fu_554   |  16|   0|   16|          0|
    |scrambledDataQ_8_fu_558   |  16|   0|   16|          0|
    |scrambledDataQ_9_fu_562   |  16|   0|   16|          0|
    |scrambledDataQ_fu_526     |  16|   0|   16|          0|
    +--------------------------+----+----+-----+-----------+
    |Total                     |1608|   0| 1608|          0|
    +--------------------------+----+----+-----+-----------+



================================================================
== Interface
================================================================
* Summary: 
+------------------------------+-----+-----+------------+--------------------------------------+--------------+
|           RTL Ports          | Dir | Bits|  Protocol  |             Source Object            |    C Type    |
+------------------------------+-----+-----+------------+--------------------------------------+--------------+
|ap_clk                        |   in|    1|  ap_ctrl_hs|  transmitter_Pipeline_VITIS_LOOP_64_2|  return value|
|ap_rst                        |   in|    1|  ap_ctrl_hs|  transmitter_Pipeline_VITIS_LOOP_64_2|  return value|
|ap_start                      |   in|    1|  ap_ctrl_hs|  transmitter_Pipeline_VITIS_LOOP_64_2|  return value|
|ap_done                       |  out|    1|  ap_ctrl_hs|  transmitter_Pipeline_VITIS_LOOP_64_2|  return value|
|ap_idle                       |  out|    1|  ap_ctrl_hs|  transmitter_Pipeline_VITIS_LOOP_64_2|  return value|
|ap_ready                      |  out|    1|  ap_ctrl_hs|  transmitter_Pipeline_VITIS_LOOP_64_2|  return value|
|scrambledDataQ_49_out         |  out|   16|      ap_vld|                 scrambledDataQ_49_out|       pointer|
|scrambledDataQ_49_out_ap_vld  |  out|    1|      ap_vld|                 scrambledDataQ_49_out|       pointer|
|scrambledDataQ_48_out         |  out|   16|      ap_vld|                 scrambledDataQ_48_out|       pointer|
|scrambledDataQ_48_out_ap_vld  |  out|    1|      ap_vld|                 scrambledDataQ_48_out|       pointer|
|scrambledDataQ_47_out         |  out|   16|      ap_vld|                 scrambledDataQ_47_out|       pointer|
|scrambledDataQ_47_out_ap_vld  |  out|    1|      ap_vld|                 scrambledDataQ_47_out|       pointer|
|scrambledDataQ_46_out         |  out|   16|      ap_vld|                 scrambledDataQ_46_out|       pointer|
|scrambledDataQ_46_out_ap_vld  |  out|    1|      ap_vld|                 scrambledDataQ_46_out|       pointer|
|scrambledDataQ_45_out         |  out|   16|      ap_vld|                 scrambledDataQ_45_out|       pointer|
|scrambledDataQ_45_out_ap_vld  |  out|    1|      ap_vld|                 scrambledDataQ_45_out|       pointer|
|scrambledDataQ_44_out         |  out|   16|      ap_vld|                 scrambledDataQ_44_out|       pointer|
|scrambledDataQ_44_out_ap_vld  |  out|    1|      ap_vld|                 scrambledDataQ_44_out|       pointer|
|scrambledDataQ_43_out         |  out|   16|      ap_vld|                 scrambledDataQ_43_out|       pointer|
|scrambledDataQ_43_out_ap_vld  |  out|    1|      ap_vld|                 scrambledDataQ_43_out|       pointer|
|scrambledDataQ_42_out         |  out|   16|      ap_vld|                 scrambledDataQ_42_out|       pointer|
|scrambledDataQ_42_out_ap_vld  |  out|    1|      ap_vld|                 scrambledDataQ_42_out|       pointer|
|scrambledDataQ_41_out         |  out|   16|      ap_vld|                 scrambledDataQ_41_out|       pointer|
|scrambledDataQ_41_out_ap_vld  |  out|    1|      ap_vld|                 scrambledDataQ_41_out|       pointer|
|scrambledDataQ_40_out         |  out|   16|      ap_vld|                 scrambledDataQ_40_out|       pointer|
|scrambledDataQ_40_out_ap_vld  |  out|    1|      ap_vld|                 scrambledDataQ_40_out|       pointer|
|scrambledDataQ_39_out         |  out|   16|      ap_vld|                 scrambledDataQ_39_out|       pointer|
|scrambledDataQ_39_out_ap_vld  |  out|    1|      ap_vld|                 scrambledDataQ_39_out|       pointer|
|scrambledDataQ_38_out         |  out|   16|      ap_vld|                 scrambledDataQ_38_out|       pointer|
|scrambledDataQ_38_out_ap_vld  |  out|    1|      ap_vld|                 scrambledDataQ_38_out|       pointer|
|scrambledDataQ_37_out         |  out|   16|      ap_vld|                 scrambledDataQ_37_out|       pointer|
|scrambledDataQ_37_out_ap_vld  |  out|    1|      ap_vld|                 scrambledDataQ_37_out|       pointer|
|scrambledDataQ_36_out         |  out|   16|      ap_vld|                 scrambledDataQ_36_out|       pointer|
|scrambledDataQ_36_out_ap_vld  |  out|    1|      ap_vld|                 scrambledDataQ_36_out|       pointer|
|scrambledDataQ_35_out         |  out|   16|      ap_vld|                 scrambledDataQ_35_out|       pointer|
|scrambledDataQ_35_out_ap_vld  |  out|    1|      ap_vld|                 scrambledDataQ_35_out|       pointer|
|scrambledDataQ_34_out         |  out|   16|      ap_vld|                 scrambledDataQ_34_out|       pointer|
|scrambledDataQ_34_out_ap_vld  |  out|    1|      ap_vld|                 scrambledDataQ_34_out|       pointer|
|scrambledDataQ_33_out         |  out|   16|      ap_vld|                 scrambledDataQ_33_out|       pointer|
|scrambledDataQ_33_out_ap_vld  |  out|    1|      ap_vld|                 scrambledDataQ_33_out|       pointer|
|scrambledDataQ_32_out         |  out|   16|      ap_vld|                 scrambledDataQ_32_out|       pointer|
|scrambledDataQ_32_out_ap_vld  |  out|    1|      ap_vld|                 scrambledDataQ_32_out|       pointer|
|scrambledDataQ_31_out         |  out|   16|      ap_vld|                 scrambledDataQ_31_out|       pointer|
|scrambledDataQ_31_out_ap_vld  |  out|    1|      ap_vld|                 scrambledDataQ_31_out|       pointer|
|scrambledDataQ_30_out         |  out|   16|      ap_vld|                 scrambledDataQ_30_out|       pointer|
|scrambledDataQ_30_out_ap_vld  |  out|    1|      ap_vld|                 scrambledDataQ_30_out|       pointer|
|scrambledDataQ_29_out         |  out|   16|      ap_vld|                 scrambledDataQ_29_out|       pointer|
|scrambledDataQ_29_out_ap_vld  |  out|    1|      ap_vld|                 scrambledDataQ_29_out|       pointer|
|scrambledDataQ_28_out         |  out|   16|      ap_vld|                 scrambledDataQ_28_out|       pointer|
|scrambledDataQ_28_out_ap_vld  |  out|    1|      ap_vld|                 scrambledDataQ_28_out|       pointer|
|scrambledDataQ_27_out         |  out|   16|      ap_vld|                 scrambledDataQ_27_out|       pointer|
|scrambledDataQ_27_out_ap_vld  |  out|    1|      ap_vld|                 scrambledDataQ_27_out|       pointer|
|scrambledDataQ_26_out         |  out|   16|      ap_vld|                 scrambledDataQ_26_out|       pointer|
|scrambledDataQ_26_out_ap_vld  |  out|    1|      ap_vld|                 scrambledDataQ_26_out|       pointer|
|scrambledDataQ_25_out         |  out|   16|      ap_vld|                 scrambledDataQ_25_out|       pointer|
|scrambledDataQ_25_out_ap_vld  |  out|    1|      ap_vld|                 scrambledDataQ_25_out|       pointer|
|scrambledDataQ_24_out         |  out|   16|      ap_vld|                 scrambledDataQ_24_out|       pointer|
|scrambledDataQ_24_out_ap_vld  |  out|    1|      ap_vld|                 scrambledDataQ_24_out|       pointer|
|scrambledDataQ_23_out         |  out|   16|      ap_vld|                 scrambledDataQ_23_out|       pointer|
|scrambledDataQ_23_out_ap_vld  |  out|    1|      ap_vld|                 scrambledDataQ_23_out|       pointer|
|scrambledDataQ_22_out         |  out|   16|      ap_vld|                 scrambledDataQ_22_out|       pointer|
|scrambledDataQ_22_out_ap_vld  |  out|    1|      ap_vld|                 scrambledDataQ_22_out|       pointer|
|scrambledDataQ_21_out         |  out|   16|      ap_vld|                 scrambledDataQ_21_out|       pointer|
|scrambledDataQ_21_out_ap_vld  |  out|    1|      ap_vld|                 scrambledDataQ_21_out|       pointer|
|scrambledDataQ_20_out         |  out|   16|      ap_vld|                 scrambledDataQ_20_out|       pointer|
|scrambledDataQ_20_out_ap_vld  |  out|    1|      ap_vld|                 scrambledDataQ_20_out|       pointer|
|scrambledDataQ_19_out         |  out|   16|      ap_vld|                 scrambledDataQ_19_out|       pointer|
|scrambledDataQ_19_out_ap_vld  |  out|    1|      ap_vld|                 scrambledDataQ_19_out|       pointer|
|scrambledDataQ_18_out         |  out|   16|      ap_vld|                 scrambledDataQ_18_out|       pointer|
|scrambledDataQ_18_out_ap_vld  |  out|    1|      ap_vld|                 scrambledDataQ_18_out|       pointer|
|scrambledDataQ_17_out         |  out|   16|      ap_vld|                 scrambledDataQ_17_out|       pointer|
|scrambledDataQ_17_out_ap_vld  |  out|    1|      ap_vld|                 scrambledDataQ_17_out|       pointer|
|scrambledDataQ_16_out         |  out|   16|      ap_vld|                 scrambledDataQ_16_out|       pointer|
|scrambledDataQ_16_out_ap_vld  |  out|    1|      ap_vld|                 scrambledDataQ_16_out|       pointer|
|scrambledDataQ_15_out         |  out|   16|      ap_vld|                 scrambledDataQ_15_out|       pointer|
|scrambledDataQ_15_out_ap_vld  |  out|    1|      ap_vld|                 scrambledDataQ_15_out|       pointer|
|scrambledDataQ_14_out         |  out|   16|      ap_vld|                 scrambledDataQ_14_out|       pointer|
|scrambledDataQ_14_out_ap_vld  |  out|    1|      ap_vld|                 scrambledDataQ_14_out|       pointer|
|scrambledDataQ_13_out         |  out|   16|      ap_vld|                 scrambledDataQ_13_out|       pointer|
|scrambledDataQ_13_out_ap_vld  |  out|    1|      ap_vld|                 scrambledDataQ_13_out|       pointer|
|scrambledDataQ_12_out         |  out|   16|      ap_vld|                 scrambledDataQ_12_out|       pointer|
|scrambledDataQ_12_out_ap_vld  |  out|    1|      ap_vld|                 scrambledDataQ_12_out|       pointer|
|scrambledDataQ_11_out         |  out|   16|      ap_vld|                 scrambledDataQ_11_out|       pointer|
|scrambledDataQ_11_out_ap_vld  |  out|    1|      ap_vld|                 scrambledDataQ_11_out|       pointer|
|scrambledDataQ_10_out         |  out|   16|      ap_vld|                 scrambledDataQ_10_out|       pointer|
|scrambledDataQ_10_out_ap_vld  |  out|    1|      ap_vld|                 scrambledDataQ_10_out|       pointer|
|scrambledDataQ_9_out          |  out|   16|      ap_vld|                  scrambledDataQ_9_out|       pointer|
|scrambledDataQ_9_out_ap_vld   |  out|    1|      ap_vld|                  scrambledDataQ_9_out|       pointer|
|scrambledDataQ_8_out          |  out|   16|      ap_vld|                  scrambledDataQ_8_out|       pointer|
|scrambledDataQ_8_out_ap_vld   |  out|    1|      ap_vld|                  scrambledDataQ_8_out|       pointer|
|scrambledDataQ_7_out          |  out|   16|      ap_vld|                  scrambledDataQ_7_out|       pointer|
|scrambledDataQ_7_out_ap_vld   |  out|    1|      ap_vld|                  scrambledDataQ_7_out|       pointer|
|scrambledDataQ_6_out          |  out|   16|      ap_vld|                  scrambledDataQ_6_out|       pointer|
|scrambledDataQ_6_out_ap_vld   |  out|    1|      ap_vld|                  scrambledDataQ_6_out|       pointer|
|scrambledDataQ_5_out          |  out|   16|      ap_vld|                  scrambledDataQ_5_out|       pointer|
|scrambledDataQ_5_out_ap_vld   |  out|    1|      ap_vld|                  scrambledDataQ_5_out|       pointer|
|scrambledDataQ_4_out          |  out|   16|      ap_vld|                  scrambledDataQ_4_out|       pointer|
|scrambledDataQ_4_out_ap_vld   |  out|    1|      ap_vld|                  scrambledDataQ_4_out|       pointer|
|scrambledDataQ_3_out          |  out|   16|      ap_vld|                  scrambledDataQ_3_out|       pointer|
|scrambledDataQ_3_out_ap_vld   |  out|    1|      ap_vld|                  scrambledDataQ_3_out|       pointer|
|scrambledDataQ_2_out          |  out|   16|      ap_vld|                  scrambledDataQ_2_out|       pointer|
|scrambledDataQ_2_out_ap_vld   |  out|    1|      ap_vld|                  scrambledDataQ_2_out|       pointer|
|scrambledDataQ_1_out          |  out|   16|      ap_vld|                  scrambledDataQ_1_out|       pointer|
|scrambledDataQ_1_out_ap_vld   |  out|    1|      ap_vld|                  scrambledDataQ_1_out|       pointer|
|scrambledDataQ_out            |  out|   16|      ap_vld|                    scrambledDataQ_out|       pointer|
|scrambledDataQ_out_ap_vld     |  out|    1|      ap_vld|                    scrambledDataQ_out|       pointer|
|scrambledDataI_49_out         |  out|   16|      ap_vld|                 scrambledDataI_49_out|       pointer|
|scrambledDataI_49_out_ap_vld  |  out|    1|      ap_vld|                 scrambledDataI_49_out|       pointer|
|scrambledDataI_48_out         |  out|   16|      ap_vld|                 scrambledDataI_48_out|       pointer|
|scrambledDataI_48_out_ap_vld  |  out|    1|      ap_vld|                 scrambledDataI_48_out|       pointer|
|scrambledDataI_47_out         |  out|   16|      ap_vld|                 scrambledDataI_47_out|       pointer|
|scrambledDataI_47_out_ap_vld  |  out|    1|      ap_vld|                 scrambledDataI_47_out|       pointer|
|scrambledDataI_46_out         |  out|   16|      ap_vld|                 scrambledDataI_46_out|       pointer|
|scrambledDataI_46_out_ap_vld  |  out|    1|      ap_vld|                 scrambledDataI_46_out|       pointer|
|scrambledDataI_45_out         |  out|   16|      ap_vld|                 scrambledDataI_45_out|       pointer|
|scrambledDataI_45_out_ap_vld  |  out|    1|      ap_vld|                 scrambledDataI_45_out|       pointer|
|scrambledDataI_44_out         |  out|   16|      ap_vld|                 scrambledDataI_44_out|       pointer|
|scrambledDataI_44_out_ap_vld  |  out|    1|      ap_vld|                 scrambledDataI_44_out|       pointer|
|scrambledDataI_43_out         |  out|   16|      ap_vld|                 scrambledDataI_43_out|       pointer|
|scrambledDataI_43_out_ap_vld  |  out|    1|      ap_vld|                 scrambledDataI_43_out|       pointer|
|scrambledDataI_42_out         |  out|   16|      ap_vld|                 scrambledDataI_42_out|       pointer|
|scrambledDataI_42_out_ap_vld  |  out|    1|      ap_vld|                 scrambledDataI_42_out|       pointer|
|scrambledDataI_41_out         |  out|   16|      ap_vld|                 scrambledDataI_41_out|       pointer|
|scrambledDataI_41_out_ap_vld  |  out|    1|      ap_vld|                 scrambledDataI_41_out|       pointer|
|scrambledDataI_40_out         |  out|   16|      ap_vld|                 scrambledDataI_40_out|       pointer|
|scrambledDataI_40_out_ap_vld  |  out|    1|      ap_vld|                 scrambledDataI_40_out|       pointer|
|scrambledDataI_39_out         |  out|   16|      ap_vld|                 scrambledDataI_39_out|       pointer|
|scrambledDataI_39_out_ap_vld  |  out|    1|      ap_vld|                 scrambledDataI_39_out|       pointer|
|scrambledDataI_38_out         |  out|   16|      ap_vld|                 scrambledDataI_38_out|       pointer|
|scrambledDataI_38_out_ap_vld  |  out|    1|      ap_vld|                 scrambledDataI_38_out|       pointer|
|scrambledDataI_37_out         |  out|   16|      ap_vld|                 scrambledDataI_37_out|       pointer|
|scrambledDataI_37_out_ap_vld  |  out|    1|      ap_vld|                 scrambledDataI_37_out|       pointer|
|scrambledDataI_36_out         |  out|   16|      ap_vld|                 scrambledDataI_36_out|       pointer|
|scrambledDataI_36_out_ap_vld  |  out|    1|      ap_vld|                 scrambledDataI_36_out|       pointer|
|scrambledDataI_35_out         |  out|   16|      ap_vld|                 scrambledDataI_35_out|       pointer|
|scrambledDataI_35_out_ap_vld  |  out|    1|      ap_vld|                 scrambledDataI_35_out|       pointer|
|scrambledDataI_34_out         |  out|   16|      ap_vld|                 scrambledDataI_34_out|       pointer|
|scrambledDataI_34_out_ap_vld  |  out|    1|      ap_vld|                 scrambledDataI_34_out|       pointer|
|scrambledDataI_33_out         |  out|   16|      ap_vld|                 scrambledDataI_33_out|       pointer|
|scrambledDataI_33_out_ap_vld  |  out|    1|      ap_vld|                 scrambledDataI_33_out|       pointer|
|scrambledDataI_32_out         |  out|   16|      ap_vld|                 scrambledDataI_32_out|       pointer|
|scrambledDataI_32_out_ap_vld  |  out|    1|      ap_vld|                 scrambledDataI_32_out|       pointer|
|scrambledDataI_31_out         |  out|   16|      ap_vld|                 scrambledDataI_31_out|       pointer|
|scrambledDataI_31_out_ap_vld  |  out|    1|      ap_vld|                 scrambledDataI_31_out|       pointer|
|scrambledDataI_30_out         |  out|   16|      ap_vld|                 scrambledDataI_30_out|       pointer|
|scrambledDataI_30_out_ap_vld  |  out|    1|      ap_vld|                 scrambledDataI_30_out|       pointer|
|scrambledDataI_29_out         |  out|   16|      ap_vld|                 scrambledDataI_29_out|       pointer|
|scrambledDataI_29_out_ap_vld  |  out|    1|      ap_vld|                 scrambledDataI_29_out|       pointer|
|scrambledDataI_28_out         |  out|   16|      ap_vld|                 scrambledDataI_28_out|       pointer|
|scrambledDataI_28_out_ap_vld  |  out|    1|      ap_vld|                 scrambledDataI_28_out|       pointer|
|scrambledDataI_27_out         |  out|   16|      ap_vld|                 scrambledDataI_27_out|       pointer|
|scrambledDataI_27_out_ap_vld  |  out|    1|      ap_vld|                 scrambledDataI_27_out|       pointer|
|scrambledDataI_26_out         |  out|   16|      ap_vld|                 scrambledDataI_26_out|       pointer|
|scrambledDataI_26_out_ap_vld  |  out|    1|      ap_vld|                 scrambledDataI_26_out|       pointer|
|scrambledDataI_25_out         |  out|   16|      ap_vld|                 scrambledDataI_25_out|       pointer|
|scrambledDataI_25_out_ap_vld  |  out|    1|      ap_vld|                 scrambledDataI_25_out|       pointer|
|scrambledDataI_24_out         |  out|   16|      ap_vld|                 scrambledDataI_24_out|       pointer|
|scrambledDataI_24_out_ap_vld  |  out|    1|      ap_vld|                 scrambledDataI_24_out|       pointer|
|scrambledDataI_23_out         |  out|   16|      ap_vld|                 scrambledDataI_23_out|       pointer|
|scrambledDataI_23_out_ap_vld  |  out|    1|      ap_vld|                 scrambledDataI_23_out|       pointer|
|scrambledDataI_22_out         |  out|   16|      ap_vld|                 scrambledDataI_22_out|       pointer|
|scrambledDataI_22_out_ap_vld  |  out|    1|      ap_vld|                 scrambledDataI_22_out|       pointer|
|scrambledDataI_21_out         |  out|   16|      ap_vld|                 scrambledDataI_21_out|       pointer|
|scrambledDataI_21_out_ap_vld  |  out|    1|      ap_vld|                 scrambledDataI_21_out|       pointer|
|scrambledDataI_20_out         |  out|   16|      ap_vld|                 scrambledDataI_20_out|       pointer|
|scrambledDataI_20_out_ap_vld  |  out|    1|      ap_vld|                 scrambledDataI_20_out|       pointer|
|scrambledDataI_19_out         |  out|   16|      ap_vld|                 scrambledDataI_19_out|       pointer|
|scrambledDataI_19_out_ap_vld  |  out|    1|      ap_vld|                 scrambledDataI_19_out|       pointer|
|scrambledDataI_18_out         |  out|   16|      ap_vld|                 scrambledDataI_18_out|       pointer|
|scrambledDataI_18_out_ap_vld  |  out|    1|      ap_vld|                 scrambledDataI_18_out|       pointer|
|scrambledDataI_17_out         |  out|   16|      ap_vld|                 scrambledDataI_17_out|       pointer|
|scrambledDataI_17_out_ap_vld  |  out|    1|      ap_vld|                 scrambledDataI_17_out|       pointer|
|scrambledDataI_16_out         |  out|   16|      ap_vld|                 scrambledDataI_16_out|       pointer|
|scrambledDataI_16_out_ap_vld  |  out|    1|      ap_vld|                 scrambledDataI_16_out|       pointer|
|scrambledDataI_15_out         |  out|   16|      ap_vld|                 scrambledDataI_15_out|       pointer|
|scrambledDataI_15_out_ap_vld  |  out|    1|      ap_vld|                 scrambledDataI_15_out|       pointer|
|scrambledDataI_14_out         |  out|   16|      ap_vld|                 scrambledDataI_14_out|       pointer|
|scrambledDataI_14_out_ap_vld  |  out|    1|      ap_vld|                 scrambledDataI_14_out|       pointer|
|scrambledDataI_13_out         |  out|   16|      ap_vld|                 scrambledDataI_13_out|       pointer|
|scrambledDataI_13_out_ap_vld  |  out|    1|      ap_vld|                 scrambledDataI_13_out|       pointer|
|scrambledDataI_12_out         |  out|   16|      ap_vld|                 scrambledDataI_12_out|       pointer|
|scrambledDataI_12_out_ap_vld  |  out|    1|      ap_vld|                 scrambledDataI_12_out|       pointer|
|scrambledDataI_11_out         |  out|   16|      ap_vld|                 scrambledDataI_11_out|       pointer|
|scrambledDataI_11_out_ap_vld  |  out|    1|      ap_vld|                 scrambledDataI_11_out|       pointer|
|scrambledDataI_10_out         |  out|   16|      ap_vld|                 scrambledDataI_10_out|       pointer|
|scrambledDataI_10_out_ap_vld  |  out|    1|      ap_vld|                 scrambledDataI_10_out|       pointer|
|scrambledDataI_9_out          |  out|   16|      ap_vld|                  scrambledDataI_9_out|       pointer|
|scrambledDataI_9_out_ap_vld   |  out|    1|      ap_vld|                  scrambledDataI_9_out|       pointer|
|scrambledDataI_8_out          |  out|   16|      ap_vld|                  scrambledDataI_8_out|       pointer|
|scrambledDataI_8_out_ap_vld   |  out|    1|      ap_vld|                  scrambledDataI_8_out|       pointer|
|scrambledDataI_7_out          |  out|   16|      ap_vld|                  scrambledDataI_7_out|       pointer|
|scrambledDataI_7_out_ap_vld   |  out|    1|      ap_vld|                  scrambledDataI_7_out|       pointer|
|scrambledDataI_6_out          |  out|   16|      ap_vld|                  scrambledDataI_6_out|       pointer|
|scrambledDataI_6_out_ap_vld   |  out|    1|      ap_vld|                  scrambledDataI_6_out|       pointer|
|scrambledDataI_5_out          |  out|   16|      ap_vld|                  scrambledDataI_5_out|       pointer|
|scrambledDataI_5_out_ap_vld   |  out|    1|      ap_vld|                  scrambledDataI_5_out|       pointer|
|scrambledDataI_4_out          |  out|   16|      ap_vld|                  scrambledDataI_4_out|       pointer|
|scrambledDataI_4_out_ap_vld   |  out|    1|      ap_vld|                  scrambledDataI_4_out|       pointer|
|scrambledDataI_3_out          |  out|   16|      ap_vld|                  scrambledDataI_3_out|       pointer|
|scrambledDataI_3_out_ap_vld   |  out|    1|      ap_vld|                  scrambledDataI_3_out|       pointer|
|scrambledDataI_2_out          |  out|   16|      ap_vld|                  scrambledDataI_2_out|       pointer|
|scrambledDataI_2_out_ap_vld   |  out|    1|      ap_vld|                  scrambledDataI_2_out|       pointer|
|scrambledDataI_1_out          |  out|   16|      ap_vld|                  scrambledDataI_1_out|       pointer|
|scrambledDataI_1_out_ap_vld   |  out|    1|      ap_vld|                  scrambledDataI_1_out|       pointer|
|scrambledDataI_out            |  out|   16|      ap_vld|                    scrambledDataI_out|       pointer|
|scrambledDataI_out_ap_vld     |  out|    1|      ap_vld|                    scrambledDataI_out|       pointer|
+------------------------------+-----+-----+------------+--------------------------------------+--------------+

