INFO: [SIM 2] *************** CSIM start ***************
INFO: [SIM 4] CSIM will launch GCC as the compiler.
   Compiling ../../../../receiver_test.cpp in debug mode
   Compiling ../../../../receiver.cpp in debug mode
   Generating csim.exe
corr_abs: 8.57983 -> 11.6953
corr_abs: 11.6953 -> 15.4398
corr_abs: 15.4398 -> 19.8165
corr_abs: 19.8165 -> 24.8069
corr_abs: 24.8069 -> 30.3587
corr_abs: 30.3587 -> 36.3862
corr_abs: 36.3862 -> 42.749
corr_abs: 42.749 -> 49.2921
corr_abs: 49.2921 -> 55.7876
corr_abs: 55.7876 -> 62.0103
corr_abs: 62.0103 -> 67.6695
corr_abs: 67.6695 -> 72.4949
corr_abs: 72.4949 -> 76.1728
corr_abs: 76.1728 -> 78.4296
corr_abs: 78.4296 -> 79.0069
corr_abs: 79.0069 -> 77.7027
corr_abs: 77.7027 -> 74.4018
corr_abs: 74.4018 -> 69.0803
corr_abs: 69.0803 -> 61.8247
corr_abs: 61.8247 -> 52.9107
corr_abs: 52.9107 -> 42.7367
corr_abs: 42.7367 -> 31.8896
corr_abs: 31.8896 -> 21.1633
corr_abs: 21.1633 -> 11.5234
corr_abs: 11.5234 -> 4.12091
corr_abs: 4.12091 -> 0.261039
corr_abs: 0.261039 -> 1.38534
corr_abs: 1.38534 -> 9.01769
corr_abs: 9.01769 -> 24.7219
corr_abs: 24.7219 -> 50.027
corr_abs: 50.027 -> 86.3467
corr_abs: 86.3467 -> 134.929
corr_abs: 134.929 -> 196.737
corr_abs: 196.737 -> 272.373
corr_abs: 272.373 -> 361.998
corr_abs: 361.998 -> 465.248
corr_abs: 465.248 -> 581.133
corr_abs: 581.133 -> 708.023
corr_abs: 708.023 -> 843.681
corr_abs: 843.681 -> 985.083
corr_abs: 985.083 -> 1128.61
corr_abs: 1128.61 -> 1269.96
corr_abs: 1269.96 -> 1404.49
corr_abs: 1404.49 -> 1527.03
corr_abs: 1527.03 -> 1632.23
corr_abs: 1632.23 -> 1714.86
corr_abs: 1714.86 -> 1769.93
corr_abs: 1769.93 -> 1792.87
corr_abs: 1792.87 -> 1780.05
corr_abs: 1780.05 -> 1729.08
corr_abs: 1729.08 -> 1638.99
corr_abs: 1638.99 -> 1510.58
corr_abs: 1510.58 -> 1346.95
corr_abs: 1346.95 -> 1153.4
corr_abs: 1153.4 -> 938.091
corr_abs: 938.091 -> 711.907
corr_abs: 711.907 -> 488.71
corr_abs: 488.71 -> 285.388
corr_abs: 285.388 -> 121.784
corr_abs: 121.784 -> 20.5376
corr_abs: 20.5376 -> 6.8507
corr_abs: 6.8507 -> 108.143
corr_abs: 108.143 -> 353.586
corr_abs: 353.586 -> 773.538
corr_abs: 773.538 -> 1398.93
corr_abs: 1398.93 -> 2260.53
corr_abs: 2260.53 -> 3388.03
corr_abs: 3388.03 -> 4809.45
corr_abs: 4809.45 -> 6549.93
corr_abs: 6549.93 -> 8631.27
corr_abs: 8631.27 -> 11070.6
corr_abs: 11070.6 -> 13880.1
corr_abs: 13880.1 -> 17065.6
corr_abs: 17065.6 -> 20626.4
corr_abs: 20626.4 -> 24554.9
corr_abs: 24554.9 -> 28836
corr_abs: 28836 -> 33446.3
corr_abs: 33446.3 -> 38355.3
corr_abs: 38355.3 -> 43524.2
corr_abs: 43524.2 -> 48907.6
corr_abs: 48907.6 -> 54452.8
corr_abs: 54452.8 -> 60101.3
corr_abs: 60101.3 -> 65789.6
corr_abs: 65789.6 -> 71449.7
corr_abs: 71449.7 -> 77010.8
corr_abs: 77010.8 -> 82400.8
corr_abs: 82400.8 -> 87547
corr_abs: 87547 -> 92378.6
corr_abs: 92378.6 -> 96826.6
corr_abs: 96826.6 -> 100827
corr_abs: 100827 -> 104320
corr_abs: 104320 -> 107254
corr_abs: 107254 -> 109583
corr_abs: 109583 -> 111274
corr_abs: 111274 -> 112298
corr_abs: 112298 -> 112642
corr_abs: 112642 -> 112298
packet finished after 7648th iteration
corr_abs: 112642 -> 112298
239.287, -0.428955
232.43, -0.471436
241.458, -0.443848
232.496, -0.450928
225.475, -0.472961
-234.647, -0.543152
239.313, -0.423828
-255.219, -0.568115
-235.569, -0.533081
-235.528, -0.574036
251.742, -0.467163
242.175, -0.392456
227.391, -0.421326
-254.225, -0.552551
-230.996, -0.501343
245.315, -0.473694
243.266, -0.387085
226.238, -0.457397
-249.478, -0.536133
-222.187, -0.540405
228.686, -0.467102
-245.407, -0.550598
-218.013, -0.554871
233.608, -0.466064
-242.687, -0.51416
-236.322, -0.563965
-240.475, -0.544434
-226.545, -0.505493
238.488, -0.388123
-232.732, -0.59906
243.599, -0.448486
-251.291, -0.577515
-229.244, -0.536804
-238.928, -0.503113
-238.708, -0.503052
-234.099, -0.502014
-226.479, -0.577209
233.715, -0.430176
-240.316, -0.534119
254.164, -0.400085
234.55, -0.419739
234.56, -0.46582
-252.761, -0.588074
-243.159, -0.534729
-227.308, -0.464722
248.48, -0.452515
221.209, -0.448242
-230.893, -0.52179
250.482, -0.375244
217.358, -0.44397
-241.981, -0.483276
-223.247, -0.530396
228.671, -0.400513
-245.355, -0.560852
-218.06, -0.488281
233.618, -0.389221
-242.575, -0.570496
-236.358, -0.49231
-240.367, -0.570007
-226.571, -0.59259
239.138, -0.434082
-235.169, -0.53302
240.27, -0.444092
-248.474, -0.500061
10.7392, -0.427856
-5.82275, -0.364929
3.47729, -0.209229
-0.742554, -0.143616
-0.0665894, -0.0922241
0, 0
0, 0
0, 0
0, 0
0, 0
0, 0
0, 0
0, 0
0, 0
0, 0
0, 0
0, 0
0, 0
0, 0
0, 0
0, 0
0, 0
0, 0
0, 0
0, 0
0, 0
0, -0.00512695
-0.102417, -0.0666504
0.215149, -0.547974
-1.97711, 1.4693
-3.48285, 1.97595
5.88477, -2.48248
170.157, -169.161
155.654, -169.528
-164.332, -171.826
172.174, -161.776
157.627, 177.125
-165.062, 170.253
162.889, 164.159
-173.093, -174.588
176.856, -170.117
161.294, -173.665
168.092, -161.449
167.864, 177.941
165.495, 166.853
154.922, 158.749
-167.129, -167.089
177.667, 173.514
153.515, 152.46
-171.232, -161.769
-158.927, 171.868
166.609, 156.816
-176.041, -161.581
-167.505, 168.312
-165.887, -180.548
174.464, -166.646
164.887, -166.689
172.355, 177.942
164.634, 170.264
155.791, 164.987
-170.501, -179.729
172.364, -167.619
161.096, -160.575
172.3, 171.269
169.079, -177.555
156.104, -163.951
-175.729, -161.422
-158.139, 171.202
166.738, -177.556
-176.901, -164.055
-163.182, -161.327
-164.786, 170.391
165.8, -173.331
-169.204, -162.148
175.254, -173.334
165.497, -169.126
170.023, -161.382
155.026, 173.683
-171.493, 165.704
176.562, 167.414
163.006, 167.191
160.292, 168.972
-172.235, 161.126
176.653, -178.9
163.008, -166.843
160.36, -164.759
-172.185, 169.248
175.8, -164.653
167.215, 172.072
160.572, -176.963
-175.646, -165.611
-161.478, -175.369
161.244, -156.232
-168.592, 174.764
176.006, 156.332
161.153, -162.449
168.946, 172.764
162.661, 152.498
168.809, -161.654
164.654, 171.831
159.162, 157.644
-165.168, -164.959
164.815, 162.142
-181.642, -168.69
-158.15, 177.071
169.052, 156.043
166.463, -161.439
167.354, 168.426
167.082, -180.5
169, -166.647
161.22, -165.87
-178.102, 174.368
-172.128, 165.632
-161.707, 168.185
179.743, 163.61
157.368, 164.501
-172.036, 163.533
-158.01, 168.616
161.501, 165.588
-172.863, 154.893
-158.643, -166.34
163.875, 173.49
-163.107, 153.261
168.677, -165.966
-183.36, 170.628
-153.825, 166.21
169.341, 169.205
161.277, 159.365
-161.48, -169.516
164.047, 163.734
-181.574, -173.008
-158.933, 176.047
172.512, 164.643
171.782, 173.605
159.817, 159.601
-176.525, -173.867
-157.198, -170.191
161.586, -174.484
-172.831, -157.222
-157.807, 179.027
159.628, 158.218
-164.234, -175.482
176.419, -163.327
156.85, 169.863
-165.891, 166.392
167.175, 168.237
-172.026, 163.671
168.215, 163.669
-173.824, 167.819
175.978, 169.806
165.461, 156.944
169.146, -179.148
159.34, -162.624
-169.564, 169.924
163.672, 165.604
-173.077, 172.423
176.388, 164.305
162.839, 157.64
171.248, -168.219
161.587, 170.304
INFO: [SIM 1] CSim done with 0 errors.
INFO: [SIM 3] *************** CSIM finish ***************
