INFO-FLOW: Workspace /home/lilian/school/UnderWaterCommunications/HLS_receiver/receiver/solution1 opened at Mon May 13 18:35:56 PDT 2024
Execute     ap_set_clock -name default -period 8 -default=false 
INFO: [SYN 201-201] Setting up clock 'default' with a period of 8ns.
Execute     set_part xc7z020-clg400-1 
Execute       create_platform xc7z020-clg400-1 -board  
DBG:HLSDevice: Trying to load device library: /tools/Xilinx/Vitis_HLS/2022.2/lib/lnx64.o/libxv_hlsvwrap.so
DBG:HLSDevice: first parts/arch.xml in RDI_DATADIR: /tools/Xilinx/Vivado/2022.2/data/parts/arch.xml
DBG:HLSDevice: init success
INFO: [HLS 200-1611] Setting target device to 'xc7z020-clg400-1'
Command       create_platform done; 1.91 sec.
Execute       source /tools/Xilinx/Vitis_HLS/2022.2/common/technology/xilinx/common/xilinx.gen 
Execute         source /tools/Xilinx/Vitis_HLS/2022.2/common/technology/xilinx/interface/plb46.gen 
Execute         source /tools/Xilinx/Vitis_HLS/2022.2/common/technology/xilinx/interface/axi4.gen 
Execute         source /tools/Xilinx/Vitis_HLS/2022.2/common/technology/xilinx/interface/nativeAXI4.gen 
Execute           source /tools/Xilinx/Vitis_HLS/2022.2/common/technology/xilinx/interface/saxilite.gen 
Execute         source /tools/Xilinx/Vitis_HLS/2022.2/common/technology/xilinx/scripts/xilinxcoregen.gen 
Execute         source /tools/Xilinx/Vitis_HLS/2022.2/common/technology/xilinx/interface/XilEDKCoreGen.gen 
Execute         source /tools/Xilinx/Vitis_HLS/2022.2/common/technology/xilinx/ip/xfir.gen 
Execute         source /tools/Xilinx/Vitis_HLS/2022.2/common/technology/xilinx/ip/util.gen 
Execute         source /tools/Xilinx/Vitis_HLS/2022.2/common/technology/xilinx/ip/xfft.gen 
Execute         source /tools/Xilinx/Vitis_HLS/2022.2/common/technology/xilinx/ip/dds_compiler.gen 
Execute         source /tools/Xilinx/Vitis_HLS/2022.2/common/technology/xilinx/DSP48/dsp48.gen 
Execute       ap_part_info -name xc7z020-clg400-1 -data info 
Execute       config_compile -quiet -complex-mul-dsp=0 
Command     set_part done; 2.03 sec.
Execute     send_msg_by_id INFO @200-1505@%s%s  vivado 
INFO: [HLS 200-1505] Using flow_target 'vivado'
Execute     send_msg_by_id INFO @200-1464@%s config_export -format=ip_catalog 
INFO: [HLS 200-1464] Running solution command: config_export -format=ip_catalog
Execute     config_export -format=ip_catalog 
Execute     send_msg_by_id INFO @200-1464@%s config_export -rtl=verilog 
INFO: [HLS 200-1464] Running solution command: config_export -rtl=verilog
Execute     config_export -rtl=verilog 
Command   open_solution done; 2.1 sec.
Execute   set_part xc7z020-clg400-1 
INFO: [HLS 200-1510] Running: set_part xc7z020-clg400-1 
Execute     create_platform xc7z020-clg400-1 -board  
Execute     source /tools/Xilinx/Vitis_HLS/2022.2/common/technology/xilinx/common/xilinx.gen 
Execute       source /tools/Xilinx/Vitis_HLS/2022.2/common/technology/xilinx/interface/plb46.gen 
Execute       source /tools/Xilinx/Vitis_HLS/2022.2/common/technology/xilinx/interface/axi4.gen 
Execute       source /tools/Xilinx/Vitis_HLS/2022.2/common/technology/xilinx/interface/nativeAXI4.gen 
Execute         source /tools/Xilinx/Vitis_HLS/2022.2/common/technology/xilinx/interface/saxilite.gen 
Execute       source /tools/Xilinx/Vitis_HLS/2022.2/common/technology/xilinx/scripts/xilinxcoregen.gen 
Execute       source /tools/Xilinx/Vitis_HLS/2022.2/common/technology/xilinx/interface/XilEDKCoreGen.gen 
Execute       source /tools/Xilinx/Vitis_HLS/2022.2/common/technology/xilinx/ip/xfir.gen 
Execute       source /tools/Xilinx/Vitis_HLS/2022.2/common/technology/xilinx/ip/util.gen 
Execute       source /tools/Xilinx/Vitis_HLS/2022.2/common/technology/xilinx/ip/xfft.gen 
Execute       source /tools/Xilinx/Vitis_HLS/2022.2/common/technology/xilinx/ip/dds_compiler.gen 
Execute       source /tools/Xilinx/Vitis_HLS/2022.2/common/technology/xilinx/DSP48/dsp48.gen 
Execute     ap_part_info -name xc7z020-clg400-1 -data info 
Execute     config_compile -quiet -complex-mul-dsp=0 
Command   set_part done; 0.14 sec.
Execute   create_clock -period 8 -name default 
INFO: [HLS 200-1510] Running: create_clock -period 8 -name default 
Execute   config_export -format ip_catalog -rtl verilog 
INFO: [HLS 200-1510] Running: config_export -format ip_catalog -rtl verilog 
Execute   source ./receiver/solution1/directives.tcl 
INFO: [HLS 200-1510] Running: source ./receiver/solution1/directives.tcl
Execute     set_directive_top -name receiver receiver 
INFO: [HLS 200-1510] Running: set_directive_top -name receiver receiver 
Execute   csynth_design 
INFO: [HLS 200-1510] Running: csynth_design 
Execute     elaborate -effort=medium -skip_syncheck=0 -keep_printf=0 -skip_cdt=0 -skip_transform=0 -ng=0 -g=0 -opt_fp=0 -from_csynth_design=1 
INFO: [HLS 200-111] Finished File checks and directory preparation: CPU user time: 0.03 seconds. CPU system time: 0.02 seconds. Elapsed time: 10.06 seconds; current allocated memory: 756.469 MB.
INFO: [HLS 200-10] Analyzing design file 'receiver.cpp' ... 
INFO-FLOW: Compiling one TU...
INFO-FLOW: Handling receiver.cpp as C++
Execute       ap_part_info -name xc7z020-clg400-1 -data info 
INFO-FLOW: Running: GCC PP 39
INFO-FLOW: Source preprocessing
Execute       ap_eval exec -ignorestderr /tools/Xilinx/Vitis_HLS/2022.2/lnx64/tools/clang-3.9-csynth/bin/clang receiver.cpp -foptimization-record-file=/home/lilian/school/UnderWaterCommunications/HLS_receiver/receiver/solution1/.autopilot/db/receiver.cpp.clang.diag.yml -mllvm -pass-remarks-missed=reflow|pasta|unroll -mllvm -pass-remarks=reflow|pasta|unroll|inline -fno-limit-debug-info -gcc-toolchain /tools/Xilinx/Vitis_HLS/2022.2/tps/lnx64/gcc-8.3.0 -fhls -fno-exceptions -E -fno-math-errno -c -emit-llvm -mllvm -disable-llvm-optzns -Werror=implicit-function-declaration -Werror=implicit-hls-streams -Werror=return-type -Wpragmas -Wunused-parameter -Wdump-hls-pragmas -Wno-error=dump-hls-pragmas -fno-threadsafe-statics -fno-use-cxa-atexit -std=gnu++14 -target fpga64-xilinx-linux-gnu -fno-threadsafe-statics -fno-use-cxa-atexit -D__VITIS_HLS__ -DAESL_SYN -D__SYNTHESIS__ -D__HLS_SYN__ -I /tools/Xilinx/Vitis_HLS/2022.2/common/technology/autopilot -I /tools/Xilinx/Vitis_HLS/2022.2/common/technology/autopilot/ap_sysc -include etc/autopilot_ssdm_op.h -D__DSP48E1__ -I /usr/include/x86_64-linux-gnu -o /home/lilian/school/UnderWaterCommunications/HLS_receiver/receiver/solution1/.autopilot/db/receiver.pp.0.cpp -hls-platform-db-name=/tools/Xilinx/Vitis_HLS/2022.2/common/technology/xilinx/common/platform.db -hls-platform-name=zynq_slow -device-resource-info=BRAM_280.000000_DSP_220.000000_FF_106400.000000_LUT_53200.000000_SLICE_13300.000000_URAM_0.000000 -device-name-info=xc7z020clg400-1 > /home/lilian/school/UnderWaterCommunications/HLS_receiver/receiver/solution1/.autopilot/db/receiver.cpp.clang.out.log 2> /home/lilian/school/UnderWaterCommunications/HLS_receiver/receiver/solution1/.autopilot/db/receiver.cpp.clang.err.log 
Command       ap_eval done; 0.21 sec.
INFO-FLOW: Done: GCC PP 39 time: 0.2 seconds per iteration
Execute       set_directive_top receiver -name=receiver 
Execute       source /tools/Xilinx/Vitis_HLS/2022.2/tps/tcl/tcllib1.11.1/yaml/huddle.tcl 
Execute       source /tools/Xilinx/Vitis_HLS/2022.2/tps/tcl/tcllib1.11.1/yaml/json2huddle.tcl 
INFO-FLOW: Source syntax check for synthesis
Execute       ap_eval exec -ignorestderr /tools/Xilinx/Vitis_HLS/2022.2/lnx64/tools/clang-3.9-csynth/bin/clang -foptimization-record-file=/home/lilian/school/UnderWaterCommunications/HLS_receiver/receiver/solution1/.autopilot/db/clang.diag.yml -mllvm -pass-remarks-missed=reflow|pasta|unroll -mllvm -pass-remarks=reflow|pasta|unroll|inline -fsyntax-only -fhls -target fpga64-xilinx-linux-gnu /home/lilian/school/UnderWaterCommunications/HLS_receiver/receiver/solution1/.autopilot/db/receiver.pp.0.cpp -hls-platform-db-name=/tools/Xilinx/Vitis_HLS/2022.2/common/technology/xilinx/common/platform.db -hls-platform-name=zynq_slow -device-resource-info=BRAM_280.000000_DSP_220.000000_FF_106400.000000_LUT_53200.000000_SLICE_13300.000000_URAM_0.000000 -device-name-info=xc7z020clg400-1 > /home/lilian/school/UnderWaterCommunications/HLS_receiver/receiver/solution1/.autopilot/db/clang.out.log 2> /home/lilian/school/UnderWaterCommunications/HLS_receiver/receiver/solution1/.autopilot/db/clang.err.log 
Command       ap_eval done; 1.27 sec.
WARNING: [HLS 207-4611] array index 192 is past the end of the array (which contains 97 elements) (receiver.cpp:112:35)
INFO: [HLS 207-4110] array 'filt_I' declared here (receiver.cpp:94:5)
WARNING: [HLS 207-4611] array index 192 is past the end of the array (which contains 97 elements) (receiver.cpp:113:35)
INFO: [HLS 207-4110] array 'filt_Q' declared here (receiver.cpp:95:5)
Execute       clang_tidy xilinx-systemc-detector -desc systemc-detector /home/lilian/school/UnderWaterCommunications/HLS_receiver/receiver/solution1/.autopilot/db/receiver.pp.0.cpp std=gnu++14 -target fpga  -directive=/home/lilian/school/UnderWaterCommunications/HLS_receiver/receiver/solution1/.autopilot/db/.systemc_flag 
INFO-FLOW: exec /tools/Xilinx/Vitis_HLS/2022.2/lnx64/tools/clang-3.9-csynth/bin/clang-tidy -header-filter=.* --checks=-*,xilinx-systemc-detector -import-directive=/home/lilian/school/UnderWaterCommunications/HLS_receiver/receiver/solution1/.autopilot/db/.systemc_flag -fix-errors /home/lilian/school/UnderWaterCommunications/HLS_receiver/receiver/solution1/.autopilot/db/receiver.pp.0.cpp -- -std=gnu++14 -target fpga -fhls -ferror-limit=0
Command       clang_tidy done; 1.16 sec.
INFO-FLOW: Running: clang-tidy CDT preprocess 39
Execute       clang_tidy xilinx-directive2pragma -desc directive2pragma /home/lilian/school/UnderWaterCommunications/HLS_receiver/receiver/solution1/.autopilot/db/receiver.pp.0.cpp std=gnu++14 -target fpga  -directive=/home/lilian/school/UnderWaterCommunications/HLS_receiver/receiver/solution1/.autopilot/db/all.directive.json 
INFO-FLOW: exec /tools/Xilinx/Vitis_HLS/2022.2/lnx64/tools/clang-3.9-csynth/bin/clang-tidy -header-filter=.* --checks=-*,xilinx-directive2pragma -import-directive=/home/lilian/school/UnderWaterCommunications/HLS_receiver/receiver/solution1/.autopilot/db/all.directive.json -fix-errors /home/lilian/school/UnderWaterCommunications/HLS_receiver/receiver/solution1/.autopilot/db/receiver.pp.0.cpp -- -std=gnu++14 -target fpga -fhls -ferror-limit=0
Command       clang_tidy done; 1.58 sec.
Execute       clang_tidy xilinx-remove-assert -desc remove-assert /home/lilian/school/UnderWaterCommunications/HLS_receiver/receiver/solution1/.autopilot/db/receiver.pp.0.cpp std=gnu++14 -target fpga  
INFO-FLOW: exec /tools/Xilinx/Vitis_HLS/2022.2/lnx64/tools/clang-3.9-csynth/bin/clang-tidy -header-filter=.* --checks=-*,xilinx-remove-assert -fix-errors /home/lilian/school/UnderWaterCommunications/HLS_receiver/receiver/solution1/.autopilot/db/receiver.pp.0.cpp -- -std=gnu++14 -target fpga -fhls -ferror-limit=0
Command       clang_tidy done; 1.19 sec.
INFO-FLOW: Done: clang-tidy CDT preprocess 39 time: 2.8 seconds per iteration
INFO-FLOW: Calling xilinx-label-all-loops ... 
INFO-FLOW: Calling xilinx-aggregate-on-hls-vector ... 
Execute       clang_tidy -errorcheck -desc loop-label xilinx-label-all-loops,xilinx-aggregate-on-hls-vector,,xilinx-warn-mayneed-no-ctor-attribute /home/lilian/school/UnderWaterCommunications/HLS_receiver/receiver/solution1/.autopilot/db/receiver.pp.0.cpp std=gnu++14 -target fpga  
Execute         ap_eval exec -ignorestderr /tools/Xilinx/Vitis_HLS/2022.2/lnx64/tools/clang-3.9-csynth/bin/clang-tidy -export-fixes=/home/lilian/school/UnderWaterCommunications/HLS_receiver/receiver/solution1/.autopilot/db/receiver.pp.0.cpp.clang-tidy.loop-label.diag.yml -header-filter=.* --checks=-*,xilinx-label-all-loops,xilinx-aggregate-on-hls-vector,,xilinx-warn-mayneed-no-ctor-attribute -fix-errors /home/lilian/school/UnderWaterCommunications/HLS_receiver/receiver/solution1/.autopilot/db/receiver.pp.0.cpp -- -std=gnu++14 -target fpga -fhls -ferror-limit=0 > /home/lilian/school/UnderWaterCommunications/HLS_receiver/receiver/solution1/.autopilot/db/receiver.pp.0.cpp.clang-tidy.loop-label.out.log 2> /home/lilian/school/UnderWaterCommunications/HLS_receiver/receiver/solution1/.autopilot/db/receiver.pp.0.cpp.clang-tidy.loop-label.err.log 
Command         ap_eval done; 1.89 sec.
Execute         source /tools/Xilinx/Vitis_HLS/2022.2/tps/tcl/tcllib1.11.1/yaml/yaml.tcl 
Command       clang_tidy done; 1.97 sec.
Execute       ap_eval exec -ignorestderr /tools/Xilinx/Vitis_HLS/2022.2/lnx64/tools/clang-3.9-csynth/bin/xilinx-dataflow-lawyer -export-fixes=/home/lilian/school/UnderWaterCommunications/HLS_receiver/receiver/solution1/.autopilot/db/receiver.pp.0.cpp.xilinx-dataflow-lawyer.diag.yml /home/lilian/school/UnderWaterCommunications/HLS_receiver/receiver/solution1/.autopilot/db/receiver.pp.0.cpp -- -std=gnu++14 -target fpga -fhls -ferror-limit=0 -fstrict-dataflow > /home/lilian/school/UnderWaterCommunications/HLS_receiver/receiver/solution1/.autopilot/db/receiver.pp.0.cpp.xilinx-dataflow-lawyer.out.log 2> /home/lilian/school/UnderWaterCommunications/HLS_receiver/receiver/solution1/.autopilot/db/receiver.pp.0.cpp.xilinx-dataflow-lawyer.err.log 
Command       ap_eval done; 1.14 sec.
Execute       ap_part_info -name xc7z020-clg400-1 -data info 
INFO-FLOW: compiling source code to llvm bc
Execute       ap_eval exec -ignorestderr /tools/Xilinx/Vitis_HLS/2022.2/lnx64/tools/clang-3.9-csynth/bin/clang -foptimization-record-file=/home/lilian/school/UnderWaterCommunications/HLS_receiver/receiver/solution1/.autopilot/db/receiver.pp.0.cpp.clang.diag.yml -mllvm -pass-remarks-missed=reflow|pasta|unroll -mllvm -pass-remarks=reflow|pasta|unroll|inline -fno-limit-debug-info -fhls -flto -fno-exceptions -Wno-error=c++11-narrowing /home/lilian/school/UnderWaterCommunications/HLS_receiver/receiver/solution1/.autopilot/db/receiver.pp.0.cpp -fno-math-errno -c -emit-llvm -mllvm -disable-llvm-optzns -Werror=implicit-function-declaration -Werror=implicit-hls-streams -Werror=return-type -Wpragmas -Wunused-parameter -Wdump-hls-pragmas -Wno-error=dump-hls-pragmas -fno-threadsafe-statics -fno-use-cxa-atexit -std=gnu++14 -target fpga64-xilinx-linux-gnu -D__VITIS_HLS__ -DAESL_SYN -D__SYNTHESIS__ -D__HLS_SYN__ -I /tools/Xilinx/Vitis_HLS/2022.2/common/technology/autopilot -I /tools/Xilinx/Vitis_HLS/2022.2/common/technology/autopilot/ap_sysc -include etc/autopilot_ssdm_op.h -D__DSP48E1__ -g -o /home/lilian/school/UnderWaterCommunications/HLS_receiver/receiver/solution1/.autopilot/db/receiver.bc -hls-platform-db-name=/tools/Xilinx/Vitis_HLS/2022.2/common/technology/xilinx/common/platform.db -hls-platform-name=zynq_slow -device-resource-info=BRAM_280.000000_DSP_220.000000_FF_106400.000000_LUT_53200.000000_SLICE_13300.000000_URAM_0.000000 -device-name-info=xc7z020clg400-1 > /home/lilian/school/UnderWaterCommunications/HLS_receiver/receiver/solution1/.autopilot/db/receiver.pp.0.cpp.clang.out.log 2> /home/lilian/school/UnderWaterCommunications/HLS_receiver/receiver/solution1/.autopilot/db/receiver.pp.0.cpp.clang.err.log 
Command       ap_eval done; 1.62 sec.
INFO: [HLS 200-111] Finished Source Code Analysis and Preprocessing: CPU user time: 9.61 seconds. CPU system time: 0.72 seconds. Elapsed time: 10.34 seconds; current allocated memory: 758.266 MB.
INFO-FLOW: Linking Debug ...
INFO-FLOW: Linking dut bc code.
Execute       run_link_or_opt -out /home/lilian/school/UnderWaterCommunications/HLS_receiver/receiver/solution1/.autopilot/db/a.g.ld.0.bc -args  "/home/lilian/school/UnderWaterCommunications/HLS_receiver/receiver/solution1/.autopilot/db/receiver.g.bc"  
Execute         ap_eval exec -ignorestderr /tools/Xilinx/Vitis_HLS/2022.2/lnx64/tools/clang-3.9-csynth/bin/llvm-link /home/lilian/school/UnderWaterCommunications/HLS_receiver/receiver/solution1/.autopilot/db/receiver.g.bc -o /home/lilian/school/UnderWaterCommunications/HLS_receiver/receiver/solution1/.autopilot/db/a.g.ld.0.bc > /home/lilian/school/UnderWaterCommunications/HLS_receiver/receiver/solution1/.autopilot/db/a.g.ld.0.bc.llvm-link.out.log 2> /home/lilian/school/UnderWaterCommunications/HLS_receiver/receiver/solution1/.autopilot/db/a.g.ld.0.bc.llvm-link.err.log 
Command         ap_eval done; 0.12 sec.
INFO-FLOW: 
Command       run_link_or_opt done; 0.12 sec.
Execute       run_link_or_opt -opt -out /home/lilian/school/UnderWaterCommunications/HLS_receiver/receiver/solution1/.autopilot/db/a.g.ld.1.lower.bc -args /home/lilian/school/UnderWaterCommunications/HLS_receiver/receiver/solution1/.autopilot/db/a.g.ld.0.bc -reflow-lower-math-intrinsics 
Execute         ap_eval exec -ignorestderr /tools/Xilinx/Vitis_HLS/2022.2/lnx64/tools/clang-3.9-csynth/bin/opt -pass-remarks-missed=reflow|pasta|unroll -pass-remarks=reflow|pasta|unroll|inline -pass-remarks-output=/home/lilian/school/UnderWaterCommunications/HLS_receiver/receiver/solution1/.autopilot/db/a.g.ld.1.lower.bc.opt.diag.yml /home/lilian/school/UnderWaterCommunications/HLS_receiver/receiver/solution1/.autopilot/db/a.g.ld.0.bc -reflow-lower-math-intrinsics -o /home/lilian/school/UnderWaterCommunications/HLS_receiver/receiver/solution1/.autopilot/db/a.g.ld.1.lower.bc > /home/lilian/school/UnderWaterCommunications/HLS_receiver/receiver/solution1/.autopilot/db/a.g.ld.1.lower.bc.opt.out.log 2> /home/lilian/school/UnderWaterCommunications/HLS_receiver/receiver/solution1/.autopilot/db/a.g.ld.1.lower.bc.opt.err.log 
Command         ap_eval done; 0.15 sec.
INFO-FLOW: 
Command       run_link_or_opt done; 0.15 sec.
INFO-FLOW: Linking math bc lib
Execute       run_link_or_opt -out /home/lilian/school/UnderWaterCommunications/HLS_receiver/receiver/solution1/.autopilot/db/a.g.ld.2.m1.bc -args /home/lilian/school/UnderWaterCommunications/HLS_receiver/receiver/solution1/.autopilot/db/a.g.ld.1.lower.bc -only-needed /tools/Xilinx/Vitis_HLS/2022.2/lnx64/lib/libhlsm_39.bc /tools/Xilinx/Vitis_HLS/2022.2/lnx64/lib/libhlsmc++_39.bc 
Execute         ap_eval exec -ignorestderr /tools/Xilinx/Vitis_HLS/2022.2/lnx64/tools/clang-3.9-csynth/bin/llvm-link /home/lilian/school/UnderWaterCommunications/HLS_receiver/receiver/solution1/.autopilot/db/a.g.ld.1.lower.bc -only-needed /tools/Xilinx/Vitis_HLS/2022.2/lnx64/lib/libhlsm_39.bc /tools/Xilinx/Vitis_HLS/2022.2/lnx64/lib/libhlsmc++_39.bc -o /home/lilian/school/UnderWaterCommunications/HLS_receiver/receiver/solution1/.autopilot/db/a.g.ld.2.m1.bc > /home/lilian/school/UnderWaterCommunications/HLS_receiver/receiver/solution1/.autopilot/db/a.g.ld.2.m1.bc.llvm-link.out.log 2> /home/lilian/school/UnderWaterCommunications/HLS_receiver/receiver/solution1/.autopilot/db/a.g.ld.2.m1.bc.llvm-link.err.log 
Command         ap_eval done; 2.69 sec.
INFO-FLOW: 
Command       run_link_or_opt done; 2.7 sec.
Execute       run_link_or_opt -opt -out /home/lilian/school/UnderWaterCommunications/HLS_receiver/receiver/solution1/.autopilot/db/a.g.ld.3.fpc.bc -args /home/lilian/school/UnderWaterCommunications/HLS_receiver/receiver/solution1/.autopilot/db/a.g.ld.2.m1.bc -reflow-globaldce -hls-top-function-name=receiver -reflow-float-conversion 
Execute         ap_eval exec -ignorestderr /tools/Xilinx/Vitis_HLS/2022.2/lnx64/tools/clang-3.9-csynth/bin/opt -pass-remarks-missed=reflow|pasta|unroll -pass-remarks=reflow|pasta|unroll|inline -pass-remarks-output=/home/lilian/school/UnderWaterCommunications/HLS_receiver/receiver/solution1/.autopilot/db/a.g.ld.3.fpc.bc.opt.diag.yml /home/lilian/school/UnderWaterCommunications/HLS_receiver/receiver/solution1/.autopilot/db/a.g.ld.2.m1.bc -reflow-globaldce -hls-top-function-name=receiver -reflow-float-conversion -o /home/lilian/school/UnderWaterCommunications/HLS_receiver/receiver/solution1/.autopilot/db/a.g.ld.3.fpc.bc > /home/lilian/school/UnderWaterCommunications/HLS_receiver/receiver/solution1/.autopilot/db/a.g.ld.3.fpc.bc.opt.out.log 2> /home/lilian/school/UnderWaterCommunications/HLS_receiver/receiver/solution1/.autopilot/db/a.g.ld.3.fpc.bc.opt.err.log 
Command         ap_eval done; 1.34 sec.
INFO-FLOW: 
Command       run_link_or_opt done; 1.35 sec.
Execute       run_link_or_opt -out /home/lilian/school/UnderWaterCommunications/HLS_receiver/receiver/solution1/.autopilot/db/a.g.ld.4.m2.bc -args /home/lilian/school/UnderWaterCommunications/HLS_receiver/receiver/solution1/.autopilot/db/a.g.ld.3.fpc.bc -only-needed /tools/Xilinx/Vitis_HLS/2022.2/lnx64/lib/libfloatconversion_39.bc 
Execute         ap_eval exec -ignorestderr /tools/Xilinx/Vitis_HLS/2022.2/lnx64/tools/clang-3.9-csynth/bin/llvm-link /home/lilian/school/UnderWaterCommunications/HLS_receiver/receiver/solution1/.autopilot/db/a.g.ld.3.fpc.bc -only-needed /tools/Xilinx/Vitis_HLS/2022.2/lnx64/lib/libfloatconversion_39.bc -o /home/lilian/school/UnderWaterCommunications/HLS_receiver/receiver/solution1/.autopilot/db/a.g.ld.4.m2.bc > /home/lilian/school/UnderWaterCommunications/HLS_receiver/receiver/solution1/.autopilot/db/a.g.ld.4.m2.bc.llvm-link.out.log 2> /home/lilian/school/UnderWaterCommunications/HLS_receiver/receiver/solution1/.autopilot/db/a.g.ld.4.m2.bc.llvm-link.err.log 
Command         ap_eval done; 0.24 sec.
INFO-FLOW: 
Command       run_link_or_opt done; 0.24 sec.
Execute       run_link_or_opt -opt -out /home/lilian/school/UnderWaterCommunications/HLS_receiver/receiver/solution1/.autopilot/db/a.g.ld.5.gdce.bc -args /home/lilian/school/UnderWaterCommunications/HLS_receiver/receiver/solution1/.autopilot/db/a.g.ld.4.m2.bc -reflow-globaldce -hls-top-function-name=receiver 
Execute         ap_eval exec -ignorestderr /tools/Xilinx/Vitis_HLS/2022.2/lnx64/tools/clang-3.9-csynth/bin/opt -pass-remarks-missed=reflow|pasta|unroll -pass-remarks=reflow|pasta|unroll|inline -pass-remarks-output=/home/lilian/school/UnderWaterCommunications/HLS_receiver/receiver/solution1/.autopilot/db/a.g.ld.5.gdce.bc.opt.diag.yml /home/lilian/school/UnderWaterCommunications/HLS_receiver/receiver/solution1/.autopilot/db/a.g.ld.4.m2.bc -reflow-globaldce -hls-top-function-name=receiver -o /home/lilian/school/UnderWaterCommunications/HLS_receiver/receiver/solution1/.autopilot/db/a.g.ld.5.gdce.bc > /home/lilian/school/UnderWaterCommunications/HLS_receiver/receiver/solution1/.autopilot/db/a.g.ld.5.gdce.bc.opt.out.log 2> /home/lilian/school/UnderWaterCommunications/HLS_receiver/receiver/solution1/.autopilot/db/a.g.ld.5.gdce.bc.opt.err.log 
Command         ap_eval done; 0.2 sec.
INFO-FLOW: 
Command       run_link_or_opt done; 0.2 sec.
Execute       send_msg_by_id INFO @200-777@%s Vivado 
INFO: [HLS 200-777] Using interface defaults for 'Vivado' flow target.
Execute       is_m_axi_addr64 
INFO-FLOW: Doing LTO.
Execute       ap_eval exec -ignorestderr /tools/Xilinx/Vitis_HLS/2022.2/lnx64/tools/clang-3.9-csynth/bin/clang -foptimization-record-file=/home/lilian/school/UnderWaterCommunications/HLS_receiver/receiver/solution1/.autopilot/db/a.g.ld.0.bc.clang.diag.yml -mllvm -pass-remarks-missed=reflow|pasta|unroll -mllvm -pass-remarks=reflow|pasta|unroll|inline -fhls -mllvm -hls-top-function-name=receiver -mllvm -hls-db-dir -mllvm /home/lilian/school/UnderWaterCommunications/HLS_receiver/receiver/solution1/.autopilot/db -emit-llvm -c -target fpga64-xilinx-none -mllvm -xcl-xmlinfo=/home/lilian/school/UnderWaterCommunications/HLS_receiver/receiver/solution1/.autopilot/db/kernel.internal.xml -mllvm -top-io-mapping-info=/home/lilian/school/UnderWaterCommunications/HLS_receiver/receiver/solution1/.autopilot/db/top-io-fe.xml -mllvm -hls-bitcode-version=3.1 -mllvm -reflow-enable-slave-interface-default-setting=true -mllvm -gen-kernel-xml=false -mllvm -default-maxi-offset=slave -mllvm -maxi-latency=0 -mllvm -hls-maxi-data-size-in-bits=8 -mllvm -hls-maxi-max-data-size-in-bits=1024 -mllvm -hls-max-widen-size-in-bits=0 -mllvm -xcl-kernel-max-mem-ports=0 -mllvm -maxi-read-trans=16 -mllvm -maxi-write-trans=16 -mllvm -maxi-read-burst-len=16 -mllvm -maxi-write-burst-len=16 -mllvm -reflow-enable-saxi-64bits=0 -mllvm -reflow-basic-block-instr-threshold=200000 -mllvm -reflow-auto-pipeline-threshold=64 -mllvm -reflow-enable-maxi-auto-id-channel=0 -mllvm -assume-maxi-align=1 -mllvm -reflow-pipeline-style-llvm-setting=2 -mllvm -reflow-enable-dataflow-strict-mode-checking=1 -mllvm -reflow-auto-array-partition-mode=default -mllvm -reflow-enable-auto-array-partition=true -mllvm -reflow-enable-auto-parallel-performance-driven=true -mllvm -reflow-enable-partition-for-automation=true -mllvm -reflow-aggregate-bitwidth-threshold=4096 -mllvm -reflow-assume-no-address-wrap=true -mllvm -hls -mllvm -disable-inlined-alloca-merging=true -mllvm -default-clock-period=8 -x ir /home/lilian/school/UnderWaterCommunications/HLS_receiver/receiver/solution1/.autopilot/db/a.g.ld.5.gdce.bc -o /home/lilian/school/UnderWaterCommunications/HLS_receiver/receiver/solution1/.autopilot/db/a.g.lto.bc -hls-platform-db-name=/tools/Xilinx/Vitis_HLS/2022.2/common/technology/xilinx/common/platform.db -hls-platform-name=zynq_slow -device-resource-info=BRAM_280.000000_DSP_220.000000_FF_106400.000000_LUT_53200.000000_SLICE_13300.000000_URAM_0.000000 -device-name-info=xc7z020clg400-1 > /home/lilian/school/UnderWaterCommunications/HLS_receiver/receiver/solution1/.autopilot/db/a.g.ld.0.bc.clang.out.log 2> /home/lilian/school/UnderWaterCommunications/HLS_receiver/receiver/solution1/.autopilot/db/a.g.ld.0.bc.clang.err.log 
Command       ap_eval done; error code: 1; 1.87 sec.
ERROR: [HLS 214-211] in function 'receiver(hls::stream<hls::axis<ap_int<32>, 2ul, 5ul, 6ul>, 0>&, hls::stream<hls::axis<ap_int<32>, 2ul, 5ul, 6ul>, 0>&, hls::stream<hls::axis<ap_int<32>, 2ul, 5ul, 6ul>, 0>&)': Detected illegal out-of-bounds access on variable 'filt_Q' (receiver.cpp:113:33)
ERROR: [HLS 214-211] in function 'receiver(hls::stream<hls::axis<ap_int<32>, 2ul, 5ul, 6ul>, 0>&, hls::stream<hls::axis<ap_int<32>, 2ul, 5ul, 6ul>, 0>&, hls::stream<hls::axis<ap_int<32>, 2ul, 5ul, 6ul>, 0>&)': Detected illegal out-of-bounds access on variable 'filt_I' (receiver.cpp:112:33)
Execute       send_msg_by_id ERROR @200-1715@ 
ERROR: [HLS 200-1715] Encountered problem during source synthesis
INFO-FLOW: Error in clang_39: 
INFO-FLOW: Caught error in elaborate: Pre-synthesis failed.
    while executing
"AP::ap_link_39 [::AP::get_bc_list  $dbgInfo] $skip_transform $LLVMFlags $dbgInfo"
    (procedure "AP::compile_dut_files_39" line 19)
    invoked from within
"AP::compile_dut_files_39 $dut_files $dbgInfo $skip_cdt $skip_transform"
    (procedure "AP::compile" line 103)
    invoked from within
"AP::compile 1 $skip_cdt $skip_transform"
    (procedure "ap_internal_elaborate" line 83)
    invoked from within
"ap_internal_elaborate "
Command     elaborate done; error code: 2; 17.03 sec.
INFO-FLOW: Caught error in csynth_design: Pre-synthesis failed.
    while executing
"ap_internal_csynth_design "
Command   csynth_design done; error code: 2; 17.05 sec.
INFO: [HLS 200-111] Finished Command csynth_design CPU user time: 15.72 seconds. CPU system time: 1.3 seconds. Elapsed time: 17.05 seconds; current allocated memory: 2.359 MB.
Command ap_source done; error code: 1; 29.36 sec.
Execute cleanup_all 
