

================================================================
== Vitis HLS Report for 'receiver_Pipeline_VITIS_LOOP_201_16'
================================================================
* Date:           Thu May  2 22:09:35 2024

* Version:        2023.1 (Build 3854077 on May  4 2023)
* Project:        receiver
* Solution:       solution1 (Vivado IP Flow Target)
* Product family: zynq
* Target device:  xc7z020-clg400-1


================================================================
== Performance Estimates
================================================================
+ Timing: 
    * Summary: 
    +--------+---------+----------+------------+
    |  Clock |  Target | Estimated| Uncertainty|
    +--------+---------+----------+------------+
    |ap_clk  |  8.00 ns|  4.726 ns|     2.16 ns|
    +--------+---------+----------+------------+

+ Latency: 
    * Summary: 
    +---------+---------+----------+----------+-----+-----+---------+
    |  Latency (cycles) |  Latency (absolute) |  Interval | Pipeline|
    |   min   |   max   |    min   |    max   | min | max |   Type  |
    +---------+---------+----------+----------+-----+-----+---------+
    |       21|       21|  0.168 us|  0.168 us|   21|   21|       no|
    +---------+---------+----------+----------+-----+-----+---------+

    + Detail: 
        * Instance: 
        N/A

        * Loop: 
        +---------------------+---------+---------+----------+-----------+-----------+------+----------+
        |                     |  Latency (cycles) | Iteration|  Initiation Interval  | Trip |          |
        |      Loop Name      |   min   |   max   |  Latency |  achieved |   target  | Count| Pipelined|
        +---------------------+---------+---------+----------+-----------+-----------+------+----------+
        |- VITIS_LOOP_201_16  |       19|       19|         3|          1|          1|    17|       yes|
        +---------------------+---------+---------+----------+-----------+-----------+------+----------+

============================================================
+ Verbose Summary: Synthesis Manager
============================================================
InlineROM: 1
ExposeGlobal: 0
============================================================
+ Verbose Summary: CDFG Model
============================================================
IsTopModel: 0
ResetActiveHigh: 1
IsCombinational: 0
IsDatapathOnly: 0
HasWiredReturn: 1
HasMFsm: 2
HasVarLatency: 1
IsPipeline: 0
IsRtlPipelined: 0
IsInstanceOverlapped: 0
IsDontTouch: 0
HasImplIP: 0
IsGatedGlobalClock: 0

+ Individual pipeline summary: 
  * Pipeline-0: initiation interval (II) = 1, depth = 3


============================================================
+ Verbose Summary: Schedule
============================================================
* Number of FSM states : 3
* Pipeline : 1
  Pipeline-0 : II = 1, D = 3, States = { 1 2 3 }
* Dataflow Pipeline: 0

* FSM state transitions: 
1 --> 2 
2 --> 3 
3 --> 

* FSM state operations: 

State 1 <SV = 0> <Delay = 3.50>
ST_1 : Operation 6 [1/1] (0.00ns)   --->   "%i = alloca i32 1"   --->   Operation 6 'alloca' 'i' <Predicate = true> <Delay = 0.00>
ST_1 : Operation 7 [1/1] (1.58ns)   --->   "%store_ln0 = store i8 0, i8 %i"   --->   Operation 7 'store' 'store_ln0' <Predicate = true> <Delay = 1.58>
ST_1 : Operation 8 [1/1] (0.00ns)   --->   "%br_ln0 = br void %for.body577.0.split"   --->   Operation 8 'br' 'br_ln0' <Predicate = true> <Delay = 0.00>
ST_1 : Operation 9 [1/1] (0.00ns)   --->   "%i_9 = load i8 %i" [receiver.cpp:201]   --->   Operation 9 'load' 'i_9' <Predicate = true> <Delay = 0.00>
ST_1 : Operation 10 [1/1] (0.00ns)   --->   "%lshr_ln = partselect i5 @_ssdm_op_PartSelect.i5.i8.i32.i32, i8 %i_9, i32 3, i32 7" [receiver.cpp:201]   --->   Operation 10 'partselect' 'lshr_ln' <Predicate = true> <Delay = 0.00>
ST_1 : Operation 11 [1/1] (0.00ns)   --->   "%zext_ln201 = zext i5 %lshr_ln" [receiver.cpp:201]   --->   Operation 11 'zext' 'zext_ln201' <Predicate = true> <Delay = 0.00>
ST_1 : Operation 12 [1/1] (0.00ns)   --->   "%arr_4_I_addr = getelementptr i27 %arr_4_I, i64 0, i64 %zext_ln201" [receiver.cpp:203]   --->   Operation 12 'getelementptr' 'arr_4_I_addr' <Predicate = true> <Delay = 0.00>
ST_1 : Operation 13 [2/2] (2.32ns)   --->   "%arr_4_I_load = load i5 %arr_4_I_addr" [receiver.cpp:203]   --->   Operation 13 'load' 'arr_4_I_load' <Predicate = true> <Delay = 2.32> <CoreInst = "RAM">   --->   Core 82 'RAM' <Latency = 1> <II = 1> <Delay = 2.32> <Storage> <Opcode : 'load' 'store'> <Ports = 2> <Width = 27> <Depth = 18> <RAM>
ST_1 : Operation 14 [1/1] (0.00ns)   --->   "%arr_4_I_1_addr = getelementptr i27 %arr_4_I_1, i64 0, i64 %zext_ln201" [receiver.cpp:203]   --->   Operation 14 'getelementptr' 'arr_4_I_1_addr' <Predicate = true> <Delay = 0.00>
ST_1 : Operation 15 [2/2] (2.32ns)   --->   "%arr_4_I_1_load = load i5 %arr_4_I_1_addr" [receiver.cpp:203]   --->   Operation 15 'load' 'arr_4_I_1_load' <Predicate = true> <Delay = 2.32> <CoreInst = "RAM">   --->   Core 82 'RAM' <Latency = 1> <II = 1> <Delay = 2.32> <Storage> <Opcode : 'load' 'store'> <Ports = 2> <Width = 27> <Depth = 18> <RAM>
ST_1 : Operation 16 [1/1] (0.00ns)   --->   "%arr_4_Q_addr = getelementptr i27 %arr_4_Q, i64 0, i64 %zext_ln201" [receiver.cpp:204]   --->   Operation 16 'getelementptr' 'arr_4_Q_addr' <Predicate = true> <Delay = 0.00>
ST_1 : Operation 17 [1/1] (0.00ns)   --->   "%arr_4_Q_1_addr = getelementptr i27 %arr_4_Q_1, i64 0, i64 %zext_ln201" [receiver.cpp:204]   --->   Operation 17 'getelementptr' 'arr_4_Q_1_addr' <Predicate = true> <Delay = 0.00>
ST_1 : Operation 18 [1/1] (0.00ns)   --->   "%arr_4_I_2_addr = getelementptr i27 %arr_4_I_2, i64 0, i64 %zext_ln201" [receiver.cpp:203]   --->   Operation 18 'getelementptr' 'arr_4_I_2_addr' <Predicate = true> <Delay = 0.00>
ST_1 : Operation 19 [1/1] (0.00ns)   --->   "%arr_4_I_3_addr = getelementptr i27 %arr_4_I_3, i64 0, i64 %zext_ln201" [receiver.cpp:203]   --->   Operation 19 'getelementptr' 'arr_4_I_3_addr' <Predicate = true> <Delay = 0.00>
ST_1 : Operation 20 [2/2] (2.32ns)   --->   "%arr_4_I_2_load = load i5 %arr_4_I_2_addr" [receiver.cpp:203]   --->   Operation 20 'load' 'arr_4_I_2_load' <Predicate = true> <Delay = 2.32> <CoreInst = "RAM">   --->   Core 82 'RAM' <Latency = 1> <II = 1> <Delay = 2.32> <Storage> <Opcode : 'load' 'store'> <Ports = 2> <Width = 27> <Depth = 18> <RAM>
ST_1 : Operation 21 [2/2] (2.32ns)   --->   "%arr_4_I_3_load = load i5 %arr_4_I_3_addr" [receiver.cpp:203]   --->   Operation 21 'load' 'arr_4_I_3_load' <Predicate = true> <Delay = 2.32> <CoreInst = "RAM">   --->   Core 82 'RAM' <Latency = 1> <II = 1> <Delay = 2.32> <Storage> <Opcode : 'load' 'store'> <Ports = 2> <Width = 27> <Depth = 18> <RAM>
ST_1 : Operation 22 [1/1] (0.00ns)   --->   "%arr_4_Q_2_addr = getelementptr i27 %arr_4_Q_2, i64 0, i64 %zext_ln201" [receiver.cpp:204]   --->   Operation 22 'getelementptr' 'arr_4_Q_2_addr' <Predicate = true> <Delay = 0.00>
ST_1 : Operation 23 [1/1] (0.00ns)   --->   "%arr_4_Q_3_addr = getelementptr i27 %arr_4_Q_3, i64 0, i64 %zext_ln201" [receiver.cpp:204]   --->   Operation 23 'getelementptr' 'arr_4_Q_3_addr' <Predicate = true> <Delay = 0.00>
ST_1 : Operation 24 [2/2] (2.32ns)   --->   "%arr_4_Q_load = load i5 %arr_4_Q_addr" [receiver.cpp:204]   --->   Operation 24 'load' 'arr_4_Q_load' <Predicate = true> <Delay = 2.32> <CoreInst = "RAM">   --->   Core 82 'RAM' <Latency = 1> <II = 1> <Delay = 2.32> <Storage> <Opcode : 'load' 'store'> <Ports = 2> <Width = 27> <Depth = 18> <RAM>
ST_1 : Operation 25 [2/2] (2.32ns)   --->   "%arr_4_Q_1_load = load i5 %arr_4_Q_1_addr" [receiver.cpp:204]   --->   Operation 25 'load' 'arr_4_Q_1_load' <Predicate = true> <Delay = 2.32> <CoreInst = "RAM">   --->   Core 82 'RAM' <Latency = 1> <II = 1> <Delay = 2.32> <Storage> <Opcode : 'load' 'store'> <Ports = 2> <Width = 27> <Depth = 18> <RAM>
ST_1 : Operation 26 [2/2] (2.32ns)   --->   "%arr_4_Q_2_load = load i5 %arr_4_Q_2_addr" [receiver.cpp:204]   --->   Operation 26 'load' 'arr_4_Q_2_load' <Predicate = true> <Delay = 2.32> <CoreInst = "RAM">   --->   Core 82 'RAM' <Latency = 1> <II = 1> <Delay = 2.32> <Storage> <Opcode : 'load' 'store'> <Ports = 2> <Width = 27> <Depth = 18> <RAM>
ST_1 : Operation 27 [2/2] (2.32ns)   --->   "%arr_4_Q_3_load = load i5 %arr_4_Q_3_addr" [receiver.cpp:204]   --->   Operation 27 'load' 'arr_4_Q_3_load' <Predicate = true> <Delay = 2.32> <CoreInst = "RAM">   --->   Core 82 'RAM' <Latency = 1> <II = 1> <Delay = 2.32> <Storage> <Opcode : 'load' 'store'> <Ports = 2> <Width = 27> <Depth = 18> <RAM>
ST_1 : Operation 28 [1/1] (0.00ns) (grouped into LUT with out node icmp_ln201)   --->   "%or_ln201 = or i8 %i_9, i8 4" [receiver.cpp:201]   --->   Operation 28 'or' 'or_ln201' <Predicate = true> <Delay = 0.00>
ST_1 : Operation 29 [1/1] (1.91ns) (out node of the LUT)   --->   "%icmp_ln201 = icmp_ult  i8 %or_ln201, i8 140" [receiver.cpp:201]   --->   Operation 29 'icmp' 'icmp_ln201' <Predicate = true> <Delay = 1.91> <CoreInst = "Cmp">   --->   Core 9 'Cmp' <Latency = 0> <II = 1> <Delay = 1.91> <FuncUnit> <Opcode : 'icmp'> <InPorts = 2> <OutPorts = 1>
ST_1 : Operation 30 [1/1] (0.00ns)   --->   "%br_ln201 = br i1 %icmp_ln201, void %for.end598.exitStub, void %for.body577.2" [receiver.cpp:201]   --->   Operation 30 'br' 'br_ln201' <Predicate = true> <Delay = 0.00>
ST_1 : Operation 31 [1/1] (0.00ns)   --->   "%arr_4_I_4_addr = getelementptr i27 %arr_4_I_4, i64 0, i64 %zext_ln201" [receiver.cpp:203]   --->   Operation 31 'getelementptr' 'arr_4_I_4_addr' <Predicate = (icmp_ln201)> <Delay = 0.00>
ST_1 : Operation 32 [2/2] (2.32ns)   --->   "%arr_4_I_4_load = load i5 %arr_4_I_4_addr" [receiver.cpp:203]   --->   Operation 32 'load' 'arr_4_I_4_load' <Predicate = (icmp_ln201)> <Delay = 2.32> <CoreInst = "RAM">   --->   Core 82 'RAM' <Latency = 1> <II = 1> <Delay = 2.32> <Storage> <Opcode : 'load' 'store'> <Ports = 2> <Width = 27> <Depth = 18> <RAM>
ST_1 : Operation 33 [1/1] (0.00ns)   --->   "%arr_4_I_5_addr = getelementptr i27 %arr_4_I_5, i64 0, i64 %zext_ln201" [receiver.cpp:203]   --->   Operation 33 'getelementptr' 'arr_4_I_5_addr' <Predicate = (icmp_ln201)> <Delay = 0.00>
ST_1 : Operation 34 [2/2] (2.32ns)   --->   "%arr_4_I_5_load = load i5 %arr_4_I_5_addr" [receiver.cpp:203]   --->   Operation 34 'load' 'arr_4_I_5_load' <Predicate = (icmp_ln201)> <Delay = 2.32> <CoreInst = "RAM">   --->   Core 82 'RAM' <Latency = 1> <II = 1> <Delay = 2.32> <Storage> <Opcode : 'load' 'store'> <Ports = 2> <Width = 27> <Depth = 18> <RAM>
ST_1 : Operation 35 [1/1] (0.00ns)   --->   "%arr_4_Q_4_addr = getelementptr i27 %arr_4_Q_4, i64 0, i64 %zext_ln201" [receiver.cpp:204]   --->   Operation 35 'getelementptr' 'arr_4_Q_4_addr' <Predicate = (icmp_ln201)> <Delay = 0.00>
ST_1 : Operation 36 [1/1] (0.00ns)   --->   "%arr_4_Q_5_addr = getelementptr i27 %arr_4_Q_5, i64 0, i64 %zext_ln201" [receiver.cpp:204]   --->   Operation 36 'getelementptr' 'arr_4_Q_5_addr' <Predicate = (icmp_ln201)> <Delay = 0.00>
ST_1 : Operation 37 [1/1] (0.00ns)   --->   "%arr_4_I_6_addr = getelementptr i27 %arr_4_I_6, i64 0, i64 %zext_ln201" [receiver.cpp:203]   --->   Operation 37 'getelementptr' 'arr_4_I_6_addr' <Predicate = (icmp_ln201)> <Delay = 0.00>
ST_1 : Operation 38 [1/1] (0.00ns)   --->   "%arr_4_I_7_addr = getelementptr i27 %arr_4_I_7, i64 0, i64 %zext_ln201" [receiver.cpp:203]   --->   Operation 38 'getelementptr' 'arr_4_I_7_addr' <Predicate = (icmp_ln201)> <Delay = 0.00>
ST_1 : Operation 39 [2/2] (2.32ns)   --->   "%arr_4_I_6_load = load i5 %arr_4_I_6_addr" [receiver.cpp:203]   --->   Operation 39 'load' 'arr_4_I_6_load' <Predicate = (icmp_ln201)> <Delay = 2.32> <CoreInst = "RAM">   --->   Core 82 'RAM' <Latency = 1> <II = 1> <Delay = 2.32> <Storage> <Opcode : 'load' 'store'> <Ports = 2> <Width = 27> <Depth = 18> <RAM>
ST_1 : Operation 40 [2/2] (2.32ns)   --->   "%arr_4_I_7_load = load i5 %arr_4_I_7_addr" [receiver.cpp:203]   --->   Operation 40 'load' 'arr_4_I_7_load' <Predicate = (icmp_ln201)> <Delay = 2.32> <CoreInst = "RAM">   --->   Core 82 'RAM' <Latency = 1> <II = 1> <Delay = 2.32> <Storage> <Opcode : 'load' 'store'> <Ports = 2> <Width = 27> <Depth = 18> <RAM>
ST_1 : Operation 41 [1/1] (0.00ns)   --->   "%arr_4_Q_6_addr = getelementptr i27 %arr_4_Q_6, i64 0, i64 %zext_ln201" [receiver.cpp:204]   --->   Operation 41 'getelementptr' 'arr_4_Q_6_addr' <Predicate = (icmp_ln201)> <Delay = 0.00>
ST_1 : Operation 42 [1/1] (0.00ns)   --->   "%arr_4_Q_7_addr = getelementptr i27 %arr_4_Q_7, i64 0, i64 %zext_ln201" [receiver.cpp:204]   --->   Operation 42 'getelementptr' 'arr_4_Q_7_addr' <Predicate = (icmp_ln201)> <Delay = 0.00>
ST_1 : Operation 43 [2/2] (2.32ns)   --->   "%arr_4_Q_4_load = load i5 %arr_4_Q_4_addr" [receiver.cpp:204]   --->   Operation 43 'load' 'arr_4_Q_4_load' <Predicate = (icmp_ln201)> <Delay = 2.32> <CoreInst = "RAM">   --->   Core 82 'RAM' <Latency = 1> <II = 1> <Delay = 2.32> <Storage> <Opcode : 'load' 'store'> <Ports = 2> <Width = 27> <Depth = 18> <RAM>
ST_1 : Operation 44 [2/2] (2.32ns)   --->   "%arr_4_Q_5_load = load i5 %arr_4_Q_5_addr" [receiver.cpp:204]   --->   Operation 44 'load' 'arr_4_Q_5_load' <Predicate = (icmp_ln201)> <Delay = 2.32> <CoreInst = "RAM">   --->   Core 82 'RAM' <Latency = 1> <II = 1> <Delay = 2.32> <Storage> <Opcode : 'load' 'store'> <Ports = 2> <Width = 27> <Depth = 18> <RAM>
ST_1 : Operation 45 [2/2] (2.32ns)   --->   "%arr_4_Q_6_load = load i5 %arr_4_Q_6_addr" [receiver.cpp:204]   --->   Operation 45 'load' 'arr_4_Q_6_load' <Predicate = (icmp_ln201)> <Delay = 2.32> <CoreInst = "RAM">   --->   Core 82 'RAM' <Latency = 1> <II = 1> <Delay = 2.32> <Storage> <Opcode : 'load' 'store'> <Ports = 2> <Width = 27> <Depth = 18> <RAM>
ST_1 : Operation 46 [2/2] (2.32ns)   --->   "%arr_4_Q_7_load = load i5 %arr_4_Q_7_addr" [receiver.cpp:204]   --->   Operation 46 'load' 'arr_4_Q_7_load' <Predicate = (icmp_ln201)> <Delay = 2.32> <CoreInst = "RAM">   --->   Core 82 'RAM' <Latency = 1> <II = 1> <Delay = 2.32> <Storage> <Opcode : 'load' 'store'> <Ports = 2> <Width = 27> <Depth = 18> <RAM>
ST_1 : Operation 47 [1/1] (1.91ns)   --->   "%add_ln201 = add i8 %i_9, i8 8" [receiver.cpp:201]   --->   Operation 47 'add' 'add_ln201' <Predicate = (icmp_ln201)> <Delay = 1.91> <CoreInst = "Adder">   --->   Core 1 'Adder' <Latency = 0> <II = 1> <Delay = 1.91> <FuncUnit> <Opcode : 'add' 'sub'> <InPorts = 2> <OutPorts = 1>
ST_1 : Operation 48 [1/1] (1.58ns)   --->   "%store_ln201 = store i8 %add_ln201, i8 %i" [receiver.cpp:201]   --->   Operation 48 'store' 'store_ln201' <Predicate = (icmp_ln201)> <Delay = 1.58>

State 2 <SV = 1> <Delay = 4.72>
ST_2 : Operation 49 [1/2] (2.32ns)   --->   "%arr_4_I_load = load i5 %arr_4_I_addr" [receiver.cpp:203]   --->   Operation 49 'load' 'arr_4_I_load' <Predicate = true> <Delay = 2.32> <CoreInst = "RAM">   --->   Core 82 'RAM' <Latency = 1> <II = 1> <Delay = 2.32> <Storage> <Opcode : 'load' 'store'> <Ports = 2> <Width = 27> <Depth = 18> <RAM>
ST_2 : Operation 50 [1/1] (0.00ns)   --->   "%sext_ln203 = sext i27 %arr_4_I_load" [receiver.cpp:203]   --->   Operation 50 'sext' 'sext_ln203' <Predicate = true> <Delay = 0.00>
ST_2 : Operation 51 [1/2] (2.32ns)   --->   "%arr_4_I_1_load = load i5 %arr_4_I_1_addr" [receiver.cpp:203]   --->   Operation 51 'load' 'arr_4_I_1_load' <Predicate = true> <Delay = 2.32> <CoreInst = "RAM">   --->   Core 82 'RAM' <Latency = 1> <II = 1> <Delay = 2.32> <Storage> <Opcode : 'load' 'store'> <Ports = 2> <Width = 27> <Depth = 18> <RAM>
ST_2 : Operation 52 [1/1] (0.00ns)   --->   "%sext_ln203_1 = sext i27 %arr_4_I_1_load" [receiver.cpp:203]   --->   Operation 52 'sext' 'sext_ln203_1' <Predicate = true> <Delay = 0.00>
ST_2 : Operation 53 [1/1] (2.40ns)   --->   "%add_ln203 = add i28 %sext_ln203_1, i28 %sext_ln203" [receiver.cpp:203]   --->   Operation 53 'add' 'add_ln203' <Predicate = true> <Delay = 2.40> <CoreInst = "Adder">   --->   Core 1 'Adder' <Latency = 0> <II = 1> <Delay = 2.40> <FuncUnit> <Opcode : 'add' 'sub'> <InPorts = 2> <OutPorts = 1>
ST_2 : Operation 54 [1/2] (2.32ns)   --->   "%arr_4_I_2_load = load i5 %arr_4_I_2_addr" [receiver.cpp:203]   --->   Operation 54 'load' 'arr_4_I_2_load' <Predicate = true> <Delay = 2.32> <CoreInst = "RAM">   --->   Core 82 'RAM' <Latency = 1> <II = 1> <Delay = 2.32> <Storage> <Opcode : 'load' 'store'> <Ports = 2> <Width = 27> <Depth = 18> <RAM>
ST_2 : Operation 55 [1/1] (0.00ns)   --->   "%sext_ln203_2 = sext i27 %arr_4_I_2_load" [receiver.cpp:203]   --->   Operation 55 'sext' 'sext_ln203_2' <Predicate = true> <Delay = 0.00>
ST_2 : Operation 56 [1/2] (2.32ns)   --->   "%arr_4_I_3_load = load i5 %arr_4_I_3_addr" [receiver.cpp:203]   --->   Operation 56 'load' 'arr_4_I_3_load' <Predicate = true> <Delay = 2.32> <CoreInst = "RAM">   --->   Core 82 'RAM' <Latency = 1> <II = 1> <Delay = 2.32> <Storage> <Opcode : 'load' 'store'> <Ports = 2> <Width = 27> <Depth = 18> <RAM>
ST_2 : Operation 57 [1/1] (0.00ns)   --->   "%sext_ln203_3 = sext i27 %arr_4_I_3_load" [receiver.cpp:203]   --->   Operation 57 'sext' 'sext_ln203_3' <Predicate = true> <Delay = 0.00>
ST_2 : Operation 58 [1/1] (2.40ns)   --->   "%add_ln203_1 = add i28 %sext_ln203_3, i28 %sext_ln203_2" [receiver.cpp:203]   --->   Operation 58 'add' 'add_ln203_1' <Predicate = true> <Delay = 2.40> <CoreInst = "Adder">   --->   Core 1 'Adder' <Latency = 0> <II = 1> <Delay = 2.40> <FuncUnit> <Opcode : 'add' 'sub'> <InPorts = 2> <OutPorts = 1>
ST_2 : Operation 59 [1/2] (2.32ns)   --->   "%arr_4_Q_load = load i5 %arr_4_Q_addr" [receiver.cpp:204]   --->   Operation 59 'load' 'arr_4_Q_load' <Predicate = true> <Delay = 2.32> <CoreInst = "RAM">   --->   Core 82 'RAM' <Latency = 1> <II = 1> <Delay = 2.32> <Storage> <Opcode : 'load' 'store'> <Ports = 2> <Width = 27> <Depth = 18> <RAM>
ST_2 : Operation 60 [1/1] (0.00ns)   --->   "%sext_ln204 = sext i27 %arr_4_Q_load" [receiver.cpp:204]   --->   Operation 60 'sext' 'sext_ln204' <Predicate = true> <Delay = 0.00>
ST_2 : Operation 61 [1/2] (2.32ns)   --->   "%arr_4_Q_1_load = load i5 %arr_4_Q_1_addr" [receiver.cpp:204]   --->   Operation 61 'load' 'arr_4_Q_1_load' <Predicate = true> <Delay = 2.32> <CoreInst = "RAM">   --->   Core 82 'RAM' <Latency = 1> <II = 1> <Delay = 2.32> <Storage> <Opcode : 'load' 'store'> <Ports = 2> <Width = 27> <Depth = 18> <RAM>
ST_2 : Operation 62 [1/1] (0.00ns)   --->   "%sext_ln204_1 = sext i27 %arr_4_Q_1_load" [receiver.cpp:204]   --->   Operation 62 'sext' 'sext_ln204_1' <Predicate = true> <Delay = 0.00>
ST_2 : Operation 63 [1/1] (2.40ns)   --->   "%add_ln204 = add i28 %sext_ln204_1, i28 %sext_ln204" [receiver.cpp:204]   --->   Operation 63 'add' 'add_ln204' <Predicate = true> <Delay = 2.40> <CoreInst = "Adder">   --->   Core 1 'Adder' <Latency = 0> <II = 1> <Delay = 2.40> <FuncUnit> <Opcode : 'add' 'sub'> <InPorts = 2> <OutPorts = 1>
ST_2 : Operation 64 [1/2] (2.32ns)   --->   "%arr_4_Q_2_load = load i5 %arr_4_Q_2_addr" [receiver.cpp:204]   --->   Operation 64 'load' 'arr_4_Q_2_load' <Predicate = true> <Delay = 2.32> <CoreInst = "RAM">   --->   Core 82 'RAM' <Latency = 1> <II = 1> <Delay = 2.32> <Storage> <Opcode : 'load' 'store'> <Ports = 2> <Width = 27> <Depth = 18> <RAM>
ST_2 : Operation 65 [1/1] (0.00ns)   --->   "%sext_ln204_2 = sext i27 %arr_4_Q_2_load" [receiver.cpp:204]   --->   Operation 65 'sext' 'sext_ln204_2' <Predicate = true> <Delay = 0.00>
ST_2 : Operation 66 [1/2] (2.32ns)   --->   "%arr_4_Q_3_load = load i5 %arr_4_Q_3_addr" [receiver.cpp:204]   --->   Operation 66 'load' 'arr_4_Q_3_load' <Predicate = true> <Delay = 2.32> <CoreInst = "RAM">   --->   Core 82 'RAM' <Latency = 1> <II = 1> <Delay = 2.32> <Storage> <Opcode : 'load' 'store'> <Ports = 2> <Width = 27> <Depth = 18> <RAM>
ST_2 : Operation 67 [1/1] (0.00ns)   --->   "%sext_ln204_3 = sext i27 %arr_4_Q_3_load" [receiver.cpp:204]   --->   Operation 67 'sext' 'sext_ln204_3' <Predicate = true> <Delay = 0.00>
ST_2 : Operation 68 [1/1] (2.40ns)   --->   "%add_ln204_1 = add i28 %sext_ln204_3, i28 %sext_ln204_2" [receiver.cpp:204]   --->   Operation 68 'add' 'add_ln204_1' <Predicate = true> <Delay = 2.40> <CoreInst = "Adder">   --->   Core 1 'Adder' <Latency = 0> <II = 1> <Delay = 2.40> <FuncUnit> <Opcode : 'add' 'sub'> <InPorts = 2> <OutPorts = 1>
ST_2 : Operation 69 [1/2] (2.32ns)   --->   "%arr_4_I_4_load = load i5 %arr_4_I_4_addr" [receiver.cpp:203]   --->   Operation 69 'load' 'arr_4_I_4_load' <Predicate = (icmp_ln201)> <Delay = 2.32> <CoreInst = "RAM">   --->   Core 82 'RAM' <Latency = 1> <II = 1> <Delay = 2.32> <Storage> <Opcode : 'load' 'store'> <Ports = 2> <Width = 27> <Depth = 18> <RAM>
ST_2 : Operation 70 [1/1] (0.00ns)   --->   "%sext_ln203_4 = sext i27 %arr_4_I_4_load" [receiver.cpp:203]   --->   Operation 70 'sext' 'sext_ln203_4' <Predicate = (icmp_ln201)> <Delay = 0.00>
ST_2 : Operation 71 [1/2] (2.32ns)   --->   "%arr_4_I_5_load = load i5 %arr_4_I_5_addr" [receiver.cpp:203]   --->   Operation 71 'load' 'arr_4_I_5_load' <Predicate = (icmp_ln201)> <Delay = 2.32> <CoreInst = "RAM">   --->   Core 82 'RAM' <Latency = 1> <II = 1> <Delay = 2.32> <Storage> <Opcode : 'load' 'store'> <Ports = 2> <Width = 27> <Depth = 18> <RAM>
ST_2 : Operation 72 [1/1] (0.00ns)   --->   "%sext_ln203_5 = sext i27 %arr_4_I_5_load" [receiver.cpp:203]   --->   Operation 72 'sext' 'sext_ln203_5' <Predicate = (icmp_ln201)> <Delay = 0.00>
ST_2 : Operation 73 [1/1] (2.40ns)   --->   "%add_ln203_2 = add i28 %sext_ln203_5, i28 %sext_ln203_4" [receiver.cpp:203]   --->   Operation 73 'add' 'add_ln203_2' <Predicate = (icmp_ln201)> <Delay = 2.40> <CoreInst = "Adder">   --->   Core 1 'Adder' <Latency = 0> <II = 1> <Delay = 2.40> <FuncUnit> <Opcode : 'add' 'sub'> <InPorts = 2> <OutPorts = 1>
ST_2 : Operation 74 [1/2] (2.32ns)   --->   "%arr_4_I_6_load = load i5 %arr_4_I_6_addr" [receiver.cpp:203]   --->   Operation 74 'load' 'arr_4_I_6_load' <Predicate = (icmp_ln201)> <Delay = 2.32> <CoreInst = "RAM">   --->   Core 82 'RAM' <Latency = 1> <II = 1> <Delay = 2.32> <Storage> <Opcode : 'load' 'store'> <Ports = 2> <Width = 27> <Depth = 18> <RAM>
ST_2 : Operation 75 [1/1] (0.00ns)   --->   "%sext_ln203_6 = sext i27 %arr_4_I_6_load" [receiver.cpp:203]   --->   Operation 75 'sext' 'sext_ln203_6' <Predicate = (icmp_ln201)> <Delay = 0.00>
ST_2 : Operation 76 [1/2] (2.32ns)   --->   "%arr_4_I_7_load = load i5 %arr_4_I_7_addr" [receiver.cpp:203]   --->   Operation 76 'load' 'arr_4_I_7_load' <Predicate = (icmp_ln201)> <Delay = 2.32> <CoreInst = "RAM">   --->   Core 82 'RAM' <Latency = 1> <II = 1> <Delay = 2.32> <Storage> <Opcode : 'load' 'store'> <Ports = 2> <Width = 27> <Depth = 18> <RAM>
ST_2 : Operation 77 [1/1] (0.00ns)   --->   "%sext_ln203_7 = sext i27 %arr_4_I_7_load" [receiver.cpp:203]   --->   Operation 77 'sext' 'sext_ln203_7' <Predicate = (icmp_ln201)> <Delay = 0.00>
ST_2 : Operation 78 [1/1] (2.40ns)   --->   "%add_ln203_3 = add i28 %sext_ln203_7, i28 %sext_ln203_6" [receiver.cpp:203]   --->   Operation 78 'add' 'add_ln203_3' <Predicate = (icmp_ln201)> <Delay = 2.40> <CoreInst = "Adder">   --->   Core 1 'Adder' <Latency = 0> <II = 1> <Delay = 2.40> <FuncUnit> <Opcode : 'add' 'sub'> <InPorts = 2> <OutPorts = 1>
ST_2 : Operation 79 [1/2] (2.32ns)   --->   "%arr_4_Q_4_load = load i5 %arr_4_Q_4_addr" [receiver.cpp:204]   --->   Operation 79 'load' 'arr_4_Q_4_load' <Predicate = (icmp_ln201)> <Delay = 2.32> <CoreInst = "RAM">   --->   Core 82 'RAM' <Latency = 1> <II = 1> <Delay = 2.32> <Storage> <Opcode : 'load' 'store'> <Ports = 2> <Width = 27> <Depth = 18> <RAM>
ST_2 : Operation 80 [1/1] (0.00ns)   --->   "%sext_ln204_4 = sext i27 %arr_4_Q_4_load" [receiver.cpp:204]   --->   Operation 80 'sext' 'sext_ln204_4' <Predicate = (icmp_ln201)> <Delay = 0.00>
ST_2 : Operation 81 [1/2] (2.32ns)   --->   "%arr_4_Q_5_load = load i5 %arr_4_Q_5_addr" [receiver.cpp:204]   --->   Operation 81 'load' 'arr_4_Q_5_load' <Predicate = (icmp_ln201)> <Delay = 2.32> <CoreInst = "RAM">   --->   Core 82 'RAM' <Latency = 1> <II = 1> <Delay = 2.32> <Storage> <Opcode : 'load' 'store'> <Ports = 2> <Width = 27> <Depth = 18> <RAM>
ST_2 : Operation 82 [1/1] (0.00ns)   --->   "%sext_ln204_5 = sext i27 %arr_4_Q_5_load" [receiver.cpp:204]   --->   Operation 82 'sext' 'sext_ln204_5' <Predicate = (icmp_ln201)> <Delay = 0.00>
ST_2 : Operation 83 [1/1] (2.40ns)   --->   "%add_ln204_2 = add i28 %sext_ln204_5, i28 %sext_ln204_4" [receiver.cpp:204]   --->   Operation 83 'add' 'add_ln204_2' <Predicate = (icmp_ln201)> <Delay = 2.40> <CoreInst = "Adder">   --->   Core 1 'Adder' <Latency = 0> <II = 1> <Delay = 2.40> <FuncUnit> <Opcode : 'add' 'sub'> <InPorts = 2> <OutPorts = 1>
ST_2 : Operation 84 [1/2] (2.32ns)   --->   "%arr_4_Q_6_load = load i5 %arr_4_Q_6_addr" [receiver.cpp:204]   --->   Operation 84 'load' 'arr_4_Q_6_load' <Predicate = (icmp_ln201)> <Delay = 2.32> <CoreInst = "RAM">   --->   Core 82 'RAM' <Latency = 1> <II = 1> <Delay = 2.32> <Storage> <Opcode : 'load' 'store'> <Ports = 2> <Width = 27> <Depth = 18> <RAM>
ST_2 : Operation 85 [1/1] (0.00ns)   --->   "%sext_ln204_6 = sext i27 %arr_4_Q_6_load" [receiver.cpp:204]   --->   Operation 85 'sext' 'sext_ln204_6' <Predicate = (icmp_ln201)> <Delay = 0.00>
ST_2 : Operation 86 [1/2] (2.32ns)   --->   "%arr_4_Q_7_load = load i5 %arr_4_Q_7_addr" [receiver.cpp:204]   --->   Operation 86 'load' 'arr_4_Q_7_load' <Predicate = (icmp_ln201)> <Delay = 2.32> <CoreInst = "RAM">   --->   Core 82 'RAM' <Latency = 1> <II = 1> <Delay = 2.32> <Storage> <Opcode : 'load' 'store'> <Ports = 2> <Width = 27> <Depth = 18> <RAM>
ST_2 : Operation 87 [1/1] (0.00ns)   --->   "%sext_ln204_7 = sext i27 %arr_4_Q_7_load" [receiver.cpp:204]   --->   Operation 87 'sext' 'sext_ln204_7' <Predicate = (icmp_ln201)> <Delay = 0.00>
ST_2 : Operation 88 [1/1] (2.40ns)   --->   "%add_ln204_3 = add i28 %sext_ln204_7, i28 %sext_ln204_6" [receiver.cpp:204]   --->   Operation 88 'add' 'add_ln204_3' <Predicate = (icmp_ln201)> <Delay = 2.40> <CoreInst = "Adder">   --->   Core 1 'Adder' <Latency = 0> <II = 1> <Delay = 2.40> <FuncUnit> <Opcode : 'add' 'sub'> <InPorts = 2> <OutPorts = 1>

State 3 <SV = 2> <Delay = 2.32>
ST_3 : Operation 89 [1/1] (0.00ns)   --->   "%specpipeline_ln0 = specpipeline void @_ssdm_op_SpecPipeline, i32 4294967295, i32 0, i32 1, i32 0, void @p_str"   --->   Operation 89 'specpipeline' 'specpipeline_ln0' <Predicate = true> <Delay = 0.00>
ST_3 : Operation 90 [1/1] (0.00ns)   --->   "%specloopname_ln201 = specloopname void @_ssdm_op_SpecLoopName, void @empty_19" [receiver.cpp:201]   --->   Operation 90 'specloopname' 'specloopname_ln201' <Predicate = true> <Delay = 0.00>
ST_3 : Operation 91 [1/1] (0.00ns)   --->   "%arr_5_I_addr = getelementptr i28 %arr_5_I, i64 0, i64 %zext_ln201" [receiver.cpp:203]   --->   Operation 91 'getelementptr' 'arr_5_I_addr' <Predicate = true> <Delay = 0.00>
ST_3 : Operation 92 [1/1] (0.00ns)   --->   "%arr_5_Q_addr = getelementptr i28 %arr_5_Q, i64 0, i64 %zext_ln201" [receiver.cpp:204]   --->   Operation 92 'getelementptr' 'arr_5_Q_addr' <Predicate = true> <Delay = 0.00>
ST_3 : Operation 93 [1/1] (0.00ns)   --->   "%arr_5_I_1_addr = getelementptr i28 %arr_5_I_1, i64 0, i64 %zext_ln201" [receiver.cpp:203]   --->   Operation 93 'getelementptr' 'arr_5_I_1_addr' <Predicate = true> <Delay = 0.00>
ST_3 : Operation 94 [1/1] (2.32ns)   --->   "%store_ln203 = store i28 %add_ln203, i5 %arr_5_I_addr" [receiver.cpp:203]   --->   Operation 94 'store' 'store_ln203' <Predicate = true> <Delay = 2.32> <CoreInst = "RAM">   --->   Core 82 'RAM' <Latency = 1> <II = 1> <Delay = 2.32> <Storage> <Opcode : 'load' 'store'> <Ports = 2> <Width = 28> <Depth = 18> <RAM>
ST_3 : Operation 95 [1/1] (2.32ns)   --->   "%store_ln203 = store i28 %add_ln203_1, i5 %arr_5_I_1_addr" [receiver.cpp:203]   --->   Operation 95 'store' 'store_ln203' <Predicate = true> <Delay = 2.32> <CoreInst = "RAM">   --->   Core 82 'RAM' <Latency = 1> <II = 1> <Delay = 2.32> <Storage> <Opcode : 'load' 'store'> <Ports = 2> <Width = 28> <Depth = 18> <RAM>
ST_3 : Operation 96 [1/1] (0.00ns)   --->   "%arr_5_Q_1_addr = getelementptr i28 %arr_5_Q_1, i64 0, i64 %zext_ln201" [receiver.cpp:204]   --->   Operation 96 'getelementptr' 'arr_5_Q_1_addr' <Predicate = true> <Delay = 0.00>
ST_3 : Operation 97 [1/1] (2.32ns)   --->   "%store_ln204 = store i28 %add_ln204, i5 %arr_5_Q_addr" [receiver.cpp:204]   --->   Operation 97 'store' 'store_ln204' <Predicate = true> <Delay = 2.32> <CoreInst = "RAM">   --->   Core 82 'RAM' <Latency = 1> <II = 1> <Delay = 2.32> <Storage> <Opcode : 'load' 'store'> <Ports = 2> <Width = 28> <Depth = 18> <RAM>
ST_3 : Operation 98 [1/1] (2.32ns)   --->   "%store_ln204 = store i28 %add_ln204_1, i5 %arr_5_Q_1_addr" [receiver.cpp:204]   --->   Operation 98 'store' 'store_ln204' <Predicate = true> <Delay = 2.32> <CoreInst = "RAM">   --->   Core 82 'RAM' <Latency = 1> <II = 1> <Delay = 2.32> <Storage> <Opcode : 'load' 'store'> <Ports = 2> <Width = 28> <Depth = 18> <RAM>
ST_3 : Operation 99 [1/1] (0.00ns)   --->   "%speclooptripcount_ln0 = speclooptripcount void @_ssdm_op_SpecLoopTripCount, i64 17, i64 17, i64 17"   --->   Operation 99 'speclooptripcount' 'speclooptripcount_ln0' <Predicate = true> <Delay = 0.00>
ST_3 : Operation 100 [1/1] (0.00ns)   --->   "%arr_5_I_2_addr = getelementptr i28 %arr_5_I_2, i64 0, i64 %zext_ln201" [receiver.cpp:203]   --->   Operation 100 'getelementptr' 'arr_5_I_2_addr' <Predicate = (icmp_ln201)> <Delay = 0.00>
ST_3 : Operation 101 [1/1] (0.00ns)   --->   "%arr_5_Q_2_addr = getelementptr i28 %arr_5_Q_2, i64 0, i64 %zext_ln201" [receiver.cpp:204]   --->   Operation 101 'getelementptr' 'arr_5_Q_2_addr' <Predicate = (icmp_ln201)> <Delay = 0.00>
ST_3 : Operation 102 [1/1] (0.00ns)   --->   "%arr_5_I_3_addr = getelementptr i28 %arr_5_I_3, i64 0, i64 %zext_ln201" [receiver.cpp:203]   --->   Operation 102 'getelementptr' 'arr_5_I_3_addr' <Predicate = (icmp_ln201)> <Delay = 0.00>
ST_3 : Operation 103 [1/1] (2.32ns)   --->   "%store_ln203 = store i28 %add_ln203_2, i5 %arr_5_I_2_addr" [receiver.cpp:203]   --->   Operation 103 'store' 'store_ln203' <Predicate = (icmp_ln201)> <Delay = 2.32> <CoreInst = "RAM">   --->   Core 82 'RAM' <Latency = 1> <II = 1> <Delay = 2.32> <Storage> <Opcode : 'load' 'store'> <Ports = 2> <Width = 28> <Depth = 18> <RAM>
ST_3 : Operation 104 [1/1] (2.32ns)   --->   "%store_ln203 = store i28 %add_ln203_3, i5 %arr_5_I_3_addr" [receiver.cpp:203]   --->   Operation 104 'store' 'store_ln203' <Predicate = (icmp_ln201)> <Delay = 2.32> <CoreInst = "RAM">   --->   Core 82 'RAM' <Latency = 1> <II = 1> <Delay = 2.32> <Storage> <Opcode : 'load' 'store'> <Ports = 2> <Width = 28> <Depth = 18> <RAM>
ST_3 : Operation 105 [1/1] (0.00ns)   --->   "%arr_5_Q_3_addr = getelementptr i28 %arr_5_Q_3, i64 0, i64 %zext_ln201" [receiver.cpp:204]   --->   Operation 105 'getelementptr' 'arr_5_Q_3_addr' <Predicate = (icmp_ln201)> <Delay = 0.00>
ST_3 : Operation 106 [1/1] (2.32ns)   --->   "%store_ln204 = store i28 %add_ln204_2, i5 %arr_5_Q_2_addr" [receiver.cpp:204]   --->   Operation 106 'store' 'store_ln204' <Predicate = (icmp_ln201)> <Delay = 2.32> <CoreInst = "RAM">   --->   Core 82 'RAM' <Latency = 1> <II = 1> <Delay = 2.32> <Storage> <Opcode : 'load' 'store'> <Ports = 2> <Width = 28> <Depth = 18> <RAM>
ST_3 : Operation 107 [1/1] (2.32ns)   --->   "%store_ln204 = store i28 %add_ln204_3, i5 %arr_5_Q_3_addr" [receiver.cpp:204]   --->   Operation 107 'store' 'store_ln204' <Predicate = (icmp_ln201)> <Delay = 2.32> <CoreInst = "RAM">   --->   Core 82 'RAM' <Latency = 1> <II = 1> <Delay = 2.32> <Storage> <Opcode : 'load' 'store'> <Ports = 2> <Width = 28> <Depth = 18> <RAM>
ST_3 : Operation 108 [1/1] (0.00ns)   --->   "%br_ln201 = br void %for.body577.0.split" [receiver.cpp:201]   --->   Operation 108 'br' 'br_ln201' <Predicate = (icmp_ln201)> <Delay = 0.00>
ST_3 : Operation 109 [1/1] (0.00ns)   --->   "%ret_ln0 = ret"   --->   Operation 109 'ret' 'ret_ln0' <Predicate = (!icmp_ln201)> <Delay = 0.00>


============================================================
+ Verbose Summary: Timing violations
============================================================
Target clock period: 8.000ns, clock uncertainty: 2.160ns.

 <State 1>: 3.503ns
The critical path consists of the following:
	'alloca' operation ('i') [25]  (0.000 ns)
	'load' operation ('i', receiver.cpp:201) on local variable 'i' [29]  (0.000 ns)
	'add' operation ('add_ln201', receiver.cpp:201) [111]  (1.915 ns)
	'store' operation ('store_ln201', receiver.cpp:201) of variable 'add_ln201', receiver.cpp:201 on local variable 'i' [112]  (1.588 ns)

 <State 2>: 4.726ns
The critical path consists of the following:
	'load' operation ('arr_4_I_4_load', receiver.cpp:203) on array 'arr_4_I_4' [76]  (2.322 ns)
	'add' operation ('add_ln203_2', receiver.cpp:203) [81]  (2.404 ns)

 <State 3>: 2.322ns
The critical path consists of the following:
	'getelementptr' operation ('arr_5_I_2_addr', receiver.cpp:203) [82]  (0.000 ns)
	'store' operation ('store_ln203', receiver.cpp:203) of variable 'add_ln203_2', receiver.cpp:203 on array 'arr_5_I_2' [94]  (2.322 ns)


============================================================
+ Verbose Summary: Binding
============================================================
N/A
* FSMD analyzer results:
  - Output states:
 - Input state : 
  - Chain level:
	State 1
	State 2
	State 3


============================================================
+ Verbose Summary: Datapath Resource usage 
============================================================
N/A
