

================================================================
== Vitis HLS Report for 'receiver_Pipeline_VITIS_LOOP_100_4'
================================================================
* Date:           Mon May 13 18:48:02 2024

* Version:        2023.1 (Build 3854077 on May  4 2023)
* Project:        receiver
* Solution:       solution1 (Vivado IP Flow Target)
* Product family: zynq
* Target device:  xc7z020-clg400-1


================================================================
== Performance Estimates
================================================================
+ Timing: 
    * Summary: 
    +--------+---------+----------+------------+
    |  Clock |  Target | Estimated| Uncertainty|
    +--------+---------+----------+------------+
    |ap_clk  |  8.00 ns|  4.458 ns|     2.16 ns|
    +--------+---------+----------+------------+

+ Latency: 
    * Summary: 
    +---------+---------+-----------+-----------+-----+-----+---------+
    |  Latency (cycles) |   Latency (absolute)  |  Interval | Pipeline|
    |   min   |   max   |    min    |    max    | min | max |   Type  |
    +---------+---------+-----------+-----------+-----+-----+---------+
    |        9|        9|  72.000 ns|  72.000 ns|    9|    9|       no|
    +---------+---------+-----------+-----------+-----+-----+---------+

    + Detail: 
        * Instance: 
        N/A

        * Loop: 
        +--------------------+---------+---------+----------+-----------+-----------+------+----------+
        |                    |  Latency (cycles) | Iteration|  Initiation Interval  | Trip |          |
        |      Loop Name     |   min   |   max   |  Latency |  achieved |   target  | Count| Pipelined|
        +--------------------+---------+---------+----------+-----------+-----------+------+----------+
        |- VITIS_LOOP_100_4  |        7|        7|         3|          1|          1|     6|       yes|
        +--------------------+---------+---------+----------+-----------+-----------+------+----------+

============================================================
+ Verbose Summary: Synthesis Manager
============================================================
InlineROM: 1
ExposeGlobal: 0
============================================================
+ Verbose Summary: CDFG Model
============================================================
IsTopModel: 0
ResetActiveHigh: 1
IsCombinational: 0
IsDatapathOnly: 0
HasWiredReturn: 1
HasMFsm: 2
HasVarLatency: 1
IsPipeline: 0
IsRtlPipelined: 0
IsInstanceOverlapped: 0
IsDontTouch: 0
HasImplIP: 0
IsGatedGlobalClock: 0

+ Individual pipeline summary: 
  * Pipeline-0: initiation interval (II) = 1, depth = 3


============================================================
+ Verbose Summary: Schedule
============================================================
* Number of FSM states : 3
* Pipeline : 1
  Pipeline-0 : II = 1, D = 3, States = { 1 2 3 }
* Dataflow Pipeline: 0

* FSM state transitions: 
1 --> 2 
2 --> 3 
3 --> 

* FSM state operations: 

State 1 <SV = 0> <Delay = 3.45>
ST_1 : Operation 6 [1/1] (0.00ns)   --->   "%i_3 = alloca i32 1"   --->   Operation 6 'alloca' 'i_3' <Predicate = true> <Delay = 0.00>
ST_1 : Operation 7 [1/1] (1.58ns)   --->   "%store_ln0 = store i7 0, i7 %i_3"   --->   Operation 7 'store' 'store_ln0' <Predicate = true> <Delay = 1.58>
ST_1 : Operation 8 [1/1] (0.00ns)   --->   "%br_ln0 = br void %for.body93"   --->   Operation 8 'br' 'br_ln0' <Predicate = true> <Delay = 0.00>
ST_1 : Operation 9 [1/1] (0.00ns)   --->   "%i = load i7 %i_3" [receiver.cpp:100]   --->   Operation 9 'load' 'i' <Predicate = true> <Delay = 0.00>
ST_1 : Operation 10 [1/1] (0.00ns)   --->   "%specpipeline_ln0 = specpipeline void @_ssdm_op_SpecPipeline, i32 4294967295, i32 0, i32 1, i32 0, void @p_str"   --->   Operation 10 'specpipeline' 'specpipeline_ln0' <Predicate = true> <Delay = 0.00>
ST_1 : Operation 11 [1/1] (1.87ns)   --->   "%icmp_ln100 = icmp_ult  i7 %i, i7 96" [receiver.cpp:100]   --->   Operation 11 'icmp' 'icmp_ln100' <Predicate = true> <Delay = 1.87> <CoreInst = "Cmp">   --->   Core 9 'Cmp' <Latency = 0> <II = 1> <Delay = 1.87> <FuncUnit> <Opcode : 'icmp'> <InPorts = 2> <OutPorts = 1>
ST_1 : Operation 12 [1/1] (0.00ns)   --->   "%br_ln100 = br i1 %icmp_ln100, void %_ZN13ap_fixed_baseILi19ELi3ELb1EL9ap_q_mode5EL9ap_o_mode3ELi0EEC2Ei.exit.i3356.exitStub, void %for.body93.split" [receiver.cpp:100]   --->   Operation 12 'br' 'br_ln100' <Predicate = true> <Delay = 0.00>
ST_1 : Operation 13 [1/1] (0.00ns)   --->   "%lshr_ln2 = partselect i4 @_ssdm_op_PartSelect.i4.i7.i32.i32, i7 %i, i32 3, i32 6" [receiver.cpp:100]   --->   Operation 13 'partselect' 'lshr_ln2' <Predicate = (icmp_ln100)> <Delay = 0.00>
ST_1 : Operation 14 [1/1] (0.00ns)   --->   "%zext_ln100 = zext i4 %lshr_ln2" [receiver.cpp:100]   --->   Operation 14 'zext' 'zext_ln100' <Predicate = (icmp_ln100)> <Delay = 0.00>
ST_1 : Operation 15 [1/1] (0.00ns)   --->   "%filt_I_addr = getelementptr i18 %filt_I, i64 0, i64 %zext_ln100" [receiver.cpp:102]   --->   Operation 15 'getelementptr' 'filt_I_addr' <Predicate = (icmp_ln100)> <Delay = 0.00>
ST_1 : Operation 16 [2/2] (2.32ns)   --->   "%filt_I_load = load i4 %filt_I_addr" [receiver.cpp:102]   --->   Operation 16 'load' 'filt_I_load' <Predicate = (icmp_ln100)> <Delay = 2.32> <CoreInst = "RAM">   --->   Core 82 'RAM' <Latency = 1> <II = 1> <Delay = 2.32> <Storage> <Opcode : 'load' 'store'> <Ports = 2> <Width = 18> <Depth = 13> <RAM>
ST_1 : Operation 17 [1/1] (0.00ns)   --->   "%filt_I_1_addr = getelementptr i18 %filt_I_1, i64 0, i64 %zext_ln100" [receiver.cpp:102]   --->   Operation 17 'getelementptr' 'filt_I_1_addr' <Predicate = (icmp_ln100)> <Delay = 0.00>
ST_1 : Operation 18 [2/2] (2.32ns)   --->   "%filt_I_1_load = load i4 %filt_I_1_addr" [receiver.cpp:102]   --->   Operation 18 'load' 'filt_I_1_load' <Predicate = (icmp_ln100)> <Delay = 2.32> <CoreInst = "RAM">   --->   Core 82 'RAM' <Latency = 1> <II = 1> <Delay = 2.32> <Storage> <Opcode : 'load' 'store'> <Ports = 2> <Width = 18> <Depth = 13> <RAM>
ST_1 : Operation 19 [1/1] (0.00ns)   --->   "%lshr_ln3 = partselect i3 @_ssdm_op_PartSelect.i3.i7.i32.i32, i7 %i, i32 4, i32 6" [receiver.cpp:102]   --->   Operation 19 'partselect' 'lshr_ln3' <Predicate = (icmp_ln100)> <Delay = 0.00>
ST_1 : Operation 20 [1/1] (0.00ns)   --->   "%filt_Q_addr = getelementptr i18 %filt_Q, i64 0, i64 %zext_ln100" [receiver.cpp:103]   --->   Operation 20 'getelementptr' 'filt_Q_addr' <Predicate = (icmp_ln100)> <Delay = 0.00>
ST_1 : Operation 21 [1/1] (0.00ns)   --->   "%filt_Q_1_addr = getelementptr i18 %filt_Q_1, i64 0, i64 %zext_ln100" [receiver.cpp:103]   --->   Operation 21 'getelementptr' 'filt_Q_1_addr' <Predicate = (icmp_ln100)> <Delay = 0.00>
ST_1 : Operation 22 [1/1] (0.00ns)   --->   "%filt_I_2_addr = getelementptr i18 %filt_I_2, i64 0, i64 %zext_ln100" [receiver.cpp:102]   --->   Operation 22 'getelementptr' 'filt_I_2_addr' <Predicate = (icmp_ln100)> <Delay = 0.00>
ST_1 : Operation 23 [1/1] (0.00ns)   --->   "%filt_I_3_addr = getelementptr i18 %filt_I_3, i64 0, i64 %zext_ln100" [receiver.cpp:102]   --->   Operation 23 'getelementptr' 'filt_I_3_addr' <Predicate = (icmp_ln100)> <Delay = 0.00>
ST_1 : Operation 24 [1/1] (0.00ns)   --->   "%filt_Q_2_addr = getelementptr i18 %filt_Q_2, i64 0, i64 %zext_ln100" [receiver.cpp:103]   --->   Operation 24 'getelementptr' 'filt_Q_2_addr' <Predicate = (icmp_ln100)> <Delay = 0.00>
ST_1 : Operation 25 [1/1] (0.00ns)   --->   "%filt_Q_3_addr = getelementptr i18 %filt_Q_3, i64 0, i64 %zext_ln100" [receiver.cpp:103]   --->   Operation 25 'getelementptr' 'filt_Q_3_addr' <Predicate = (icmp_ln100)> <Delay = 0.00>
ST_1 : Operation 26 [1/1] (0.00ns)   --->   "%filt_I_4_addr = getelementptr i18 %filt_I_4, i64 0, i64 %zext_ln100" [receiver.cpp:102]   --->   Operation 26 'getelementptr' 'filt_I_4_addr' <Predicate = (icmp_ln100)> <Delay = 0.00>
ST_1 : Operation 27 [1/1] (0.00ns)   --->   "%filt_I_5_addr = getelementptr i18 %filt_I_5, i64 0, i64 %zext_ln100" [receiver.cpp:102]   --->   Operation 27 'getelementptr' 'filt_I_5_addr' <Predicate = (icmp_ln100)> <Delay = 0.00>
ST_1 : Operation 28 [1/1] (0.00ns)   --->   "%filt_Q_4_addr = getelementptr i18 %filt_Q_4, i64 0, i64 %zext_ln100" [receiver.cpp:103]   --->   Operation 28 'getelementptr' 'filt_Q_4_addr' <Predicate = (icmp_ln100)> <Delay = 0.00>
ST_1 : Operation 29 [1/1] (0.00ns)   --->   "%filt_Q_5_addr = getelementptr i18 %filt_Q_5, i64 0, i64 %zext_ln100" [receiver.cpp:103]   --->   Operation 29 'getelementptr' 'filt_Q_5_addr' <Predicate = (icmp_ln100)> <Delay = 0.00>
ST_1 : Operation 30 [1/1] (0.00ns)   --->   "%filt_I_6_addr = getelementptr i18 %filt_I_6, i64 0, i64 %zext_ln100" [receiver.cpp:102]   --->   Operation 30 'getelementptr' 'filt_I_6_addr' <Predicate = (icmp_ln100)> <Delay = 0.00>
ST_1 : Operation 31 [1/1] (0.00ns)   --->   "%filt_I_7_addr = getelementptr i18 %filt_I_7, i64 0, i64 %zext_ln100" [receiver.cpp:102]   --->   Operation 31 'getelementptr' 'filt_I_7_addr' <Predicate = (icmp_ln100)> <Delay = 0.00>
ST_1 : Operation 32 [1/1] (0.00ns)   --->   "%filt_Q_6_addr = getelementptr i18 %filt_Q_6, i64 0, i64 %zext_ln100" [receiver.cpp:103]   --->   Operation 32 'getelementptr' 'filt_Q_6_addr' <Predicate = (icmp_ln100)> <Delay = 0.00>
ST_1 : Operation 33 [1/1] (0.00ns)   --->   "%filt_Q_7_addr = getelementptr i18 %filt_Q_7, i64 0, i64 %zext_ln100" [receiver.cpp:103]   --->   Operation 33 'getelementptr' 'filt_Q_7_addr' <Predicate = (icmp_ln100)> <Delay = 0.00>
ST_1 : Operation 34 [1/1] (0.00ns)   --->   "%or_ln102 = or i4 %lshr_ln2, i4 1" [receiver.cpp:102]   --->   Operation 34 'or' 'or_ln102' <Predicate = (icmp_ln100)> <Delay = 0.00>
ST_1 : Operation 35 [1/1] (0.00ns)   --->   "%zext_ln102_1 = zext i4 %or_ln102" [receiver.cpp:102]   --->   Operation 35 'zext' 'zext_ln102_1' <Predicate = (icmp_ln100)> <Delay = 0.00>
ST_1 : Operation 36 [1/1] (0.00ns)   --->   "%filt_I_addr_1 = getelementptr i18 %filt_I, i64 0, i64 %zext_ln102_1" [receiver.cpp:102]   --->   Operation 36 'getelementptr' 'filt_I_addr_1' <Predicate = (icmp_ln100)> <Delay = 0.00>
ST_1 : Operation 37 [1/1] (0.00ns)   --->   "%filt_I_1_addr_1 = getelementptr i18 %filt_I_1, i64 0, i64 %zext_ln102_1" [receiver.cpp:102]   --->   Operation 37 'getelementptr' 'filt_I_1_addr_1' <Predicate = (icmp_ln100)> <Delay = 0.00>
ST_1 : Operation 38 [1/1] (0.00ns)   --->   "%filt_Q_addr_1 = getelementptr i18 %filt_Q, i64 0, i64 %zext_ln102_1" [receiver.cpp:103]   --->   Operation 38 'getelementptr' 'filt_Q_addr_1' <Predicate = (icmp_ln100)> <Delay = 0.00>
ST_1 : Operation 39 [1/1] (0.00ns)   --->   "%filt_Q_1_addr_1 = getelementptr i18 %filt_Q_1, i64 0, i64 %zext_ln102_1" [receiver.cpp:103]   --->   Operation 39 'getelementptr' 'filt_Q_1_addr_1' <Predicate = (icmp_ln100)> <Delay = 0.00>
ST_1 : Operation 40 [1/1] (0.00ns)   --->   "%filt_I_2_addr_1 = getelementptr i18 %filt_I_2, i64 0, i64 %zext_ln102_1" [receiver.cpp:102]   --->   Operation 40 'getelementptr' 'filt_I_2_addr_1' <Predicate = (icmp_ln100)> <Delay = 0.00>
ST_1 : Operation 41 [1/1] (0.00ns)   --->   "%filt_I_3_addr_1 = getelementptr i18 %filt_I_3, i64 0, i64 %zext_ln102_1" [receiver.cpp:102]   --->   Operation 41 'getelementptr' 'filt_I_3_addr_1' <Predicate = (icmp_ln100)> <Delay = 0.00>
ST_1 : Operation 42 [1/1] (0.00ns)   --->   "%filt_Q_2_addr_1 = getelementptr i18 %filt_Q_2, i64 0, i64 %zext_ln102_1" [receiver.cpp:103]   --->   Operation 42 'getelementptr' 'filt_Q_2_addr_1' <Predicate = (icmp_ln100)> <Delay = 0.00>
ST_1 : Operation 43 [1/1] (0.00ns)   --->   "%filt_Q_3_addr_1 = getelementptr i18 %filt_Q_3, i64 0, i64 %zext_ln102_1" [receiver.cpp:103]   --->   Operation 43 'getelementptr' 'filt_Q_3_addr_1' <Predicate = (icmp_ln100)> <Delay = 0.00>
ST_1 : Operation 44 [1/1] (0.00ns)   --->   "%filt_I_4_addr_1 = getelementptr i18 %filt_I_4, i64 0, i64 %zext_ln102_1" [receiver.cpp:102]   --->   Operation 44 'getelementptr' 'filt_I_4_addr_1' <Predicate = (icmp_ln100)> <Delay = 0.00>
ST_1 : Operation 45 [1/1] (0.00ns)   --->   "%filt_I_5_addr_1 = getelementptr i18 %filt_I_5, i64 0, i64 %zext_ln102_1" [receiver.cpp:102]   --->   Operation 45 'getelementptr' 'filt_I_5_addr_1' <Predicate = (icmp_ln100)> <Delay = 0.00>
ST_1 : Operation 46 [1/1] (0.00ns)   --->   "%filt_Q_4_addr_1 = getelementptr i18 %filt_Q_4, i64 0, i64 %zext_ln102_1" [receiver.cpp:103]   --->   Operation 46 'getelementptr' 'filt_Q_4_addr_1' <Predicate = (icmp_ln100)> <Delay = 0.00>
ST_1 : Operation 47 [1/1] (0.00ns)   --->   "%filt_Q_5_addr_1 = getelementptr i18 %filt_Q_5, i64 0, i64 %zext_ln102_1" [receiver.cpp:103]   --->   Operation 47 'getelementptr' 'filt_Q_5_addr_1' <Predicate = (icmp_ln100)> <Delay = 0.00>
ST_1 : Operation 48 [1/1] (0.00ns)   --->   "%filt_I_6_addr_1 = getelementptr i18 %filt_I_6, i64 0, i64 %zext_ln102_1" [receiver.cpp:102]   --->   Operation 48 'getelementptr' 'filt_I_6_addr_1' <Predicate = (icmp_ln100)> <Delay = 0.00>
ST_1 : Operation 49 [1/1] (0.00ns)   --->   "%filt_I_7_addr_1 = getelementptr i18 %filt_I_7, i64 0, i64 %zext_ln102_1" [receiver.cpp:102]   --->   Operation 49 'getelementptr' 'filt_I_7_addr_1' <Predicate = (icmp_ln100)> <Delay = 0.00>
ST_1 : Operation 50 [2/2] (2.32ns)   --->   "%filt_I_2_load = load i4 %filt_I_2_addr" [receiver.cpp:102]   --->   Operation 50 'load' 'filt_I_2_load' <Predicate = (icmp_ln100)> <Delay = 2.32> <CoreInst = "RAM">   --->   Core 82 'RAM' <Latency = 1> <II = 1> <Delay = 2.32> <Storage> <Opcode : 'load' 'store'> <Ports = 2> <Width = 18> <Depth = 13> <RAM>
ST_1 : Operation 51 [2/2] (2.32ns)   --->   "%filt_I_3_load = load i4 %filt_I_3_addr" [receiver.cpp:102]   --->   Operation 51 'load' 'filt_I_3_load' <Predicate = (icmp_ln100)> <Delay = 2.32> <CoreInst = "RAM">   --->   Core 82 'RAM' <Latency = 1> <II = 1> <Delay = 2.32> <Storage> <Opcode : 'load' 'store'> <Ports = 2> <Width = 18> <Depth = 13> <RAM>
ST_1 : Operation 52 [2/2] (2.32ns)   --->   "%filt_I_4_load = load i4 %filt_I_4_addr" [receiver.cpp:102]   --->   Operation 52 'load' 'filt_I_4_load' <Predicate = (icmp_ln100)> <Delay = 2.32> <CoreInst = "RAM">   --->   Core 82 'RAM' <Latency = 1> <II = 1> <Delay = 2.32> <Storage> <Opcode : 'load' 'store'> <Ports = 2> <Width = 18> <Depth = 13> <RAM>
ST_1 : Operation 53 [2/2] (2.32ns)   --->   "%filt_I_5_load = load i4 %filt_I_5_addr" [receiver.cpp:102]   --->   Operation 53 'load' 'filt_I_5_load' <Predicate = (icmp_ln100)> <Delay = 2.32> <CoreInst = "RAM">   --->   Core 82 'RAM' <Latency = 1> <II = 1> <Delay = 2.32> <Storage> <Opcode : 'load' 'store'> <Ports = 2> <Width = 18> <Depth = 13> <RAM>
ST_1 : Operation 54 [2/2] (2.32ns)   --->   "%filt_I_6_load = load i4 %filt_I_6_addr" [receiver.cpp:102]   --->   Operation 54 'load' 'filt_I_6_load' <Predicate = (icmp_ln100)> <Delay = 2.32> <CoreInst = "RAM">   --->   Core 82 'RAM' <Latency = 1> <II = 1> <Delay = 2.32> <Storage> <Opcode : 'load' 'store'> <Ports = 2> <Width = 18> <Depth = 13> <RAM>
ST_1 : Operation 55 [2/2] (2.32ns)   --->   "%filt_I_7_load = load i4 %filt_I_7_addr" [receiver.cpp:102]   --->   Operation 55 'load' 'filt_I_7_load' <Predicate = (icmp_ln100)> <Delay = 2.32> <CoreInst = "RAM">   --->   Core 82 'RAM' <Latency = 1> <II = 1> <Delay = 2.32> <Storage> <Opcode : 'load' 'store'> <Ports = 2> <Width = 18> <Depth = 13> <RAM>
ST_1 : Operation 56 [2/2] (2.32ns)   --->   "%filt_I_load_1 = load i4 %filt_I_addr_1" [receiver.cpp:102]   --->   Operation 56 'load' 'filt_I_load_1' <Predicate = (icmp_ln100)> <Delay = 2.32> <CoreInst = "RAM">   --->   Core 82 'RAM' <Latency = 1> <II = 1> <Delay = 2.32> <Storage> <Opcode : 'load' 'store'> <Ports = 2> <Width = 18> <Depth = 13> <RAM>
ST_1 : Operation 57 [2/2] (2.32ns)   --->   "%filt_I_1_load_1 = load i4 %filt_I_1_addr_1" [receiver.cpp:102]   --->   Operation 57 'load' 'filt_I_1_load_1' <Predicate = (icmp_ln100)> <Delay = 2.32> <CoreInst = "RAM">   --->   Core 82 'RAM' <Latency = 1> <II = 1> <Delay = 2.32> <Storage> <Opcode : 'load' 'store'> <Ports = 2> <Width = 18> <Depth = 13> <RAM>
ST_1 : Operation 58 [2/2] (2.32ns)   --->   "%filt_I_2_load_1 = load i4 %filt_I_2_addr_1" [receiver.cpp:102]   --->   Operation 58 'load' 'filt_I_2_load_1' <Predicate = (icmp_ln100)> <Delay = 2.32> <CoreInst = "RAM">   --->   Core 82 'RAM' <Latency = 1> <II = 1> <Delay = 2.32> <Storage> <Opcode : 'load' 'store'> <Ports = 2> <Width = 18> <Depth = 13> <RAM>
ST_1 : Operation 59 [2/2] (2.32ns)   --->   "%filt_I_3_load_1 = load i4 %filt_I_3_addr_1" [receiver.cpp:102]   --->   Operation 59 'load' 'filt_I_3_load_1' <Predicate = (icmp_ln100)> <Delay = 2.32> <CoreInst = "RAM">   --->   Core 82 'RAM' <Latency = 1> <II = 1> <Delay = 2.32> <Storage> <Opcode : 'load' 'store'> <Ports = 2> <Width = 18> <Depth = 13> <RAM>
ST_1 : Operation 60 [2/2] (2.32ns)   --->   "%filt_I_4_load_1 = load i4 %filt_I_4_addr_1" [receiver.cpp:102]   --->   Operation 60 'load' 'filt_I_4_load_1' <Predicate = (icmp_ln100)> <Delay = 2.32> <CoreInst = "RAM">   --->   Core 82 'RAM' <Latency = 1> <II = 1> <Delay = 2.32> <Storage> <Opcode : 'load' 'store'> <Ports = 2> <Width = 18> <Depth = 13> <RAM>
ST_1 : Operation 61 [2/2] (2.32ns)   --->   "%filt_I_5_load_1 = load i4 %filt_I_5_addr_1" [receiver.cpp:102]   --->   Operation 61 'load' 'filt_I_5_load_1' <Predicate = (icmp_ln100)> <Delay = 2.32> <CoreInst = "RAM">   --->   Core 82 'RAM' <Latency = 1> <II = 1> <Delay = 2.32> <Storage> <Opcode : 'load' 'store'> <Ports = 2> <Width = 18> <Depth = 13> <RAM>
ST_1 : Operation 62 [2/2] (2.32ns)   --->   "%filt_I_6_load_1 = load i4 %filt_I_6_addr_1" [receiver.cpp:102]   --->   Operation 62 'load' 'filt_I_6_load_1' <Predicate = (icmp_ln100)> <Delay = 2.32> <CoreInst = "RAM">   --->   Core 82 'RAM' <Latency = 1> <II = 1> <Delay = 2.32> <Storage> <Opcode : 'load' 'store'> <Ports = 2> <Width = 18> <Depth = 13> <RAM>
ST_1 : Operation 63 [2/2] (2.32ns)   --->   "%filt_I_7_load_1 = load i4 %filt_I_7_addr_1" [receiver.cpp:102]   --->   Operation 63 'load' 'filt_I_7_load_1' <Predicate = (icmp_ln100)> <Delay = 2.32> <CoreInst = "RAM">   --->   Core 82 'RAM' <Latency = 1> <II = 1> <Delay = 2.32> <Storage> <Opcode : 'load' 'store'> <Ports = 2> <Width = 18> <Depth = 13> <RAM>
ST_1 : Operation 64 [1/1] (0.00ns)   --->   "%filt_Q_6_addr_1 = getelementptr i18 %filt_Q_6, i64 0, i64 %zext_ln102_1" [receiver.cpp:103]   --->   Operation 64 'getelementptr' 'filt_Q_6_addr_1' <Predicate = (icmp_ln100)> <Delay = 0.00>
ST_1 : Operation 65 [1/1] (0.00ns)   --->   "%filt_Q_7_addr_1 = getelementptr i18 %filt_Q_7, i64 0, i64 %zext_ln102_1" [receiver.cpp:103]   --->   Operation 65 'getelementptr' 'filt_Q_7_addr_1' <Predicate = (icmp_ln100)> <Delay = 0.00>
ST_1 : Operation 66 [2/2] (2.32ns)   --->   "%filt_Q_load = load i4 %filt_Q_addr" [receiver.cpp:103]   --->   Operation 66 'load' 'filt_Q_load' <Predicate = (icmp_ln100)> <Delay = 2.32> <CoreInst = "RAM">   --->   Core 82 'RAM' <Latency = 1> <II = 1> <Delay = 2.32> <Storage> <Opcode : 'load' 'store'> <Ports = 2> <Width = 18> <Depth = 13> <RAM>
ST_1 : Operation 67 [2/2] (2.32ns)   --->   "%filt_Q_load_1 = load i4 %filt_Q_addr_1" [receiver.cpp:103]   --->   Operation 67 'load' 'filt_Q_load_1' <Predicate = (icmp_ln100)> <Delay = 2.32> <CoreInst = "RAM">   --->   Core 82 'RAM' <Latency = 1> <II = 1> <Delay = 2.32> <Storage> <Opcode : 'load' 'store'> <Ports = 2> <Width = 18> <Depth = 13> <RAM>
ST_1 : Operation 68 [2/2] (2.32ns)   --->   "%filt_Q_1_load = load i4 %filt_Q_1_addr" [receiver.cpp:103]   --->   Operation 68 'load' 'filt_Q_1_load' <Predicate = (icmp_ln100)> <Delay = 2.32> <CoreInst = "RAM">   --->   Core 82 'RAM' <Latency = 1> <II = 1> <Delay = 2.32> <Storage> <Opcode : 'load' 'store'> <Ports = 2> <Width = 18> <Depth = 13> <RAM>
ST_1 : Operation 69 [2/2] (2.32ns)   --->   "%filt_Q_1_load_1 = load i4 %filt_Q_1_addr_1" [receiver.cpp:103]   --->   Operation 69 'load' 'filt_Q_1_load_1' <Predicate = (icmp_ln100)> <Delay = 2.32> <CoreInst = "RAM">   --->   Core 82 'RAM' <Latency = 1> <II = 1> <Delay = 2.32> <Storage> <Opcode : 'load' 'store'> <Ports = 2> <Width = 18> <Depth = 13> <RAM>
ST_1 : Operation 70 [2/2] (2.32ns)   --->   "%filt_Q_2_load = load i4 %filt_Q_2_addr" [receiver.cpp:103]   --->   Operation 70 'load' 'filt_Q_2_load' <Predicate = (icmp_ln100)> <Delay = 2.32> <CoreInst = "RAM">   --->   Core 82 'RAM' <Latency = 1> <II = 1> <Delay = 2.32> <Storage> <Opcode : 'load' 'store'> <Ports = 2> <Width = 18> <Depth = 13> <RAM>
ST_1 : Operation 71 [2/2] (2.32ns)   --->   "%filt_Q_2_load_1 = load i4 %filt_Q_2_addr_1" [receiver.cpp:103]   --->   Operation 71 'load' 'filt_Q_2_load_1' <Predicate = (icmp_ln100)> <Delay = 2.32> <CoreInst = "RAM">   --->   Core 82 'RAM' <Latency = 1> <II = 1> <Delay = 2.32> <Storage> <Opcode : 'load' 'store'> <Ports = 2> <Width = 18> <Depth = 13> <RAM>
ST_1 : Operation 72 [2/2] (2.32ns)   --->   "%filt_Q_3_load = load i4 %filt_Q_3_addr" [receiver.cpp:103]   --->   Operation 72 'load' 'filt_Q_3_load' <Predicate = (icmp_ln100)> <Delay = 2.32> <CoreInst = "RAM">   --->   Core 82 'RAM' <Latency = 1> <II = 1> <Delay = 2.32> <Storage> <Opcode : 'load' 'store'> <Ports = 2> <Width = 18> <Depth = 13> <RAM>
ST_1 : Operation 73 [2/2] (2.32ns)   --->   "%filt_Q_3_load_1 = load i4 %filt_Q_3_addr_1" [receiver.cpp:103]   --->   Operation 73 'load' 'filt_Q_3_load_1' <Predicate = (icmp_ln100)> <Delay = 2.32> <CoreInst = "RAM">   --->   Core 82 'RAM' <Latency = 1> <II = 1> <Delay = 2.32> <Storage> <Opcode : 'load' 'store'> <Ports = 2> <Width = 18> <Depth = 13> <RAM>
ST_1 : Operation 74 [2/2] (2.32ns)   --->   "%filt_Q_4_load = load i4 %filt_Q_4_addr" [receiver.cpp:103]   --->   Operation 74 'load' 'filt_Q_4_load' <Predicate = (icmp_ln100)> <Delay = 2.32> <CoreInst = "RAM">   --->   Core 82 'RAM' <Latency = 1> <II = 1> <Delay = 2.32> <Storage> <Opcode : 'load' 'store'> <Ports = 2> <Width = 18> <Depth = 13> <RAM>
ST_1 : Operation 75 [2/2] (2.32ns)   --->   "%filt_Q_4_load_1 = load i4 %filt_Q_4_addr_1" [receiver.cpp:103]   --->   Operation 75 'load' 'filt_Q_4_load_1' <Predicate = (icmp_ln100)> <Delay = 2.32> <CoreInst = "RAM">   --->   Core 82 'RAM' <Latency = 1> <II = 1> <Delay = 2.32> <Storage> <Opcode : 'load' 'store'> <Ports = 2> <Width = 18> <Depth = 13> <RAM>
ST_1 : Operation 76 [2/2] (2.32ns)   --->   "%filt_Q_5_load = load i4 %filt_Q_5_addr" [receiver.cpp:103]   --->   Operation 76 'load' 'filt_Q_5_load' <Predicate = (icmp_ln100)> <Delay = 2.32> <CoreInst = "RAM">   --->   Core 82 'RAM' <Latency = 1> <II = 1> <Delay = 2.32> <Storage> <Opcode : 'load' 'store'> <Ports = 2> <Width = 18> <Depth = 13> <RAM>
ST_1 : Operation 77 [2/2] (2.32ns)   --->   "%filt_Q_5_load_1 = load i4 %filt_Q_5_addr_1" [receiver.cpp:103]   --->   Operation 77 'load' 'filt_Q_5_load_1' <Predicate = (icmp_ln100)> <Delay = 2.32> <CoreInst = "RAM">   --->   Core 82 'RAM' <Latency = 1> <II = 1> <Delay = 2.32> <Storage> <Opcode : 'load' 'store'> <Ports = 2> <Width = 18> <Depth = 13> <RAM>
ST_1 : Operation 78 [2/2] (2.32ns)   --->   "%filt_Q_6_load = load i4 %filt_Q_6_addr" [receiver.cpp:103]   --->   Operation 78 'load' 'filt_Q_6_load' <Predicate = (icmp_ln100)> <Delay = 2.32> <CoreInst = "RAM">   --->   Core 82 'RAM' <Latency = 1> <II = 1> <Delay = 2.32> <Storage> <Opcode : 'load' 'store'> <Ports = 2> <Width = 18> <Depth = 13> <RAM>
ST_1 : Operation 79 [2/2] (2.32ns)   --->   "%filt_Q_6_load_1 = load i4 %filt_Q_6_addr_1" [receiver.cpp:103]   --->   Operation 79 'load' 'filt_Q_6_load_1' <Predicate = (icmp_ln100)> <Delay = 2.32> <CoreInst = "RAM">   --->   Core 82 'RAM' <Latency = 1> <II = 1> <Delay = 2.32> <Storage> <Opcode : 'load' 'store'> <Ports = 2> <Width = 18> <Depth = 13> <RAM>
ST_1 : Operation 80 [2/2] (2.32ns)   --->   "%filt_Q_7_load = load i4 %filt_Q_7_addr" [receiver.cpp:103]   --->   Operation 80 'load' 'filt_Q_7_load' <Predicate = (icmp_ln100)> <Delay = 2.32> <CoreInst = "RAM">   --->   Core 82 'RAM' <Latency = 1> <II = 1> <Delay = 2.32> <Storage> <Opcode : 'load' 'store'> <Ports = 2> <Width = 18> <Depth = 13> <RAM>
ST_1 : Operation 81 [2/2] (2.32ns)   --->   "%filt_Q_7_load_1 = load i4 %filt_Q_7_addr_1" [receiver.cpp:103]   --->   Operation 81 'load' 'filt_Q_7_load_1' <Predicate = (icmp_ln100)> <Delay = 2.32> <CoreInst = "RAM">   --->   Core 82 'RAM' <Latency = 1> <II = 1> <Delay = 2.32> <Storage> <Opcode : 'load' 'store'> <Ports = 2> <Width = 18> <Depth = 13> <RAM>
ST_1 : Operation 82 [1/1] (1.87ns)   --->   "%add_ln100 = add i7 %i, i7 16" [receiver.cpp:100]   --->   Operation 82 'add' 'add_ln100' <Predicate = (icmp_ln100)> <Delay = 1.87> <CoreInst = "Adder">   --->   Core 1 'Adder' <Latency = 0> <II = 1> <Delay = 1.87> <FuncUnit> <Opcode : 'add' 'sub'> <InPorts = 2> <OutPorts = 1>
ST_1 : Operation 83 [1/1] (1.58ns)   --->   "%store_ln100 = store i7 %add_ln100, i7 %i_3" [receiver.cpp:100]   --->   Operation 83 'store' 'store_ln100' <Predicate = (icmp_ln100)> <Delay = 1.58>

State 2 <SV = 1> <Delay = 4.45>
ST_2 : Operation 84 [1/2] (2.32ns)   --->   "%filt_I_load = load i4 %filt_I_addr" [receiver.cpp:102]   --->   Operation 84 'load' 'filt_I_load' <Predicate = true> <Delay = 2.32> <CoreInst = "RAM">   --->   Core 82 'RAM' <Latency = 1> <II = 1> <Delay = 2.32> <Storage> <Opcode : 'load' 'store'> <Ports = 2> <Width = 18> <Depth = 13> <RAM>
ST_2 : Operation 85 [1/2] (2.32ns)   --->   "%filt_I_1_load = load i4 %filt_I_1_addr" [receiver.cpp:102]   --->   Operation 85 'load' 'filt_I_1_load' <Predicate = true> <Delay = 2.32> <CoreInst = "RAM">   --->   Core 82 'RAM' <Latency = 1> <II = 1> <Delay = 2.32> <Storage> <Opcode : 'load' 'store'> <Ports = 2> <Width = 18> <Depth = 13> <RAM>
ST_2 : Operation 86 [1/1] (2.13ns)   --->   "%add_ln102 = add i18 %filt_I_1_load, i18 %filt_I_load" [receiver.cpp:102]   --->   Operation 86 'add' 'add_ln102' <Predicate = true> <Delay = 2.13> <CoreInst = "Adder">   --->   Core 1 'Adder' <Latency = 0> <II = 1> <Delay = 2.13> <FuncUnit> <Opcode : 'add' 'sub'> <InPorts = 2> <OutPorts = 1>
ST_2 : Operation 87 [1/2] (2.32ns)   --->   "%filt_I_2_load = load i4 %filt_I_2_addr" [receiver.cpp:102]   --->   Operation 87 'load' 'filt_I_2_load' <Predicate = true> <Delay = 2.32> <CoreInst = "RAM">   --->   Core 82 'RAM' <Latency = 1> <II = 1> <Delay = 2.32> <Storage> <Opcode : 'load' 'store'> <Ports = 2> <Width = 18> <Depth = 13> <RAM>
ST_2 : Operation 88 [1/2] (2.32ns)   --->   "%filt_I_3_load = load i4 %filt_I_3_addr" [receiver.cpp:102]   --->   Operation 88 'load' 'filt_I_3_load' <Predicate = true> <Delay = 2.32> <CoreInst = "RAM">   --->   Core 82 'RAM' <Latency = 1> <II = 1> <Delay = 2.32> <Storage> <Opcode : 'load' 'store'> <Ports = 2> <Width = 18> <Depth = 13> <RAM>
ST_2 : Operation 89 [1/1] (2.13ns)   --->   "%add_ln102_1 = add i18 %filt_I_3_load, i18 %filt_I_2_load" [receiver.cpp:102]   --->   Operation 89 'add' 'add_ln102_1' <Predicate = true> <Delay = 2.13> <CoreInst = "Adder">   --->   Core 1 'Adder' <Latency = 0> <II = 1> <Delay = 2.13> <FuncUnit> <Opcode : 'add' 'sub'> <InPorts = 2> <OutPorts = 1>
ST_2 : Operation 90 [1/2] (2.32ns)   --->   "%filt_I_4_load = load i4 %filt_I_4_addr" [receiver.cpp:102]   --->   Operation 90 'load' 'filt_I_4_load' <Predicate = true> <Delay = 2.32> <CoreInst = "RAM">   --->   Core 82 'RAM' <Latency = 1> <II = 1> <Delay = 2.32> <Storage> <Opcode : 'load' 'store'> <Ports = 2> <Width = 18> <Depth = 13> <RAM>
ST_2 : Operation 91 [1/2] (2.32ns)   --->   "%filt_I_5_load = load i4 %filt_I_5_addr" [receiver.cpp:102]   --->   Operation 91 'load' 'filt_I_5_load' <Predicate = true> <Delay = 2.32> <CoreInst = "RAM">   --->   Core 82 'RAM' <Latency = 1> <II = 1> <Delay = 2.32> <Storage> <Opcode : 'load' 'store'> <Ports = 2> <Width = 18> <Depth = 13> <RAM>
ST_2 : Operation 92 [1/1] (2.13ns)   --->   "%add_ln102_2 = add i18 %filt_I_5_load, i18 %filt_I_4_load" [receiver.cpp:102]   --->   Operation 92 'add' 'add_ln102_2' <Predicate = true> <Delay = 2.13> <CoreInst = "Adder">   --->   Core 1 'Adder' <Latency = 0> <II = 1> <Delay = 2.13> <FuncUnit> <Opcode : 'add' 'sub'> <InPorts = 2> <OutPorts = 1>
ST_2 : Operation 93 [1/2] (2.32ns)   --->   "%filt_I_6_load = load i4 %filt_I_6_addr" [receiver.cpp:102]   --->   Operation 93 'load' 'filt_I_6_load' <Predicate = true> <Delay = 2.32> <CoreInst = "RAM">   --->   Core 82 'RAM' <Latency = 1> <II = 1> <Delay = 2.32> <Storage> <Opcode : 'load' 'store'> <Ports = 2> <Width = 18> <Depth = 13> <RAM>
ST_2 : Operation 94 [1/2] (2.32ns)   --->   "%filt_I_7_load = load i4 %filt_I_7_addr" [receiver.cpp:102]   --->   Operation 94 'load' 'filt_I_7_load' <Predicate = true> <Delay = 2.32> <CoreInst = "RAM">   --->   Core 82 'RAM' <Latency = 1> <II = 1> <Delay = 2.32> <Storage> <Opcode : 'load' 'store'> <Ports = 2> <Width = 18> <Depth = 13> <RAM>
ST_2 : Operation 95 [1/1] (2.13ns)   --->   "%add_ln102_3 = add i18 %filt_I_7_load, i18 %filt_I_6_load" [receiver.cpp:102]   --->   Operation 95 'add' 'add_ln102_3' <Predicate = true> <Delay = 2.13> <CoreInst = "Adder">   --->   Core 1 'Adder' <Latency = 0> <II = 1> <Delay = 2.13> <FuncUnit> <Opcode : 'add' 'sub'> <InPorts = 2> <OutPorts = 1>
ST_2 : Operation 96 [1/2] (2.32ns)   --->   "%filt_I_load_1 = load i4 %filt_I_addr_1" [receiver.cpp:102]   --->   Operation 96 'load' 'filt_I_load_1' <Predicate = true> <Delay = 2.32> <CoreInst = "RAM">   --->   Core 82 'RAM' <Latency = 1> <II = 1> <Delay = 2.32> <Storage> <Opcode : 'load' 'store'> <Ports = 2> <Width = 18> <Depth = 13> <RAM>
ST_2 : Operation 97 [1/2] (2.32ns)   --->   "%filt_I_1_load_1 = load i4 %filt_I_1_addr_1" [receiver.cpp:102]   --->   Operation 97 'load' 'filt_I_1_load_1' <Predicate = true> <Delay = 2.32> <CoreInst = "RAM">   --->   Core 82 'RAM' <Latency = 1> <II = 1> <Delay = 2.32> <Storage> <Opcode : 'load' 'store'> <Ports = 2> <Width = 18> <Depth = 13> <RAM>
ST_2 : Operation 98 [1/1] (2.13ns)   --->   "%add_ln102_4 = add i18 %filt_I_1_load_1, i18 %filt_I_load_1" [receiver.cpp:102]   --->   Operation 98 'add' 'add_ln102_4' <Predicate = true> <Delay = 2.13> <CoreInst = "Adder">   --->   Core 1 'Adder' <Latency = 0> <II = 1> <Delay = 2.13> <FuncUnit> <Opcode : 'add' 'sub'> <InPorts = 2> <OutPorts = 1>
ST_2 : Operation 99 [1/2] (2.32ns)   --->   "%filt_I_2_load_1 = load i4 %filt_I_2_addr_1" [receiver.cpp:102]   --->   Operation 99 'load' 'filt_I_2_load_1' <Predicate = true> <Delay = 2.32> <CoreInst = "RAM">   --->   Core 82 'RAM' <Latency = 1> <II = 1> <Delay = 2.32> <Storage> <Opcode : 'load' 'store'> <Ports = 2> <Width = 18> <Depth = 13> <RAM>
ST_2 : Operation 100 [1/2] (2.32ns)   --->   "%filt_I_3_load_1 = load i4 %filt_I_3_addr_1" [receiver.cpp:102]   --->   Operation 100 'load' 'filt_I_3_load_1' <Predicate = true> <Delay = 2.32> <CoreInst = "RAM">   --->   Core 82 'RAM' <Latency = 1> <II = 1> <Delay = 2.32> <Storage> <Opcode : 'load' 'store'> <Ports = 2> <Width = 18> <Depth = 13> <RAM>
ST_2 : Operation 101 [1/1] (2.13ns)   --->   "%add_ln102_5 = add i18 %filt_I_3_load_1, i18 %filt_I_2_load_1" [receiver.cpp:102]   --->   Operation 101 'add' 'add_ln102_5' <Predicate = true> <Delay = 2.13> <CoreInst = "Adder">   --->   Core 1 'Adder' <Latency = 0> <II = 1> <Delay = 2.13> <FuncUnit> <Opcode : 'add' 'sub'> <InPorts = 2> <OutPorts = 1>
ST_2 : Operation 102 [1/2] (2.32ns)   --->   "%filt_I_4_load_1 = load i4 %filt_I_4_addr_1" [receiver.cpp:102]   --->   Operation 102 'load' 'filt_I_4_load_1' <Predicate = true> <Delay = 2.32> <CoreInst = "RAM">   --->   Core 82 'RAM' <Latency = 1> <II = 1> <Delay = 2.32> <Storage> <Opcode : 'load' 'store'> <Ports = 2> <Width = 18> <Depth = 13> <RAM>
ST_2 : Operation 103 [1/2] (2.32ns)   --->   "%filt_I_5_load_1 = load i4 %filt_I_5_addr_1" [receiver.cpp:102]   --->   Operation 103 'load' 'filt_I_5_load_1' <Predicate = true> <Delay = 2.32> <CoreInst = "RAM">   --->   Core 82 'RAM' <Latency = 1> <II = 1> <Delay = 2.32> <Storage> <Opcode : 'load' 'store'> <Ports = 2> <Width = 18> <Depth = 13> <RAM>
ST_2 : Operation 104 [1/1] (2.13ns)   --->   "%add_ln102_6 = add i18 %filt_I_5_load_1, i18 %filt_I_4_load_1" [receiver.cpp:102]   --->   Operation 104 'add' 'add_ln102_6' <Predicate = true> <Delay = 2.13> <CoreInst = "Adder">   --->   Core 1 'Adder' <Latency = 0> <II = 1> <Delay = 2.13> <FuncUnit> <Opcode : 'add' 'sub'> <InPorts = 2> <OutPorts = 1>
ST_2 : Operation 105 [1/2] (2.32ns)   --->   "%filt_I_6_load_1 = load i4 %filt_I_6_addr_1" [receiver.cpp:102]   --->   Operation 105 'load' 'filt_I_6_load_1' <Predicate = true> <Delay = 2.32> <CoreInst = "RAM">   --->   Core 82 'RAM' <Latency = 1> <II = 1> <Delay = 2.32> <Storage> <Opcode : 'load' 'store'> <Ports = 2> <Width = 18> <Depth = 13> <RAM>
ST_2 : Operation 106 [1/2] (2.32ns)   --->   "%filt_I_7_load_1 = load i4 %filt_I_7_addr_1" [receiver.cpp:102]   --->   Operation 106 'load' 'filt_I_7_load_1' <Predicate = true> <Delay = 2.32> <CoreInst = "RAM">   --->   Core 82 'RAM' <Latency = 1> <II = 1> <Delay = 2.32> <Storage> <Opcode : 'load' 'store'> <Ports = 2> <Width = 18> <Depth = 13> <RAM>
ST_2 : Operation 107 [1/1] (2.13ns)   --->   "%add_ln102_7 = add i18 %filt_I_7_load_1, i18 %filt_I_6_load_1" [receiver.cpp:102]   --->   Operation 107 'add' 'add_ln102_7' <Predicate = true> <Delay = 2.13> <CoreInst = "Adder">   --->   Core 1 'Adder' <Latency = 0> <II = 1> <Delay = 2.13> <FuncUnit> <Opcode : 'add' 'sub'> <InPorts = 2> <OutPorts = 1>
ST_2 : Operation 108 [1/2] (2.32ns)   --->   "%filt_Q_load = load i4 %filt_Q_addr" [receiver.cpp:103]   --->   Operation 108 'load' 'filt_Q_load' <Predicate = true> <Delay = 2.32> <CoreInst = "RAM">   --->   Core 82 'RAM' <Latency = 1> <II = 1> <Delay = 2.32> <Storage> <Opcode : 'load' 'store'> <Ports = 2> <Width = 18> <Depth = 13> <RAM>
ST_2 : Operation 109 [1/2] (2.32ns)   --->   "%filt_Q_load_1 = load i4 %filt_Q_addr_1" [receiver.cpp:103]   --->   Operation 109 'load' 'filt_Q_load_1' <Predicate = true> <Delay = 2.32> <CoreInst = "RAM">   --->   Core 82 'RAM' <Latency = 1> <II = 1> <Delay = 2.32> <Storage> <Opcode : 'load' 'store'> <Ports = 2> <Width = 18> <Depth = 13> <RAM>
ST_2 : Operation 110 [1/2] (2.32ns)   --->   "%filt_Q_1_load = load i4 %filt_Q_1_addr" [receiver.cpp:103]   --->   Operation 110 'load' 'filt_Q_1_load' <Predicate = true> <Delay = 2.32> <CoreInst = "RAM">   --->   Core 82 'RAM' <Latency = 1> <II = 1> <Delay = 2.32> <Storage> <Opcode : 'load' 'store'> <Ports = 2> <Width = 18> <Depth = 13> <RAM>
ST_2 : Operation 111 [1/1] (2.13ns)   --->   "%add_ln103 = add i18 %filt_Q_1_load, i18 %filt_Q_load" [receiver.cpp:103]   --->   Operation 111 'add' 'add_ln103' <Predicate = true> <Delay = 2.13> <CoreInst = "Adder">   --->   Core 1 'Adder' <Latency = 0> <II = 1> <Delay = 2.13> <FuncUnit> <Opcode : 'add' 'sub'> <InPorts = 2> <OutPorts = 1>
ST_2 : Operation 112 [1/2] (2.32ns)   --->   "%filt_Q_1_load_1 = load i4 %filt_Q_1_addr_1" [receiver.cpp:103]   --->   Operation 112 'load' 'filt_Q_1_load_1' <Predicate = true> <Delay = 2.32> <CoreInst = "RAM">   --->   Core 82 'RAM' <Latency = 1> <II = 1> <Delay = 2.32> <Storage> <Opcode : 'load' 'store'> <Ports = 2> <Width = 18> <Depth = 13> <RAM>
ST_2 : Operation 113 [1/1] (2.13ns)   --->   "%add_ln103_1 = add i18 %filt_Q_1_load_1, i18 %filt_Q_load_1" [receiver.cpp:103]   --->   Operation 113 'add' 'add_ln103_1' <Predicate = true> <Delay = 2.13> <CoreInst = "Adder">   --->   Core 1 'Adder' <Latency = 0> <II = 1> <Delay = 2.13> <FuncUnit> <Opcode : 'add' 'sub'> <InPorts = 2> <OutPorts = 1>
ST_2 : Operation 114 [1/2] (2.32ns)   --->   "%filt_Q_2_load = load i4 %filt_Q_2_addr" [receiver.cpp:103]   --->   Operation 114 'load' 'filt_Q_2_load' <Predicate = true> <Delay = 2.32> <CoreInst = "RAM">   --->   Core 82 'RAM' <Latency = 1> <II = 1> <Delay = 2.32> <Storage> <Opcode : 'load' 'store'> <Ports = 2> <Width = 18> <Depth = 13> <RAM>
ST_2 : Operation 115 [1/2] (2.32ns)   --->   "%filt_Q_2_load_1 = load i4 %filt_Q_2_addr_1" [receiver.cpp:103]   --->   Operation 115 'load' 'filt_Q_2_load_1' <Predicate = true> <Delay = 2.32> <CoreInst = "RAM">   --->   Core 82 'RAM' <Latency = 1> <II = 1> <Delay = 2.32> <Storage> <Opcode : 'load' 'store'> <Ports = 2> <Width = 18> <Depth = 13> <RAM>
ST_2 : Operation 116 [1/2] (2.32ns)   --->   "%filt_Q_3_load = load i4 %filt_Q_3_addr" [receiver.cpp:103]   --->   Operation 116 'load' 'filt_Q_3_load' <Predicate = true> <Delay = 2.32> <CoreInst = "RAM">   --->   Core 82 'RAM' <Latency = 1> <II = 1> <Delay = 2.32> <Storage> <Opcode : 'load' 'store'> <Ports = 2> <Width = 18> <Depth = 13> <RAM>
ST_2 : Operation 117 [1/1] (2.13ns)   --->   "%add_ln103_2 = add i18 %filt_Q_3_load, i18 %filt_Q_2_load" [receiver.cpp:103]   --->   Operation 117 'add' 'add_ln103_2' <Predicate = true> <Delay = 2.13> <CoreInst = "Adder">   --->   Core 1 'Adder' <Latency = 0> <II = 1> <Delay = 2.13> <FuncUnit> <Opcode : 'add' 'sub'> <InPorts = 2> <OutPorts = 1>
ST_2 : Operation 118 [1/2] (2.32ns)   --->   "%filt_Q_3_load_1 = load i4 %filt_Q_3_addr_1" [receiver.cpp:103]   --->   Operation 118 'load' 'filt_Q_3_load_1' <Predicate = true> <Delay = 2.32> <CoreInst = "RAM">   --->   Core 82 'RAM' <Latency = 1> <II = 1> <Delay = 2.32> <Storage> <Opcode : 'load' 'store'> <Ports = 2> <Width = 18> <Depth = 13> <RAM>
ST_2 : Operation 119 [1/1] (2.13ns)   --->   "%add_ln103_3 = add i18 %filt_Q_3_load_1, i18 %filt_Q_2_load_1" [receiver.cpp:103]   --->   Operation 119 'add' 'add_ln103_3' <Predicate = true> <Delay = 2.13> <CoreInst = "Adder">   --->   Core 1 'Adder' <Latency = 0> <II = 1> <Delay = 2.13> <FuncUnit> <Opcode : 'add' 'sub'> <InPorts = 2> <OutPorts = 1>
ST_2 : Operation 120 [1/2] (2.32ns)   --->   "%filt_Q_4_load = load i4 %filt_Q_4_addr" [receiver.cpp:103]   --->   Operation 120 'load' 'filt_Q_4_load' <Predicate = true> <Delay = 2.32> <CoreInst = "RAM">   --->   Core 82 'RAM' <Latency = 1> <II = 1> <Delay = 2.32> <Storage> <Opcode : 'load' 'store'> <Ports = 2> <Width = 18> <Depth = 13> <RAM>
ST_2 : Operation 121 [1/2] (2.32ns)   --->   "%filt_Q_4_load_1 = load i4 %filt_Q_4_addr_1" [receiver.cpp:103]   --->   Operation 121 'load' 'filt_Q_4_load_1' <Predicate = true> <Delay = 2.32> <CoreInst = "RAM">   --->   Core 82 'RAM' <Latency = 1> <II = 1> <Delay = 2.32> <Storage> <Opcode : 'load' 'store'> <Ports = 2> <Width = 18> <Depth = 13> <RAM>
ST_2 : Operation 122 [1/2] (2.32ns)   --->   "%filt_Q_5_load = load i4 %filt_Q_5_addr" [receiver.cpp:103]   --->   Operation 122 'load' 'filt_Q_5_load' <Predicate = true> <Delay = 2.32> <CoreInst = "RAM">   --->   Core 82 'RAM' <Latency = 1> <II = 1> <Delay = 2.32> <Storage> <Opcode : 'load' 'store'> <Ports = 2> <Width = 18> <Depth = 13> <RAM>
ST_2 : Operation 123 [1/1] (2.13ns)   --->   "%add_ln103_4 = add i18 %filt_Q_5_load, i18 %filt_Q_4_load" [receiver.cpp:103]   --->   Operation 123 'add' 'add_ln103_4' <Predicate = true> <Delay = 2.13> <CoreInst = "Adder">   --->   Core 1 'Adder' <Latency = 0> <II = 1> <Delay = 2.13> <FuncUnit> <Opcode : 'add' 'sub'> <InPorts = 2> <OutPorts = 1>
ST_2 : Operation 124 [1/2] (2.32ns)   --->   "%filt_Q_5_load_1 = load i4 %filt_Q_5_addr_1" [receiver.cpp:103]   --->   Operation 124 'load' 'filt_Q_5_load_1' <Predicate = true> <Delay = 2.32> <CoreInst = "RAM">   --->   Core 82 'RAM' <Latency = 1> <II = 1> <Delay = 2.32> <Storage> <Opcode : 'load' 'store'> <Ports = 2> <Width = 18> <Depth = 13> <RAM>
ST_2 : Operation 125 [1/1] (2.13ns)   --->   "%add_ln103_5 = add i18 %filt_Q_5_load_1, i18 %filt_Q_4_load_1" [receiver.cpp:103]   --->   Operation 125 'add' 'add_ln103_5' <Predicate = true> <Delay = 2.13> <CoreInst = "Adder">   --->   Core 1 'Adder' <Latency = 0> <II = 1> <Delay = 2.13> <FuncUnit> <Opcode : 'add' 'sub'> <InPorts = 2> <OutPorts = 1>
ST_2 : Operation 126 [1/2] (2.32ns)   --->   "%filt_Q_6_load = load i4 %filt_Q_6_addr" [receiver.cpp:103]   --->   Operation 126 'load' 'filt_Q_6_load' <Predicate = true> <Delay = 2.32> <CoreInst = "RAM">   --->   Core 82 'RAM' <Latency = 1> <II = 1> <Delay = 2.32> <Storage> <Opcode : 'load' 'store'> <Ports = 2> <Width = 18> <Depth = 13> <RAM>
ST_2 : Operation 127 [1/2] (2.32ns)   --->   "%filt_Q_6_load_1 = load i4 %filt_Q_6_addr_1" [receiver.cpp:103]   --->   Operation 127 'load' 'filt_Q_6_load_1' <Predicate = true> <Delay = 2.32> <CoreInst = "RAM">   --->   Core 82 'RAM' <Latency = 1> <II = 1> <Delay = 2.32> <Storage> <Opcode : 'load' 'store'> <Ports = 2> <Width = 18> <Depth = 13> <RAM>
ST_2 : Operation 128 [1/2] (2.32ns)   --->   "%filt_Q_7_load = load i4 %filt_Q_7_addr" [receiver.cpp:103]   --->   Operation 128 'load' 'filt_Q_7_load' <Predicate = true> <Delay = 2.32> <CoreInst = "RAM">   --->   Core 82 'RAM' <Latency = 1> <II = 1> <Delay = 2.32> <Storage> <Opcode : 'load' 'store'> <Ports = 2> <Width = 18> <Depth = 13> <RAM>
ST_2 : Operation 129 [1/1] (2.13ns)   --->   "%add_ln103_6 = add i18 %filt_Q_7_load, i18 %filt_Q_6_load" [receiver.cpp:103]   --->   Operation 129 'add' 'add_ln103_6' <Predicate = true> <Delay = 2.13> <CoreInst = "Adder">   --->   Core 1 'Adder' <Latency = 0> <II = 1> <Delay = 2.13> <FuncUnit> <Opcode : 'add' 'sub'> <InPorts = 2> <OutPorts = 1>
ST_2 : Operation 130 [1/2] (2.32ns)   --->   "%filt_Q_7_load_1 = load i4 %filt_Q_7_addr_1" [receiver.cpp:103]   --->   Operation 130 'load' 'filt_Q_7_load_1' <Predicate = true> <Delay = 2.32> <CoreInst = "RAM">   --->   Core 82 'RAM' <Latency = 1> <II = 1> <Delay = 2.32> <Storage> <Opcode : 'load' 'store'> <Ports = 2> <Width = 18> <Depth = 13> <RAM>
ST_2 : Operation 131 [1/1] (2.13ns)   --->   "%add_ln103_7 = add i18 %filt_Q_7_load_1, i18 %filt_Q_6_load_1" [receiver.cpp:103]   --->   Operation 131 'add' 'add_ln103_7' <Predicate = true> <Delay = 2.13> <CoreInst = "Adder">   --->   Core 1 'Adder' <Latency = 0> <II = 1> <Delay = 2.13> <FuncUnit> <Opcode : 'add' 'sub'> <InPorts = 2> <OutPorts = 1>
ST_2 : Operation 168 [1/1] (0.00ns)   --->   "%ret_ln0 = ret"   --->   Operation 168 'ret' 'ret_ln0' <Predicate = (!icmp_ln100)> <Delay = 0.00>

State 3 <SV = 2> <Delay = 2.32>
ST_3 : Operation 132 [1/1] (0.00ns)   --->   "%speclooptripcount_ln100 = speclooptripcount void @_ssdm_op_SpecLoopTripCount, i64 6, i64 6, i64 6" [receiver.cpp:100]   --->   Operation 132 'speclooptripcount' 'speclooptripcount_ln100' <Predicate = true> <Delay = 0.00>
ST_3 : Operation 133 [1/1] (0.00ns)   --->   "%specloopname_ln100 = specloopname void @_ssdm_op_SpecLoopName, void @empty_24" [receiver.cpp:100]   --->   Operation 133 'specloopname' 'specloopname_ln100' <Predicate = true> <Delay = 0.00>
ST_3 : Operation 134 [1/1] (0.00ns)   --->   "%zext_ln102 = zext i3 %lshr_ln3" [receiver.cpp:102]   --->   Operation 134 'zext' 'zext_ln102' <Predicate = true> <Delay = 0.00>
ST_3 : Operation 135 [1/1] (0.00ns)   --->   "%filt_1_I_addr_1 = getelementptr i18 %filt_1_I, i64 0, i64 %zext_ln102" [receiver.cpp:102]   --->   Operation 135 'getelementptr' 'filt_1_I_addr_1' <Predicate = true> <Delay = 0.00>
ST_3 : Operation 136 [1/1] (0.00ns)   --->   "%filt_1_Q_addr_1 = getelementptr i18 %filt_1_Q, i64 0, i64 %zext_ln102" [receiver.cpp:103]   --->   Operation 136 'getelementptr' 'filt_1_Q_addr_1' <Predicate = true> <Delay = 0.00>
ST_3 : Operation 137 [1/1] (0.00ns)   --->   "%filt_1_I_1_addr = getelementptr i18 %filt_1_I_1, i64 0, i64 %zext_ln102" [receiver.cpp:102]   --->   Operation 137 'getelementptr' 'filt_1_I_1_addr' <Predicate = true> <Delay = 0.00>
ST_3 : Operation 138 [1/1] (0.00ns)   --->   "%filt_1_Q_1_addr = getelementptr i18 %filt_1_Q_1, i64 0, i64 %zext_ln102" [receiver.cpp:103]   --->   Operation 138 'getelementptr' 'filt_1_Q_1_addr' <Predicate = true> <Delay = 0.00>
ST_3 : Operation 139 [1/1] (0.00ns)   --->   "%filt_1_I_2_addr = getelementptr i18 %filt_1_I_2, i64 0, i64 %zext_ln102" [receiver.cpp:102]   --->   Operation 139 'getelementptr' 'filt_1_I_2_addr' <Predicate = true> <Delay = 0.00>
ST_3 : Operation 140 [1/1] (0.00ns)   --->   "%filt_1_Q_2_addr = getelementptr i18 %filt_1_Q_2, i64 0, i64 %zext_ln102" [receiver.cpp:103]   --->   Operation 140 'getelementptr' 'filt_1_Q_2_addr' <Predicate = true> <Delay = 0.00>
ST_3 : Operation 141 [1/1] (0.00ns)   --->   "%filt_1_I_3_addr = getelementptr i18 %filt_1_I_3, i64 0, i64 %zext_ln102" [receiver.cpp:102]   --->   Operation 141 'getelementptr' 'filt_1_I_3_addr' <Predicate = true> <Delay = 0.00>
ST_3 : Operation 142 [1/1] (0.00ns)   --->   "%filt_1_Q_3_addr = getelementptr i18 %filt_1_Q_3, i64 0, i64 %zext_ln102" [receiver.cpp:103]   --->   Operation 142 'getelementptr' 'filt_1_Q_3_addr' <Predicate = true> <Delay = 0.00>
ST_3 : Operation 143 [1/1] (0.00ns)   --->   "%filt_1_I_4_addr = getelementptr i18 %filt_1_I_4, i64 0, i64 %zext_ln102" [receiver.cpp:102]   --->   Operation 143 'getelementptr' 'filt_1_I_4_addr' <Predicate = true> <Delay = 0.00>
ST_3 : Operation 144 [1/1] (0.00ns)   --->   "%filt_1_Q_4_addr = getelementptr i18 %filt_1_Q_4, i64 0, i64 %zext_ln102" [receiver.cpp:103]   --->   Operation 144 'getelementptr' 'filt_1_Q_4_addr' <Predicate = true> <Delay = 0.00>
ST_3 : Operation 145 [1/1] (0.00ns)   --->   "%filt_1_I_5_addr = getelementptr i18 %filt_1_I_5, i64 0, i64 %zext_ln102" [receiver.cpp:102]   --->   Operation 145 'getelementptr' 'filt_1_I_5_addr' <Predicate = true> <Delay = 0.00>
ST_3 : Operation 146 [1/1] (0.00ns)   --->   "%filt_1_Q_5_addr = getelementptr i18 %filt_1_Q_5, i64 0, i64 %zext_ln102" [receiver.cpp:103]   --->   Operation 146 'getelementptr' 'filt_1_Q_5_addr' <Predicate = true> <Delay = 0.00>
ST_3 : Operation 147 [1/1] (0.00ns)   --->   "%filt_1_I_6_addr = getelementptr i18 %filt_1_I_6, i64 0, i64 %zext_ln102" [receiver.cpp:102]   --->   Operation 147 'getelementptr' 'filt_1_I_6_addr' <Predicate = true> <Delay = 0.00>
ST_3 : Operation 148 [1/1] (0.00ns)   --->   "%filt_1_Q_6_addr = getelementptr i18 %filt_1_Q_6, i64 0, i64 %zext_ln102" [receiver.cpp:103]   --->   Operation 148 'getelementptr' 'filt_1_Q_6_addr' <Predicate = true> <Delay = 0.00>
ST_3 : Operation 149 [1/1] (0.00ns)   --->   "%filt_1_I_7_addr = getelementptr i18 %filt_1_I_7, i64 0, i64 %zext_ln102" [receiver.cpp:102]   --->   Operation 149 'getelementptr' 'filt_1_I_7_addr' <Predicate = true> <Delay = 0.00>
ST_3 : Operation 150 [1/1] (2.32ns)   --->   "%store_ln102 = store i18 %add_ln102, i3 %filt_1_I_addr_1" [receiver.cpp:102]   --->   Operation 150 'store' 'store_ln102' <Predicate = true> <Delay = 2.32> <CoreInst = "RAM">   --->   Core 82 'RAM' <Latency = 1> <II = 1> <Delay = 2.32> <Storage> <Opcode : 'load' 'store'> <Ports = 2> <Width = 18> <Depth = 6> <RAM>
ST_3 : Operation 151 [1/1] (2.32ns)   --->   "%store_ln102 = store i18 %add_ln102_1, i3 %filt_1_I_1_addr" [receiver.cpp:102]   --->   Operation 151 'store' 'store_ln102' <Predicate = true> <Delay = 2.32> <CoreInst = "RAM">   --->   Core 82 'RAM' <Latency = 1> <II = 1> <Delay = 2.32> <Storage> <Opcode : 'load' 'store'> <Ports = 2> <Width = 18> <Depth = 6> <RAM>
ST_3 : Operation 152 [1/1] (2.32ns)   --->   "%store_ln102 = store i18 %add_ln102_2, i3 %filt_1_I_2_addr" [receiver.cpp:102]   --->   Operation 152 'store' 'store_ln102' <Predicate = true> <Delay = 2.32> <CoreInst = "RAM">   --->   Core 82 'RAM' <Latency = 1> <II = 1> <Delay = 2.32> <Storage> <Opcode : 'load' 'store'> <Ports = 2> <Width = 18> <Depth = 6> <RAM>
ST_3 : Operation 153 [1/1] (2.32ns)   --->   "%store_ln102 = store i18 %add_ln102_3, i3 %filt_1_I_3_addr" [receiver.cpp:102]   --->   Operation 153 'store' 'store_ln102' <Predicate = true> <Delay = 2.32> <CoreInst = "RAM">   --->   Core 82 'RAM' <Latency = 1> <II = 1> <Delay = 2.32> <Storage> <Opcode : 'load' 'store'> <Ports = 2> <Width = 18> <Depth = 6> <RAM>
ST_3 : Operation 154 [1/1] (2.32ns)   --->   "%store_ln102 = store i18 %add_ln102_4, i3 %filt_1_I_4_addr" [receiver.cpp:102]   --->   Operation 154 'store' 'store_ln102' <Predicate = true> <Delay = 2.32> <CoreInst = "RAM">   --->   Core 82 'RAM' <Latency = 1> <II = 1> <Delay = 2.32> <Storage> <Opcode : 'load' 'store'> <Ports = 2> <Width = 18> <Depth = 6> <RAM>
ST_3 : Operation 155 [1/1] (2.32ns)   --->   "%store_ln102 = store i18 %add_ln102_5, i3 %filt_1_I_5_addr" [receiver.cpp:102]   --->   Operation 155 'store' 'store_ln102' <Predicate = true> <Delay = 2.32> <CoreInst = "RAM">   --->   Core 82 'RAM' <Latency = 1> <II = 1> <Delay = 2.32> <Storage> <Opcode : 'load' 'store'> <Ports = 2> <Width = 18> <Depth = 6> <RAM>
ST_3 : Operation 156 [1/1] (2.32ns)   --->   "%store_ln102 = store i18 %add_ln102_6, i3 %filt_1_I_6_addr" [receiver.cpp:102]   --->   Operation 156 'store' 'store_ln102' <Predicate = true> <Delay = 2.32> <CoreInst = "RAM">   --->   Core 82 'RAM' <Latency = 1> <II = 1> <Delay = 2.32> <Storage> <Opcode : 'load' 'store'> <Ports = 2> <Width = 18> <Depth = 6> <RAM>
ST_3 : Operation 157 [1/1] (2.32ns)   --->   "%store_ln102 = store i18 %add_ln102_7, i3 %filt_1_I_7_addr" [receiver.cpp:102]   --->   Operation 157 'store' 'store_ln102' <Predicate = true> <Delay = 2.32> <CoreInst = "RAM">   --->   Core 82 'RAM' <Latency = 1> <II = 1> <Delay = 2.32> <Storage> <Opcode : 'load' 'store'> <Ports = 2> <Width = 18> <Depth = 6> <RAM>
ST_3 : Operation 158 [1/1] (0.00ns)   --->   "%filt_1_Q_7_addr = getelementptr i18 %filt_1_Q_7, i64 0, i64 %zext_ln102" [receiver.cpp:103]   --->   Operation 158 'getelementptr' 'filt_1_Q_7_addr' <Predicate = true> <Delay = 0.00>
ST_3 : Operation 159 [1/1] (2.32ns)   --->   "%store_ln103 = store i18 %add_ln103, i3 %filt_1_Q_addr_1" [receiver.cpp:103]   --->   Operation 159 'store' 'store_ln103' <Predicate = true> <Delay = 2.32> <CoreInst = "RAM">   --->   Core 82 'RAM' <Latency = 1> <II = 1> <Delay = 2.32> <Storage> <Opcode : 'load' 'store'> <Ports = 2> <Width = 18> <Depth = 6> <RAM>
ST_3 : Operation 160 [1/1] (2.32ns)   --->   "%store_ln103 = store i18 %add_ln103_2, i3 %filt_1_Q_1_addr" [receiver.cpp:103]   --->   Operation 160 'store' 'store_ln103' <Predicate = true> <Delay = 2.32> <CoreInst = "RAM">   --->   Core 82 'RAM' <Latency = 1> <II = 1> <Delay = 2.32> <Storage> <Opcode : 'load' 'store'> <Ports = 2> <Width = 18> <Depth = 6> <RAM>
ST_3 : Operation 161 [1/1] (2.32ns)   --->   "%store_ln103 = store i18 %add_ln103_4, i3 %filt_1_Q_2_addr" [receiver.cpp:103]   --->   Operation 161 'store' 'store_ln103' <Predicate = true> <Delay = 2.32> <CoreInst = "RAM">   --->   Core 82 'RAM' <Latency = 1> <II = 1> <Delay = 2.32> <Storage> <Opcode : 'load' 'store'> <Ports = 2> <Width = 18> <Depth = 6> <RAM>
ST_3 : Operation 162 [1/1] (2.32ns)   --->   "%store_ln103 = store i18 %add_ln103_6, i3 %filt_1_Q_3_addr" [receiver.cpp:103]   --->   Operation 162 'store' 'store_ln103' <Predicate = true> <Delay = 2.32> <CoreInst = "RAM">   --->   Core 82 'RAM' <Latency = 1> <II = 1> <Delay = 2.32> <Storage> <Opcode : 'load' 'store'> <Ports = 2> <Width = 18> <Depth = 6> <RAM>
ST_3 : Operation 163 [1/1] (2.32ns)   --->   "%store_ln103 = store i18 %add_ln103_1, i3 %filt_1_Q_4_addr" [receiver.cpp:103]   --->   Operation 163 'store' 'store_ln103' <Predicate = true> <Delay = 2.32> <CoreInst = "RAM">   --->   Core 82 'RAM' <Latency = 1> <II = 1> <Delay = 2.32> <Storage> <Opcode : 'load' 'store'> <Ports = 2> <Width = 18> <Depth = 6> <RAM>
ST_3 : Operation 164 [1/1] (2.32ns)   --->   "%store_ln103 = store i18 %add_ln103_3, i3 %filt_1_Q_5_addr" [receiver.cpp:103]   --->   Operation 164 'store' 'store_ln103' <Predicate = true> <Delay = 2.32> <CoreInst = "RAM">   --->   Core 82 'RAM' <Latency = 1> <II = 1> <Delay = 2.32> <Storage> <Opcode : 'load' 'store'> <Ports = 2> <Width = 18> <Depth = 6> <RAM>
ST_3 : Operation 165 [1/1] (2.32ns)   --->   "%store_ln103 = store i18 %add_ln103_5, i3 %filt_1_Q_6_addr" [receiver.cpp:103]   --->   Operation 165 'store' 'store_ln103' <Predicate = true> <Delay = 2.32> <CoreInst = "RAM">   --->   Core 82 'RAM' <Latency = 1> <II = 1> <Delay = 2.32> <Storage> <Opcode : 'load' 'store'> <Ports = 2> <Width = 18> <Depth = 6> <RAM>
ST_3 : Operation 166 [1/1] (2.32ns)   --->   "%store_ln103 = store i18 %add_ln103_7, i3 %filt_1_Q_7_addr" [receiver.cpp:103]   --->   Operation 166 'store' 'store_ln103' <Predicate = true> <Delay = 2.32> <CoreInst = "RAM">   --->   Core 82 'RAM' <Latency = 1> <II = 1> <Delay = 2.32> <Storage> <Opcode : 'load' 'store'> <Ports = 2> <Width = 18> <Depth = 6> <RAM>
ST_3 : Operation 167 [1/1] (0.00ns)   --->   "%br_ln100 = br void %for.body93" [receiver.cpp:100]   --->   Operation 167 'br' 'br_ln100' <Predicate = true> <Delay = 0.00>


============================================================
+ Verbose Summary: Timing violations
============================================================
Target clock period: 8.000ns, clock uncertainty: 2.160ns.

 <State 1>: 3.458ns
The critical path consists of the following:
	'alloca' operation ('i') [33]  (0.000 ns)
	'load' operation ('i', receiver.cpp:100) on local variable 'i' [37]  (0.000 ns)
	'add' operation ('add_ln100', receiver.cpp:100) [162]  (1.870 ns)
	'store' operation ('store_ln100', receiver.cpp:100) of variable 'add_ln100', receiver.cpp:100 on local variable 'i' [163]  (1.588 ns)

 <State 2>: 4.458ns
The critical path consists of the following:
	'load' operation ('filt_I_load', receiver.cpp:102) on array 'filt_I' [47]  (2.322 ns)
	'add' operation ('add_ln102', receiver.cpp:102) [50]  (2.136 ns)

 <State 3>: 2.322ns
The critical path consists of the following:
	'getelementptr' operation ('filt_1_I_addr_1', receiver.cpp:102) [53]  (0.000 ns)
	'store' operation ('store_ln102', receiver.cpp:102) of variable 'add_ln102', receiver.cpp:102 on array 'filt_1_I' [119]  (2.322 ns)


============================================================
+ Verbose Summary: Binding
============================================================
N/A
* FSMD analyzer results:
  - Output states:
 - Input state : 
  - Chain level:
	State 1
	State 2
	State 3


============================================================
+ Verbose Summary: Datapath Resource usage 
============================================================
N/A
