

================================================================
== Vitis HLS Report for 'receiver_Pipeline_VITIS_LOOP_68_1'
================================================================
* Date:           Sat May 11 11:31:21 2024

* Version:        2022.2 (Build 3670227 on Oct 13 2022)
* Project:        receiver
* Solution:       solution1 (Vivado IP Flow Target)
* Product family: zynq
* Target device:  xc7z020-clg400-1


================================================================
== Performance Estimates
================================================================
+ Timing: 
    * Summary: 
    +--------+---------+----------+------------+
    |  Clock |  Target | Estimated| Uncertainty|
    +--------+---------+----------+------------+
    |ap_clk  |  8.00 ns|  5.169 ns|     2.16 ns|
    +--------+---------+----------+------------+

+ Latency: 
    * Summary: 
    +---------+---------+----------+----------+-----+-----+---------+
    |  Latency (cycles) |  Latency (absolute) |  Interval | Pipeline|
    |   min   |   max   |    min   |    max   | min | max |   Type  |
    +---------+---------+----------+----------+-----+-----+---------+
    |      244|      244|  1.952 us|  1.952 us|  244|  244|       no|
    +---------+---------+----------+----------+-----+-----+---------+

    + Detail: 
        * Instance: 
        N/A

        * Loop: 
        +-------------------+---------+---------+----------+-----------+-----------+------+----------+
        |                   |  Latency (cycles) | Iteration|  Initiation Interval  | Trip |          |
        |     Loop Name     |   min   |   max   |  Latency |  achieved |   target  | Count| Pipelined|
        +-------------------+---------+---------+----------+-----------+-----------+------+----------+
        |- VITIS_LOOP_68_1  |      242|      242|         3|          1|          1|   240|       yes|
        +-------------------+---------+---------+----------+-----------+-----------+------+----------+

============================================================
+ Verbose Summary: Synthesis Manager
============================================================
InlineROM: 1
ExposeGlobal: 0
============================================================
+ Verbose Summary: CDFG Model
============================================================
IsTopModel: 0
ResetActiveHigh: 1
IsCombinational: 0
IsDatapathOnly: 0
HasWiredReturn: 1
HasMFsm: 2
HasVarLatency: 1
IsPipeline: 0
IsRtlPipelined: 0
IsInstanceOverlapped: 0
IsDontTouch: 0
HasImplIP: 0
IsGatedGlobalClock: 0

+ Individual pipeline summary: 
  * Pipeline-0: initiation interval (II) = 1, depth = 3


============================================================
+ Verbose Summary: Schedule
============================================================
* Number of FSM states : 3
* Pipeline : 1
  Pipeline-0 : II = 1, D = 3, States = { 1 2 3 }
* Dataflow Pipeline: 0

* FSM state transitions: 
1 --> 2 
2 --> 3 
3 --> 

* FSM state operations: 

State 1 <SV = 0> <Delay = 5.16>
ST_1 : Operation 6 [1/1] (0.00ns)   --->   "%i = alloca i32 1"   --->   Operation 6 'alloca' 'i' <Predicate = true> <Delay = 0.00>
ST_1 : Operation 7 [1/1] (1.58ns)   --->   "%store_ln0 = store i13 0, i13 %i"   --->   Operation 7 'store' 'store_ln0' <Predicate = true> <Delay = 1.58>
ST_1 : Operation 8 [1/1] (0.00ns)   --->   "%br_ln0 = br void %for.inc.0.split"   --->   Operation 8 'br' 'br_ln0' <Predicate = true> <Delay = 0.00>
ST_1 : Operation 9 [1/1] (0.00ns)   --->   "%i_2 = load i13 %i" [receiver.cpp:70]   --->   Operation 9 'load' 'i_2' <Predicate = true> <Delay = 0.00>
ST_1 : Operation 10 [1/1] (0.00ns)   --->   "%lshr_ln = partselect i8 @_ssdm_op_PartSelect.i8.i13.i32.i32, i13 %i_2, i32 5, i32 12" [receiver.cpp:70]   --->   Operation 10 'partselect' 'lshr_ln' <Predicate = true> <Delay = 0.00>
ST_1 : Operation 11 [1/1] (0.00ns)   --->   "%zext_ln70 = zext i8 %lshr_ln" [receiver.cpp:70]   --->   Operation 11 'zext' 'zext_ln70' <Predicate = true> <Delay = 0.00>
ST_1 : Operation 12 [1/1] (0.00ns)   --->   "%samples_I_1_addr = getelementptr i18 %samples_I_1, i64 0, i64 %zext_ln70" [receiver.cpp:70]   --->   Operation 12 'getelementptr' 'samples_I_1_addr' <Predicate = true> <Delay = 0.00>
ST_1 : Operation 13 [2/2] (3.25ns)   --->   "%samples_I_1_load = load i8 %samples_I_1_addr" [receiver.cpp:70]   --->   Operation 13 'load' 'samples_I_1_load' <Predicate = true> <Delay = 3.25> <CoreInst = "RAM">   --->   Core 82 'RAM' <Latency = 1> <II = 1> <Delay = 3.25> <Storage> <Opcode : 'load' 'store'> <Ports = 2> <Width = 18> <Depth = 241> <RAM>
ST_1 : Operation 14 [1/1] (0.00ns)   --->   "%samples_Q_1_addr = getelementptr i18 %samples_Q_1, i64 0, i64 %zext_ln70" [receiver.cpp:71]   --->   Operation 14 'getelementptr' 'samples_Q_1_addr' <Predicate = true> <Delay = 0.00>
ST_1 : Operation 15 [2/2] (3.25ns)   --->   "%samples_Q_1_load = load i8 %samples_Q_1_addr" [receiver.cpp:71]   --->   Operation 15 'load' 'samples_Q_1_load' <Predicate = true> <Delay = 3.25> <CoreInst = "RAM">   --->   Core 82 'RAM' <Latency = 1> <II = 1> <Delay = 3.25> <Storage> <Opcode : 'load' 'store'> <Ports = 2> <Width = 18> <Depth = 241> <RAM>
ST_1 : Operation 16 [1/1] (0.00ns)   --->   "%samples_I_2_addr = getelementptr i18 %samples_I_2, i64 0, i64 %zext_ln70" [receiver.cpp:70]   --->   Operation 16 'getelementptr' 'samples_I_2_addr' <Predicate = true> <Delay = 0.00>
ST_1 : Operation 17 [2/2] (3.25ns)   --->   "%samples_I_2_load = load i8 %samples_I_2_addr" [receiver.cpp:70]   --->   Operation 17 'load' 'samples_I_2_load' <Predicate = true> <Delay = 3.25> <CoreInst = "RAM">   --->   Core 82 'RAM' <Latency = 1> <II = 1> <Delay = 3.25> <Storage> <Opcode : 'load' 'store'> <Ports = 2> <Width = 18> <Depth = 241> <RAM>
ST_1 : Operation 18 [1/1] (0.00ns)   --->   "%samples_Q_2_addr = getelementptr i18 %samples_Q_2, i64 0, i64 %zext_ln70" [receiver.cpp:71]   --->   Operation 18 'getelementptr' 'samples_Q_2_addr' <Predicate = true> <Delay = 0.00>
ST_1 : Operation 19 [2/2] (3.25ns)   --->   "%samples_Q_2_load = load i8 %samples_Q_2_addr" [receiver.cpp:71]   --->   Operation 19 'load' 'samples_Q_2_load' <Predicate = true> <Delay = 3.25> <CoreInst = "RAM">   --->   Core 82 'RAM' <Latency = 1> <II = 1> <Delay = 3.25> <Storage> <Opcode : 'load' 'store'> <Ports = 2> <Width = 18> <Depth = 241> <RAM>
ST_1 : Operation 20 [1/1] (0.00ns)   --->   "%samples_I_3_addr = getelementptr i18 %samples_I_3, i64 0, i64 %zext_ln70" [receiver.cpp:70]   --->   Operation 20 'getelementptr' 'samples_I_3_addr' <Predicate = true> <Delay = 0.00>
ST_1 : Operation 21 [2/2] (3.25ns)   --->   "%samples_I_3_load = load i8 %samples_I_3_addr" [receiver.cpp:70]   --->   Operation 21 'load' 'samples_I_3_load' <Predicate = true> <Delay = 3.25> <CoreInst = "RAM">   --->   Core 82 'RAM' <Latency = 1> <II = 1> <Delay = 3.25> <Storage> <Opcode : 'load' 'store'> <Ports = 2> <Width = 18> <Depth = 241> <RAM>
ST_1 : Operation 22 [1/1] (0.00ns)   --->   "%samples_Q_3_addr = getelementptr i18 %samples_Q_3, i64 0, i64 %zext_ln70" [receiver.cpp:71]   --->   Operation 22 'getelementptr' 'samples_Q_3_addr' <Predicate = true> <Delay = 0.00>
ST_1 : Operation 23 [2/2] (3.25ns)   --->   "%samples_Q_3_load = load i8 %samples_Q_3_addr" [receiver.cpp:71]   --->   Operation 23 'load' 'samples_Q_3_load' <Predicate = true> <Delay = 3.25> <CoreInst = "RAM">   --->   Core 82 'RAM' <Latency = 1> <II = 1> <Delay = 3.25> <Storage> <Opcode : 'load' 'store'> <Ports = 2> <Width = 18> <Depth = 241> <RAM>
ST_1 : Operation 24 [1/1] (0.00ns)   --->   "%samples_I_4_addr = getelementptr i18 %samples_I_4, i64 0, i64 %zext_ln70" [receiver.cpp:70]   --->   Operation 24 'getelementptr' 'samples_I_4_addr' <Predicate = true> <Delay = 0.00>
ST_1 : Operation 25 [2/2] (3.25ns)   --->   "%samples_I_4_load = load i8 %samples_I_4_addr" [receiver.cpp:70]   --->   Operation 25 'load' 'samples_I_4_load' <Predicate = true> <Delay = 3.25> <CoreInst = "RAM">   --->   Core 82 'RAM' <Latency = 1> <II = 1> <Delay = 3.25> <Storage> <Opcode : 'load' 'store'> <Ports = 2> <Width = 18> <Depth = 241> <RAM>
ST_1 : Operation 26 [1/1] (0.00ns)   --->   "%samples_Q_4_addr = getelementptr i18 %samples_Q_4, i64 0, i64 %zext_ln70" [receiver.cpp:71]   --->   Operation 26 'getelementptr' 'samples_Q_4_addr' <Predicate = true> <Delay = 0.00>
ST_1 : Operation 27 [2/2] (3.25ns)   --->   "%samples_Q_4_load = load i8 %samples_Q_4_addr" [receiver.cpp:71]   --->   Operation 27 'load' 'samples_Q_4_load' <Predicate = true> <Delay = 3.25> <CoreInst = "RAM">   --->   Core 82 'RAM' <Latency = 1> <II = 1> <Delay = 3.25> <Storage> <Opcode : 'load' 'store'> <Ports = 2> <Width = 18> <Depth = 241> <RAM>
ST_1 : Operation 28 [1/1] (0.00ns)   --->   "%samples_I_5_addr = getelementptr i18 %samples_I_5, i64 0, i64 %zext_ln70" [receiver.cpp:70]   --->   Operation 28 'getelementptr' 'samples_I_5_addr' <Predicate = true> <Delay = 0.00>
ST_1 : Operation 29 [2/2] (3.25ns)   --->   "%samples_I_5_load = load i8 %samples_I_5_addr" [receiver.cpp:70]   --->   Operation 29 'load' 'samples_I_5_load' <Predicate = true> <Delay = 3.25> <CoreInst = "RAM">   --->   Core 82 'RAM' <Latency = 1> <II = 1> <Delay = 3.25> <Storage> <Opcode : 'load' 'store'> <Ports = 2> <Width = 18> <Depth = 241> <RAM>
ST_1 : Operation 30 [1/1] (0.00ns)   --->   "%samples_Q_5_addr = getelementptr i18 %samples_Q_5, i64 0, i64 %zext_ln70" [receiver.cpp:71]   --->   Operation 30 'getelementptr' 'samples_Q_5_addr' <Predicate = true> <Delay = 0.00>
ST_1 : Operation 31 [2/2] (3.25ns)   --->   "%samples_Q_5_load = load i8 %samples_Q_5_addr" [receiver.cpp:71]   --->   Operation 31 'load' 'samples_Q_5_load' <Predicate = true> <Delay = 3.25> <CoreInst = "RAM">   --->   Core 82 'RAM' <Latency = 1> <II = 1> <Delay = 3.25> <Storage> <Opcode : 'load' 'store'> <Ports = 2> <Width = 18> <Depth = 241> <RAM>
ST_1 : Operation 32 [1/1] (0.00ns)   --->   "%samples_I_6_addr = getelementptr i18 %samples_I_6, i64 0, i64 %zext_ln70" [receiver.cpp:70]   --->   Operation 32 'getelementptr' 'samples_I_6_addr' <Predicate = true> <Delay = 0.00>
ST_1 : Operation 33 [2/2] (3.25ns)   --->   "%samples_I_6_load = load i8 %samples_I_6_addr" [receiver.cpp:70]   --->   Operation 33 'load' 'samples_I_6_load' <Predicate = true> <Delay = 3.25> <CoreInst = "RAM">   --->   Core 82 'RAM' <Latency = 1> <II = 1> <Delay = 3.25> <Storage> <Opcode : 'load' 'store'> <Ports = 2> <Width = 18> <Depth = 241> <RAM>
ST_1 : Operation 34 [1/1] (0.00ns)   --->   "%samples_Q_6_addr = getelementptr i18 %samples_Q_6, i64 0, i64 %zext_ln70" [receiver.cpp:71]   --->   Operation 34 'getelementptr' 'samples_Q_6_addr' <Predicate = true> <Delay = 0.00>
ST_1 : Operation 35 [2/2] (3.25ns)   --->   "%samples_Q_6_load = load i8 %samples_Q_6_addr" [receiver.cpp:71]   --->   Operation 35 'load' 'samples_Q_6_load' <Predicate = true> <Delay = 3.25> <CoreInst = "RAM">   --->   Core 82 'RAM' <Latency = 1> <II = 1> <Delay = 3.25> <Storage> <Opcode : 'load' 'store'> <Ports = 2> <Width = 18> <Depth = 241> <RAM>
ST_1 : Operation 36 [1/1] (0.00ns)   --->   "%samples_I_7_addr = getelementptr i18 %samples_I_7, i64 0, i64 %zext_ln70" [receiver.cpp:70]   --->   Operation 36 'getelementptr' 'samples_I_7_addr' <Predicate = true> <Delay = 0.00>
ST_1 : Operation 37 [2/2] (3.25ns)   --->   "%samples_I_7_load = load i8 %samples_I_7_addr" [receiver.cpp:70]   --->   Operation 37 'load' 'samples_I_7_load' <Predicate = true> <Delay = 3.25> <CoreInst = "RAM">   --->   Core 82 'RAM' <Latency = 1> <II = 1> <Delay = 3.25> <Storage> <Opcode : 'load' 'store'> <Ports = 2> <Width = 18> <Depth = 241> <RAM>
ST_1 : Operation 38 [1/1] (0.00ns)   --->   "%samples_Q_7_addr = getelementptr i18 %samples_Q_7, i64 0, i64 %zext_ln70" [receiver.cpp:71]   --->   Operation 38 'getelementptr' 'samples_Q_7_addr' <Predicate = true> <Delay = 0.00>
ST_1 : Operation 39 [2/2] (3.25ns)   --->   "%samples_Q_7_load = load i8 %samples_Q_7_addr" [receiver.cpp:71]   --->   Operation 39 'load' 'samples_Q_7_load' <Predicate = true> <Delay = 3.25> <CoreInst = "RAM">   --->   Core 82 'RAM' <Latency = 1> <II = 1> <Delay = 3.25> <Storage> <Opcode : 'load' 'store'> <Ports = 2> <Width = 18> <Depth = 241> <RAM>
ST_1 : Operation 40 [1/1] (0.00ns)   --->   "%samples_I_8_addr = getelementptr i18 %samples_I_8, i64 0, i64 %zext_ln70" [receiver.cpp:70]   --->   Operation 40 'getelementptr' 'samples_I_8_addr' <Predicate = true> <Delay = 0.00>
ST_1 : Operation 41 [2/2] (3.25ns)   --->   "%samples_I_8_load = load i8 %samples_I_8_addr" [receiver.cpp:70]   --->   Operation 41 'load' 'samples_I_8_load' <Predicate = true> <Delay = 3.25> <CoreInst = "RAM">   --->   Core 82 'RAM' <Latency = 1> <II = 1> <Delay = 3.25> <Storage> <Opcode : 'load' 'store'> <Ports = 2> <Width = 18> <Depth = 241> <RAM>
ST_1 : Operation 42 [1/1] (0.00ns)   --->   "%samples_Q_8_addr = getelementptr i18 %samples_Q_8, i64 0, i64 %zext_ln70" [receiver.cpp:71]   --->   Operation 42 'getelementptr' 'samples_Q_8_addr' <Predicate = true> <Delay = 0.00>
ST_1 : Operation 43 [2/2] (3.25ns)   --->   "%samples_Q_8_load = load i8 %samples_Q_8_addr" [receiver.cpp:71]   --->   Operation 43 'load' 'samples_Q_8_load' <Predicate = true> <Delay = 3.25> <CoreInst = "RAM">   --->   Core 82 'RAM' <Latency = 1> <II = 1> <Delay = 3.25> <Storage> <Opcode : 'load' 'store'> <Ports = 2> <Width = 18> <Depth = 241> <RAM>
ST_1 : Operation 44 [1/1] (0.00ns)   --->   "%samples_I_9_addr = getelementptr i18 %samples_I_9, i64 0, i64 %zext_ln70" [receiver.cpp:70]   --->   Operation 44 'getelementptr' 'samples_I_9_addr' <Predicate = true> <Delay = 0.00>
ST_1 : Operation 45 [2/2] (3.25ns)   --->   "%samples_I_9_load = load i8 %samples_I_9_addr" [receiver.cpp:70]   --->   Operation 45 'load' 'samples_I_9_load' <Predicate = true> <Delay = 3.25> <CoreInst = "RAM">   --->   Core 82 'RAM' <Latency = 1> <II = 1> <Delay = 3.25> <Storage> <Opcode : 'load' 'store'> <Ports = 2> <Width = 18> <Depth = 241> <RAM>
ST_1 : Operation 46 [1/1] (0.00ns)   --->   "%samples_Q_9_addr = getelementptr i18 %samples_Q_9, i64 0, i64 %zext_ln70" [receiver.cpp:71]   --->   Operation 46 'getelementptr' 'samples_Q_9_addr' <Predicate = true> <Delay = 0.00>
ST_1 : Operation 47 [2/2] (3.25ns)   --->   "%samples_Q_9_load = load i8 %samples_Q_9_addr" [receiver.cpp:71]   --->   Operation 47 'load' 'samples_Q_9_load' <Predicate = true> <Delay = 3.25> <CoreInst = "RAM">   --->   Core 82 'RAM' <Latency = 1> <II = 1> <Delay = 3.25> <Storage> <Opcode : 'load' 'store'> <Ports = 2> <Width = 18> <Depth = 241> <RAM>
ST_1 : Operation 48 [1/1] (0.00ns)   --->   "%samples_I_10_addr = getelementptr i18 %samples_I_10, i64 0, i64 %zext_ln70" [receiver.cpp:70]   --->   Operation 48 'getelementptr' 'samples_I_10_addr' <Predicate = true> <Delay = 0.00>
ST_1 : Operation 49 [2/2] (3.25ns)   --->   "%samples_I_10_load = load i8 %samples_I_10_addr" [receiver.cpp:70]   --->   Operation 49 'load' 'samples_I_10_load' <Predicate = true> <Delay = 3.25> <CoreInst = "RAM">   --->   Core 82 'RAM' <Latency = 1> <II = 1> <Delay = 3.25> <Storage> <Opcode : 'load' 'store'> <Ports = 2> <Width = 18> <Depth = 241> <RAM>
ST_1 : Operation 50 [1/1] (0.00ns)   --->   "%samples_Q_10_addr = getelementptr i18 %samples_Q_10, i64 0, i64 %zext_ln70" [receiver.cpp:71]   --->   Operation 50 'getelementptr' 'samples_Q_10_addr' <Predicate = true> <Delay = 0.00>
ST_1 : Operation 51 [2/2] (3.25ns)   --->   "%samples_Q_10_load = load i8 %samples_Q_10_addr" [receiver.cpp:71]   --->   Operation 51 'load' 'samples_Q_10_load' <Predicate = true> <Delay = 3.25> <CoreInst = "RAM">   --->   Core 82 'RAM' <Latency = 1> <II = 1> <Delay = 3.25> <Storage> <Opcode : 'load' 'store'> <Ports = 2> <Width = 18> <Depth = 241> <RAM>
ST_1 : Operation 52 [1/1] (0.00ns) (grouped into LUT with out node icmp_ln68)   --->   "%or_ln70 = or i13 %i_2, i13 11" [receiver.cpp:70]   --->   Operation 52 'or' 'or_ln70' <Predicate = true> <Delay = 0.00>
ST_1 : Operation 53 [1/1] (0.00ns)   --->   "%samples_I_11_addr = getelementptr i18 %samples_I_11, i64 0, i64 %zext_ln70" [receiver.cpp:70]   --->   Operation 53 'getelementptr' 'samples_I_11_addr' <Predicate = true> <Delay = 0.00>
ST_1 : Operation 54 [2/2] (3.25ns)   --->   "%samples_I_11_load = load i8 %samples_I_11_addr" [receiver.cpp:70]   --->   Operation 54 'load' 'samples_I_11_load' <Predicate = true> <Delay = 3.25> <CoreInst = "RAM">   --->   Core 82 'RAM' <Latency = 1> <II = 1> <Delay = 3.25> <Storage> <Opcode : 'load' 'store'> <Ports = 2> <Width = 18> <Depth = 241> <RAM>
ST_1 : Operation 55 [1/1] (0.00ns)   --->   "%samples_Q_11_addr = getelementptr i18 %samples_Q_11, i64 0, i64 %zext_ln70" [receiver.cpp:71]   --->   Operation 55 'getelementptr' 'samples_Q_11_addr' <Predicate = true> <Delay = 0.00>
ST_1 : Operation 56 [2/2] (3.25ns)   --->   "%samples_Q_11_load = load i8 %samples_Q_11_addr" [receiver.cpp:71]   --->   Operation 56 'load' 'samples_Q_11_load' <Predicate = true> <Delay = 3.25> <CoreInst = "RAM">   --->   Core 82 'RAM' <Latency = 1> <II = 1> <Delay = 3.25> <Storage> <Opcode : 'load' 'store'> <Ports = 2> <Width = 18> <Depth = 241> <RAM>
ST_1 : Operation 57 [1/1] (2.09ns) (out node of the LUT)   --->   "%icmp_ln68 = icmp_ult  i13 %or_ln70, i13 7691" [receiver.cpp:68]   --->   Operation 57 'icmp' 'icmp_ln68' <Predicate = true> <Delay = 2.09> <CoreInst = "Cmp">   --->   Core 9 'Cmp' <Latency = 0> <II = 1> <Delay = 2.09> <FuncUnit> <Opcode : 'icmp'> <InPorts = 2> <OutPorts = 1>
ST_1 : Operation 58 [1/1] (0.00ns)   --->   "%br_ln68 = br i1 %icmp_ln68, void %for.end.exitStub, void %for.inc.11" [receiver.cpp:68]   --->   Operation 58 'br' 'br_ln68' <Predicate = true> <Delay = 0.00>
ST_1 : Operation 59 [1/1] (0.00ns)   --->   "%samples_I_12_addr = getelementptr i18 %samples_I_12, i64 0, i64 %zext_ln70" [receiver.cpp:70]   --->   Operation 59 'getelementptr' 'samples_I_12_addr' <Predicate = (icmp_ln68)> <Delay = 0.00>
ST_1 : Operation 60 [2/2] (3.25ns)   --->   "%samples_I_12_load = load i8 %samples_I_12_addr" [receiver.cpp:70]   --->   Operation 60 'load' 'samples_I_12_load' <Predicate = (icmp_ln68)> <Delay = 3.25> <CoreInst = "RAM">   --->   Core 82 'RAM' <Latency = 1> <II = 1> <Delay = 3.25> <Storage> <Opcode : 'load' 'store'> <Ports = 2> <Width = 18> <Depth = 241> <RAM>
ST_1 : Operation 61 [1/1] (0.00ns)   --->   "%samples_Q_12_addr = getelementptr i18 %samples_Q_12, i64 0, i64 %zext_ln70" [receiver.cpp:71]   --->   Operation 61 'getelementptr' 'samples_Q_12_addr' <Predicate = (icmp_ln68)> <Delay = 0.00>
ST_1 : Operation 62 [2/2] (3.25ns)   --->   "%samples_Q_12_load = load i8 %samples_Q_12_addr" [receiver.cpp:71]   --->   Operation 62 'load' 'samples_Q_12_load' <Predicate = (icmp_ln68)> <Delay = 3.25> <CoreInst = "RAM">   --->   Core 82 'RAM' <Latency = 1> <II = 1> <Delay = 3.25> <Storage> <Opcode : 'load' 'store'> <Ports = 2> <Width = 18> <Depth = 241> <RAM>
ST_1 : Operation 63 [1/1] (0.00ns)   --->   "%samples_I_13_addr = getelementptr i18 %samples_I_13, i64 0, i64 %zext_ln70" [receiver.cpp:70]   --->   Operation 63 'getelementptr' 'samples_I_13_addr' <Predicate = (icmp_ln68)> <Delay = 0.00>
ST_1 : Operation 64 [2/2] (3.25ns)   --->   "%samples_I_13_load = load i8 %samples_I_13_addr" [receiver.cpp:70]   --->   Operation 64 'load' 'samples_I_13_load' <Predicate = (icmp_ln68)> <Delay = 3.25> <CoreInst = "RAM">   --->   Core 82 'RAM' <Latency = 1> <II = 1> <Delay = 3.25> <Storage> <Opcode : 'load' 'store'> <Ports = 2> <Width = 18> <Depth = 241> <RAM>
ST_1 : Operation 65 [1/1] (0.00ns)   --->   "%samples_Q_13_addr = getelementptr i18 %samples_Q_13, i64 0, i64 %zext_ln70" [receiver.cpp:71]   --->   Operation 65 'getelementptr' 'samples_Q_13_addr' <Predicate = (icmp_ln68)> <Delay = 0.00>
ST_1 : Operation 66 [2/2] (3.25ns)   --->   "%samples_Q_13_load = load i8 %samples_Q_13_addr" [receiver.cpp:71]   --->   Operation 66 'load' 'samples_Q_13_load' <Predicate = (icmp_ln68)> <Delay = 3.25> <CoreInst = "RAM">   --->   Core 82 'RAM' <Latency = 1> <II = 1> <Delay = 3.25> <Storage> <Opcode : 'load' 'store'> <Ports = 2> <Width = 18> <Depth = 241> <RAM>
ST_1 : Operation 67 [1/1] (0.00ns)   --->   "%samples_I_14_addr = getelementptr i18 %samples_I_14, i64 0, i64 %zext_ln70" [receiver.cpp:70]   --->   Operation 67 'getelementptr' 'samples_I_14_addr' <Predicate = (icmp_ln68)> <Delay = 0.00>
ST_1 : Operation 68 [2/2] (3.25ns)   --->   "%samples_I_14_load = load i8 %samples_I_14_addr" [receiver.cpp:70]   --->   Operation 68 'load' 'samples_I_14_load' <Predicate = (icmp_ln68)> <Delay = 3.25> <CoreInst = "RAM">   --->   Core 82 'RAM' <Latency = 1> <II = 1> <Delay = 3.25> <Storage> <Opcode : 'load' 'store'> <Ports = 2> <Width = 18> <Depth = 241> <RAM>
ST_1 : Operation 69 [1/1] (0.00ns)   --->   "%samples_Q_14_addr = getelementptr i18 %samples_Q_14, i64 0, i64 %zext_ln70" [receiver.cpp:71]   --->   Operation 69 'getelementptr' 'samples_Q_14_addr' <Predicate = (icmp_ln68)> <Delay = 0.00>
ST_1 : Operation 70 [2/2] (3.25ns)   --->   "%samples_Q_14_load = load i8 %samples_Q_14_addr" [receiver.cpp:71]   --->   Operation 70 'load' 'samples_Q_14_load' <Predicate = (icmp_ln68)> <Delay = 3.25> <CoreInst = "RAM">   --->   Core 82 'RAM' <Latency = 1> <II = 1> <Delay = 3.25> <Storage> <Opcode : 'load' 'store'> <Ports = 2> <Width = 18> <Depth = 241> <RAM>
ST_1 : Operation 71 [1/1] (0.00ns)   --->   "%samples_I_15_addr = getelementptr i18 %samples_I_15, i64 0, i64 %zext_ln70" [receiver.cpp:70]   --->   Operation 71 'getelementptr' 'samples_I_15_addr' <Predicate = (icmp_ln68)> <Delay = 0.00>
ST_1 : Operation 72 [2/2] (3.25ns)   --->   "%samples_I_15_load = load i8 %samples_I_15_addr" [receiver.cpp:70]   --->   Operation 72 'load' 'samples_I_15_load' <Predicate = (icmp_ln68)> <Delay = 3.25> <CoreInst = "RAM">   --->   Core 82 'RAM' <Latency = 1> <II = 1> <Delay = 3.25> <Storage> <Opcode : 'load' 'store'> <Ports = 2> <Width = 18> <Depth = 241> <RAM>
ST_1 : Operation 73 [1/1] (0.00ns)   --->   "%samples_Q_15_addr = getelementptr i18 %samples_Q_15, i64 0, i64 %zext_ln70" [receiver.cpp:71]   --->   Operation 73 'getelementptr' 'samples_Q_15_addr' <Predicate = (icmp_ln68)> <Delay = 0.00>
ST_1 : Operation 74 [2/2] (3.25ns)   --->   "%samples_Q_15_load = load i8 %samples_Q_15_addr" [receiver.cpp:71]   --->   Operation 74 'load' 'samples_Q_15_load' <Predicate = (icmp_ln68)> <Delay = 3.25> <CoreInst = "RAM">   --->   Core 82 'RAM' <Latency = 1> <II = 1> <Delay = 3.25> <Storage> <Opcode : 'load' 'store'> <Ports = 2> <Width = 18> <Depth = 241> <RAM>
ST_1 : Operation 75 [1/1] (0.00ns)   --->   "%samples_I_16_addr = getelementptr i18 %samples_I_16, i64 0, i64 %zext_ln70" [receiver.cpp:70]   --->   Operation 75 'getelementptr' 'samples_I_16_addr' <Predicate = (icmp_ln68)> <Delay = 0.00>
ST_1 : Operation 76 [2/2] (3.25ns)   --->   "%samples_I_16_load = load i8 %samples_I_16_addr" [receiver.cpp:70]   --->   Operation 76 'load' 'samples_I_16_load' <Predicate = (icmp_ln68)> <Delay = 3.25> <CoreInst = "RAM">   --->   Core 82 'RAM' <Latency = 1> <II = 1> <Delay = 3.25> <Storage> <Opcode : 'load' 'store'> <Ports = 2> <Width = 18> <Depth = 241> <RAM>
ST_1 : Operation 77 [1/1] (0.00ns)   --->   "%samples_Q_16_addr = getelementptr i18 %samples_Q_16, i64 0, i64 %zext_ln70" [receiver.cpp:71]   --->   Operation 77 'getelementptr' 'samples_Q_16_addr' <Predicate = (icmp_ln68)> <Delay = 0.00>
ST_1 : Operation 78 [2/2] (3.25ns)   --->   "%samples_Q_16_load = load i8 %samples_Q_16_addr" [receiver.cpp:71]   --->   Operation 78 'load' 'samples_Q_16_load' <Predicate = (icmp_ln68)> <Delay = 3.25> <CoreInst = "RAM">   --->   Core 82 'RAM' <Latency = 1> <II = 1> <Delay = 3.25> <Storage> <Opcode : 'load' 'store'> <Ports = 2> <Width = 18> <Depth = 241> <RAM>
ST_1 : Operation 79 [1/1] (0.00ns)   --->   "%samples_I_17_addr = getelementptr i18 %samples_I_17, i64 0, i64 %zext_ln70" [receiver.cpp:70]   --->   Operation 79 'getelementptr' 'samples_I_17_addr' <Predicate = (icmp_ln68)> <Delay = 0.00>
ST_1 : Operation 80 [2/2] (3.25ns)   --->   "%samples_I_17_load = load i8 %samples_I_17_addr" [receiver.cpp:70]   --->   Operation 80 'load' 'samples_I_17_load' <Predicate = (icmp_ln68)> <Delay = 3.25> <CoreInst = "RAM">   --->   Core 82 'RAM' <Latency = 1> <II = 1> <Delay = 3.25> <Storage> <Opcode : 'load' 'store'> <Ports = 2> <Width = 18> <Depth = 241> <RAM>
ST_1 : Operation 81 [1/1] (0.00ns)   --->   "%samples_Q_17_addr = getelementptr i18 %samples_Q_17, i64 0, i64 %zext_ln70" [receiver.cpp:71]   --->   Operation 81 'getelementptr' 'samples_Q_17_addr' <Predicate = (icmp_ln68)> <Delay = 0.00>
ST_1 : Operation 82 [2/2] (3.25ns)   --->   "%samples_Q_17_load = load i8 %samples_Q_17_addr" [receiver.cpp:71]   --->   Operation 82 'load' 'samples_Q_17_load' <Predicate = (icmp_ln68)> <Delay = 3.25> <CoreInst = "RAM">   --->   Core 82 'RAM' <Latency = 1> <II = 1> <Delay = 3.25> <Storage> <Opcode : 'load' 'store'> <Ports = 2> <Width = 18> <Depth = 241> <RAM>
ST_1 : Operation 83 [1/1] (0.00ns)   --->   "%samples_I_18_addr = getelementptr i18 %samples_I_18, i64 0, i64 %zext_ln70" [receiver.cpp:70]   --->   Operation 83 'getelementptr' 'samples_I_18_addr' <Predicate = (icmp_ln68)> <Delay = 0.00>
ST_1 : Operation 84 [2/2] (3.25ns)   --->   "%samples_I_18_load = load i8 %samples_I_18_addr" [receiver.cpp:70]   --->   Operation 84 'load' 'samples_I_18_load' <Predicate = (icmp_ln68)> <Delay = 3.25> <CoreInst = "RAM">   --->   Core 82 'RAM' <Latency = 1> <II = 1> <Delay = 3.25> <Storage> <Opcode : 'load' 'store'> <Ports = 2> <Width = 18> <Depth = 241> <RAM>
ST_1 : Operation 85 [1/1] (0.00ns)   --->   "%samples_Q_18_addr = getelementptr i18 %samples_Q_18, i64 0, i64 %zext_ln70" [receiver.cpp:71]   --->   Operation 85 'getelementptr' 'samples_Q_18_addr' <Predicate = (icmp_ln68)> <Delay = 0.00>
ST_1 : Operation 86 [2/2] (3.25ns)   --->   "%samples_Q_18_load = load i8 %samples_Q_18_addr" [receiver.cpp:71]   --->   Operation 86 'load' 'samples_Q_18_load' <Predicate = (icmp_ln68)> <Delay = 3.25> <CoreInst = "RAM">   --->   Core 82 'RAM' <Latency = 1> <II = 1> <Delay = 3.25> <Storage> <Opcode : 'load' 'store'> <Ports = 2> <Width = 18> <Depth = 241> <RAM>
ST_1 : Operation 87 [1/1] (0.00ns)   --->   "%samples_I_19_addr = getelementptr i18 %samples_I_19, i64 0, i64 %zext_ln70" [receiver.cpp:70]   --->   Operation 87 'getelementptr' 'samples_I_19_addr' <Predicate = (icmp_ln68)> <Delay = 0.00>
ST_1 : Operation 88 [2/2] (3.25ns)   --->   "%samples_I_19_load = load i8 %samples_I_19_addr" [receiver.cpp:70]   --->   Operation 88 'load' 'samples_I_19_load' <Predicate = (icmp_ln68)> <Delay = 3.25> <CoreInst = "RAM">   --->   Core 82 'RAM' <Latency = 1> <II = 1> <Delay = 3.25> <Storage> <Opcode : 'load' 'store'> <Ports = 2> <Width = 18> <Depth = 241> <RAM>
ST_1 : Operation 89 [1/1] (0.00ns)   --->   "%samples_Q_19_addr = getelementptr i18 %samples_Q_19, i64 0, i64 %zext_ln70" [receiver.cpp:71]   --->   Operation 89 'getelementptr' 'samples_Q_19_addr' <Predicate = (icmp_ln68)> <Delay = 0.00>
ST_1 : Operation 90 [2/2] (3.25ns)   --->   "%samples_Q_19_load = load i8 %samples_Q_19_addr" [receiver.cpp:71]   --->   Operation 90 'load' 'samples_Q_19_load' <Predicate = (icmp_ln68)> <Delay = 3.25> <CoreInst = "RAM">   --->   Core 82 'RAM' <Latency = 1> <II = 1> <Delay = 3.25> <Storage> <Opcode : 'load' 'store'> <Ports = 2> <Width = 18> <Depth = 241> <RAM>
ST_1 : Operation 91 [1/1] (0.00ns)   --->   "%samples_I_20_addr = getelementptr i18 %samples_I_20, i64 0, i64 %zext_ln70" [receiver.cpp:70]   --->   Operation 91 'getelementptr' 'samples_I_20_addr' <Predicate = (icmp_ln68)> <Delay = 0.00>
ST_1 : Operation 92 [2/2] (3.25ns)   --->   "%samples_I_20_load = load i8 %samples_I_20_addr" [receiver.cpp:70]   --->   Operation 92 'load' 'samples_I_20_load' <Predicate = (icmp_ln68)> <Delay = 3.25> <CoreInst = "RAM">   --->   Core 82 'RAM' <Latency = 1> <II = 1> <Delay = 3.25> <Storage> <Opcode : 'load' 'store'> <Ports = 2> <Width = 18> <Depth = 241> <RAM>
ST_1 : Operation 93 [1/1] (0.00ns)   --->   "%samples_Q_20_addr = getelementptr i18 %samples_Q_20, i64 0, i64 %zext_ln70" [receiver.cpp:71]   --->   Operation 93 'getelementptr' 'samples_Q_20_addr' <Predicate = (icmp_ln68)> <Delay = 0.00>
ST_1 : Operation 94 [2/2] (3.25ns)   --->   "%samples_Q_20_load = load i8 %samples_Q_20_addr" [receiver.cpp:71]   --->   Operation 94 'load' 'samples_Q_20_load' <Predicate = (icmp_ln68)> <Delay = 3.25> <CoreInst = "RAM">   --->   Core 82 'RAM' <Latency = 1> <II = 1> <Delay = 3.25> <Storage> <Opcode : 'load' 'store'> <Ports = 2> <Width = 18> <Depth = 241> <RAM>
ST_1 : Operation 95 [1/1] (0.00ns)   --->   "%samples_I_21_addr = getelementptr i18 %samples_I_21, i64 0, i64 %zext_ln70" [receiver.cpp:70]   --->   Operation 95 'getelementptr' 'samples_I_21_addr' <Predicate = (icmp_ln68)> <Delay = 0.00>
ST_1 : Operation 96 [2/2] (3.25ns)   --->   "%samples_I_21_load = load i8 %samples_I_21_addr" [receiver.cpp:70]   --->   Operation 96 'load' 'samples_I_21_load' <Predicate = (icmp_ln68)> <Delay = 3.25> <CoreInst = "RAM">   --->   Core 82 'RAM' <Latency = 1> <II = 1> <Delay = 3.25> <Storage> <Opcode : 'load' 'store'> <Ports = 2> <Width = 18> <Depth = 241> <RAM>
ST_1 : Operation 97 [1/1] (0.00ns)   --->   "%samples_Q_21_addr = getelementptr i18 %samples_Q_21, i64 0, i64 %zext_ln70" [receiver.cpp:71]   --->   Operation 97 'getelementptr' 'samples_Q_21_addr' <Predicate = (icmp_ln68)> <Delay = 0.00>
ST_1 : Operation 98 [2/2] (3.25ns)   --->   "%samples_Q_21_load = load i8 %samples_Q_21_addr" [receiver.cpp:71]   --->   Operation 98 'load' 'samples_Q_21_load' <Predicate = (icmp_ln68)> <Delay = 3.25> <CoreInst = "RAM">   --->   Core 82 'RAM' <Latency = 1> <II = 1> <Delay = 3.25> <Storage> <Opcode : 'load' 'store'> <Ports = 2> <Width = 18> <Depth = 241> <RAM>
ST_1 : Operation 99 [1/1] (0.00ns)   --->   "%samples_I_22_addr = getelementptr i18 %samples_I_22, i64 0, i64 %zext_ln70" [receiver.cpp:70]   --->   Operation 99 'getelementptr' 'samples_I_22_addr' <Predicate = (icmp_ln68)> <Delay = 0.00>
ST_1 : Operation 100 [2/2] (3.25ns)   --->   "%samples_I_22_load = load i8 %samples_I_22_addr" [receiver.cpp:70]   --->   Operation 100 'load' 'samples_I_22_load' <Predicate = (icmp_ln68)> <Delay = 3.25> <CoreInst = "RAM">   --->   Core 82 'RAM' <Latency = 1> <II = 1> <Delay = 3.25> <Storage> <Opcode : 'load' 'store'> <Ports = 2> <Width = 18> <Depth = 241> <RAM>
ST_1 : Operation 101 [1/1] (0.00ns)   --->   "%samples_Q_22_addr = getelementptr i18 %samples_Q_22, i64 0, i64 %zext_ln70" [receiver.cpp:71]   --->   Operation 101 'getelementptr' 'samples_Q_22_addr' <Predicate = (icmp_ln68)> <Delay = 0.00>
ST_1 : Operation 102 [2/2] (3.25ns)   --->   "%samples_Q_22_load = load i8 %samples_Q_22_addr" [receiver.cpp:71]   --->   Operation 102 'load' 'samples_Q_22_load' <Predicate = (icmp_ln68)> <Delay = 3.25> <CoreInst = "RAM">   --->   Core 82 'RAM' <Latency = 1> <II = 1> <Delay = 3.25> <Storage> <Opcode : 'load' 'store'> <Ports = 2> <Width = 18> <Depth = 241> <RAM>
ST_1 : Operation 103 [1/1] (0.00ns)   --->   "%samples_I_23_addr = getelementptr i18 %samples_I_23, i64 0, i64 %zext_ln70" [receiver.cpp:70]   --->   Operation 103 'getelementptr' 'samples_I_23_addr' <Predicate = (icmp_ln68)> <Delay = 0.00>
ST_1 : Operation 104 [2/2] (3.25ns)   --->   "%samples_I_23_load = load i8 %samples_I_23_addr" [receiver.cpp:70]   --->   Operation 104 'load' 'samples_I_23_load' <Predicate = (icmp_ln68)> <Delay = 3.25> <CoreInst = "RAM">   --->   Core 82 'RAM' <Latency = 1> <II = 1> <Delay = 3.25> <Storage> <Opcode : 'load' 'store'> <Ports = 2> <Width = 18> <Depth = 241> <RAM>
ST_1 : Operation 105 [1/1] (0.00ns)   --->   "%samples_Q_23_addr = getelementptr i18 %samples_Q_23, i64 0, i64 %zext_ln70" [receiver.cpp:71]   --->   Operation 105 'getelementptr' 'samples_Q_23_addr' <Predicate = (icmp_ln68)> <Delay = 0.00>
ST_1 : Operation 106 [2/2] (3.25ns)   --->   "%samples_Q_23_load = load i8 %samples_Q_23_addr" [receiver.cpp:71]   --->   Operation 106 'load' 'samples_Q_23_load' <Predicate = (icmp_ln68)> <Delay = 3.25> <CoreInst = "RAM">   --->   Core 82 'RAM' <Latency = 1> <II = 1> <Delay = 3.25> <Storage> <Opcode : 'load' 'store'> <Ports = 2> <Width = 18> <Depth = 241> <RAM>
ST_1 : Operation 107 [1/1] (0.00ns)   --->   "%samples_I_24_addr = getelementptr i18 %samples_I_24, i64 0, i64 %zext_ln70" [receiver.cpp:70]   --->   Operation 107 'getelementptr' 'samples_I_24_addr' <Predicate = (icmp_ln68)> <Delay = 0.00>
ST_1 : Operation 108 [2/2] (3.25ns)   --->   "%samples_I_24_load = load i8 %samples_I_24_addr" [receiver.cpp:70]   --->   Operation 108 'load' 'samples_I_24_load' <Predicate = (icmp_ln68)> <Delay = 3.25> <CoreInst = "RAM">   --->   Core 82 'RAM' <Latency = 1> <II = 1> <Delay = 3.25> <Storage> <Opcode : 'load' 'store'> <Ports = 2> <Width = 18> <Depth = 241> <RAM>
ST_1 : Operation 109 [1/1] (0.00ns)   --->   "%samples_Q_24_addr = getelementptr i18 %samples_Q_24, i64 0, i64 %zext_ln70" [receiver.cpp:71]   --->   Operation 109 'getelementptr' 'samples_Q_24_addr' <Predicate = (icmp_ln68)> <Delay = 0.00>
ST_1 : Operation 110 [2/2] (3.25ns)   --->   "%samples_Q_24_load = load i8 %samples_Q_24_addr" [receiver.cpp:71]   --->   Operation 110 'load' 'samples_Q_24_load' <Predicate = (icmp_ln68)> <Delay = 3.25> <CoreInst = "RAM">   --->   Core 82 'RAM' <Latency = 1> <II = 1> <Delay = 3.25> <Storage> <Opcode : 'load' 'store'> <Ports = 2> <Width = 18> <Depth = 241> <RAM>
ST_1 : Operation 111 [1/1] (0.00ns)   --->   "%samples_I_25_addr = getelementptr i18 %samples_I_25, i64 0, i64 %zext_ln70" [receiver.cpp:70]   --->   Operation 111 'getelementptr' 'samples_I_25_addr' <Predicate = (icmp_ln68)> <Delay = 0.00>
ST_1 : Operation 112 [2/2] (3.25ns)   --->   "%samples_I_25_load = load i8 %samples_I_25_addr" [receiver.cpp:70]   --->   Operation 112 'load' 'samples_I_25_load' <Predicate = (icmp_ln68)> <Delay = 3.25> <CoreInst = "RAM">   --->   Core 82 'RAM' <Latency = 1> <II = 1> <Delay = 3.25> <Storage> <Opcode : 'load' 'store'> <Ports = 2> <Width = 18> <Depth = 241> <RAM>
ST_1 : Operation 113 [1/1] (0.00ns)   --->   "%samples_Q_25_addr = getelementptr i18 %samples_Q_25, i64 0, i64 %zext_ln70" [receiver.cpp:71]   --->   Operation 113 'getelementptr' 'samples_Q_25_addr' <Predicate = (icmp_ln68)> <Delay = 0.00>
ST_1 : Operation 114 [2/2] (3.25ns)   --->   "%samples_Q_25_load = load i8 %samples_Q_25_addr" [receiver.cpp:71]   --->   Operation 114 'load' 'samples_Q_25_load' <Predicate = (icmp_ln68)> <Delay = 3.25> <CoreInst = "RAM">   --->   Core 82 'RAM' <Latency = 1> <II = 1> <Delay = 3.25> <Storage> <Opcode : 'load' 'store'> <Ports = 2> <Width = 18> <Depth = 241> <RAM>
ST_1 : Operation 115 [1/1] (0.00ns)   --->   "%samples_I_26_addr = getelementptr i18 %samples_I_26, i64 0, i64 %zext_ln70" [receiver.cpp:70]   --->   Operation 115 'getelementptr' 'samples_I_26_addr' <Predicate = (icmp_ln68)> <Delay = 0.00>
ST_1 : Operation 116 [2/2] (3.25ns)   --->   "%samples_I_26_load = load i8 %samples_I_26_addr" [receiver.cpp:70]   --->   Operation 116 'load' 'samples_I_26_load' <Predicate = (icmp_ln68)> <Delay = 3.25> <CoreInst = "RAM">   --->   Core 82 'RAM' <Latency = 1> <II = 1> <Delay = 3.25> <Storage> <Opcode : 'load' 'store'> <Ports = 2> <Width = 18> <Depth = 241> <RAM>
ST_1 : Operation 117 [1/1] (0.00ns)   --->   "%samples_Q_26_addr = getelementptr i18 %samples_Q_26, i64 0, i64 %zext_ln70" [receiver.cpp:71]   --->   Operation 117 'getelementptr' 'samples_Q_26_addr' <Predicate = (icmp_ln68)> <Delay = 0.00>
ST_1 : Operation 118 [2/2] (3.25ns)   --->   "%samples_Q_26_load = load i8 %samples_Q_26_addr" [receiver.cpp:71]   --->   Operation 118 'load' 'samples_Q_26_load' <Predicate = (icmp_ln68)> <Delay = 3.25> <CoreInst = "RAM">   --->   Core 82 'RAM' <Latency = 1> <II = 1> <Delay = 3.25> <Storage> <Opcode : 'load' 'store'> <Ports = 2> <Width = 18> <Depth = 241> <RAM>
ST_1 : Operation 119 [1/1] (0.00ns)   --->   "%samples_I_27_addr = getelementptr i18 %samples_I_27, i64 0, i64 %zext_ln70" [receiver.cpp:70]   --->   Operation 119 'getelementptr' 'samples_I_27_addr' <Predicate = (icmp_ln68)> <Delay = 0.00>
ST_1 : Operation 120 [2/2] (3.25ns)   --->   "%samples_I_27_load = load i8 %samples_I_27_addr" [receiver.cpp:70]   --->   Operation 120 'load' 'samples_I_27_load' <Predicate = (icmp_ln68)> <Delay = 3.25> <CoreInst = "RAM">   --->   Core 82 'RAM' <Latency = 1> <II = 1> <Delay = 3.25> <Storage> <Opcode : 'load' 'store'> <Ports = 2> <Width = 18> <Depth = 241> <RAM>
ST_1 : Operation 121 [1/1] (0.00ns)   --->   "%samples_Q_27_addr = getelementptr i18 %samples_Q_27, i64 0, i64 %zext_ln70" [receiver.cpp:71]   --->   Operation 121 'getelementptr' 'samples_Q_27_addr' <Predicate = (icmp_ln68)> <Delay = 0.00>
ST_1 : Operation 122 [2/2] (3.25ns)   --->   "%samples_Q_27_load = load i8 %samples_Q_27_addr" [receiver.cpp:71]   --->   Operation 122 'load' 'samples_Q_27_load' <Predicate = (icmp_ln68)> <Delay = 3.25> <CoreInst = "RAM">   --->   Core 82 'RAM' <Latency = 1> <II = 1> <Delay = 3.25> <Storage> <Opcode : 'load' 'store'> <Ports = 2> <Width = 18> <Depth = 241> <RAM>
ST_1 : Operation 123 [1/1] (0.00ns)   --->   "%samples_I_28_addr = getelementptr i18 %samples_I_28, i64 0, i64 %zext_ln70" [receiver.cpp:70]   --->   Operation 123 'getelementptr' 'samples_I_28_addr' <Predicate = (icmp_ln68)> <Delay = 0.00>
ST_1 : Operation 124 [2/2] (3.25ns)   --->   "%samples_I_28_load = load i8 %samples_I_28_addr" [receiver.cpp:70]   --->   Operation 124 'load' 'samples_I_28_load' <Predicate = (icmp_ln68)> <Delay = 3.25> <CoreInst = "RAM">   --->   Core 82 'RAM' <Latency = 1> <II = 1> <Delay = 3.25> <Storage> <Opcode : 'load' 'store'> <Ports = 2> <Width = 18> <Depth = 241> <RAM>
ST_1 : Operation 125 [1/1] (0.00ns)   --->   "%samples_Q_28_addr = getelementptr i18 %samples_Q_28, i64 0, i64 %zext_ln70" [receiver.cpp:71]   --->   Operation 125 'getelementptr' 'samples_Q_28_addr' <Predicate = (icmp_ln68)> <Delay = 0.00>
ST_1 : Operation 126 [2/2] (3.25ns)   --->   "%samples_Q_28_load = load i8 %samples_Q_28_addr" [receiver.cpp:71]   --->   Operation 126 'load' 'samples_Q_28_load' <Predicate = (icmp_ln68)> <Delay = 3.25> <CoreInst = "RAM">   --->   Core 82 'RAM' <Latency = 1> <II = 1> <Delay = 3.25> <Storage> <Opcode : 'load' 'store'> <Ports = 2> <Width = 18> <Depth = 241> <RAM>
ST_1 : Operation 127 [1/1] (0.00ns)   --->   "%samples_I_29_addr = getelementptr i18 %samples_I_29, i64 0, i64 %zext_ln70" [receiver.cpp:70]   --->   Operation 127 'getelementptr' 'samples_I_29_addr' <Predicate = (icmp_ln68)> <Delay = 0.00>
ST_1 : Operation 128 [2/2] (3.25ns)   --->   "%samples_I_29_load = load i8 %samples_I_29_addr" [receiver.cpp:70]   --->   Operation 128 'load' 'samples_I_29_load' <Predicate = (icmp_ln68)> <Delay = 3.25> <CoreInst = "RAM">   --->   Core 82 'RAM' <Latency = 1> <II = 1> <Delay = 3.25> <Storage> <Opcode : 'load' 'store'> <Ports = 2> <Width = 18> <Depth = 241> <RAM>
ST_1 : Operation 129 [1/1] (0.00ns)   --->   "%samples_Q_29_addr = getelementptr i18 %samples_Q_29, i64 0, i64 %zext_ln70" [receiver.cpp:71]   --->   Operation 129 'getelementptr' 'samples_Q_29_addr' <Predicate = (icmp_ln68)> <Delay = 0.00>
ST_1 : Operation 130 [2/2] (3.25ns)   --->   "%samples_Q_29_load = load i8 %samples_Q_29_addr" [receiver.cpp:71]   --->   Operation 130 'load' 'samples_Q_29_load' <Predicate = (icmp_ln68)> <Delay = 3.25> <CoreInst = "RAM">   --->   Core 82 'RAM' <Latency = 1> <II = 1> <Delay = 3.25> <Storage> <Opcode : 'load' 'store'> <Ports = 2> <Width = 18> <Depth = 241> <RAM>
ST_1 : Operation 131 [1/1] (0.00ns)   --->   "%samples_I_30_addr = getelementptr i18 %samples_I_30, i64 0, i64 %zext_ln70" [receiver.cpp:70]   --->   Operation 131 'getelementptr' 'samples_I_30_addr' <Predicate = (icmp_ln68)> <Delay = 0.00>
ST_1 : Operation 132 [2/2] (3.25ns)   --->   "%samples_I_30_load = load i8 %samples_I_30_addr" [receiver.cpp:70]   --->   Operation 132 'load' 'samples_I_30_load' <Predicate = (icmp_ln68)> <Delay = 3.25> <CoreInst = "RAM">   --->   Core 82 'RAM' <Latency = 1> <II = 1> <Delay = 3.25> <Storage> <Opcode : 'load' 'store'> <Ports = 2> <Width = 18> <Depth = 241> <RAM>
ST_1 : Operation 133 [1/1] (0.00ns)   --->   "%samples_Q_30_addr = getelementptr i18 %samples_Q_30, i64 0, i64 %zext_ln70" [receiver.cpp:71]   --->   Operation 133 'getelementptr' 'samples_Q_30_addr' <Predicate = (icmp_ln68)> <Delay = 0.00>
ST_1 : Operation 134 [2/2] (3.25ns)   --->   "%samples_Q_30_load = load i8 %samples_Q_30_addr" [receiver.cpp:71]   --->   Operation 134 'load' 'samples_Q_30_load' <Predicate = (icmp_ln68)> <Delay = 3.25> <CoreInst = "RAM">   --->   Core 82 'RAM' <Latency = 1> <II = 1> <Delay = 3.25> <Storage> <Opcode : 'load' 'store'> <Ports = 2> <Width = 18> <Depth = 241> <RAM>
ST_1 : Operation 135 [1/1] (0.00ns)   --->   "%samples_I_31_addr = getelementptr i18 %samples_I_31, i64 0, i64 %zext_ln70" [receiver.cpp:70]   --->   Operation 135 'getelementptr' 'samples_I_31_addr' <Predicate = (icmp_ln68)> <Delay = 0.00>
ST_1 : Operation 136 [2/2] (3.25ns)   --->   "%samples_I_31_load = load i8 %samples_I_31_addr" [receiver.cpp:70]   --->   Operation 136 'load' 'samples_I_31_load' <Predicate = (icmp_ln68)> <Delay = 3.25> <CoreInst = "RAM">   --->   Core 82 'RAM' <Latency = 1> <II = 1> <Delay = 3.25> <Storage> <Opcode : 'load' 'store'> <Ports = 2> <Width = 18> <Depth = 241> <RAM>
ST_1 : Operation 137 [1/1] (0.00ns)   --->   "%samples_Q_31_addr = getelementptr i18 %samples_Q_31, i64 0, i64 %zext_ln70" [receiver.cpp:71]   --->   Operation 137 'getelementptr' 'samples_Q_31_addr' <Predicate = (icmp_ln68)> <Delay = 0.00>
ST_1 : Operation 138 [2/2] (3.25ns)   --->   "%samples_Q_31_load = load i8 %samples_Q_31_addr" [receiver.cpp:71]   --->   Operation 138 'load' 'samples_Q_31_load' <Predicate = (icmp_ln68)> <Delay = 3.25> <CoreInst = "RAM">   --->   Core 82 'RAM' <Latency = 1> <II = 1> <Delay = 3.25> <Storage> <Opcode : 'load' 'store'> <Ports = 2> <Width = 18> <Depth = 241> <RAM>
ST_1 : Operation 139 [1/1] (1.67ns)   --->   "%add_ln70 = add i13 %i_2, i13 32" [receiver.cpp:70]   --->   Operation 139 'add' 'add_ln70' <Predicate = (icmp_ln68)> <Delay = 1.67> <CoreInst = "Adder">   --->   Core 1 'Adder' <Latency = 0> <II = 1> <Delay = 1.67> <FuncUnit> <Opcode : 'add' 'sub'> <InPorts = 2> <OutPorts = 1>
ST_1 : Operation 140 [1/1] (1.91ns)   --->   "%add_ln70_1 = add i8 %lshr_ln, i8 1" [receiver.cpp:70]   --->   Operation 140 'add' 'add_ln70_1' <Predicate = (icmp_ln68)> <Delay = 1.91> <CoreInst = "Adder">   --->   Core 1 'Adder' <Latency = 0> <II = 1> <Delay = 1.91> <FuncUnit> <Opcode : 'add' 'sub'> <InPorts = 2> <OutPorts = 1>
ST_1 : Operation 141 [1/1] (0.00ns)   --->   "%zext_ln70_1 = zext i8 %add_ln70_1" [receiver.cpp:70]   --->   Operation 141 'zext' 'zext_ln70_1' <Predicate = (icmp_ln68)> <Delay = 0.00>
ST_1 : Operation 142 [1/1] (0.00ns)   --->   "%samples_I_0_addr_1 = getelementptr i18 %samples_I_0, i64 0, i64 %zext_ln70_1" [receiver.cpp:70]   --->   Operation 142 'getelementptr' 'samples_I_0_addr_1' <Predicate = (icmp_ln68)> <Delay = 0.00>
ST_1 : Operation 143 [2/2] (3.25ns)   --->   "%samples_I_0_load = load i8 %samples_I_0_addr_1" [receiver.cpp:70]   --->   Operation 143 'load' 'samples_I_0_load' <Predicate = (icmp_ln68)> <Delay = 3.25> <CoreInst = "RAM">   --->   Core 82 'RAM' <Latency = 1> <II = 1> <Delay = 3.25> <Storage> <Opcode : 'load' 'store'> <Ports = 2> <Width = 18> <Depth = 241> <RAM>
ST_1 : Operation 144 [1/1] (0.00ns)   --->   "%samples_Q_0_addr_1 = getelementptr i18 %samples_Q_0, i64 0, i64 %zext_ln70_1" [receiver.cpp:71]   --->   Operation 144 'getelementptr' 'samples_Q_0_addr_1' <Predicate = (icmp_ln68)> <Delay = 0.00>
ST_1 : Operation 145 [2/2] (3.25ns)   --->   "%samples_Q_0_load = load i8 %samples_Q_0_addr_1" [receiver.cpp:71]   --->   Operation 145 'load' 'samples_Q_0_load' <Predicate = (icmp_ln68)> <Delay = 3.25> <CoreInst = "RAM">   --->   Core 82 'RAM' <Latency = 1> <II = 1> <Delay = 3.25> <Storage> <Opcode : 'load' 'store'> <Ports = 2> <Width = 18> <Depth = 241> <RAM>
ST_1 : Operation 146 [1/1] (1.58ns)   --->   "%store_ln68 = store i13 %add_ln70, i13 %i" [receiver.cpp:68]   --->   Operation 146 'store' 'store_ln68' <Predicate = (icmp_ln68)> <Delay = 1.58>

State 2 <SV = 1> <Delay = 3.25>
ST_2 : Operation 147 [1/2] (3.25ns)   --->   "%samples_I_1_load = load i8 %samples_I_1_addr" [receiver.cpp:70]   --->   Operation 147 'load' 'samples_I_1_load' <Predicate = true> <Delay = 3.25> <CoreInst = "RAM">   --->   Core 82 'RAM' <Latency = 1> <II = 1> <Delay = 3.25> <Storage> <Opcode : 'load' 'store'> <Ports = 2> <Width = 18> <Depth = 241> <RAM>
ST_2 : Operation 148 [1/2] (3.25ns)   --->   "%samples_Q_1_load = load i8 %samples_Q_1_addr" [receiver.cpp:71]   --->   Operation 148 'load' 'samples_Q_1_load' <Predicate = true> <Delay = 3.25> <CoreInst = "RAM">   --->   Core 82 'RAM' <Latency = 1> <II = 1> <Delay = 3.25> <Storage> <Opcode : 'load' 'store'> <Ports = 2> <Width = 18> <Depth = 241> <RAM>
ST_2 : Operation 149 [1/2] (3.25ns)   --->   "%samples_I_2_load = load i8 %samples_I_2_addr" [receiver.cpp:70]   --->   Operation 149 'load' 'samples_I_2_load' <Predicate = true> <Delay = 3.25> <CoreInst = "RAM">   --->   Core 82 'RAM' <Latency = 1> <II = 1> <Delay = 3.25> <Storage> <Opcode : 'load' 'store'> <Ports = 2> <Width = 18> <Depth = 241> <RAM>
ST_2 : Operation 150 [1/2] (3.25ns)   --->   "%samples_Q_2_load = load i8 %samples_Q_2_addr" [receiver.cpp:71]   --->   Operation 150 'load' 'samples_Q_2_load' <Predicate = true> <Delay = 3.25> <CoreInst = "RAM">   --->   Core 82 'RAM' <Latency = 1> <II = 1> <Delay = 3.25> <Storage> <Opcode : 'load' 'store'> <Ports = 2> <Width = 18> <Depth = 241> <RAM>
ST_2 : Operation 151 [1/2] (3.25ns)   --->   "%samples_I_3_load = load i8 %samples_I_3_addr" [receiver.cpp:70]   --->   Operation 151 'load' 'samples_I_3_load' <Predicate = true> <Delay = 3.25> <CoreInst = "RAM">   --->   Core 82 'RAM' <Latency = 1> <II = 1> <Delay = 3.25> <Storage> <Opcode : 'load' 'store'> <Ports = 2> <Width = 18> <Depth = 241> <RAM>
ST_2 : Operation 152 [1/2] (3.25ns)   --->   "%samples_Q_3_load = load i8 %samples_Q_3_addr" [receiver.cpp:71]   --->   Operation 152 'load' 'samples_Q_3_load' <Predicate = true> <Delay = 3.25> <CoreInst = "RAM">   --->   Core 82 'RAM' <Latency = 1> <II = 1> <Delay = 3.25> <Storage> <Opcode : 'load' 'store'> <Ports = 2> <Width = 18> <Depth = 241> <RAM>
ST_2 : Operation 153 [1/2] (3.25ns)   --->   "%samples_I_4_load = load i8 %samples_I_4_addr" [receiver.cpp:70]   --->   Operation 153 'load' 'samples_I_4_load' <Predicate = true> <Delay = 3.25> <CoreInst = "RAM">   --->   Core 82 'RAM' <Latency = 1> <II = 1> <Delay = 3.25> <Storage> <Opcode : 'load' 'store'> <Ports = 2> <Width = 18> <Depth = 241> <RAM>
ST_2 : Operation 154 [1/2] (3.25ns)   --->   "%samples_Q_4_load = load i8 %samples_Q_4_addr" [receiver.cpp:71]   --->   Operation 154 'load' 'samples_Q_4_load' <Predicate = true> <Delay = 3.25> <CoreInst = "RAM">   --->   Core 82 'RAM' <Latency = 1> <II = 1> <Delay = 3.25> <Storage> <Opcode : 'load' 'store'> <Ports = 2> <Width = 18> <Depth = 241> <RAM>
ST_2 : Operation 155 [1/2] (3.25ns)   --->   "%samples_I_5_load = load i8 %samples_I_5_addr" [receiver.cpp:70]   --->   Operation 155 'load' 'samples_I_5_load' <Predicate = true> <Delay = 3.25> <CoreInst = "RAM">   --->   Core 82 'RAM' <Latency = 1> <II = 1> <Delay = 3.25> <Storage> <Opcode : 'load' 'store'> <Ports = 2> <Width = 18> <Depth = 241> <RAM>
ST_2 : Operation 156 [1/2] (3.25ns)   --->   "%samples_Q_5_load = load i8 %samples_Q_5_addr" [receiver.cpp:71]   --->   Operation 156 'load' 'samples_Q_5_load' <Predicate = true> <Delay = 3.25> <CoreInst = "RAM">   --->   Core 82 'RAM' <Latency = 1> <II = 1> <Delay = 3.25> <Storage> <Opcode : 'load' 'store'> <Ports = 2> <Width = 18> <Depth = 241> <RAM>
ST_2 : Operation 157 [1/2] (3.25ns)   --->   "%samples_I_6_load = load i8 %samples_I_6_addr" [receiver.cpp:70]   --->   Operation 157 'load' 'samples_I_6_load' <Predicate = true> <Delay = 3.25> <CoreInst = "RAM">   --->   Core 82 'RAM' <Latency = 1> <II = 1> <Delay = 3.25> <Storage> <Opcode : 'load' 'store'> <Ports = 2> <Width = 18> <Depth = 241> <RAM>
ST_2 : Operation 158 [1/2] (3.25ns)   --->   "%samples_Q_6_load = load i8 %samples_Q_6_addr" [receiver.cpp:71]   --->   Operation 158 'load' 'samples_Q_6_load' <Predicate = true> <Delay = 3.25> <CoreInst = "RAM">   --->   Core 82 'RAM' <Latency = 1> <II = 1> <Delay = 3.25> <Storage> <Opcode : 'load' 'store'> <Ports = 2> <Width = 18> <Depth = 241> <RAM>
ST_2 : Operation 159 [1/2] (3.25ns)   --->   "%samples_I_7_load = load i8 %samples_I_7_addr" [receiver.cpp:70]   --->   Operation 159 'load' 'samples_I_7_load' <Predicate = true> <Delay = 3.25> <CoreInst = "RAM">   --->   Core 82 'RAM' <Latency = 1> <II = 1> <Delay = 3.25> <Storage> <Opcode : 'load' 'store'> <Ports = 2> <Width = 18> <Depth = 241> <RAM>
ST_2 : Operation 160 [1/2] (3.25ns)   --->   "%samples_Q_7_load = load i8 %samples_Q_7_addr" [receiver.cpp:71]   --->   Operation 160 'load' 'samples_Q_7_load' <Predicate = true> <Delay = 3.25> <CoreInst = "RAM">   --->   Core 82 'RAM' <Latency = 1> <II = 1> <Delay = 3.25> <Storage> <Opcode : 'load' 'store'> <Ports = 2> <Width = 18> <Depth = 241> <RAM>
ST_2 : Operation 161 [1/2] (3.25ns)   --->   "%samples_I_8_load = load i8 %samples_I_8_addr" [receiver.cpp:70]   --->   Operation 161 'load' 'samples_I_8_load' <Predicate = true> <Delay = 3.25> <CoreInst = "RAM">   --->   Core 82 'RAM' <Latency = 1> <II = 1> <Delay = 3.25> <Storage> <Opcode : 'load' 'store'> <Ports = 2> <Width = 18> <Depth = 241> <RAM>
ST_2 : Operation 162 [1/2] (3.25ns)   --->   "%samples_Q_8_load = load i8 %samples_Q_8_addr" [receiver.cpp:71]   --->   Operation 162 'load' 'samples_Q_8_load' <Predicate = true> <Delay = 3.25> <CoreInst = "RAM">   --->   Core 82 'RAM' <Latency = 1> <II = 1> <Delay = 3.25> <Storage> <Opcode : 'load' 'store'> <Ports = 2> <Width = 18> <Depth = 241> <RAM>
ST_2 : Operation 163 [1/2] (3.25ns)   --->   "%samples_I_9_load = load i8 %samples_I_9_addr" [receiver.cpp:70]   --->   Operation 163 'load' 'samples_I_9_load' <Predicate = true> <Delay = 3.25> <CoreInst = "RAM">   --->   Core 82 'RAM' <Latency = 1> <II = 1> <Delay = 3.25> <Storage> <Opcode : 'load' 'store'> <Ports = 2> <Width = 18> <Depth = 241> <RAM>
ST_2 : Operation 164 [1/2] (3.25ns)   --->   "%samples_Q_9_load = load i8 %samples_Q_9_addr" [receiver.cpp:71]   --->   Operation 164 'load' 'samples_Q_9_load' <Predicate = true> <Delay = 3.25> <CoreInst = "RAM">   --->   Core 82 'RAM' <Latency = 1> <II = 1> <Delay = 3.25> <Storage> <Opcode : 'load' 'store'> <Ports = 2> <Width = 18> <Depth = 241> <RAM>
ST_2 : Operation 165 [1/2] (3.25ns)   --->   "%samples_I_10_load = load i8 %samples_I_10_addr" [receiver.cpp:70]   --->   Operation 165 'load' 'samples_I_10_load' <Predicate = true> <Delay = 3.25> <CoreInst = "RAM">   --->   Core 82 'RAM' <Latency = 1> <II = 1> <Delay = 3.25> <Storage> <Opcode : 'load' 'store'> <Ports = 2> <Width = 18> <Depth = 241> <RAM>
ST_2 : Operation 166 [1/2] (3.25ns)   --->   "%samples_Q_10_load = load i8 %samples_Q_10_addr" [receiver.cpp:71]   --->   Operation 166 'load' 'samples_Q_10_load' <Predicate = true> <Delay = 3.25> <CoreInst = "RAM">   --->   Core 82 'RAM' <Latency = 1> <II = 1> <Delay = 3.25> <Storage> <Opcode : 'load' 'store'> <Ports = 2> <Width = 18> <Depth = 241> <RAM>
ST_2 : Operation 167 [1/2] (3.25ns)   --->   "%samples_I_11_load = load i8 %samples_I_11_addr" [receiver.cpp:70]   --->   Operation 167 'load' 'samples_I_11_load' <Predicate = true> <Delay = 3.25> <CoreInst = "RAM">   --->   Core 82 'RAM' <Latency = 1> <II = 1> <Delay = 3.25> <Storage> <Opcode : 'load' 'store'> <Ports = 2> <Width = 18> <Depth = 241> <RAM>
ST_2 : Operation 168 [1/2] (3.25ns)   --->   "%samples_Q_11_load = load i8 %samples_Q_11_addr" [receiver.cpp:71]   --->   Operation 168 'load' 'samples_Q_11_load' <Predicate = true> <Delay = 3.25> <CoreInst = "RAM">   --->   Core 82 'RAM' <Latency = 1> <II = 1> <Delay = 3.25> <Storage> <Opcode : 'load' 'store'> <Ports = 2> <Width = 18> <Depth = 241> <RAM>
ST_2 : Operation 169 [1/2] (3.25ns)   --->   "%samples_I_12_load = load i8 %samples_I_12_addr" [receiver.cpp:70]   --->   Operation 169 'load' 'samples_I_12_load' <Predicate = (icmp_ln68)> <Delay = 3.25> <CoreInst = "RAM">   --->   Core 82 'RAM' <Latency = 1> <II = 1> <Delay = 3.25> <Storage> <Opcode : 'load' 'store'> <Ports = 2> <Width = 18> <Depth = 241> <RAM>
ST_2 : Operation 170 [1/2] (3.25ns)   --->   "%samples_Q_12_load = load i8 %samples_Q_12_addr" [receiver.cpp:71]   --->   Operation 170 'load' 'samples_Q_12_load' <Predicate = (icmp_ln68)> <Delay = 3.25> <CoreInst = "RAM">   --->   Core 82 'RAM' <Latency = 1> <II = 1> <Delay = 3.25> <Storage> <Opcode : 'load' 'store'> <Ports = 2> <Width = 18> <Depth = 241> <RAM>
ST_2 : Operation 171 [1/2] (3.25ns)   --->   "%samples_I_13_load = load i8 %samples_I_13_addr" [receiver.cpp:70]   --->   Operation 171 'load' 'samples_I_13_load' <Predicate = (icmp_ln68)> <Delay = 3.25> <CoreInst = "RAM">   --->   Core 82 'RAM' <Latency = 1> <II = 1> <Delay = 3.25> <Storage> <Opcode : 'load' 'store'> <Ports = 2> <Width = 18> <Depth = 241> <RAM>
ST_2 : Operation 172 [1/2] (3.25ns)   --->   "%samples_Q_13_load = load i8 %samples_Q_13_addr" [receiver.cpp:71]   --->   Operation 172 'load' 'samples_Q_13_load' <Predicate = (icmp_ln68)> <Delay = 3.25> <CoreInst = "RAM">   --->   Core 82 'RAM' <Latency = 1> <II = 1> <Delay = 3.25> <Storage> <Opcode : 'load' 'store'> <Ports = 2> <Width = 18> <Depth = 241> <RAM>
ST_2 : Operation 173 [1/2] (3.25ns)   --->   "%samples_I_14_load = load i8 %samples_I_14_addr" [receiver.cpp:70]   --->   Operation 173 'load' 'samples_I_14_load' <Predicate = (icmp_ln68)> <Delay = 3.25> <CoreInst = "RAM">   --->   Core 82 'RAM' <Latency = 1> <II = 1> <Delay = 3.25> <Storage> <Opcode : 'load' 'store'> <Ports = 2> <Width = 18> <Depth = 241> <RAM>
ST_2 : Operation 174 [1/2] (3.25ns)   --->   "%samples_Q_14_load = load i8 %samples_Q_14_addr" [receiver.cpp:71]   --->   Operation 174 'load' 'samples_Q_14_load' <Predicate = (icmp_ln68)> <Delay = 3.25> <CoreInst = "RAM">   --->   Core 82 'RAM' <Latency = 1> <II = 1> <Delay = 3.25> <Storage> <Opcode : 'load' 'store'> <Ports = 2> <Width = 18> <Depth = 241> <RAM>
ST_2 : Operation 175 [1/2] (3.25ns)   --->   "%samples_I_15_load = load i8 %samples_I_15_addr" [receiver.cpp:70]   --->   Operation 175 'load' 'samples_I_15_load' <Predicate = (icmp_ln68)> <Delay = 3.25> <CoreInst = "RAM">   --->   Core 82 'RAM' <Latency = 1> <II = 1> <Delay = 3.25> <Storage> <Opcode : 'load' 'store'> <Ports = 2> <Width = 18> <Depth = 241> <RAM>
ST_2 : Operation 176 [1/2] (3.25ns)   --->   "%samples_Q_15_load = load i8 %samples_Q_15_addr" [receiver.cpp:71]   --->   Operation 176 'load' 'samples_Q_15_load' <Predicate = (icmp_ln68)> <Delay = 3.25> <CoreInst = "RAM">   --->   Core 82 'RAM' <Latency = 1> <II = 1> <Delay = 3.25> <Storage> <Opcode : 'load' 'store'> <Ports = 2> <Width = 18> <Depth = 241> <RAM>
ST_2 : Operation 177 [1/2] (3.25ns)   --->   "%samples_I_16_load = load i8 %samples_I_16_addr" [receiver.cpp:70]   --->   Operation 177 'load' 'samples_I_16_load' <Predicate = (icmp_ln68)> <Delay = 3.25> <CoreInst = "RAM">   --->   Core 82 'RAM' <Latency = 1> <II = 1> <Delay = 3.25> <Storage> <Opcode : 'load' 'store'> <Ports = 2> <Width = 18> <Depth = 241> <RAM>
ST_2 : Operation 178 [1/2] (3.25ns)   --->   "%samples_Q_16_load = load i8 %samples_Q_16_addr" [receiver.cpp:71]   --->   Operation 178 'load' 'samples_Q_16_load' <Predicate = (icmp_ln68)> <Delay = 3.25> <CoreInst = "RAM">   --->   Core 82 'RAM' <Latency = 1> <II = 1> <Delay = 3.25> <Storage> <Opcode : 'load' 'store'> <Ports = 2> <Width = 18> <Depth = 241> <RAM>
ST_2 : Operation 179 [1/2] (3.25ns)   --->   "%samples_I_17_load = load i8 %samples_I_17_addr" [receiver.cpp:70]   --->   Operation 179 'load' 'samples_I_17_load' <Predicate = (icmp_ln68)> <Delay = 3.25> <CoreInst = "RAM">   --->   Core 82 'RAM' <Latency = 1> <II = 1> <Delay = 3.25> <Storage> <Opcode : 'load' 'store'> <Ports = 2> <Width = 18> <Depth = 241> <RAM>
ST_2 : Operation 180 [1/2] (3.25ns)   --->   "%samples_Q_17_load = load i8 %samples_Q_17_addr" [receiver.cpp:71]   --->   Operation 180 'load' 'samples_Q_17_load' <Predicate = (icmp_ln68)> <Delay = 3.25> <CoreInst = "RAM">   --->   Core 82 'RAM' <Latency = 1> <II = 1> <Delay = 3.25> <Storage> <Opcode : 'load' 'store'> <Ports = 2> <Width = 18> <Depth = 241> <RAM>
ST_2 : Operation 181 [1/2] (3.25ns)   --->   "%samples_I_18_load = load i8 %samples_I_18_addr" [receiver.cpp:70]   --->   Operation 181 'load' 'samples_I_18_load' <Predicate = (icmp_ln68)> <Delay = 3.25> <CoreInst = "RAM">   --->   Core 82 'RAM' <Latency = 1> <II = 1> <Delay = 3.25> <Storage> <Opcode : 'load' 'store'> <Ports = 2> <Width = 18> <Depth = 241> <RAM>
ST_2 : Operation 182 [1/2] (3.25ns)   --->   "%samples_Q_18_load = load i8 %samples_Q_18_addr" [receiver.cpp:71]   --->   Operation 182 'load' 'samples_Q_18_load' <Predicate = (icmp_ln68)> <Delay = 3.25> <CoreInst = "RAM">   --->   Core 82 'RAM' <Latency = 1> <II = 1> <Delay = 3.25> <Storage> <Opcode : 'load' 'store'> <Ports = 2> <Width = 18> <Depth = 241> <RAM>
ST_2 : Operation 183 [1/2] (3.25ns)   --->   "%samples_I_19_load = load i8 %samples_I_19_addr" [receiver.cpp:70]   --->   Operation 183 'load' 'samples_I_19_load' <Predicate = (icmp_ln68)> <Delay = 3.25> <CoreInst = "RAM">   --->   Core 82 'RAM' <Latency = 1> <II = 1> <Delay = 3.25> <Storage> <Opcode : 'load' 'store'> <Ports = 2> <Width = 18> <Depth = 241> <RAM>
ST_2 : Operation 184 [1/2] (3.25ns)   --->   "%samples_Q_19_load = load i8 %samples_Q_19_addr" [receiver.cpp:71]   --->   Operation 184 'load' 'samples_Q_19_load' <Predicate = (icmp_ln68)> <Delay = 3.25> <CoreInst = "RAM">   --->   Core 82 'RAM' <Latency = 1> <II = 1> <Delay = 3.25> <Storage> <Opcode : 'load' 'store'> <Ports = 2> <Width = 18> <Depth = 241> <RAM>
ST_2 : Operation 185 [1/2] (3.25ns)   --->   "%samples_I_20_load = load i8 %samples_I_20_addr" [receiver.cpp:70]   --->   Operation 185 'load' 'samples_I_20_load' <Predicate = (icmp_ln68)> <Delay = 3.25> <CoreInst = "RAM">   --->   Core 82 'RAM' <Latency = 1> <II = 1> <Delay = 3.25> <Storage> <Opcode : 'load' 'store'> <Ports = 2> <Width = 18> <Depth = 241> <RAM>
ST_2 : Operation 186 [1/2] (3.25ns)   --->   "%samples_Q_20_load = load i8 %samples_Q_20_addr" [receiver.cpp:71]   --->   Operation 186 'load' 'samples_Q_20_load' <Predicate = (icmp_ln68)> <Delay = 3.25> <CoreInst = "RAM">   --->   Core 82 'RAM' <Latency = 1> <II = 1> <Delay = 3.25> <Storage> <Opcode : 'load' 'store'> <Ports = 2> <Width = 18> <Depth = 241> <RAM>
ST_2 : Operation 187 [1/2] (3.25ns)   --->   "%samples_I_21_load = load i8 %samples_I_21_addr" [receiver.cpp:70]   --->   Operation 187 'load' 'samples_I_21_load' <Predicate = (icmp_ln68)> <Delay = 3.25> <CoreInst = "RAM">   --->   Core 82 'RAM' <Latency = 1> <II = 1> <Delay = 3.25> <Storage> <Opcode : 'load' 'store'> <Ports = 2> <Width = 18> <Depth = 241> <RAM>
ST_2 : Operation 188 [1/2] (3.25ns)   --->   "%samples_Q_21_load = load i8 %samples_Q_21_addr" [receiver.cpp:71]   --->   Operation 188 'load' 'samples_Q_21_load' <Predicate = (icmp_ln68)> <Delay = 3.25> <CoreInst = "RAM">   --->   Core 82 'RAM' <Latency = 1> <II = 1> <Delay = 3.25> <Storage> <Opcode : 'load' 'store'> <Ports = 2> <Width = 18> <Depth = 241> <RAM>
ST_2 : Operation 189 [1/2] (3.25ns)   --->   "%samples_I_22_load = load i8 %samples_I_22_addr" [receiver.cpp:70]   --->   Operation 189 'load' 'samples_I_22_load' <Predicate = (icmp_ln68)> <Delay = 3.25> <CoreInst = "RAM">   --->   Core 82 'RAM' <Latency = 1> <II = 1> <Delay = 3.25> <Storage> <Opcode : 'load' 'store'> <Ports = 2> <Width = 18> <Depth = 241> <RAM>
ST_2 : Operation 190 [1/2] (3.25ns)   --->   "%samples_Q_22_load = load i8 %samples_Q_22_addr" [receiver.cpp:71]   --->   Operation 190 'load' 'samples_Q_22_load' <Predicate = (icmp_ln68)> <Delay = 3.25> <CoreInst = "RAM">   --->   Core 82 'RAM' <Latency = 1> <II = 1> <Delay = 3.25> <Storage> <Opcode : 'load' 'store'> <Ports = 2> <Width = 18> <Depth = 241> <RAM>
ST_2 : Operation 191 [1/2] (3.25ns)   --->   "%samples_I_23_load = load i8 %samples_I_23_addr" [receiver.cpp:70]   --->   Operation 191 'load' 'samples_I_23_load' <Predicate = (icmp_ln68)> <Delay = 3.25> <CoreInst = "RAM">   --->   Core 82 'RAM' <Latency = 1> <II = 1> <Delay = 3.25> <Storage> <Opcode : 'load' 'store'> <Ports = 2> <Width = 18> <Depth = 241> <RAM>
ST_2 : Operation 192 [1/2] (3.25ns)   --->   "%samples_Q_23_load = load i8 %samples_Q_23_addr" [receiver.cpp:71]   --->   Operation 192 'load' 'samples_Q_23_load' <Predicate = (icmp_ln68)> <Delay = 3.25> <CoreInst = "RAM">   --->   Core 82 'RAM' <Latency = 1> <II = 1> <Delay = 3.25> <Storage> <Opcode : 'load' 'store'> <Ports = 2> <Width = 18> <Depth = 241> <RAM>
ST_2 : Operation 193 [1/2] (3.25ns)   --->   "%samples_I_24_load = load i8 %samples_I_24_addr" [receiver.cpp:70]   --->   Operation 193 'load' 'samples_I_24_load' <Predicate = (icmp_ln68)> <Delay = 3.25> <CoreInst = "RAM">   --->   Core 82 'RAM' <Latency = 1> <II = 1> <Delay = 3.25> <Storage> <Opcode : 'load' 'store'> <Ports = 2> <Width = 18> <Depth = 241> <RAM>
ST_2 : Operation 194 [1/2] (3.25ns)   --->   "%samples_Q_24_load = load i8 %samples_Q_24_addr" [receiver.cpp:71]   --->   Operation 194 'load' 'samples_Q_24_load' <Predicate = (icmp_ln68)> <Delay = 3.25> <CoreInst = "RAM">   --->   Core 82 'RAM' <Latency = 1> <II = 1> <Delay = 3.25> <Storage> <Opcode : 'load' 'store'> <Ports = 2> <Width = 18> <Depth = 241> <RAM>
ST_2 : Operation 195 [1/2] (3.25ns)   --->   "%samples_I_25_load = load i8 %samples_I_25_addr" [receiver.cpp:70]   --->   Operation 195 'load' 'samples_I_25_load' <Predicate = (icmp_ln68)> <Delay = 3.25> <CoreInst = "RAM">   --->   Core 82 'RAM' <Latency = 1> <II = 1> <Delay = 3.25> <Storage> <Opcode : 'load' 'store'> <Ports = 2> <Width = 18> <Depth = 241> <RAM>
ST_2 : Operation 196 [1/2] (3.25ns)   --->   "%samples_Q_25_load = load i8 %samples_Q_25_addr" [receiver.cpp:71]   --->   Operation 196 'load' 'samples_Q_25_load' <Predicate = (icmp_ln68)> <Delay = 3.25> <CoreInst = "RAM">   --->   Core 82 'RAM' <Latency = 1> <II = 1> <Delay = 3.25> <Storage> <Opcode : 'load' 'store'> <Ports = 2> <Width = 18> <Depth = 241> <RAM>
ST_2 : Operation 197 [1/2] (3.25ns)   --->   "%samples_I_26_load = load i8 %samples_I_26_addr" [receiver.cpp:70]   --->   Operation 197 'load' 'samples_I_26_load' <Predicate = (icmp_ln68)> <Delay = 3.25> <CoreInst = "RAM">   --->   Core 82 'RAM' <Latency = 1> <II = 1> <Delay = 3.25> <Storage> <Opcode : 'load' 'store'> <Ports = 2> <Width = 18> <Depth = 241> <RAM>
ST_2 : Operation 198 [1/2] (3.25ns)   --->   "%samples_Q_26_load = load i8 %samples_Q_26_addr" [receiver.cpp:71]   --->   Operation 198 'load' 'samples_Q_26_load' <Predicate = (icmp_ln68)> <Delay = 3.25> <CoreInst = "RAM">   --->   Core 82 'RAM' <Latency = 1> <II = 1> <Delay = 3.25> <Storage> <Opcode : 'load' 'store'> <Ports = 2> <Width = 18> <Depth = 241> <RAM>
ST_2 : Operation 199 [1/2] (3.25ns)   --->   "%samples_I_27_load = load i8 %samples_I_27_addr" [receiver.cpp:70]   --->   Operation 199 'load' 'samples_I_27_load' <Predicate = (icmp_ln68)> <Delay = 3.25> <CoreInst = "RAM">   --->   Core 82 'RAM' <Latency = 1> <II = 1> <Delay = 3.25> <Storage> <Opcode : 'load' 'store'> <Ports = 2> <Width = 18> <Depth = 241> <RAM>
ST_2 : Operation 200 [1/2] (3.25ns)   --->   "%samples_Q_27_load = load i8 %samples_Q_27_addr" [receiver.cpp:71]   --->   Operation 200 'load' 'samples_Q_27_load' <Predicate = (icmp_ln68)> <Delay = 3.25> <CoreInst = "RAM">   --->   Core 82 'RAM' <Latency = 1> <II = 1> <Delay = 3.25> <Storage> <Opcode : 'load' 'store'> <Ports = 2> <Width = 18> <Depth = 241> <RAM>
ST_2 : Operation 201 [1/2] (3.25ns)   --->   "%samples_I_28_load = load i8 %samples_I_28_addr" [receiver.cpp:70]   --->   Operation 201 'load' 'samples_I_28_load' <Predicate = (icmp_ln68)> <Delay = 3.25> <CoreInst = "RAM">   --->   Core 82 'RAM' <Latency = 1> <II = 1> <Delay = 3.25> <Storage> <Opcode : 'load' 'store'> <Ports = 2> <Width = 18> <Depth = 241> <RAM>
ST_2 : Operation 202 [1/2] (3.25ns)   --->   "%samples_Q_28_load = load i8 %samples_Q_28_addr" [receiver.cpp:71]   --->   Operation 202 'load' 'samples_Q_28_load' <Predicate = (icmp_ln68)> <Delay = 3.25> <CoreInst = "RAM">   --->   Core 82 'RAM' <Latency = 1> <II = 1> <Delay = 3.25> <Storage> <Opcode : 'load' 'store'> <Ports = 2> <Width = 18> <Depth = 241> <RAM>
ST_2 : Operation 203 [1/2] (3.25ns)   --->   "%samples_I_29_load = load i8 %samples_I_29_addr" [receiver.cpp:70]   --->   Operation 203 'load' 'samples_I_29_load' <Predicate = (icmp_ln68)> <Delay = 3.25> <CoreInst = "RAM">   --->   Core 82 'RAM' <Latency = 1> <II = 1> <Delay = 3.25> <Storage> <Opcode : 'load' 'store'> <Ports = 2> <Width = 18> <Depth = 241> <RAM>
ST_2 : Operation 204 [1/2] (3.25ns)   --->   "%samples_Q_29_load = load i8 %samples_Q_29_addr" [receiver.cpp:71]   --->   Operation 204 'load' 'samples_Q_29_load' <Predicate = (icmp_ln68)> <Delay = 3.25> <CoreInst = "RAM">   --->   Core 82 'RAM' <Latency = 1> <II = 1> <Delay = 3.25> <Storage> <Opcode : 'load' 'store'> <Ports = 2> <Width = 18> <Depth = 241> <RAM>
ST_2 : Operation 205 [1/2] (3.25ns)   --->   "%samples_I_30_load = load i8 %samples_I_30_addr" [receiver.cpp:70]   --->   Operation 205 'load' 'samples_I_30_load' <Predicate = (icmp_ln68)> <Delay = 3.25> <CoreInst = "RAM">   --->   Core 82 'RAM' <Latency = 1> <II = 1> <Delay = 3.25> <Storage> <Opcode : 'load' 'store'> <Ports = 2> <Width = 18> <Depth = 241> <RAM>
ST_2 : Operation 206 [1/2] (3.25ns)   --->   "%samples_Q_30_load = load i8 %samples_Q_30_addr" [receiver.cpp:71]   --->   Operation 206 'load' 'samples_Q_30_load' <Predicate = (icmp_ln68)> <Delay = 3.25> <CoreInst = "RAM">   --->   Core 82 'RAM' <Latency = 1> <II = 1> <Delay = 3.25> <Storage> <Opcode : 'load' 'store'> <Ports = 2> <Width = 18> <Depth = 241> <RAM>
ST_2 : Operation 207 [1/2] (3.25ns)   --->   "%samples_I_31_load = load i8 %samples_I_31_addr" [receiver.cpp:70]   --->   Operation 207 'load' 'samples_I_31_load' <Predicate = (icmp_ln68)> <Delay = 3.25> <CoreInst = "RAM">   --->   Core 82 'RAM' <Latency = 1> <II = 1> <Delay = 3.25> <Storage> <Opcode : 'load' 'store'> <Ports = 2> <Width = 18> <Depth = 241> <RAM>
ST_2 : Operation 208 [1/2] (3.25ns)   --->   "%samples_Q_31_load = load i8 %samples_Q_31_addr" [receiver.cpp:71]   --->   Operation 208 'load' 'samples_Q_31_load' <Predicate = (icmp_ln68)> <Delay = 3.25> <CoreInst = "RAM">   --->   Core 82 'RAM' <Latency = 1> <II = 1> <Delay = 3.25> <Storage> <Opcode : 'load' 'store'> <Ports = 2> <Width = 18> <Depth = 241> <RAM>
ST_2 : Operation 209 [1/2] (3.25ns)   --->   "%samples_I_0_load = load i8 %samples_I_0_addr_1" [receiver.cpp:70]   --->   Operation 209 'load' 'samples_I_0_load' <Predicate = (icmp_ln68)> <Delay = 3.25> <CoreInst = "RAM">   --->   Core 82 'RAM' <Latency = 1> <II = 1> <Delay = 3.25> <Storage> <Opcode : 'load' 'store'> <Ports = 2> <Width = 18> <Depth = 241> <RAM>
ST_2 : Operation 210 [1/2] (3.25ns)   --->   "%samples_Q_0_load = load i8 %samples_Q_0_addr_1" [receiver.cpp:71]   --->   Operation 210 'load' 'samples_Q_0_load' <Predicate = (icmp_ln68)> <Delay = 3.25> <CoreInst = "RAM">   --->   Core 82 'RAM' <Latency = 1> <II = 1> <Delay = 3.25> <Storage> <Opcode : 'load' 'store'> <Ports = 2> <Width = 18> <Depth = 241> <RAM>

State 3 <SV = 2> <Delay = 3.25>
ST_3 : Operation 211 [1/1] (0.00ns)   --->   "%specpipeline_ln0 = specpipeline void @_ssdm_op_SpecPipeline, i32 4294967295, i32 0, i32 1, i32 0, void @p_str"   --->   Operation 211 'specpipeline' 'specpipeline_ln0' <Predicate = true> <Delay = 0.00>
ST_3 : Operation 212 [1/1] (0.00ns)   --->   "%specloopname_ln68 = specloopname void @_ssdm_op_SpecLoopName, void @empty_17" [receiver.cpp:68]   --->   Operation 212 'specloopname' 'specloopname_ln68' <Predicate = true> <Delay = 0.00>
ST_3 : Operation 213 [1/1] (0.00ns)   --->   "%samples_I_0_addr = getelementptr i18 %samples_I_0, i64 0, i64 %zext_ln70" [receiver.cpp:70]   --->   Operation 213 'getelementptr' 'samples_I_0_addr' <Predicate = true> <Delay = 0.00>
ST_3 : Operation 214 [1/1] (3.25ns)   --->   "%store_ln70 = store i18 %samples_I_1_load, i8 %samples_I_0_addr" [receiver.cpp:70]   --->   Operation 214 'store' 'store_ln70' <Predicate = true> <Delay = 3.25> <CoreInst = "RAM">   --->   Core 82 'RAM' <Latency = 1> <II = 1> <Delay = 3.25> <Storage> <Opcode : 'load' 'store'> <Ports = 2> <Width = 18> <Depth = 241> <RAM>
ST_3 : Operation 215 [1/1] (0.00ns)   --->   "%samples_Q_0_addr = getelementptr i18 %samples_Q_0, i64 0, i64 %zext_ln70" [receiver.cpp:71]   --->   Operation 215 'getelementptr' 'samples_Q_0_addr' <Predicate = true> <Delay = 0.00>
ST_3 : Operation 216 [1/1] (3.25ns)   --->   "%store_ln71 = store i18 %samples_Q_1_load, i8 %samples_Q_0_addr" [receiver.cpp:71]   --->   Operation 216 'store' 'store_ln71' <Predicate = true> <Delay = 3.25> <CoreInst = "RAM">   --->   Core 82 'RAM' <Latency = 1> <II = 1> <Delay = 3.25> <Storage> <Opcode : 'load' 'store'> <Ports = 2> <Width = 18> <Depth = 241> <RAM>
ST_3 : Operation 217 [1/1] (3.25ns)   --->   "%store_ln70 = store i18 %samples_I_2_load, i8 %samples_I_1_addr" [receiver.cpp:70]   --->   Operation 217 'store' 'store_ln70' <Predicate = true> <Delay = 3.25> <CoreInst = "RAM">   --->   Core 82 'RAM' <Latency = 1> <II = 1> <Delay = 3.25> <Storage> <Opcode : 'load' 'store'> <Ports = 2> <Width = 18> <Depth = 241> <RAM>
ST_3 : Operation 218 [1/1] (3.25ns)   --->   "%store_ln71 = store i18 %samples_Q_2_load, i8 %samples_Q_1_addr" [receiver.cpp:71]   --->   Operation 218 'store' 'store_ln71' <Predicate = true> <Delay = 3.25> <CoreInst = "RAM">   --->   Core 82 'RAM' <Latency = 1> <II = 1> <Delay = 3.25> <Storage> <Opcode : 'load' 'store'> <Ports = 2> <Width = 18> <Depth = 241> <RAM>
ST_3 : Operation 219 [1/1] (3.25ns)   --->   "%store_ln70 = store i18 %samples_I_3_load, i8 %samples_I_2_addr" [receiver.cpp:70]   --->   Operation 219 'store' 'store_ln70' <Predicate = true> <Delay = 3.25> <CoreInst = "RAM">   --->   Core 82 'RAM' <Latency = 1> <II = 1> <Delay = 3.25> <Storage> <Opcode : 'load' 'store'> <Ports = 2> <Width = 18> <Depth = 241> <RAM>
ST_3 : Operation 220 [1/1] (3.25ns)   --->   "%store_ln71 = store i18 %samples_Q_3_load, i8 %samples_Q_2_addr" [receiver.cpp:71]   --->   Operation 220 'store' 'store_ln71' <Predicate = true> <Delay = 3.25> <CoreInst = "RAM">   --->   Core 82 'RAM' <Latency = 1> <II = 1> <Delay = 3.25> <Storage> <Opcode : 'load' 'store'> <Ports = 2> <Width = 18> <Depth = 241> <RAM>
ST_3 : Operation 221 [1/1] (3.25ns)   --->   "%store_ln70 = store i18 %samples_I_4_load, i8 %samples_I_3_addr" [receiver.cpp:70]   --->   Operation 221 'store' 'store_ln70' <Predicate = true> <Delay = 3.25> <CoreInst = "RAM">   --->   Core 82 'RAM' <Latency = 1> <II = 1> <Delay = 3.25> <Storage> <Opcode : 'load' 'store'> <Ports = 2> <Width = 18> <Depth = 241> <RAM>
ST_3 : Operation 222 [1/1] (3.25ns)   --->   "%store_ln71 = store i18 %samples_Q_4_load, i8 %samples_Q_3_addr" [receiver.cpp:71]   --->   Operation 222 'store' 'store_ln71' <Predicate = true> <Delay = 3.25> <CoreInst = "RAM">   --->   Core 82 'RAM' <Latency = 1> <II = 1> <Delay = 3.25> <Storage> <Opcode : 'load' 'store'> <Ports = 2> <Width = 18> <Depth = 241> <RAM>
ST_3 : Operation 223 [1/1] (3.25ns)   --->   "%store_ln70 = store i18 %samples_I_5_load, i8 %samples_I_4_addr" [receiver.cpp:70]   --->   Operation 223 'store' 'store_ln70' <Predicate = true> <Delay = 3.25> <CoreInst = "RAM">   --->   Core 82 'RAM' <Latency = 1> <II = 1> <Delay = 3.25> <Storage> <Opcode : 'load' 'store'> <Ports = 2> <Width = 18> <Depth = 241> <RAM>
ST_3 : Operation 224 [1/1] (3.25ns)   --->   "%store_ln71 = store i18 %samples_Q_5_load, i8 %samples_Q_4_addr" [receiver.cpp:71]   --->   Operation 224 'store' 'store_ln71' <Predicate = true> <Delay = 3.25> <CoreInst = "RAM">   --->   Core 82 'RAM' <Latency = 1> <II = 1> <Delay = 3.25> <Storage> <Opcode : 'load' 'store'> <Ports = 2> <Width = 18> <Depth = 241> <RAM>
ST_3 : Operation 225 [1/1] (3.25ns)   --->   "%store_ln70 = store i18 %samples_I_6_load, i8 %samples_I_5_addr" [receiver.cpp:70]   --->   Operation 225 'store' 'store_ln70' <Predicate = true> <Delay = 3.25> <CoreInst = "RAM">   --->   Core 82 'RAM' <Latency = 1> <II = 1> <Delay = 3.25> <Storage> <Opcode : 'load' 'store'> <Ports = 2> <Width = 18> <Depth = 241> <RAM>
ST_3 : Operation 226 [1/1] (3.25ns)   --->   "%store_ln71 = store i18 %samples_Q_6_load, i8 %samples_Q_5_addr" [receiver.cpp:71]   --->   Operation 226 'store' 'store_ln71' <Predicate = true> <Delay = 3.25> <CoreInst = "RAM">   --->   Core 82 'RAM' <Latency = 1> <II = 1> <Delay = 3.25> <Storage> <Opcode : 'load' 'store'> <Ports = 2> <Width = 18> <Depth = 241> <RAM>
ST_3 : Operation 227 [1/1] (3.25ns)   --->   "%store_ln70 = store i18 %samples_I_7_load, i8 %samples_I_6_addr" [receiver.cpp:70]   --->   Operation 227 'store' 'store_ln70' <Predicate = true> <Delay = 3.25> <CoreInst = "RAM">   --->   Core 82 'RAM' <Latency = 1> <II = 1> <Delay = 3.25> <Storage> <Opcode : 'load' 'store'> <Ports = 2> <Width = 18> <Depth = 241> <RAM>
ST_3 : Operation 228 [1/1] (3.25ns)   --->   "%store_ln71 = store i18 %samples_Q_7_load, i8 %samples_Q_6_addr" [receiver.cpp:71]   --->   Operation 228 'store' 'store_ln71' <Predicate = true> <Delay = 3.25> <CoreInst = "RAM">   --->   Core 82 'RAM' <Latency = 1> <II = 1> <Delay = 3.25> <Storage> <Opcode : 'load' 'store'> <Ports = 2> <Width = 18> <Depth = 241> <RAM>
ST_3 : Operation 229 [1/1] (3.25ns)   --->   "%store_ln70 = store i18 %samples_I_8_load, i8 %samples_I_7_addr" [receiver.cpp:70]   --->   Operation 229 'store' 'store_ln70' <Predicate = true> <Delay = 3.25> <CoreInst = "RAM">   --->   Core 82 'RAM' <Latency = 1> <II = 1> <Delay = 3.25> <Storage> <Opcode : 'load' 'store'> <Ports = 2> <Width = 18> <Depth = 241> <RAM>
ST_3 : Operation 230 [1/1] (3.25ns)   --->   "%store_ln71 = store i18 %samples_Q_8_load, i8 %samples_Q_7_addr" [receiver.cpp:71]   --->   Operation 230 'store' 'store_ln71' <Predicate = true> <Delay = 3.25> <CoreInst = "RAM">   --->   Core 82 'RAM' <Latency = 1> <II = 1> <Delay = 3.25> <Storage> <Opcode : 'load' 'store'> <Ports = 2> <Width = 18> <Depth = 241> <RAM>
ST_3 : Operation 231 [1/1] (3.25ns)   --->   "%store_ln70 = store i18 %samples_I_9_load, i8 %samples_I_8_addr" [receiver.cpp:70]   --->   Operation 231 'store' 'store_ln70' <Predicate = true> <Delay = 3.25> <CoreInst = "RAM">   --->   Core 82 'RAM' <Latency = 1> <II = 1> <Delay = 3.25> <Storage> <Opcode : 'load' 'store'> <Ports = 2> <Width = 18> <Depth = 241> <RAM>
ST_3 : Operation 232 [1/1] (3.25ns)   --->   "%store_ln71 = store i18 %samples_Q_9_load, i8 %samples_Q_8_addr" [receiver.cpp:71]   --->   Operation 232 'store' 'store_ln71' <Predicate = true> <Delay = 3.25> <CoreInst = "RAM">   --->   Core 82 'RAM' <Latency = 1> <II = 1> <Delay = 3.25> <Storage> <Opcode : 'load' 'store'> <Ports = 2> <Width = 18> <Depth = 241> <RAM>
ST_3 : Operation 233 [1/1] (3.25ns)   --->   "%store_ln70 = store i18 %samples_I_10_load, i8 %samples_I_9_addr" [receiver.cpp:70]   --->   Operation 233 'store' 'store_ln70' <Predicate = true> <Delay = 3.25> <CoreInst = "RAM">   --->   Core 82 'RAM' <Latency = 1> <II = 1> <Delay = 3.25> <Storage> <Opcode : 'load' 'store'> <Ports = 2> <Width = 18> <Depth = 241> <RAM>
ST_3 : Operation 234 [1/1] (3.25ns)   --->   "%store_ln71 = store i18 %samples_Q_10_load, i8 %samples_Q_9_addr" [receiver.cpp:71]   --->   Operation 234 'store' 'store_ln71' <Predicate = true> <Delay = 3.25> <CoreInst = "RAM">   --->   Core 82 'RAM' <Latency = 1> <II = 1> <Delay = 3.25> <Storage> <Opcode : 'load' 'store'> <Ports = 2> <Width = 18> <Depth = 241> <RAM>
ST_3 : Operation 235 [1/1] (3.25ns)   --->   "%store_ln70 = store i18 %samples_I_11_load, i8 %samples_I_10_addr" [receiver.cpp:70]   --->   Operation 235 'store' 'store_ln70' <Predicate = true> <Delay = 3.25> <CoreInst = "RAM">   --->   Core 82 'RAM' <Latency = 1> <II = 1> <Delay = 3.25> <Storage> <Opcode : 'load' 'store'> <Ports = 2> <Width = 18> <Depth = 241> <RAM>
ST_3 : Operation 236 [1/1] (3.25ns)   --->   "%store_ln71 = store i18 %samples_Q_11_load, i8 %samples_Q_10_addr" [receiver.cpp:71]   --->   Operation 236 'store' 'store_ln71' <Predicate = true> <Delay = 3.25> <CoreInst = "RAM">   --->   Core 82 'RAM' <Latency = 1> <II = 1> <Delay = 3.25> <Storage> <Opcode : 'load' 'store'> <Ports = 2> <Width = 18> <Depth = 241> <RAM>
ST_3 : Operation 237 [1/1] (0.00ns)   --->   "%empty = speclooptripcount i32 @_ssdm_op_SpecLoopTripCount, i64 240, i64 240, i64 240"   --->   Operation 237 'speclooptripcount' 'empty' <Predicate = true> <Delay = 0.00>
ST_3 : Operation 238 [1/1] (3.25ns)   --->   "%store_ln70 = store i18 %samples_I_12_load, i8 %samples_I_11_addr" [receiver.cpp:70]   --->   Operation 238 'store' 'store_ln70' <Predicate = (icmp_ln68)> <Delay = 3.25> <CoreInst = "RAM">   --->   Core 82 'RAM' <Latency = 1> <II = 1> <Delay = 3.25> <Storage> <Opcode : 'load' 'store'> <Ports = 2> <Width = 18> <Depth = 241> <RAM>
ST_3 : Operation 239 [1/1] (3.25ns)   --->   "%store_ln71 = store i18 %samples_Q_12_load, i8 %samples_Q_11_addr" [receiver.cpp:71]   --->   Operation 239 'store' 'store_ln71' <Predicate = (icmp_ln68)> <Delay = 3.25> <CoreInst = "RAM">   --->   Core 82 'RAM' <Latency = 1> <II = 1> <Delay = 3.25> <Storage> <Opcode : 'load' 'store'> <Ports = 2> <Width = 18> <Depth = 241> <RAM>
ST_3 : Operation 240 [1/1] (3.25ns)   --->   "%store_ln70 = store i18 %samples_I_13_load, i8 %samples_I_12_addr" [receiver.cpp:70]   --->   Operation 240 'store' 'store_ln70' <Predicate = (icmp_ln68)> <Delay = 3.25> <CoreInst = "RAM">   --->   Core 82 'RAM' <Latency = 1> <II = 1> <Delay = 3.25> <Storage> <Opcode : 'load' 'store'> <Ports = 2> <Width = 18> <Depth = 241> <RAM>
ST_3 : Operation 241 [1/1] (3.25ns)   --->   "%store_ln71 = store i18 %samples_Q_13_load, i8 %samples_Q_12_addr" [receiver.cpp:71]   --->   Operation 241 'store' 'store_ln71' <Predicate = (icmp_ln68)> <Delay = 3.25> <CoreInst = "RAM">   --->   Core 82 'RAM' <Latency = 1> <II = 1> <Delay = 3.25> <Storage> <Opcode : 'load' 'store'> <Ports = 2> <Width = 18> <Depth = 241> <RAM>
ST_3 : Operation 242 [1/1] (3.25ns)   --->   "%store_ln70 = store i18 %samples_I_14_load, i8 %samples_I_13_addr" [receiver.cpp:70]   --->   Operation 242 'store' 'store_ln70' <Predicate = (icmp_ln68)> <Delay = 3.25> <CoreInst = "RAM">   --->   Core 82 'RAM' <Latency = 1> <II = 1> <Delay = 3.25> <Storage> <Opcode : 'load' 'store'> <Ports = 2> <Width = 18> <Depth = 241> <RAM>
ST_3 : Operation 243 [1/1] (3.25ns)   --->   "%store_ln71 = store i18 %samples_Q_14_load, i8 %samples_Q_13_addr" [receiver.cpp:71]   --->   Operation 243 'store' 'store_ln71' <Predicate = (icmp_ln68)> <Delay = 3.25> <CoreInst = "RAM">   --->   Core 82 'RAM' <Latency = 1> <II = 1> <Delay = 3.25> <Storage> <Opcode : 'load' 'store'> <Ports = 2> <Width = 18> <Depth = 241> <RAM>
ST_3 : Operation 244 [1/1] (3.25ns)   --->   "%store_ln70 = store i18 %samples_I_15_load, i8 %samples_I_14_addr" [receiver.cpp:70]   --->   Operation 244 'store' 'store_ln70' <Predicate = (icmp_ln68)> <Delay = 3.25> <CoreInst = "RAM">   --->   Core 82 'RAM' <Latency = 1> <II = 1> <Delay = 3.25> <Storage> <Opcode : 'load' 'store'> <Ports = 2> <Width = 18> <Depth = 241> <RAM>
ST_3 : Operation 245 [1/1] (3.25ns)   --->   "%store_ln71 = store i18 %samples_Q_15_load, i8 %samples_Q_14_addr" [receiver.cpp:71]   --->   Operation 245 'store' 'store_ln71' <Predicate = (icmp_ln68)> <Delay = 3.25> <CoreInst = "RAM">   --->   Core 82 'RAM' <Latency = 1> <II = 1> <Delay = 3.25> <Storage> <Opcode : 'load' 'store'> <Ports = 2> <Width = 18> <Depth = 241> <RAM>
ST_3 : Operation 246 [1/1] (3.25ns)   --->   "%store_ln70 = store i18 %samples_I_16_load, i8 %samples_I_15_addr" [receiver.cpp:70]   --->   Operation 246 'store' 'store_ln70' <Predicate = (icmp_ln68)> <Delay = 3.25> <CoreInst = "RAM">   --->   Core 82 'RAM' <Latency = 1> <II = 1> <Delay = 3.25> <Storage> <Opcode : 'load' 'store'> <Ports = 2> <Width = 18> <Depth = 241> <RAM>
ST_3 : Operation 247 [1/1] (3.25ns)   --->   "%store_ln71 = store i18 %samples_Q_16_load, i8 %samples_Q_15_addr" [receiver.cpp:71]   --->   Operation 247 'store' 'store_ln71' <Predicate = (icmp_ln68)> <Delay = 3.25> <CoreInst = "RAM">   --->   Core 82 'RAM' <Latency = 1> <II = 1> <Delay = 3.25> <Storage> <Opcode : 'load' 'store'> <Ports = 2> <Width = 18> <Depth = 241> <RAM>
ST_3 : Operation 248 [1/1] (3.25ns)   --->   "%store_ln70 = store i18 %samples_I_17_load, i8 %samples_I_16_addr" [receiver.cpp:70]   --->   Operation 248 'store' 'store_ln70' <Predicate = (icmp_ln68)> <Delay = 3.25> <CoreInst = "RAM">   --->   Core 82 'RAM' <Latency = 1> <II = 1> <Delay = 3.25> <Storage> <Opcode : 'load' 'store'> <Ports = 2> <Width = 18> <Depth = 241> <RAM>
ST_3 : Operation 249 [1/1] (3.25ns)   --->   "%store_ln71 = store i18 %samples_Q_17_load, i8 %samples_Q_16_addr" [receiver.cpp:71]   --->   Operation 249 'store' 'store_ln71' <Predicate = (icmp_ln68)> <Delay = 3.25> <CoreInst = "RAM">   --->   Core 82 'RAM' <Latency = 1> <II = 1> <Delay = 3.25> <Storage> <Opcode : 'load' 'store'> <Ports = 2> <Width = 18> <Depth = 241> <RAM>
ST_3 : Operation 250 [1/1] (3.25ns)   --->   "%store_ln70 = store i18 %samples_I_18_load, i8 %samples_I_17_addr" [receiver.cpp:70]   --->   Operation 250 'store' 'store_ln70' <Predicate = (icmp_ln68)> <Delay = 3.25> <CoreInst = "RAM">   --->   Core 82 'RAM' <Latency = 1> <II = 1> <Delay = 3.25> <Storage> <Opcode : 'load' 'store'> <Ports = 2> <Width = 18> <Depth = 241> <RAM>
ST_3 : Operation 251 [1/1] (3.25ns)   --->   "%store_ln71 = store i18 %samples_Q_18_load, i8 %samples_Q_17_addr" [receiver.cpp:71]   --->   Operation 251 'store' 'store_ln71' <Predicate = (icmp_ln68)> <Delay = 3.25> <CoreInst = "RAM">   --->   Core 82 'RAM' <Latency = 1> <II = 1> <Delay = 3.25> <Storage> <Opcode : 'load' 'store'> <Ports = 2> <Width = 18> <Depth = 241> <RAM>
ST_3 : Operation 252 [1/1] (3.25ns)   --->   "%store_ln70 = store i18 %samples_I_19_load, i8 %samples_I_18_addr" [receiver.cpp:70]   --->   Operation 252 'store' 'store_ln70' <Predicate = (icmp_ln68)> <Delay = 3.25> <CoreInst = "RAM">   --->   Core 82 'RAM' <Latency = 1> <II = 1> <Delay = 3.25> <Storage> <Opcode : 'load' 'store'> <Ports = 2> <Width = 18> <Depth = 241> <RAM>
ST_3 : Operation 253 [1/1] (3.25ns)   --->   "%store_ln71 = store i18 %samples_Q_19_load, i8 %samples_Q_18_addr" [receiver.cpp:71]   --->   Operation 253 'store' 'store_ln71' <Predicate = (icmp_ln68)> <Delay = 3.25> <CoreInst = "RAM">   --->   Core 82 'RAM' <Latency = 1> <II = 1> <Delay = 3.25> <Storage> <Opcode : 'load' 'store'> <Ports = 2> <Width = 18> <Depth = 241> <RAM>
ST_3 : Operation 254 [1/1] (3.25ns)   --->   "%store_ln70 = store i18 %samples_I_20_load, i8 %samples_I_19_addr" [receiver.cpp:70]   --->   Operation 254 'store' 'store_ln70' <Predicate = (icmp_ln68)> <Delay = 3.25> <CoreInst = "RAM">   --->   Core 82 'RAM' <Latency = 1> <II = 1> <Delay = 3.25> <Storage> <Opcode : 'load' 'store'> <Ports = 2> <Width = 18> <Depth = 241> <RAM>
ST_3 : Operation 255 [1/1] (3.25ns)   --->   "%store_ln71 = store i18 %samples_Q_20_load, i8 %samples_Q_19_addr" [receiver.cpp:71]   --->   Operation 255 'store' 'store_ln71' <Predicate = (icmp_ln68)> <Delay = 3.25> <CoreInst = "RAM">   --->   Core 82 'RAM' <Latency = 1> <II = 1> <Delay = 3.25> <Storage> <Opcode : 'load' 'store'> <Ports = 2> <Width = 18> <Depth = 241> <RAM>
ST_3 : Operation 256 [1/1] (3.25ns)   --->   "%store_ln70 = store i18 %samples_I_21_load, i8 %samples_I_20_addr" [receiver.cpp:70]   --->   Operation 256 'store' 'store_ln70' <Predicate = (icmp_ln68)> <Delay = 3.25> <CoreInst = "RAM">   --->   Core 82 'RAM' <Latency = 1> <II = 1> <Delay = 3.25> <Storage> <Opcode : 'load' 'store'> <Ports = 2> <Width = 18> <Depth = 241> <RAM>
ST_3 : Operation 257 [1/1] (3.25ns)   --->   "%store_ln71 = store i18 %samples_Q_21_load, i8 %samples_Q_20_addr" [receiver.cpp:71]   --->   Operation 257 'store' 'store_ln71' <Predicate = (icmp_ln68)> <Delay = 3.25> <CoreInst = "RAM">   --->   Core 82 'RAM' <Latency = 1> <II = 1> <Delay = 3.25> <Storage> <Opcode : 'load' 'store'> <Ports = 2> <Width = 18> <Depth = 241> <RAM>
ST_3 : Operation 258 [1/1] (3.25ns)   --->   "%store_ln70 = store i18 %samples_I_22_load, i8 %samples_I_21_addr" [receiver.cpp:70]   --->   Operation 258 'store' 'store_ln70' <Predicate = (icmp_ln68)> <Delay = 3.25> <CoreInst = "RAM">   --->   Core 82 'RAM' <Latency = 1> <II = 1> <Delay = 3.25> <Storage> <Opcode : 'load' 'store'> <Ports = 2> <Width = 18> <Depth = 241> <RAM>
ST_3 : Operation 259 [1/1] (3.25ns)   --->   "%store_ln71 = store i18 %samples_Q_22_load, i8 %samples_Q_21_addr" [receiver.cpp:71]   --->   Operation 259 'store' 'store_ln71' <Predicate = (icmp_ln68)> <Delay = 3.25> <CoreInst = "RAM">   --->   Core 82 'RAM' <Latency = 1> <II = 1> <Delay = 3.25> <Storage> <Opcode : 'load' 'store'> <Ports = 2> <Width = 18> <Depth = 241> <RAM>
ST_3 : Operation 260 [1/1] (3.25ns)   --->   "%store_ln70 = store i18 %samples_I_23_load, i8 %samples_I_22_addr" [receiver.cpp:70]   --->   Operation 260 'store' 'store_ln70' <Predicate = (icmp_ln68)> <Delay = 3.25> <CoreInst = "RAM">   --->   Core 82 'RAM' <Latency = 1> <II = 1> <Delay = 3.25> <Storage> <Opcode : 'load' 'store'> <Ports = 2> <Width = 18> <Depth = 241> <RAM>
ST_3 : Operation 261 [1/1] (3.25ns)   --->   "%store_ln71 = store i18 %samples_Q_23_load, i8 %samples_Q_22_addr" [receiver.cpp:71]   --->   Operation 261 'store' 'store_ln71' <Predicate = (icmp_ln68)> <Delay = 3.25> <CoreInst = "RAM">   --->   Core 82 'RAM' <Latency = 1> <II = 1> <Delay = 3.25> <Storage> <Opcode : 'load' 'store'> <Ports = 2> <Width = 18> <Depth = 241> <RAM>
ST_3 : Operation 262 [1/1] (3.25ns)   --->   "%store_ln70 = store i18 %samples_I_24_load, i8 %samples_I_23_addr" [receiver.cpp:70]   --->   Operation 262 'store' 'store_ln70' <Predicate = (icmp_ln68)> <Delay = 3.25> <CoreInst = "RAM">   --->   Core 82 'RAM' <Latency = 1> <II = 1> <Delay = 3.25> <Storage> <Opcode : 'load' 'store'> <Ports = 2> <Width = 18> <Depth = 241> <RAM>
ST_3 : Operation 263 [1/1] (3.25ns)   --->   "%store_ln71 = store i18 %samples_Q_24_load, i8 %samples_Q_23_addr" [receiver.cpp:71]   --->   Operation 263 'store' 'store_ln71' <Predicate = (icmp_ln68)> <Delay = 3.25> <CoreInst = "RAM">   --->   Core 82 'RAM' <Latency = 1> <II = 1> <Delay = 3.25> <Storage> <Opcode : 'load' 'store'> <Ports = 2> <Width = 18> <Depth = 241> <RAM>
ST_3 : Operation 264 [1/1] (3.25ns)   --->   "%store_ln70 = store i18 %samples_I_25_load, i8 %samples_I_24_addr" [receiver.cpp:70]   --->   Operation 264 'store' 'store_ln70' <Predicate = (icmp_ln68)> <Delay = 3.25> <CoreInst = "RAM">   --->   Core 82 'RAM' <Latency = 1> <II = 1> <Delay = 3.25> <Storage> <Opcode : 'load' 'store'> <Ports = 2> <Width = 18> <Depth = 241> <RAM>
ST_3 : Operation 265 [1/1] (3.25ns)   --->   "%store_ln71 = store i18 %samples_Q_25_load, i8 %samples_Q_24_addr" [receiver.cpp:71]   --->   Operation 265 'store' 'store_ln71' <Predicate = (icmp_ln68)> <Delay = 3.25> <CoreInst = "RAM">   --->   Core 82 'RAM' <Latency = 1> <II = 1> <Delay = 3.25> <Storage> <Opcode : 'load' 'store'> <Ports = 2> <Width = 18> <Depth = 241> <RAM>
ST_3 : Operation 266 [1/1] (3.25ns)   --->   "%store_ln70 = store i18 %samples_I_26_load, i8 %samples_I_25_addr" [receiver.cpp:70]   --->   Operation 266 'store' 'store_ln70' <Predicate = (icmp_ln68)> <Delay = 3.25> <CoreInst = "RAM">   --->   Core 82 'RAM' <Latency = 1> <II = 1> <Delay = 3.25> <Storage> <Opcode : 'load' 'store'> <Ports = 2> <Width = 18> <Depth = 241> <RAM>
ST_3 : Operation 267 [1/1] (3.25ns)   --->   "%store_ln71 = store i18 %samples_Q_26_load, i8 %samples_Q_25_addr" [receiver.cpp:71]   --->   Operation 267 'store' 'store_ln71' <Predicate = (icmp_ln68)> <Delay = 3.25> <CoreInst = "RAM">   --->   Core 82 'RAM' <Latency = 1> <II = 1> <Delay = 3.25> <Storage> <Opcode : 'load' 'store'> <Ports = 2> <Width = 18> <Depth = 241> <RAM>
ST_3 : Operation 268 [1/1] (3.25ns)   --->   "%store_ln70 = store i18 %samples_I_27_load, i8 %samples_I_26_addr" [receiver.cpp:70]   --->   Operation 268 'store' 'store_ln70' <Predicate = (icmp_ln68)> <Delay = 3.25> <CoreInst = "RAM">   --->   Core 82 'RAM' <Latency = 1> <II = 1> <Delay = 3.25> <Storage> <Opcode : 'load' 'store'> <Ports = 2> <Width = 18> <Depth = 241> <RAM>
ST_3 : Operation 269 [1/1] (3.25ns)   --->   "%store_ln71 = store i18 %samples_Q_27_load, i8 %samples_Q_26_addr" [receiver.cpp:71]   --->   Operation 269 'store' 'store_ln71' <Predicate = (icmp_ln68)> <Delay = 3.25> <CoreInst = "RAM">   --->   Core 82 'RAM' <Latency = 1> <II = 1> <Delay = 3.25> <Storage> <Opcode : 'load' 'store'> <Ports = 2> <Width = 18> <Depth = 241> <RAM>
ST_3 : Operation 270 [1/1] (3.25ns)   --->   "%store_ln70 = store i18 %samples_I_28_load, i8 %samples_I_27_addr" [receiver.cpp:70]   --->   Operation 270 'store' 'store_ln70' <Predicate = (icmp_ln68)> <Delay = 3.25> <CoreInst = "RAM">   --->   Core 82 'RAM' <Latency = 1> <II = 1> <Delay = 3.25> <Storage> <Opcode : 'load' 'store'> <Ports = 2> <Width = 18> <Depth = 241> <RAM>
ST_3 : Operation 271 [1/1] (3.25ns)   --->   "%store_ln71 = store i18 %samples_Q_28_load, i8 %samples_Q_27_addr" [receiver.cpp:71]   --->   Operation 271 'store' 'store_ln71' <Predicate = (icmp_ln68)> <Delay = 3.25> <CoreInst = "RAM">   --->   Core 82 'RAM' <Latency = 1> <II = 1> <Delay = 3.25> <Storage> <Opcode : 'load' 'store'> <Ports = 2> <Width = 18> <Depth = 241> <RAM>
ST_3 : Operation 272 [1/1] (3.25ns)   --->   "%store_ln70 = store i18 %samples_I_29_load, i8 %samples_I_28_addr" [receiver.cpp:70]   --->   Operation 272 'store' 'store_ln70' <Predicate = (icmp_ln68)> <Delay = 3.25> <CoreInst = "RAM">   --->   Core 82 'RAM' <Latency = 1> <II = 1> <Delay = 3.25> <Storage> <Opcode : 'load' 'store'> <Ports = 2> <Width = 18> <Depth = 241> <RAM>
ST_3 : Operation 273 [1/1] (3.25ns)   --->   "%store_ln71 = store i18 %samples_Q_29_load, i8 %samples_Q_28_addr" [receiver.cpp:71]   --->   Operation 273 'store' 'store_ln71' <Predicate = (icmp_ln68)> <Delay = 3.25> <CoreInst = "RAM">   --->   Core 82 'RAM' <Latency = 1> <II = 1> <Delay = 3.25> <Storage> <Opcode : 'load' 'store'> <Ports = 2> <Width = 18> <Depth = 241> <RAM>
ST_3 : Operation 274 [1/1] (3.25ns)   --->   "%store_ln70 = store i18 %samples_I_30_load, i8 %samples_I_29_addr" [receiver.cpp:70]   --->   Operation 274 'store' 'store_ln70' <Predicate = (icmp_ln68)> <Delay = 3.25> <CoreInst = "RAM">   --->   Core 82 'RAM' <Latency = 1> <II = 1> <Delay = 3.25> <Storage> <Opcode : 'load' 'store'> <Ports = 2> <Width = 18> <Depth = 241> <RAM>
ST_3 : Operation 275 [1/1] (3.25ns)   --->   "%store_ln71 = store i18 %samples_Q_30_load, i8 %samples_Q_29_addr" [receiver.cpp:71]   --->   Operation 275 'store' 'store_ln71' <Predicate = (icmp_ln68)> <Delay = 3.25> <CoreInst = "RAM">   --->   Core 82 'RAM' <Latency = 1> <II = 1> <Delay = 3.25> <Storage> <Opcode : 'load' 'store'> <Ports = 2> <Width = 18> <Depth = 241> <RAM>
ST_3 : Operation 276 [1/1] (3.25ns)   --->   "%store_ln70 = store i18 %samples_I_31_load, i8 %samples_I_30_addr" [receiver.cpp:70]   --->   Operation 276 'store' 'store_ln70' <Predicate = (icmp_ln68)> <Delay = 3.25> <CoreInst = "RAM">   --->   Core 82 'RAM' <Latency = 1> <II = 1> <Delay = 3.25> <Storage> <Opcode : 'load' 'store'> <Ports = 2> <Width = 18> <Depth = 241> <RAM>
ST_3 : Operation 277 [1/1] (3.25ns)   --->   "%store_ln71 = store i18 %samples_Q_31_load, i8 %samples_Q_30_addr" [receiver.cpp:71]   --->   Operation 277 'store' 'store_ln71' <Predicate = (icmp_ln68)> <Delay = 3.25> <CoreInst = "RAM">   --->   Core 82 'RAM' <Latency = 1> <II = 1> <Delay = 3.25> <Storage> <Opcode : 'load' 'store'> <Ports = 2> <Width = 18> <Depth = 241> <RAM>
ST_3 : Operation 278 [1/1] (3.25ns)   --->   "%store_ln70 = store i18 %samples_I_0_load, i8 %samples_I_31_addr" [receiver.cpp:70]   --->   Operation 278 'store' 'store_ln70' <Predicate = (icmp_ln68)> <Delay = 3.25> <CoreInst = "RAM">   --->   Core 82 'RAM' <Latency = 1> <II = 1> <Delay = 3.25> <Storage> <Opcode : 'load' 'store'> <Ports = 2> <Width = 18> <Depth = 241> <RAM>
ST_3 : Operation 279 [1/1] (3.25ns)   --->   "%store_ln71 = store i18 %samples_Q_0_load, i8 %samples_Q_31_addr" [receiver.cpp:71]   --->   Operation 279 'store' 'store_ln71' <Predicate = (icmp_ln68)> <Delay = 3.25> <CoreInst = "RAM">   --->   Core 82 'RAM' <Latency = 1> <II = 1> <Delay = 3.25> <Storage> <Opcode : 'load' 'store'> <Ports = 2> <Width = 18> <Depth = 241> <RAM>
ST_3 : Operation 280 [1/1] (0.00ns)   --->   "%br_ln68 = br void %for.inc.0.split" [receiver.cpp:68]   --->   Operation 280 'br' 'br_ln68' <Predicate = (icmp_ln68)> <Delay = 0.00>
ST_3 : Operation 281 [1/1] (0.00ns)   --->   "%ret_ln0 = ret"   --->   Operation 281 'ret' 'ret_ln0' <Predicate = (!icmp_ln68)> <Delay = 0.00>


============================================================
+ Verbose Summary: Timing violations
============================================================
Target clock period: 8ns, clock uncertainty: 2.16ns.

 <State 1>: 5.17ns
The critical path consists of the following:
	'alloca' operation ('i') [65]  (0 ns)
	'load' operation ('i', receiver.cpp:70) on local variable 'i' [69]  (0 ns)
	'add' operation ('add_ln70_1', receiver.cpp:70) [268]  (1.92 ns)
	'getelementptr' operation ('samples_I_0_addr_1', receiver.cpp:70) [270]  (0 ns)
	'load' operation ('samples_I_0_load', receiver.cpp:70) on array 'samples_I_0' [271]  (3.25 ns)

 <State 2>: 3.25ns
The critical path consists of the following:
	'load' operation ('samples_I_12_load', receiver.cpp:70) on array 'samples_I_12' [148]  (3.25 ns)

 <State 3>: 3.25ns
The critical path consists of the following:
	'store' operation ('store_ln70', receiver.cpp:70) of variable 'samples_I_12_load', receiver.cpp:70 on array 'samples_I_11' [149]  (3.25 ns)


============================================================
+ Verbose Summary: Binding
============================================================
N/A
* FSMD analyzer results:
  - Output states:
 - Input state : 
  - Chain level:
	State 1
	State 2
	State 3


============================================================
+ Verbose Summary: Datapath Resource usage 
============================================================
N/A
