

================================================================
== Vitis HLS Report for 'receiver_Pipeline_VITIS_LOOP_201_14'
================================================================
* Date:           Mon May 13 18:48:08 2024

* Version:        2023.1 (Build 3854077 on May  4 2023)
* Project:        receiver
* Solution:       solution1 (Vivado IP Flow Target)
* Product family: zynq
* Target device:  xc7z020-clg400-1


================================================================
== Performance Estimates
================================================================
+ Timing: 
    * Summary: 
    +--------+---------+----------+------------+
    |  Clock |  Target | Estimated| Uncertainty|
    +--------+---------+----------+------------+
    |ap_clk  |  8.00 ns|  4.696 ns|     2.16 ns|
    +--------+---------+----------+------------+

+ Latency: 
    * Summary: 
    +---------+---------+-----------+-----------+-----+-----+---------+
    |  Latency (cycles) |   Latency (absolute)  |  Interval | Pipeline|
    |   min   |   max   |    min    |    max    | min | max |   Type  |
    +---------+---------+-----------+-----------+-----+-----+---------+
    |       12|       12|  96.000 ns|  96.000 ns|   12|   12|       no|
    +---------+---------+-----------+-----------+-----+-----+---------+

    + Detail: 
        * Instance: 
        N/A

        * Loop: 
        +---------------------+---------+---------+----------+-----------+-----------+------+----------+
        |                     |  Latency (cycles) | Iteration|  Initiation Interval  | Trip |          |
        |      Loop Name      |   min   |   max   |  Latency |  achieved |   target  | Count| Pipelined|
        +---------------------+---------+---------+----------+-----------+-----------+------+----------+
        |- VITIS_LOOP_201_14  |       10|       10|         3|          1|          1|     8|       yes|
        +---------------------+---------+---------+----------+-----------+-----------+------+----------+

============================================================
+ Verbose Summary: Synthesis Manager
============================================================
InlineROM: 1
ExposeGlobal: 0
============================================================
+ Verbose Summary: CDFG Model
============================================================
IsTopModel: 0
ResetActiveHigh: 1
IsCombinational: 0
IsDatapathOnly: 0
HasWiredReturn: 1
HasMFsm: 2
HasVarLatency: 1
IsPipeline: 0
IsRtlPipelined: 0
IsInstanceOverlapped: 0
IsDontTouch: 0
HasImplIP: 0
IsGatedGlobalClock: 0

+ Individual pipeline summary: 
  * Pipeline-0: initiation interval (II) = 1, depth = 3


============================================================
+ Verbose Summary: Schedule
============================================================
* Number of FSM states : 3
* Pipeline : 1
  Pipeline-0 : II = 1, D = 3, States = { 1 2 3 }
* Dataflow Pipeline: 0

* FSM state transitions: 
1 --> 2 
2 --> 3 
3 --> 

* FSM state operations: 

State 1 <SV = 0> <Delay = 3.50>
ST_1 : Operation 6 [1/1] (0.00ns)   --->   "%i = alloca i32 1"   --->   Operation 6 'alloca' 'i' <Predicate = true> <Delay = 0.00>
ST_1 : Operation 7 [1/1] (1.58ns)   --->   "%store_ln0 = store i8 0, i8 %i"   --->   Operation 7 'store' 'store_ln0' <Predicate = true> <Delay = 1.58>
ST_1 : Operation 8 [1/1] (0.00ns)   --->   "%br_ln0 = br void %for.body508.0.split"   --->   Operation 8 'br' 'br_ln0' <Predicate = true> <Delay = 0.00>
ST_1 : Operation 9 [1/1] (0.00ns)   --->   "%i_10 = load i8 %i" [receiver.cpp:201]   --->   Operation 9 'load' 'i_10' <Predicate = true> <Delay = 0.00>
ST_1 : Operation 10 [1/1] (0.00ns)   --->   "%lshr_ln = partselect i5 @_ssdm_op_PartSelect.i5.i8.i32.i32, i8 %i_10, i32 3, i32 7" [receiver.cpp:201]   --->   Operation 10 'partselect' 'lshr_ln' <Predicate = true> <Delay = 0.00>
ST_1 : Operation 11 [1/1] (0.00ns)   --->   "%zext_ln201 = zext i5 %lshr_ln" [receiver.cpp:201]   --->   Operation 11 'zext' 'zext_ln201' <Predicate = true> <Delay = 0.00>
ST_1 : Operation 12 [1/1] (0.00ns)   --->   "%arr_3_I_addr = getelementptr i26 %arr_3_I, i64 0, i64 %zext_ln201" [receiver.cpp:203]   --->   Operation 12 'getelementptr' 'arr_3_I_addr' <Predicate = true> <Delay = 0.00>
ST_1 : Operation 13 [2/2] (2.32ns)   --->   "%arr_3_I_load = load i5 %arr_3_I_addr" [receiver.cpp:203]   --->   Operation 13 'load' 'arr_3_I_load' <Predicate = true> <Delay = 2.32> <CoreInst = "RAM">   --->   Core 82 'RAM' <Latency = 1> <II = 1> <Delay = 2.32> <Storage> <Opcode : 'load' 'store'> <Ports = 2> <Width = 26> <Depth = 18> <RAM>
ST_1 : Operation 14 [1/1] (0.00ns)   --->   "%arr_3_I_1_addr = getelementptr i26 %arr_3_I_1, i64 0, i64 %zext_ln201" [receiver.cpp:203]   --->   Operation 14 'getelementptr' 'arr_3_I_1_addr' <Predicate = true> <Delay = 0.00>
ST_1 : Operation 15 [2/2] (2.32ns)   --->   "%arr_3_I_1_load = load i5 %arr_3_I_1_addr" [receiver.cpp:203]   --->   Operation 15 'load' 'arr_3_I_1_load' <Predicate = true> <Delay = 2.32> <CoreInst = "RAM">   --->   Core 82 'RAM' <Latency = 1> <II = 1> <Delay = 2.32> <Storage> <Opcode : 'load' 'store'> <Ports = 2> <Width = 26> <Depth = 18> <RAM>
ST_1 : Operation 16 [1/1] (0.00ns)   --->   "%lshr_ln2 = partselect i4 @_ssdm_op_PartSelect.i4.i8.i32.i32, i8 %i_10, i32 4, i32 7" [receiver.cpp:203]   --->   Operation 16 'partselect' 'lshr_ln2' <Predicate = true> <Delay = 0.00>
ST_1 : Operation 17 [1/1] (0.00ns)   --->   "%arr_3_Q_addr = getelementptr i26 %arr_3_Q, i64 0, i64 %zext_ln201" [receiver.cpp:204]   --->   Operation 17 'getelementptr' 'arr_3_Q_addr' <Predicate = true> <Delay = 0.00>
ST_1 : Operation 18 [1/1] (0.00ns)   --->   "%arr_3_Q_1_addr = getelementptr i26 %arr_3_Q_1, i64 0, i64 %zext_ln201" [receiver.cpp:204]   --->   Operation 18 'getelementptr' 'arr_3_Q_1_addr' <Predicate = true> <Delay = 0.00>
ST_1 : Operation 19 [1/1] (0.00ns)   --->   "%arr_3_I_2_addr = getelementptr i26 %arr_3_I_2, i64 0, i64 %zext_ln201" [receiver.cpp:203]   --->   Operation 19 'getelementptr' 'arr_3_I_2_addr' <Predicate = true> <Delay = 0.00>
ST_1 : Operation 20 [1/1] (0.00ns)   --->   "%arr_3_I_3_addr = getelementptr i26 %arr_3_I_3, i64 0, i64 %zext_ln201" [receiver.cpp:203]   --->   Operation 20 'getelementptr' 'arr_3_I_3_addr' <Predicate = true> <Delay = 0.00>
ST_1 : Operation 21 [1/1] (0.00ns)   --->   "%arr_3_Q_2_addr = getelementptr i26 %arr_3_Q_2, i64 0, i64 %zext_ln201" [receiver.cpp:204]   --->   Operation 21 'getelementptr' 'arr_3_Q_2_addr' <Predicate = true> <Delay = 0.00>
ST_1 : Operation 22 [1/1] (0.00ns)   --->   "%arr_3_Q_3_addr = getelementptr i26 %arr_3_Q_3, i64 0, i64 %zext_ln201" [receiver.cpp:204]   --->   Operation 22 'getelementptr' 'arr_3_Q_3_addr' <Predicate = true> <Delay = 0.00>
ST_1 : Operation 23 [1/1] (0.00ns)   --->   "%arr_3_I_4_addr = getelementptr i26 %arr_3_I_4, i64 0, i64 %zext_ln201" [receiver.cpp:203]   --->   Operation 23 'getelementptr' 'arr_3_I_4_addr' <Predicate = true> <Delay = 0.00>
ST_1 : Operation 24 [1/1] (0.00ns)   --->   "%arr_3_I_5_addr = getelementptr i26 %arr_3_I_5, i64 0, i64 %zext_ln201" [receiver.cpp:203]   --->   Operation 24 'getelementptr' 'arr_3_I_5_addr' <Predicate = true> <Delay = 0.00>
ST_1 : Operation 25 [1/1] (0.00ns)   --->   "%arr_3_Q_4_addr = getelementptr i26 %arr_3_Q_4, i64 0, i64 %zext_ln201" [receiver.cpp:204]   --->   Operation 25 'getelementptr' 'arr_3_Q_4_addr' <Predicate = true> <Delay = 0.00>
ST_1 : Operation 26 [1/1] (0.00ns)   --->   "%arr_3_Q_5_addr = getelementptr i26 %arr_3_Q_5, i64 0, i64 %zext_ln201" [receiver.cpp:204]   --->   Operation 26 'getelementptr' 'arr_3_Q_5_addr' <Predicate = true> <Delay = 0.00>
ST_1 : Operation 27 [1/1] (0.00ns)   --->   "%arr_3_I_6_addr = getelementptr i26 %arr_3_I_6, i64 0, i64 %zext_ln201" [receiver.cpp:203]   --->   Operation 27 'getelementptr' 'arr_3_I_6_addr' <Predicate = true> <Delay = 0.00>
ST_1 : Operation 28 [1/1] (0.00ns)   --->   "%arr_3_I_7_addr = getelementptr i26 %arr_3_I_7, i64 0, i64 %zext_ln201" [receiver.cpp:203]   --->   Operation 28 'getelementptr' 'arr_3_I_7_addr' <Predicate = true> <Delay = 0.00>
ST_1 : Operation 29 [1/1] (0.00ns)   --->   "%arr_3_Q_6_addr = getelementptr i26 %arr_3_Q_6, i64 0, i64 %zext_ln201" [receiver.cpp:204]   --->   Operation 29 'getelementptr' 'arr_3_Q_6_addr' <Predicate = true> <Delay = 0.00>
ST_1 : Operation 30 [1/1] (0.00ns)   --->   "%arr_3_Q_7_addr = getelementptr i26 %arr_3_Q_7, i64 0, i64 %zext_ln201" [receiver.cpp:204]   --->   Operation 30 'getelementptr' 'arr_3_Q_7_addr' <Predicate = true> <Delay = 0.00>
ST_1 : Operation 31 [1/1] (0.00ns)   --->   "%or_ln203 = or i5 %lshr_ln, i5 1" [receiver.cpp:203]   --->   Operation 31 'or' 'or_ln203' <Predicate = true> <Delay = 0.00>
ST_1 : Operation 32 [1/1] (0.00ns)   --->   "%zext_ln203_1 = zext i5 %or_ln203" [receiver.cpp:203]   --->   Operation 32 'zext' 'zext_ln203_1' <Predicate = true> <Delay = 0.00>
ST_1 : Operation 33 [1/1] (0.00ns)   --->   "%arr_3_I_addr_1 = getelementptr i26 %arr_3_I, i64 0, i64 %zext_ln203_1" [receiver.cpp:203]   --->   Operation 33 'getelementptr' 'arr_3_I_addr_1' <Predicate = true> <Delay = 0.00>
ST_1 : Operation 34 [1/1] (0.00ns)   --->   "%arr_3_I_1_addr_1 = getelementptr i26 %arr_3_I_1, i64 0, i64 %zext_ln203_1" [receiver.cpp:203]   --->   Operation 34 'getelementptr' 'arr_3_I_1_addr_1' <Predicate = true> <Delay = 0.00>
ST_1 : Operation 35 [1/1] (0.00ns)   --->   "%arr_3_Q_addr_1 = getelementptr i26 %arr_3_Q, i64 0, i64 %zext_ln203_1" [receiver.cpp:204]   --->   Operation 35 'getelementptr' 'arr_3_Q_addr_1' <Predicate = true> <Delay = 0.00>
ST_1 : Operation 36 [1/1] (0.00ns)   --->   "%arr_3_Q_1_addr_1 = getelementptr i26 %arr_3_Q_1, i64 0, i64 %zext_ln203_1" [receiver.cpp:204]   --->   Operation 36 'getelementptr' 'arr_3_Q_1_addr_1' <Predicate = true> <Delay = 0.00>
ST_1 : Operation 37 [1/1] (0.00ns)   --->   "%arr_3_I_2_addr_1 = getelementptr i26 %arr_3_I_2, i64 0, i64 %zext_ln203_1" [receiver.cpp:203]   --->   Operation 37 'getelementptr' 'arr_3_I_2_addr_1' <Predicate = true> <Delay = 0.00>
ST_1 : Operation 38 [1/1] (0.00ns)   --->   "%arr_3_I_3_addr_1 = getelementptr i26 %arr_3_I_3, i64 0, i64 %zext_ln203_1" [receiver.cpp:203]   --->   Operation 38 'getelementptr' 'arr_3_I_3_addr_1' <Predicate = true> <Delay = 0.00>
ST_1 : Operation 39 [2/2] (2.32ns)   --->   "%arr_3_I_2_load = load i5 %arr_3_I_2_addr" [receiver.cpp:203]   --->   Operation 39 'load' 'arr_3_I_2_load' <Predicate = true> <Delay = 2.32> <CoreInst = "RAM">   --->   Core 82 'RAM' <Latency = 1> <II = 1> <Delay = 2.32> <Storage> <Opcode : 'load' 'store'> <Ports = 2> <Width = 26> <Depth = 18> <RAM>
ST_1 : Operation 40 [2/2] (2.32ns)   --->   "%arr_3_I_3_load = load i5 %arr_3_I_3_addr" [receiver.cpp:203]   --->   Operation 40 'load' 'arr_3_I_3_load' <Predicate = true> <Delay = 2.32> <CoreInst = "RAM">   --->   Core 82 'RAM' <Latency = 1> <II = 1> <Delay = 2.32> <Storage> <Opcode : 'load' 'store'> <Ports = 2> <Width = 26> <Depth = 18> <RAM>
ST_1 : Operation 41 [2/2] (2.32ns)   --->   "%arr_3_I_4_load = load i5 %arr_3_I_4_addr" [receiver.cpp:203]   --->   Operation 41 'load' 'arr_3_I_4_load' <Predicate = true> <Delay = 2.32> <CoreInst = "RAM">   --->   Core 82 'RAM' <Latency = 1> <II = 1> <Delay = 2.32> <Storage> <Opcode : 'load' 'store'> <Ports = 2> <Width = 26> <Depth = 18> <RAM>
ST_1 : Operation 42 [2/2] (2.32ns)   --->   "%arr_3_I_5_load = load i5 %arr_3_I_5_addr" [receiver.cpp:203]   --->   Operation 42 'load' 'arr_3_I_5_load' <Predicate = true> <Delay = 2.32> <CoreInst = "RAM">   --->   Core 82 'RAM' <Latency = 1> <II = 1> <Delay = 2.32> <Storage> <Opcode : 'load' 'store'> <Ports = 2> <Width = 26> <Depth = 18> <RAM>
ST_1 : Operation 43 [2/2] (2.32ns)   --->   "%arr_3_I_6_load = load i5 %arr_3_I_6_addr" [receiver.cpp:203]   --->   Operation 43 'load' 'arr_3_I_6_load' <Predicate = true> <Delay = 2.32> <CoreInst = "RAM">   --->   Core 82 'RAM' <Latency = 1> <II = 1> <Delay = 2.32> <Storage> <Opcode : 'load' 'store'> <Ports = 2> <Width = 26> <Depth = 18> <RAM>
ST_1 : Operation 44 [2/2] (2.32ns)   --->   "%arr_3_I_7_load = load i5 %arr_3_I_7_addr" [receiver.cpp:203]   --->   Operation 44 'load' 'arr_3_I_7_load' <Predicate = true> <Delay = 2.32> <CoreInst = "RAM">   --->   Core 82 'RAM' <Latency = 1> <II = 1> <Delay = 2.32> <Storage> <Opcode : 'load' 'store'> <Ports = 2> <Width = 26> <Depth = 18> <RAM>
ST_1 : Operation 45 [2/2] (2.32ns)   --->   "%arr_3_I_load_1 = load i5 %arr_3_I_addr_1" [receiver.cpp:203]   --->   Operation 45 'load' 'arr_3_I_load_1' <Predicate = true> <Delay = 2.32> <CoreInst = "RAM">   --->   Core 82 'RAM' <Latency = 1> <II = 1> <Delay = 2.32> <Storage> <Opcode : 'load' 'store'> <Ports = 2> <Width = 26> <Depth = 18> <RAM>
ST_1 : Operation 46 [2/2] (2.32ns)   --->   "%arr_3_I_1_load_1 = load i5 %arr_3_I_1_addr_1" [receiver.cpp:203]   --->   Operation 46 'load' 'arr_3_I_1_load_1' <Predicate = true> <Delay = 2.32> <CoreInst = "RAM">   --->   Core 82 'RAM' <Latency = 1> <II = 1> <Delay = 2.32> <Storage> <Opcode : 'load' 'store'> <Ports = 2> <Width = 26> <Depth = 18> <RAM>
ST_1 : Operation 47 [2/2] (2.32ns)   --->   "%arr_3_I_2_load_1 = load i5 %arr_3_I_2_addr_1" [receiver.cpp:203]   --->   Operation 47 'load' 'arr_3_I_2_load_1' <Predicate = true> <Delay = 2.32> <CoreInst = "RAM">   --->   Core 82 'RAM' <Latency = 1> <II = 1> <Delay = 2.32> <Storage> <Opcode : 'load' 'store'> <Ports = 2> <Width = 26> <Depth = 18> <RAM>
ST_1 : Operation 48 [2/2] (2.32ns)   --->   "%arr_3_I_3_load_1 = load i5 %arr_3_I_3_addr_1" [receiver.cpp:203]   --->   Operation 48 'load' 'arr_3_I_3_load_1' <Predicate = true> <Delay = 2.32> <CoreInst = "RAM">   --->   Core 82 'RAM' <Latency = 1> <II = 1> <Delay = 2.32> <Storage> <Opcode : 'load' 'store'> <Ports = 2> <Width = 26> <Depth = 18> <RAM>
ST_1 : Operation 49 [1/1] (0.00ns)   --->   "%arr_3_Q_2_addr_1 = getelementptr i26 %arr_3_Q_2, i64 0, i64 %zext_ln203_1" [receiver.cpp:204]   --->   Operation 49 'getelementptr' 'arr_3_Q_2_addr_1' <Predicate = true> <Delay = 0.00>
ST_1 : Operation 50 [1/1] (0.00ns)   --->   "%arr_3_Q_3_addr_1 = getelementptr i26 %arr_3_Q_3, i64 0, i64 %zext_ln203_1" [receiver.cpp:204]   --->   Operation 50 'getelementptr' 'arr_3_Q_3_addr_1' <Predicate = true> <Delay = 0.00>
ST_1 : Operation 51 [2/2] (2.32ns)   --->   "%arr_3_Q_load = load i5 %arr_3_Q_addr" [receiver.cpp:204]   --->   Operation 51 'load' 'arr_3_Q_load' <Predicate = true> <Delay = 2.32> <CoreInst = "RAM">   --->   Core 82 'RAM' <Latency = 1> <II = 1> <Delay = 2.32> <Storage> <Opcode : 'load' 'store'> <Ports = 2> <Width = 26> <Depth = 18> <RAM>
ST_1 : Operation 52 [2/2] (2.32ns)   --->   "%arr_3_Q_load_1 = load i5 %arr_3_Q_addr_1" [receiver.cpp:204]   --->   Operation 52 'load' 'arr_3_Q_load_1' <Predicate = true> <Delay = 2.32> <CoreInst = "RAM">   --->   Core 82 'RAM' <Latency = 1> <II = 1> <Delay = 2.32> <Storage> <Opcode : 'load' 'store'> <Ports = 2> <Width = 26> <Depth = 18> <RAM>
ST_1 : Operation 53 [2/2] (2.32ns)   --->   "%arr_3_Q_1_load = load i5 %arr_3_Q_1_addr" [receiver.cpp:204]   --->   Operation 53 'load' 'arr_3_Q_1_load' <Predicate = true> <Delay = 2.32> <CoreInst = "RAM">   --->   Core 82 'RAM' <Latency = 1> <II = 1> <Delay = 2.32> <Storage> <Opcode : 'load' 'store'> <Ports = 2> <Width = 26> <Depth = 18> <RAM>
ST_1 : Operation 54 [2/2] (2.32ns)   --->   "%arr_3_Q_1_load_1 = load i5 %arr_3_Q_1_addr_1" [receiver.cpp:204]   --->   Operation 54 'load' 'arr_3_Q_1_load_1' <Predicate = true> <Delay = 2.32> <CoreInst = "RAM">   --->   Core 82 'RAM' <Latency = 1> <II = 1> <Delay = 2.32> <Storage> <Opcode : 'load' 'store'> <Ports = 2> <Width = 26> <Depth = 18> <RAM>
ST_1 : Operation 55 [2/2] (2.32ns)   --->   "%arr_3_Q_2_load = load i5 %arr_3_Q_2_addr" [receiver.cpp:204]   --->   Operation 55 'load' 'arr_3_Q_2_load' <Predicate = true> <Delay = 2.32> <CoreInst = "RAM">   --->   Core 82 'RAM' <Latency = 1> <II = 1> <Delay = 2.32> <Storage> <Opcode : 'load' 'store'> <Ports = 2> <Width = 26> <Depth = 18> <RAM>
ST_1 : Operation 56 [2/2] (2.32ns)   --->   "%arr_3_Q_2_load_1 = load i5 %arr_3_Q_2_addr_1" [receiver.cpp:204]   --->   Operation 56 'load' 'arr_3_Q_2_load_1' <Predicate = true> <Delay = 2.32> <CoreInst = "RAM">   --->   Core 82 'RAM' <Latency = 1> <II = 1> <Delay = 2.32> <Storage> <Opcode : 'load' 'store'> <Ports = 2> <Width = 26> <Depth = 18> <RAM>
ST_1 : Operation 57 [2/2] (2.32ns)   --->   "%arr_3_Q_3_load = load i5 %arr_3_Q_3_addr" [receiver.cpp:204]   --->   Operation 57 'load' 'arr_3_Q_3_load' <Predicate = true> <Delay = 2.32> <CoreInst = "RAM">   --->   Core 82 'RAM' <Latency = 1> <II = 1> <Delay = 2.32> <Storage> <Opcode : 'load' 'store'> <Ports = 2> <Width = 26> <Depth = 18> <RAM>
ST_1 : Operation 58 [2/2] (2.32ns)   --->   "%arr_3_Q_3_load_1 = load i5 %arr_3_Q_3_addr_1" [receiver.cpp:204]   --->   Operation 58 'load' 'arr_3_Q_3_load_1' <Predicate = true> <Delay = 2.32> <CoreInst = "RAM">   --->   Core 82 'RAM' <Latency = 1> <II = 1> <Delay = 2.32> <Storage> <Opcode : 'load' 'store'> <Ports = 2> <Width = 26> <Depth = 18> <RAM>
ST_1 : Operation 59 [2/2] (2.32ns)   --->   "%arr_3_Q_4_load = load i5 %arr_3_Q_4_addr" [receiver.cpp:204]   --->   Operation 59 'load' 'arr_3_Q_4_load' <Predicate = true> <Delay = 2.32> <CoreInst = "RAM">   --->   Core 82 'RAM' <Latency = 1> <II = 1> <Delay = 2.32> <Storage> <Opcode : 'load' 'store'> <Ports = 2> <Width = 26> <Depth = 18> <RAM>
ST_1 : Operation 60 [2/2] (2.32ns)   --->   "%arr_3_Q_5_load = load i5 %arr_3_Q_5_addr" [receiver.cpp:204]   --->   Operation 60 'load' 'arr_3_Q_5_load' <Predicate = true> <Delay = 2.32> <CoreInst = "RAM">   --->   Core 82 'RAM' <Latency = 1> <II = 1> <Delay = 2.32> <Storage> <Opcode : 'load' 'store'> <Ports = 2> <Width = 26> <Depth = 18> <RAM>
ST_1 : Operation 61 [2/2] (2.32ns)   --->   "%arr_3_Q_6_load = load i5 %arr_3_Q_6_addr" [receiver.cpp:204]   --->   Operation 61 'load' 'arr_3_Q_6_load' <Predicate = true> <Delay = 2.32> <CoreInst = "RAM">   --->   Core 82 'RAM' <Latency = 1> <II = 1> <Delay = 2.32> <Storage> <Opcode : 'load' 'store'> <Ports = 2> <Width = 26> <Depth = 18> <RAM>
ST_1 : Operation 62 [2/2] (2.32ns)   --->   "%arr_3_Q_7_load = load i5 %arr_3_Q_7_addr" [receiver.cpp:204]   --->   Operation 62 'load' 'arr_3_Q_7_load' <Predicate = true> <Delay = 2.32> <CoreInst = "RAM">   --->   Core 82 'RAM' <Latency = 1> <II = 1> <Delay = 2.32> <Storage> <Opcode : 'load' 'store'> <Ports = 2> <Width = 26> <Depth = 18> <RAM>
ST_1 : Operation 63 [1/1] (0.00ns) (grouped into LUT with out node icmp_ln201)   --->   "%or_ln201 = or i8 %i_10, i8 12" [receiver.cpp:201]   --->   Operation 63 'or' 'or_ln201' <Predicate = true> <Delay = 0.00>
ST_1 : Operation 64 [1/1] (1.91ns) (out node of the LUT)   --->   "%icmp_ln201 = icmp_ult  i8 %or_ln201, i8 140" [receiver.cpp:201]   --->   Operation 64 'icmp' 'icmp_ln201' <Predicate = true> <Delay = 1.91> <CoreInst = "Cmp">   --->   Core 9 'Cmp' <Latency = 0> <II = 1> <Delay = 1.91> <FuncUnit> <Opcode : 'icmp'> <InPorts = 2> <OutPorts = 1>
ST_1 : Operation 65 [1/1] (0.00ns)   --->   "%br_ln201 = br i1 %icmp_ln201, void %for.end529.exitStub, void %for.body508.6" [receiver.cpp:201]   --->   Operation 65 'br' 'br_ln201' <Predicate = true> <Delay = 0.00>
ST_1 : Operation 66 [1/1] (0.00ns)   --->   "%arr_3_I_4_addr_1 = getelementptr i26 %arr_3_I_4, i64 0, i64 %zext_ln203_1" [receiver.cpp:203]   --->   Operation 66 'getelementptr' 'arr_3_I_4_addr_1' <Predicate = (icmp_ln201)> <Delay = 0.00>
ST_1 : Operation 67 [2/2] (2.32ns)   --->   "%arr_3_I_4_load_1 = load i5 %arr_3_I_4_addr_1" [receiver.cpp:203]   --->   Operation 67 'load' 'arr_3_I_4_load_1' <Predicate = (icmp_ln201)> <Delay = 2.32> <CoreInst = "RAM">   --->   Core 82 'RAM' <Latency = 1> <II = 1> <Delay = 2.32> <Storage> <Opcode : 'load' 'store'> <Ports = 2> <Width = 26> <Depth = 18> <RAM>
ST_1 : Operation 68 [1/1] (0.00ns)   --->   "%arr_3_I_5_addr_1 = getelementptr i26 %arr_3_I_5, i64 0, i64 %zext_ln203_1" [receiver.cpp:203]   --->   Operation 68 'getelementptr' 'arr_3_I_5_addr_1' <Predicate = (icmp_ln201)> <Delay = 0.00>
ST_1 : Operation 69 [2/2] (2.32ns)   --->   "%arr_3_I_5_load_1 = load i5 %arr_3_I_5_addr_1" [receiver.cpp:203]   --->   Operation 69 'load' 'arr_3_I_5_load_1' <Predicate = (icmp_ln201)> <Delay = 2.32> <CoreInst = "RAM">   --->   Core 82 'RAM' <Latency = 1> <II = 1> <Delay = 2.32> <Storage> <Opcode : 'load' 'store'> <Ports = 2> <Width = 26> <Depth = 18> <RAM>
ST_1 : Operation 70 [1/1] (0.00ns)   --->   "%arr_3_Q_4_addr_1 = getelementptr i26 %arr_3_Q_4, i64 0, i64 %zext_ln203_1" [receiver.cpp:204]   --->   Operation 70 'getelementptr' 'arr_3_Q_4_addr_1' <Predicate = (icmp_ln201)> <Delay = 0.00>
ST_1 : Operation 71 [1/1] (0.00ns)   --->   "%arr_3_Q_5_addr_1 = getelementptr i26 %arr_3_Q_5, i64 0, i64 %zext_ln203_1" [receiver.cpp:204]   --->   Operation 71 'getelementptr' 'arr_3_Q_5_addr_1' <Predicate = (icmp_ln201)> <Delay = 0.00>
ST_1 : Operation 72 [1/1] (0.00ns)   --->   "%arr_3_I_6_addr_1 = getelementptr i26 %arr_3_I_6, i64 0, i64 %zext_ln203_1" [receiver.cpp:203]   --->   Operation 72 'getelementptr' 'arr_3_I_6_addr_1' <Predicate = (icmp_ln201)> <Delay = 0.00>
ST_1 : Operation 73 [1/1] (0.00ns)   --->   "%arr_3_I_7_addr_1 = getelementptr i26 %arr_3_I_7, i64 0, i64 %zext_ln203_1" [receiver.cpp:203]   --->   Operation 73 'getelementptr' 'arr_3_I_7_addr_1' <Predicate = (icmp_ln201)> <Delay = 0.00>
ST_1 : Operation 74 [2/2] (2.32ns)   --->   "%arr_3_I_6_load_1 = load i5 %arr_3_I_6_addr_1" [receiver.cpp:203]   --->   Operation 74 'load' 'arr_3_I_6_load_1' <Predicate = (icmp_ln201)> <Delay = 2.32> <CoreInst = "RAM">   --->   Core 82 'RAM' <Latency = 1> <II = 1> <Delay = 2.32> <Storage> <Opcode : 'load' 'store'> <Ports = 2> <Width = 26> <Depth = 18> <RAM>
ST_1 : Operation 75 [2/2] (2.32ns)   --->   "%arr_3_I_7_load_1 = load i5 %arr_3_I_7_addr_1" [receiver.cpp:203]   --->   Operation 75 'load' 'arr_3_I_7_load_1' <Predicate = (icmp_ln201)> <Delay = 2.32> <CoreInst = "RAM">   --->   Core 82 'RAM' <Latency = 1> <II = 1> <Delay = 2.32> <Storage> <Opcode : 'load' 'store'> <Ports = 2> <Width = 26> <Depth = 18> <RAM>
ST_1 : Operation 76 [1/1] (0.00ns)   --->   "%arr_3_Q_6_addr_1 = getelementptr i26 %arr_3_Q_6, i64 0, i64 %zext_ln203_1" [receiver.cpp:204]   --->   Operation 76 'getelementptr' 'arr_3_Q_6_addr_1' <Predicate = (icmp_ln201)> <Delay = 0.00>
ST_1 : Operation 77 [1/1] (0.00ns)   --->   "%arr_3_Q_7_addr_1 = getelementptr i26 %arr_3_Q_7, i64 0, i64 %zext_ln203_1" [receiver.cpp:204]   --->   Operation 77 'getelementptr' 'arr_3_Q_7_addr_1' <Predicate = (icmp_ln201)> <Delay = 0.00>
ST_1 : Operation 78 [2/2] (2.32ns)   --->   "%arr_3_Q_4_load_1 = load i5 %arr_3_Q_4_addr_1" [receiver.cpp:204]   --->   Operation 78 'load' 'arr_3_Q_4_load_1' <Predicate = (icmp_ln201)> <Delay = 2.32> <CoreInst = "RAM">   --->   Core 82 'RAM' <Latency = 1> <II = 1> <Delay = 2.32> <Storage> <Opcode : 'load' 'store'> <Ports = 2> <Width = 26> <Depth = 18> <RAM>
ST_1 : Operation 79 [2/2] (2.32ns)   --->   "%arr_3_Q_5_load_1 = load i5 %arr_3_Q_5_addr_1" [receiver.cpp:204]   --->   Operation 79 'load' 'arr_3_Q_5_load_1' <Predicate = (icmp_ln201)> <Delay = 2.32> <CoreInst = "RAM">   --->   Core 82 'RAM' <Latency = 1> <II = 1> <Delay = 2.32> <Storage> <Opcode : 'load' 'store'> <Ports = 2> <Width = 26> <Depth = 18> <RAM>
ST_1 : Operation 80 [2/2] (2.32ns)   --->   "%arr_3_Q_6_load_1 = load i5 %arr_3_Q_6_addr_1" [receiver.cpp:204]   --->   Operation 80 'load' 'arr_3_Q_6_load_1' <Predicate = (icmp_ln201)> <Delay = 2.32> <CoreInst = "RAM">   --->   Core 82 'RAM' <Latency = 1> <II = 1> <Delay = 2.32> <Storage> <Opcode : 'load' 'store'> <Ports = 2> <Width = 26> <Depth = 18> <RAM>
ST_1 : Operation 81 [2/2] (2.32ns)   --->   "%arr_3_Q_7_load_1 = load i5 %arr_3_Q_7_addr_1" [receiver.cpp:204]   --->   Operation 81 'load' 'arr_3_Q_7_load_1' <Predicate = (icmp_ln201)> <Delay = 2.32> <CoreInst = "RAM">   --->   Core 82 'RAM' <Latency = 1> <II = 1> <Delay = 2.32> <Storage> <Opcode : 'load' 'store'> <Ports = 2> <Width = 26> <Depth = 18> <RAM>
ST_1 : Operation 82 [1/1] (1.91ns)   --->   "%add_ln201 = add i8 %i_10, i8 16" [receiver.cpp:201]   --->   Operation 82 'add' 'add_ln201' <Predicate = (icmp_ln201)> <Delay = 1.91> <CoreInst = "Adder">   --->   Core 1 'Adder' <Latency = 0> <II = 1> <Delay = 1.91> <FuncUnit> <Opcode : 'add' 'sub'> <InPorts = 2> <OutPorts = 1>
ST_1 : Operation 83 [1/1] (1.58ns)   --->   "%store_ln201 = store i8 %add_ln201, i8 %i" [receiver.cpp:201]   --->   Operation 83 'store' 'store_ln201' <Predicate = (icmp_ln201)> <Delay = 1.58>

State 2 <SV = 1> <Delay = 4.69>
ST_2 : Operation 84 [1/2] (2.32ns)   --->   "%arr_3_I_load = load i5 %arr_3_I_addr" [receiver.cpp:203]   --->   Operation 84 'load' 'arr_3_I_load' <Predicate = true> <Delay = 2.32> <CoreInst = "RAM">   --->   Core 82 'RAM' <Latency = 1> <II = 1> <Delay = 2.32> <Storage> <Opcode : 'load' 'store'> <Ports = 2> <Width = 26> <Depth = 18> <RAM>
ST_2 : Operation 85 [1/1] (0.00ns)   --->   "%sext_ln203 = sext i26 %arr_3_I_load" [receiver.cpp:203]   --->   Operation 85 'sext' 'sext_ln203' <Predicate = true> <Delay = 0.00>
ST_2 : Operation 86 [1/2] (2.32ns)   --->   "%arr_3_I_1_load = load i5 %arr_3_I_1_addr" [receiver.cpp:203]   --->   Operation 86 'load' 'arr_3_I_1_load' <Predicate = true> <Delay = 2.32> <CoreInst = "RAM">   --->   Core 82 'RAM' <Latency = 1> <II = 1> <Delay = 2.32> <Storage> <Opcode : 'load' 'store'> <Ports = 2> <Width = 26> <Depth = 18> <RAM>
ST_2 : Operation 87 [1/1] (0.00ns)   --->   "%sext_ln203_1 = sext i26 %arr_3_I_1_load" [receiver.cpp:203]   --->   Operation 87 'sext' 'sext_ln203_1' <Predicate = true> <Delay = 0.00>
ST_2 : Operation 88 [1/1] (2.37ns)   --->   "%add_ln203 = add i27 %sext_ln203_1, i27 %sext_ln203" [receiver.cpp:203]   --->   Operation 88 'add' 'add_ln203' <Predicate = true> <Delay = 2.37> <CoreInst = "Adder">   --->   Core 1 'Adder' <Latency = 0> <II = 1> <Delay = 2.37> <FuncUnit> <Opcode : 'add' 'sub'> <InPorts = 2> <OutPorts = 1>
ST_2 : Operation 89 [1/2] (2.32ns)   --->   "%arr_3_I_2_load = load i5 %arr_3_I_2_addr" [receiver.cpp:203]   --->   Operation 89 'load' 'arr_3_I_2_load' <Predicate = true> <Delay = 2.32> <CoreInst = "RAM">   --->   Core 82 'RAM' <Latency = 1> <II = 1> <Delay = 2.32> <Storage> <Opcode : 'load' 'store'> <Ports = 2> <Width = 26> <Depth = 18> <RAM>
ST_2 : Operation 90 [1/1] (0.00ns)   --->   "%sext_ln203_2 = sext i26 %arr_3_I_2_load" [receiver.cpp:203]   --->   Operation 90 'sext' 'sext_ln203_2' <Predicate = true> <Delay = 0.00>
ST_2 : Operation 91 [1/2] (2.32ns)   --->   "%arr_3_I_3_load = load i5 %arr_3_I_3_addr" [receiver.cpp:203]   --->   Operation 91 'load' 'arr_3_I_3_load' <Predicate = true> <Delay = 2.32> <CoreInst = "RAM">   --->   Core 82 'RAM' <Latency = 1> <II = 1> <Delay = 2.32> <Storage> <Opcode : 'load' 'store'> <Ports = 2> <Width = 26> <Depth = 18> <RAM>
ST_2 : Operation 92 [1/1] (0.00ns)   --->   "%sext_ln203_3 = sext i26 %arr_3_I_3_load" [receiver.cpp:203]   --->   Operation 92 'sext' 'sext_ln203_3' <Predicate = true> <Delay = 0.00>
ST_2 : Operation 93 [1/1] (2.37ns)   --->   "%add_ln203_1 = add i27 %sext_ln203_3, i27 %sext_ln203_2" [receiver.cpp:203]   --->   Operation 93 'add' 'add_ln203_1' <Predicate = true> <Delay = 2.37> <CoreInst = "Adder">   --->   Core 1 'Adder' <Latency = 0> <II = 1> <Delay = 2.37> <FuncUnit> <Opcode : 'add' 'sub'> <InPorts = 2> <OutPorts = 1>
ST_2 : Operation 94 [1/2] (2.32ns)   --->   "%arr_3_I_4_load = load i5 %arr_3_I_4_addr" [receiver.cpp:203]   --->   Operation 94 'load' 'arr_3_I_4_load' <Predicate = true> <Delay = 2.32> <CoreInst = "RAM">   --->   Core 82 'RAM' <Latency = 1> <II = 1> <Delay = 2.32> <Storage> <Opcode : 'load' 'store'> <Ports = 2> <Width = 26> <Depth = 18> <RAM>
ST_2 : Operation 95 [1/1] (0.00ns)   --->   "%sext_ln203_4 = sext i26 %arr_3_I_4_load" [receiver.cpp:203]   --->   Operation 95 'sext' 'sext_ln203_4' <Predicate = true> <Delay = 0.00>
ST_2 : Operation 96 [1/2] (2.32ns)   --->   "%arr_3_I_5_load = load i5 %arr_3_I_5_addr" [receiver.cpp:203]   --->   Operation 96 'load' 'arr_3_I_5_load' <Predicate = true> <Delay = 2.32> <CoreInst = "RAM">   --->   Core 82 'RAM' <Latency = 1> <II = 1> <Delay = 2.32> <Storage> <Opcode : 'load' 'store'> <Ports = 2> <Width = 26> <Depth = 18> <RAM>
ST_2 : Operation 97 [1/1] (0.00ns)   --->   "%sext_ln203_5 = sext i26 %arr_3_I_5_load" [receiver.cpp:203]   --->   Operation 97 'sext' 'sext_ln203_5' <Predicate = true> <Delay = 0.00>
ST_2 : Operation 98 [1/1] (2.37ns)   --->   "%add_ln203_2 = add i27 %sext_ln203_5, i27 %sext_ln203_4" [receiver.cpp:203]   --->   Operation 98 'add' 'add_ln203_2' <Predicate = true> <Delay = 2.37> <CoreInst = "Adder">   --->   Core 1 'Adder' <Latency = 0> <II = 1> <Delay = 2.37> <FuncUnit> <Opcode : 'add' 'sub'> <InPorts = 2> <OutPorts = 1>
ST_2 : Operation 99 [1/2] (2.32ns)   --->   "%arr_3_I_6_load = load i5 %arr_3_I_6_addr" [receiver.cpp:203]   --->   Operation 99 'load' 'arr_3_I_6_load' <Predicate = true> <Delay = 2.32> <CoreInst = "RAM">   --->   Core 82 'RAM' <Latency = 1> <II = 1> <Delay = 2.32> <Storage> <Opcode : 'load' 'store'> <Ports = 2> <Width = 26> <Depth = 18> <RAM>
ST_2 : Operation 100 [1/1] (0.00ns)   --->   "%sext_ln203_6 = sext i26 %arr_3_I_6_load" [receiver.cpp:203]   --->   Operation 100 'sext' 'sext_ln203_6' <Predicate = true> <Delay = 0.00>
ST_2 : Operation 101 [1/2] (2.32ns)   --->   "%arr_3_I_7_load = load i5 %arr_3_I_7_addr" [receiver.cpp:203]   --->   Operation 101 'load' 'arr_3_I_7_load' <Predicate = true> <Delay = 2.32> <CoreInst = "RAM">   --->   Core 82 'RAM' <Latency = 1> <II = 1> <Delay = 2.32> <Storage> <Opcode : 'load' 'store'> <Ports = 2> <Width = 26> <Depth = 18> <RAM>
ST_2 : Operation 102 [1/1] (0.00ns)   --->   "%sext_ln203_7 = sext i26 %arr_3_I_7_load" [receiver.cpp:203]   --->   Operation 102 'sext' 'sext_ln203_7' <Predicate = true> <Delay = 0.00>
ST_2 : Operation 103 [1/1] (2.37ns)   --->   "%add_ln203_3 = add i27 %sext_ln203_7, i27 %sext_ln203_6" [receiver.cpp:203]   --->   Operation 103 'add' 'add_ln203_3' <Predicate = true> <Delay = 2.37> <CoreInst = "Adder">   --->   Core 1 'Adder' <Latency = 0> <II = 1> <Delay = 2.37> <FuncUnit> <Opcode : 'add' 'sub'> <InPorts = 2> <OutPorts = 1>
ST_2 : Operation 104 [1/2] (2.32ns)   --->   "%arr_3_I_load_1 = load i5 %arr_3_I_addr_1" [receiver.cpp:203]   --->   Operation 104 'load' 'arr_3_I_load_1' <Predicate = true> <Delay = 2.32> <CoreInst = "RAM">   --->   Core 82 'RAM' <Latency = 1> <II = 1> <Delay = 2.32> <Storage> <Opcode : 'load' 'store'> <Ports = 2> <Width = 26> <Depth = 18> <RAM>
ST_2 : Operation 105 [1/1] (0.00ns)   --->   "%sext_ln203_8 = sext i26 %arr_3_I_load_1" [receiver.cpp:203]   --->   Operation 105 'sext' 'sext_ln203_8' <Predicate = true> <Delay = 0.00>
ST_2 : Operation 106 [1/2] (2.32ns)   --->   "%arr_3_I_1_load_1 = load i5 %arr_3_I_1_addr_1" [receiver.cpp:203]   --->   Operation 106 'load' 'arr_3_I_1_load_1' <Predicate = true> <Delay = 2.32> <CoreInst = "RAM">   --->   Core 82 'RAM' <Latency = 1> <II = 1> <Delay = 2.32> <Storage> <Opcode : 'load' 'store'> <Ports = 2> <Width = 26> <Depth = 18> <RAM>
ST_2 : Operation 107 [1/1] (0.00ns)   --->   "%sext_ln203_9 = sext i26 %arr_3_I_1_load_1" [receiver.cpp:203]   --->   Operation 107 'sext' 'sext_ln203_9' <Predicate = true> <Delay = 0.00>
ST_2 : Operation 108 [1/1] (2.37ns)   --->   "%add_ln203_4 = add i27 %sext_ln203_9, i27 %sext_ln203_8" [receiver.cpp:203]   --->   Operation 108 'add' 'add_ln203_4' <Predicate = true> <Delay = 2.37> <CoreInst = "Adder">   --->   Core 1 'Adder' <Latency = 0> <II = 1> <Delay = 2.37> <FuncUnit> <Opcode : 'add' 'sub'> <InPorts = 2> <OutPorts = 1>
ST_2 : Operation 109 [1/2] (2.32ns)   --->   "%arr_3_I_2_load_1 = load i5 %arr_3_I_2_addr_1" [receiver.cpp:203]   --->   Operation 109 'load' 'arr_3_I_2_load_1' <Predicate = true> <Delay = 2.32> <CoreInst = "RAM">   --->   Core 82 'RAM' <Latency = 1> <II = 1> <Delay = 2.32> <Storage> <Opcode : 'load' 'store'> <Ports = 2> <Width = 26> <Depth = 18> <RAM>
ST_2 : Operation 110 [1/1] (0.00ns)   --->   "%sext_ln203_10 = sext i26 %arr_3_I_2_load_1" [receiver.cpp:203]   --->   Operation 110 'sext' 'sext_ln203_10' <Predicate = true> <Delay = 0.00>
ST_2 : Operation 111 [1/2] (2.32ns)   --->   "%arr_3_I_3_load_1 = load i5 %arr_3_I_3_addr_1" [receiver.cpp:203]   --->   Operation 111 'load' 'arr_3_I_3_load_1' <Predicate = true> <Delay = 2.32> <CoreInst = "RAM">   --->   Core 82 'RAM' <Latency = 1> <II = 1> <Delay = 2.32> <Storage> <Opcode : 'load' 'store'> <Ports = 2> <Width = 26> <Depth = 18> <RAM>
ST_2 : Operation 112 [1/1] (0.00ns)   --->   "%sext_ln203_11 = sext i26 %arr_3_I_3_load_1" [receiver.cpp:203]   --->   Operation 112 'sext' 'sext_ln203_11' <Predicate = true> <Delay = 0.00>
ST_2 : Operation 113 [1/1] (2.37ns)   --->   "%add_ln203_5 = add i27 %sext_ln203_11, i27 %sext_ln203_10" [receiver.cpp:203]   --->   Operation 113 'add' 'add_ln203_5' <Predicate = true> <Delay = 2.37> <CoreInst = "Adder">   --->   Core 1 'Adder' <Latency = 0> <II = 1> <Delay = 2.37> <FuncUnit> <Opcode : 'add' 'sub'> <InPorts = 2> <OutPorts = 1>
ST_2 : Operation 114 [1/2] (2.32ns)   --->   "%arr_3_Q_load = load i5 %arr_3_Q_addr" [receiver.cpp:204]   --->   Operation 114 'load' 'arr_3_Q_load' <Predicate = true> <Delay = 2.32> <CoreInst = "RAM">   --->   Core 82 'RAM' <Latency = 1> <II = 1> <Delay = 2.32> <Storage> <Opcode : 'load' 'store'> <Ports = 2> <Width = 26> <Depth = 18> <RAM>
ST_2 : Operation 115 [1/1] (0.00ns)   --->   "%sext_ln204 = sext i26 %arr_3_Q_load" [receiver.cpp:204]   --->   Operation 115 'sext' 'sext_ln204' <Predicate = true> <Delay = 0.00>
ST_2 : Operation 116 [1/2] (2.32ns)   --->   "%arr_3_Q_load_1 = load i5 %arr_3_Q_addr_1" [receiver.cpp:204]   --->   Operation 116 'load' 'arr_3_Q_load_1' <Predicate = true> <Delay = 2.32> <CoreInst = "RAM">   --->   Core 82 'RAM' <Latency = 1> <II = 1> <Delay = 2.32> <Storage> <Opcode : 'load' 'store'> <Ports = 2> <Width = 26> <Depth = 18> <RAM>
ST_2 : Operation 117 [1/1] (0.00ns)   --->   "%sext_ln204_1 = sext i26 %arr_3_Q_load_1" [receiver.cpp:204]   --->   Operation 117 'sext' 'sext_ln204_1' <Predicate = true> <Delay = 0.00>
ST_2 : Operation 118 [1/2] (2.32ns)   --->   "%arr_3_Q_1_load = load i5 %arr_3_Q_1_addr" [receiver.cpp:204]   --->   Operation 118 'load' 'arr_3_Q_1_load' <Predicate = true> <Delay = 2.32> <CoreInst = "RAM">   --->   Core 82 'RAM' <Latency = 1> <II = 1> <Delay = 2.32> <Storage> <Opcode : 'load' 'store'> <Ports = 2> <Width = 26> <Depth = 18> <RAM>
ST_2 : Operation 119 [1/1] (0.00ns)   --->   "%sext_ln204_2 = sext i26 %arr_3_Q_1_load" [receiver.cpp:204]   --->   Operation 119 'sext' 'sext_ln204_2' <Predicate = true> <Delay = 0.00>
ST_2 : Operation 120 [1/1] (2.37ns)   --->   "%add_ln204 = add i27 %sext_ln204_2, i27 %sext_ln204" [receiver.cpp:204]   --->   Operation 120 'add' 'add_ln204' <Predicate = true> <Delay = 2.37> <CoreInst = "Adder">   --->   Core 1 'Adder' <Latency = 0> <II = 1> <Delay = 2.37> <FuncUnit> <Opcode : 'add' 'sub'> <InPorts = 2> <OutPorts = 1>
ST_2 : Operation 121 [1/2] (2.32ns)   --->   "%arr_3_Q_1_load_1 = load i5 %arr_3_Q_1_addr_1" [receiver.cpp:204]   --->   Operation 121 'load' 'arr_3_Q_1_load_1' <Predicate = true> <Delay = 2.32> <CoreInst = "RAM">   --->   Core 82 'RAM' <Latency = 1> <II = 1> <Delay = 2.32> <Storage> <Opcode : 'load' 'store'> <Ports = 2> <Width = 26> <Depth = 18> <RAM>
ST_2 : Operation 122 [1/2] (2.32ns)   --->   "%arr_3_Q_2_load = load i5 %arr_3_Q_2_addr" [receiver.cpp:204]   --->   Operation 122 'load' 'arr_3_Q_2_load' <Predicate = true> <Delay = 2.32> <CoreInst = "RAM">   --->   Core 82 'RAM' <Latency = 1> <II = 1> <Delay = 2.32> <Storage> <Opcode : 'load' 'store'> <Ports = 2> <Width = 26> <Depth = 18> <RAM>
ST_2 : Operation 123 [1/1] (0.00ns)   --->   "%sext_ln204_3 = sext i26 %arr_3_Q_2_load" [receiver.cpp:204]   --->   Operation 123 'sext' 'sext_ln204_3' <Predicate = true> <Delay = 0.00>
ST_2 : Operation 124 [1/1] (0.00ns)   --->   "%sext_ln204_4 = sext i26 %arr_3_Q_1_load_1" [receiver.cpp:204]   --->   Operation 124 'sext' 'sext_ln204_4' <Predicate = true> <Delay = 0.00>
ST_2 : Operation 125 [1/2] (2.32ns)   --->   "%arr_3_Q_2_load_1 = load i5 %arr_3_Q_2_addr_1" [receiver.cpp:204]   --->   Operation 125 'load' 'arr_3_Q_2_load_1' <Predicate = true> <Delay = 2.32> <CoreInst = "RAM">   --->   Core 82 'RAM' <Latency = 1> <II = 1> <Delay = 2.32> <Storage> <Opcode : 'load' 'store'> <Ports = 2> <Width = 26> <Depth = 18> <RAM>
ST_2 : Operation 126 [1/1] (0.00ns)   --->   "%sext_ln204_5 = sext i26 %arr_3_Q_2_load_1" [receiver.cpp:204]   --->   Operation 126 'sext' 'sext_ln204_5' <Predicate = true> <Delay = 0.00>
ST_2 : Operation 127 [1/1] (2.37ns)   --->   "%add_ln204_1 = add i27 %sext_ln204_4, i27 %sext_ln204_1" [receiver.cpp:204]   --->   Operation 127 'add' 'add_ln204_1' <Predicate = true> <Delay = 2.37> <CoreInst = "Adder">   --->   Core 1 'Adder' <Latency = 0> <II = 1> <Delay = 2.37> <FuncUnit> <Opcode : 'add' 'sub'> <InPorts = 2> <OutPorts = 1>
ST_2 : Operation 128 [1/2] (2.32ns)   --->   "%arr_3_Q_3_load = load i5 %arr_3_Q_3_addr" [receiver.cpp:204]   --->   Operation 128 'load' 'arr_3_Q_3_load' <Predicate = true> <Delay = 2.32> <CoreInst = "RAM">   --->   Core 82 'RAM' <Latency = 1> <II = 1> <Delay = 2.32> <Storage> <Opcode : 'load' 'store'> <Ports = 2> <Width = 26> <Depth = 18> <RAM>
ST_2 : Operation 129 [1/1] (0.00ns)   --->   "%sext_ln204_6 = sext i26 %arr_3_Q_3_load" [receiver.cpp:204]   --->   Operation 129 'sext' 'sext_ln204_6' <Predicate = true> <Delay = 0.00>
ST_2 : Operation 130 [1/1] (2.37ns)   --->   "%add_ln204_2 = add i27 %sext_ln204_6, i27 %sext_ln204_3" [receiver.cpp:204]   --->   Operation 130 'add' 'add_ln204_2' <Predicate = true> <Delay = 2.37> <CoreInst = "Adder">   --->   Core 1 'Adder' <Latency = 0> <II = 1> <Delay = 2.37> <FuncUnit> <Opcode : 'add' 'sub'> <InPorts = 2> <OutPorts = 1>
ST_2 : Operation 131 [1/2] (2.32ns)   --->   "%arr_3_Q_3_load_1 = load i5 %arr_3_Q_3_addr_1" [receiver.cpp:204]   --->   Operation 131 'load' 'arr_3_Q_3_load_1' <Predicate = true> <Delay = 2.32> <CoreInst = "RAM">   --->   Core 82 'RAM' <Latency = 1> <II = 1> <Delay = 2.32> <Storage> <Opcode : 'load' 'store'> <Ports = 2> <Width = 26> <Depth = 18> <RAM>
ST_2 : Operation 132 [1/2] (2.32ns)   --->   "%arr_3_Q_4_load = load i5 %arr_3_Q_4_addr" [receiver.cpp:204]   --->   Operation 132 'load' 'arr_3_Q_4_load' <Predicate = true> <Delay = 2.32> <CoreInst = "RAM">   --->   Core 82 'RAM' <Latency = 1> <II = 1> <Delay = 2.32> <Storage> <Opcode : 'load' 'store'> <Ports = 2> <Width = 26> <Depth = 18> <RAM>
ST_2 : Operation 133 [1/1] (0.00ns)   --->   "%sext_ln204_7 = sext i26 %arr_3_Q_4_load" [receiver.cpp:204]   --->   Operation 133 'sext' 'sext_ln204_7' <Predicate = true> <Delay = 0.00>
ST_2 : Operation 134 [1/2] (2.32ns)   --->   "%arr_3_Q_5_load = load i5 %arr_3_Q_5_addr" [receiver.cpp:204]   --->   Operation 134 'load' 'arr_3_Q_5_load' <Predicate = true> <Delay = 2.32> <CoreInst = "RAM">   --->   Core 82 'RAM' <Latency = 1> <II = 1> <Delay = 2.32> <Storage> <Opcode : 'load' 'store'> <Ports = 2> <Width = 26> <Depth = 18> <RAM>
ST_2 : Operation 135 [1/1] (0.00ns)   --->   "%sext_ln204_8 = sext i26 %arr_3_Q_5_load" [receiver.cpp:204]   --->   Operation 135 'sext' 'sext_ln204_8' <Predicate = true> <Delay = 0.00>
ST_2 : Operation 136 [1/1] (2.37ns)   --->   "%add_ln204_3 = add i27 %sext_ln204_8, i27 %sext_ln204_7" [receiver.cpp:204]   --->   Operation 136 'add' 'add_ln204_3' <Predicate = true> <Delay = 2.37> <CoreInst = "Adder">   --->   Core 1 'Adder' <Latency = 0> <II = 1> <Delay = 2.37> <FuncUnit> <Opcode : 'add' 'sub'> <InPorts = 2> <OutPorts = 1>
ST_2 : Operation 137 [1/2] (2.32ns)   --->   "%arr_3_Q_6_load = load i5 %arr_3_Q_6_addr" [receiver.cpp:204]   --->   Operation 137 'load' 'arr_3_Q_6_load' <Predicate = true> <Delay = 2.32> <CoreInst = "RAM">   --->   Core 82 'RAM' <Latency = 1> <II = 1> <Delay = 2.32> <Storage> <Opcode : 'load' 'store'> <Ports = 2> <Width = 26> <Depth = 18> <RAM>
ST_2 : Operation 138 [1/1] (0.00ns)   --->   "%sext_ln204_9 = sext i26 %arr_3_Q_6_load" [receiver.cpp:204]   --->   Operation 138 'sext' 'sext_ln204_9' <Predicate = true> <Delay = 0.00>
ST_2 : Operation 139 [1/2] (2.32ns)   --->   "%arr_3_Q_7_load = load i5 %arr_3_Q_7_addr" [receiver.cpp:204]   --->   Operation 139 'load' 'arr_3_Q_7_load' <Predicate = true> <Delay = 2.32> <CoreInst = "RAM">   --->   Core 82 'RAM' <Latency = 1> <II = 1> <Delay = 2.32> <Storage> <Opcode : 'load' 'store'> <Ports = 2> <Width = 26> <Depth = 18> <RAM>
ST_2 : Operation 140 [1/1] (0.00ns)   --->   "%sext_ln204_10 = sext i26 %arr_3_Q_7_load" [receiver.cpp:204]   --->   Operation 140 'sext' 'sext_ln204_10' <Predicate = true> <Delay = 0.00>
ST_2 : Operation 141 [1/1] (2.37ns)   --->   "%add_ln204_4 = add i27 %sext_ln204_10, i27 %sext_ln204_9" [receiver.cpp:204]   --->   Operation 141 'add' 'add_ln204_4' <Predicate = true> <Delay = 2.37> <CoreInst = "Adder">   --->   Core 1 'Adder' <Latency = 0> <II = 1> <Delay = 2.37> <FuncUnit> <Opcode : 'add' 'sub'> <InPorts = 2> <OutPorts = 1>
ST_2 : Operation 142 [1/1] (0.00ns)   --->   "%sext_ln204_11 = sext i26 %arr_3_Q_3_load_1" [receiver.cpp:204]   --->   Operation 142 'sext' 'sext_ln204_11' <Predicate = true> <Delay = 0.00>
ST_2 : Operation 143 [1/1] (2.37ns)   --->   "%add_ln204_5 = add i27 %sext_ln204_11, i27 %sext_ln204_5" [receiver.cpp:204]   --->   Operation 143 'add' 'add_ln204_5' <Predicate = true> <Delay = 2.37> <CoreInst = "Adder">   --->   Core 1 'Adder' <Latency = 0> <II = 1> <Delay = 2.37> <FuncUnit> <Opcode : 'add' 'sub'> <InPorts = 2> <OutPorts = 1>
ST_2 : Operation 144 [1/2] (2.32ns)   --->   "%arr_3_I_4_load_1 = load i5 %arr_3_I_4_addr_1" [receiver.cpp:203]   --->   Operation 144 'load' 'arr_3_I_4_load_1' <Predicate = (icmp_ln201)> <Delay = 2.32> <CoreInst = "RAM">   --->   Core 82 'RAM' <Latency = 1> <II = 1> <Delay = 2.32> <Storage> <Opcode : 'load' 'store'> <Ports = 2> <Width = 26> <Depth = 18> <RAM>
ST_2 : Operation 145 [1/1] (0.00ns)   --->   "%sext_ln203_12 = sext i26 %arr_3_I_4_load_1" [receiver.cpp:203]   --->   Operation 145 'sext' 'sext_ln203_12' <Predicate = (icmp_ln201)> <Delay = 0.00>
ST_2 : Operation 146 [1/2] (2.32ns)   --->   "%arr_3_I_5_load_1 = load i5 %arr_3_I_5_addr_1" [receiver.cpp:203]   --->   Operation 146 'load' 'arr_3_I_5_load_1' <Predicate = (icmp_ln201)> <Delay = 2.32> <CoreInst = "RAM">   --->   Core 82 'RAM' <Latency = 1> <II = 1> <Delay = 2.32> <Storage> <Opcode : 'load' 'store'> <Ports = 2> <Width = 26> <Depth = 18> <RAM>
ST_2 : Operation 147 [1/1] (0.00ns)   --->   "%sext_ln203_13 = sext i26 %arr_3_I_5_load_1" [receiver.cpp:203]   --->   Operation 147 'sext' 'sext_ln203_13' <Predicate = (icmp_ln201)> <Delay = 0.00>
ST_2 : Operation 148 [1/1] (2.37ns)   --->   "%add_ln203_6 = add i27 %sext_ln203_13, i27 %sext_ln203_12" [receiver.cpp:203]   --->   Operation 148 'add' 'add_ln203_6' <Predicate = (icmp_ln201)> <Delay = 2.37> <CoreInst = "Adder">   --->   Core 1 'Adder' <Latency = 0> <II = 1> <Delay = 2.37> <FuncUnit> <Opcode : 'add' 'sub'> <InPorts = 2> <OutPorts = 1>
ST_2 : Operation 149 [1/2] (2.32ns)   --->   "%arr_3_I_6_load_1 = load i5 %arr_3_I_6_addr_1" [receiver.cpp:203]   --->   Operation 149 'load' 'arr_3_I_6_load_1' <Predicate = (icmp_ln201)> <Delay = 2.32> <CoreInst = "RAM">   --->   Core 82 'RAM' <Latency = 1> <II = 1> <Delay = 2.32> <Storage> <Opcode : 'load' 'store'> <Ports = 2> <Width = 26> <Depth = 18> <RAM>
ST_2 : Operation 150 [1/1] (0.00ns)   --->   "%sext_ln203_14 = sext i26 %arr_3_I_6_load_1" [receiver.cpp:203]   --->   Operation 150 'sext' 'sext_ln203_14' <Predicate = (icmp_ln201)> <Delay = 0.00>
ST_2 : Operation 151 [1/2] (2.32ns)   --->   "%arr_3_I_7_load_1 = load i5 %arr_3_I_7_addr_1" [receiver.cpp:203]   --->   Operation 151 'load' 'arr_3_I_7_load_1' <Predicate = (icmp_ln201)> <Delay = 2.32> <CoreInst = "RAM">   --->   Core 82 'RAM' <Latency = 1> <II = 1> <Delay = 2.32> <Storage> <Opcode : 'load' 'store'> <Ports = 2> <Width = 26> <Depth = 18> <RAM>
ST_2 : Operation 152 [1/1] (0.00ns)   --->   "%sext_ln203_15 = sext i26 %arr_3_I_7_load_1" [receiver.cpp:203]   --->   Operation 152 'sext' 'sext_ln203_15' <Predicate = (icmp_ln201)> <Delay = 0.00>
ST_2 : Operation 153 [1/1] (2.37ns)   --->   "%add_ln203_7 = add i27 %sext_ln203_15, i27 %sext_ln203_14" [receiver.cpp:203]   --->   Operation 153 'add' 'add_ln203_7' <Predicate = (icmp_ln201)> <Delay = 2.37> <CoreInst = "Adder">   --->   Core 1 'Adder' <Latency = 0> <II = 1> <Delay = 2.37> <FuncUnit> <Opcode : 'add' 'sub'> <InPorts = 2> <OutPorts = 1>
ST_2 : Operation 154 [1/2] (2.32ns)   --->   "%arr_3_Q_4_load_1 = load i5 %arr_3_Q_4_addr_1" [receiver.cpp:204]   --->   Operation 154 'load' 'arr_3_Q_4_load_1' <Predicate = (icmp_ln201)> <Delay = 2.32> <CoreInst = "RAM">   --->   Core 82 'RAM' <Latency = 1> <II = 1> <Delay = 2.32> <Storage> <Opcode : 'load' 'store'> <Ports = 2> <Width = 26> <Depth = 18> <RAM>
ST_2 : Operation 155 [1/1] (0.00ns)   --->   "%sext_ln204_12 = sext i26 %arr_3_Q_4_load_1" [receiver.cpp:204]   --->   Operation 155 'sext' 'sext_ln204_12' <Predicate = (icmp_ln201)> <Delay = 0.00>
ST_2 : Operation 156 [1/2] (2.32ns)   --->   "%arr_3_Q_5_load_1 = load i5 %arr_3_Q_5_addr_1" [receiver.cpp:204]   --->   Operation 156 'load' 'arr_3_Q_5_load_1' <Predicate = (icmp_ln201)> <Delay = 2.32> <CoreInst = "RAM">   --->   Core 82 'RAM' <Latency = 1> <II = 1> <Delay = 2.32> <Storage> <Opcode : 'load' 'store'> <Ports = 2> <Width = 26> <Depth = 18> <RAM>
ST_2 : Operation 157 [1/1] (0.00ns)   --->   "%sext_ln204_13 = sext i26 %arr_3_Q_5_load_1" [receiver.cpp:204]   --->   Operation 157 'sext' 'sext_ln204_13' <Predicate = (icmp_ln201)> <Delay = 0.00>
ST_2 : Operation 158 [1/1] (2.37ns)   --->   "%add_ln204_6 = add i27 %sext_ln204_13, i27 %sext_ln204_12" [receiver.cpp:204]   --->   Operation 158 'add' 'add_ln204_6' <Predicate = (icmp_ln201)> <Delay = 2.37> <CoreInst = "Adder">   --->   Core 1 'Adder' <Latency = 0> <II = 1> <Delay = 2.37> <FuncUnit> <Opcode : 'add' 'sub'> <InPorts = 2> <OutPorts = 1>
ST_2 : Operation 159 [1/2] (2.32ns)   --->   "%arr_3_Q_6_load_1 = load i5 %arr_3_Q_6_addr_1" [receiver.cpp:204]   --->   Operation 159 'load' 'arr_3_Q_6_load_1' <Predicate = (icmp_ln201)> <Delay = 2.32> <CoreInst = "RAM">   --->   Core 82 'RAM' <Latency = 1> <II = 1> <Delay = 2.32> <Storage> <Opcode : 'load' 'store'> <Ports = 2> <Width = 26> <Depth = 18> <RAM>
ST_2 : Operation 160 [1/1] (0.00ns)   --->   "%sext_ln204_14 = sext i26 %arr_3_Q_6_load_1" [receiver.cpp:204]   --->   Operation 160 'sext' 'sext_ln204_14' <Predicate = (icmp_ln201)> <Delay = 0.00>
ST_2 : Operation 161 [1/2] (2.32ns)   --->   "%arr_3_Q_7_load_1 = load i5 %arr_3_Q_7_addr_1" [receiver.cpp:204]   --->   Operation 161 'load' 'arr_3_Q_7_load_1' <Predicate = (icmp_ln201)> <Delay = 2.32> <CoreInst = "RAM">   --->   Core 82 'RAM' <Latency = 1> <II = 1> <Delay = 2.32> <Storage> <Opcode : 'load' 'store'> <Ports = 2> <Width = 26> <Depth = 18> <RAM>
ST_2 : Operation 162 [1/1] (0.00ns)   --->   "%sext_ln204_15 = sext i26 %arr_3_Q_7_load_1" [receiver.cpp:204]   --->   Operation 162 'sext' 'sext_ln204_15' <Predicate = (icmp_ln201)> <Delay = 0.00>
ST_2 : Operation 163 [1/1] (2.37ns)   --->   "%add_ln204_7 = add i27 %sext_ln204_15, i27 %sext_ln204_14" [receiver.cpp:204]   --->   Operation 163 'add' 'add_ln204_7' <Predicate = (icmp_ln201)> <Delay = 2.37> <CoreInst = "Adder">   --->   Core 1 'Adder' <Latency = 0> <II = 1> <Delay = 2.37> <FuncUnit> <Opcode : 'add' 'sub'> <InPorts = 2> <OutPorts = 1>

State 3 <SV = 2> <Delay = 2.32>
ST_3 : Operation 164 [1/1] (0.00ns)   --->   "%specpipeline_ln0 = specpipeline void @_ssdm_op_SpecPipeline, i32 4294967295, i32 0, i32 1, i32 0, void @p_str"   --->   Operation 164 'specpipeline' 'specpipeline_ln0' <Predicate = true> <Delay = 0.00>
ST_3 : Operation 165 [1/1] (0.00ns)   --->   "%specloopname_ln201 = specloopname void @_ssdm_op_SpecLoopName, void @empty_12" [receiver.cpp:201]   --->   Operation 165 'specloopname' 'specloopname_ln201' <Predicate = true> <Delay = 0.00>
ST_3 : Operation 166 [1/1] (0.00ns)   --->   "%zext_ln203 = zext i4 %lshr_ln2" [receiver.cpp:203]   --->   Operation 166 'zext' 'zext_ln203' <Predicate = true> <Delay = 0.00>
ST_3 : Operation 167 [1/1] (0.00ns)   --->   "%arr_4_I_addr = getelementptr i27 %arr_4_I, i64 0, i64 %zext_ln203" [receiver.cpp:203]   --->   Operation 167 'getelementptr' 'arr_4_I_addr' <Predicate = true> <Delay = 0.00>
ST_3 : Operation 168 [1/1] (0.00ns)   --->   "%arr_4_Q_addr = getelementptr i27 %arr_4_Q, i64 0, i64 %zext_ln203" [receiver.cpp:204]   --->   Operation 168 'getelementptr' 'arr_4_Q_addr' <Predicate = true> <Delay = 0.00>
ST_3 : Operation 169 [1/1] (0.00ns)   --->   "%arr_4_I_1_addr = getelementptr i27 %arr_4_I_1, i64 0, i64 %zext_ln203" [receiver.cpp:203]   --->   Operation 169 'getelementptr' 'arr_4_I_1_addr' <Predicate = true> <Delay = 0.00>
ST_3 : Operation 170 [1/1] (0.00ns)   --->   "%arr_4_Q_1_addr = getelementptr i27 %arr_4_Q_1, i64 0, i64 %zext_ln203" [receiver.cpp:204]   --->   Operation 170 'getelementptr' 'arr_4_Q_1_addr' <Predicate = true> <Delay = 0.00>
ST_3 : Operation 171 [1/1] (0.00ns)   --->   "%arr_4_I_2_addr = getelementptr i27 %arr_4_I_2, i64 0, i64 %zext_ln203" [receiver.cpp:203]   --->   Operation 171 'getelementptr' 'arr_4_I_2_addr' <Predicate = true> <Delay = 0.00>
ST_3 : Operation 172 [1/1] (0.00ns)   --->   "%arr_4_Q_2_addr = getelementptr i27 %arr_4_Q_2, i64 0, i64 %zext_ln203" [receiver.cpp:204]   --->   Operation 172 'getelementptr' 'arr_4_Q_2_addr' <Predicate = true> <Delay = 0.00>
ST_3 : Operation 173 [1/1] (0.00ns)   --->   "%arr_4_I_3_addr = getelementptr i27 %arr_4_I_3, i64 0, i64 %zext_ln203" [receiver.cpp:203]   --->   Operation 173 'getelementptr' 'arr_4_I_3_addr' <Predicate = true> <Delay = 0.00>
ST_3 : Operation 174 [1/1] (0.00ns)   --->   "%arr_4_Q_3_addr = getelementptr i27 %arr_4_Q_3, i64 0, i64 %zext_ln203" [receiver.cpp:204]   --->   Operation 174 'getelementptr' 'arr_4_Q_3_addr' <Predicate = true> <Delay = 0.00>
ST_3 : Operation 175 [1/1] (0.00ns)   --->   "%arr_4_I_4_addr = getelementptr i27 %arr_4_I_4, i64 0, i64 %zext_ln203" [receiver.cpp:203]   --->   Operation 175 'getelementptr' 'arr_4_I_4_addr' <Predicate = true> <Delay = 0.00>
ST_3 : Operation 176 [1/1] (0.00ns)   --->   "%arr_4_Q_4_addr = getelementptr i27 %arr_4_Q_4, i64 0, i64 %zext_ln203" [receiver.cpp:204]   --->   Operation 176 'getelementptr' 'arr_4_Q_4_addr' <Predicate = true> <Delay = 0.00>
ST_3 : Operation 177 [1/1] (0.00ns)   --->   "%arr_4_I_5_addr = getelementptr i27 %arr_4_I_5, i64 0, i64 %zext_ln203" [receiver.cpp:203]   --->   Operation 177 'getelementptr' 'arr_4_I_5_addr' <Predicate = true> <Delay = 0.00>
ST_3 : Operation 178 [1/1] (2.32ns)   --->   "%store_ln203 = store i27 %add_ln203, i4 %arr_4_I_addr" [receiver.cpp:203]   --->   Operation 178 'store' 'store_ln203' <Predicate = true> <Delay = 2.32> <CoreInst = "RAM">   --->   Core 82 'RAM' <Latency = 1> <II = 1> <Delay = 2.32> <Storage> <Opcode : 'load' 'store'> <Ports = 2> <Width = 27> <Depth = 9> <RAM>
ST_3 : Operation 179 [1/1] (2.32ns)   --->   "%store_ln203 = store i27 %add_ln203_1, i4 %arr_4_I_1_addr" [receiver.cpp:203]   --->   Operation 179 'store' 'store_ln203' <Predicate = true> <Delay = 2.32> <CoreInst = "RAM">   --->   Core 82 'RAM' <Latency = 1> <II = 1> <Delay = 2.32> <Storage> <Opcode : 'load' 'store'> <Ports = 2> <Width = 27> <Depth = 9> <RAM>
ST_3 : Operation 180 [1/1] (2.32ns)   --->   "%store_ln203 = store i27 %add_ln203_2, i4 %arr_4_I_2_addr" [receiver.cpp:203]   --->   Operation 180 'store' 'store_ln203' <Predicate = true> <Delay = 2.32> <CoreInst = "RAM">   --->   Core 82 'RAM' <Latency = 1> <II = 1> <Delay = 2.32> <Storage> <Opcode : 'load' 'store'> <Ports = 2> <Width = 27> <Depth = 9> <RAM>
ST_3 : Operation 181 [1/1] (2.32ns)   --->   "%store_ln203 = store i27 %add_ln203_3, i4 %arr_4_I_3_addr" [receiver.cpp:203]   --->   Operation 181 'store' 'store_ln203' <Predicate = true> <Delay = 2.32> <CoreInst = "RAM">   --->   Core 82 'RAM' <Latency = 1> <II = 1> <Delay = 2.32> <Storage> <Opcode : 'load' 'store'> <Ports = 2> <Width = 27> <Depth = 9> <RAM>
ST_3 : Operation 182 [1/1] (2.32ns)   --->   "%store_ln203 = store i27 %add_ln203_4, i4 %arr_4_I_4_addr" [receiver.cpp:203]   --->   Operation 182 'store' 'store_ln203' <Predicate = true> <Delay = 2.32> <CoreInst = "RAM">   --->   Core 82 'RAM' <Latency = 1> <II = 1> <Delay = 2.32> <Storage> <Opcode : 'load' 'store'> <Ports = 2> <Width = 27> <Depth = 9> <RAM>
ST_3 : Operation 183 [1/1] (2.32ns)   --->   "%store_ln203 = store i27 %add_ln203_5, i4 %arr_4_I_5_addr" [receiver.cpp:203]   --->   Operation 183 'store' 'store_ln203' <Predicate = true> <Delay = 2.32> <CoreInst = "RAM">   --->   Core 82 'RAM' <Latency = 1> <II = 1> <Delay = 2.32> <Storage> <Opcode : 'load' 'store'> <Ports = 2> <Width = 27> <Depth = 9> <RAM>
ST_3 : Operation 184 [1/1] (0.00ns)   --->   "%arr_4_Q_5_addr = getelementptr i27 %arr_4_Q_5, i64 0, i64 %zext_ln203" [receiver.cpp:204]   --->   Operation 184 'getelementptr' 'arr_4_Q_5_addr' <Predicate = true> <Delay = 0.00>
ST_3 : Operation 185 [1/1] (2.32ns)   --->   "%store_ln204 = store i27 %add_ln204, i4 %arr_4_Q_addr" [receiver.cpp:204]   --->   Operation 185 'store' 'store_ln204' <Predicate = true> <Delay = 2.32> <CoreInst = "RAM">   --->   Core 82 'RAM' <Latency = 1> <II = 1> <Delay = 2.32> <Storage> <Opcode : 'load' 'store'> <Ports = 2> <Width = 27> <Depth = 9> <RAM>
ST_3 : Operation 186 [1/1] (2.32ns)   --->   "%store_ln204 = store i27 %add_ln204_2, i4 %arr_4_Q_1_addr" [receiver.cpp:204]   --->   Operation 186 'store' 'store_ln204' <Predicate = true> <Delay = 2.32> <CoreInst = "RAM">   --->   Core 82 'RAM' <Latency = 1> <II = 1> <Delay = 2.32> <Storage> <Opcode : 'load' 'store'> <Ports = 2> <Width = 27> <Depth = 9> <RAM>
ST_3 : Operation 187 [1/1] (2.32ns)   --->   "%store_ln204 = store i27 %add_ln204_3, i4 %arr_4_Q_2_addr" [receiver.cpp:204]   --->   Operation 187 'store' 'store_ln204' <Predicate = true> <Delay = 2.32> <CoreInst = "RAM">   --->   Core 82 'RAM' <Latency = 1> <II = 1> <Delay = 2.32> <Storage> <Opcode : 'load' 'store'> <Ports = 2> <Width = 27> <Depth = 9> <RAM>
ST_3 : Operation 188 [1/1] (2.32ns)   --->   "%store_ln204 = store i27 %add_ln204_4, i4 %arr_4_Q_3_addr" [receiver.cpp:204]   --->   Operation 188 'store' 'store_ln204' <Predicate = true> <Delay = 2.32> <CoreInst = "RAM">   --->   Core 82 'RAM' <Latency = 1> <II = 1> <Delay = 2.32> <Storage> <Opcode : 'load' 'store'> <Ports = 2> <Width = 27> <Depth = 9> <RAM>
ST_3 : Operation 189 [1/1] (2.32ns)   --->   "%store_ln204 = store i27 %add_ln204_1, i4 %arr_4_Q_4_addr" [receiver.cpp:204]   --->   Operation 189 'store' 'store_ln204' <Predicate = true> <Delay = 2.32> <CoreInst = "RAM">   --->   Core 82 'RAM' <Latency = 1> <II = 1> <Delay = 2.32> <Storage> <Opcode : 'load' 'store'> <Ports = 2> <Width = 27> <Depth = 9> <RAM>
ST_3 : Operation 190 [1/1] (2.32ns)   --->   "%store_ln204 = store i27 %add_ln204_5, i4 %arr_4_Q_5_addr" [receiver.cpp:204]   --->   Operation 190 'store' 'store_ln204' <Predicate = true> <Delay = 2.32> <CoreInst = "RAM">   --->   Core 82 'RAM' <Latency = 1> <II = 1> <Delay = 2.32> <Storage> <Opcode : 'load' 'store'> <Ports = 2> <Width = 27> <Depth = 9> <RAM>
ST_3 : Operation 191 [1/1] (0.00ns)   --->   "%speclooptripcount_ln0 = speclooptripcount void @_ssdm_op_SpecLoopTripCount, i64 8, i64 8, i64 8"   --->   Operation 191 'speclooptripcount' 'speclooptripcount_ln0' <Predicate = true> <Delay = 0.00>
ST_3 : Operation 192 [1/1] (0.00ns)   --->   "%arr_4_I_6_addr = getelementptr i27 %arr_4_I_6, i64 0, i64 %zext_ln203" [receiver.cpp:203]   --->   Operation 192 'getelementptr' 'arr_4_I_6_addr' <Predicate = (icmp_ln201)> <Delay = 0.00>
ST_3 : Operation 193 [1/1] (0.00ns)   --->   "%arr_4_Q_6_addr = getelementptr i27 %arr_4_Q_6, i64 0, i64 %zext_ln203" [receiver.cpp:204]   --->   Operation 193 'getelementptr' 'arr_4_Q_6_addr' <Predicate = (icmp_ln201)> <Delay = 0.00>
ST_3 : Operation 194 [1/1] (0.00ns)   --->   "%arr_4_I_7_addr = getelementptr i27 %arr_4_I_7, i64 0, i64 %zext_ln203" [receiver.cpp:203]   --->   Operation 194 'getelementptr' 'arr_4_I_7_addr' <Predicate = (icmp_ln201)> <Delay = 0.00>
ST_3 : Operation 195 [1/1] (2.32ns)   --->   "%store_ln203 = store i27 %add_ln203_6, i4 %arr_4_I_6_addr" [receiver.cpp:203]   --->   Operation 195 'store' 'store_ln203' <Predicate = (icmp_ln201)> <Delay = 2.32> <CoreInst = "RAM">   --->   Core 82 'RAM' <Latency = 1> <II = 1> <Delay = 2.32> <Storage> <Opcode : 'load' 'store'> <Ports = 2> <Width = 27> <Depth = 9> <RAM>
ST_3 : Operation 196 [1/1] (2.32ns)   --->   "%store_ln203 = store i27 %add_ln203_7, i4 %arr_4_I_7_addr" [receiver.cpp:203]   --->   Operation 196 'store' 'store_ln203' <Predicate = (icmp_ln201)> <Delay = 2.32> <CoreInst = "RAM">   --->   Core 82 'RAM' <Latency = 1> <II = 1> <Delay = 2.32> <Storage> <Opcode : 'load' 'store'> <Ports = 2> <Width = 27> <Depth = 9> <RAM>
ST_3 : Operation 197 [1/1] (0.00ns)   --->   "%arr_4_Q_7_addr = getelementptr i27 %arr_4_Q_7, i64 0, i64 %zext_ln203" [receiver.cpp:204]   --->   Operation 197 'getelementptr' 'arr_4_Q_7_addr' <Predicate = (icmp_ln201)> <Delay = 0.00>
ST_3 : Operation 198 [1/1] (2.32ns)   --->   "%store_ln204 = store i27 %add_ln204_6, i4 %arr_4_Q_6_addr" [receiver.cpp:204]   --->   Operation 198 'store' 'store_ln204' <Predicate = (icmp_ln201)> <Delay = 2.32> <CoreInst = "RAM">   --->   Core 82 'RAM' <Latency = 1> <II = 1> <Delay = 2.32> <Storage> <Opcode : 'load' 'store'> <Ports = 2> <Width = 27> <Depth = 9> <RAM>
ST_3 : Operation 199 [1/1] (2.32ns)   --->   "%store_ln204 = store i27 %add_ln204_7, i4 %arr_4_Q_7_addr" [receiver.cpp:204]   --->   Operation 199 'store' 'store_ln204' <Predicate = (icmp_ln201)> <Delay = 2.32> <CoreInst = "RAM">   --->   Core 82 'RAM' <Latency = 1> <II = 1> <Delay = 2.32> <Storage> <Opcode : 'load' 'store'> <Ports = 2> <Width = 27> <Depth = 9> <RAM>
ST_3 : Operation 200 [1/1] (0.00ns)   --->   "%br_ln201 = br void %for.body508.0.split" [receiver.cpp:201]   --->   Operation 200 'br' 'br_ln201' <Predicate = (icmp_ln201)> <Delay = 0.00>
ST_3 : Operation 201 [1/1] (0.00ns)   --->   "%ret_ln0 = ret"   --->   Operation 201 'ret' 'ret_ln0' <Predicate = (!icmp_ln201)> <Delay = 0.00>


============================================================
+ Verbose Summary: Timing violations
============================================================
Target clock period: 8.000ns, clock uncertainty: 2.160ns.

 <State 1>: 3.503ns
The critical path consists of the following:
	'alloca' operation ('i') [33]  (0.000 ns)
	'load' operation ('i', receiver.cpp:201) on local variable 'i' [37]  (0.000 ns)
	'add' operation ('add_ln201', receiver.cpp:201) [195]  (1.915 ns)
	'store' operation ('store_ln201', receiver.cpp:201) of variable 'add_ln201', receiver.cpp:201 on local variable 'i' [196]  (1.588 ns)

 <State 2>: 4.696ns
The critical path consists of the following:
	'load' operation ('arr_3_I_4_load_1', receiver.cpp:203) on array 'arr_3_I_4' [160]  (2.322 ns)
	'add' operation ('add_ln203_6', receiver.cpp:203) [165]  (2.374 ns)

 <State 3>: 2.322ns
The critical path consists of the following:
	'getelementptr' operation ('arr_4_I_6_addr', receiver.cpp:203) [166]  (0.000 ns)
	'store' operation ('store_ln203', receiver.cpp:203) of variable 'add_ln203_6', receiver.cpp:203 on array 'arr_4_I_6' [178]  (2.322 ns)


============================================================
+ Verbose Summary: Binding
============================================================
N/A
* FSMD analyzer results:
  - Output states:
 - Input state : 
  - Chain level:
	State 1
	State 2
	State 3


============================================================
+ Verbose Summary: Datapath Resource usage 
============================================================
N/A
