

================================================================
== Vitis HLS Report for 'receiver_Pipeline_VITIS_LOOP_142_9'
================================================================
* Date:           Mon May 13 18:48:04 2024

* Version:        2023.1 (Build 3854077 on May  4 2023)
* Project:        receiver
* Solution:       solution1 (Vivado IP Flow Target)
* Product family: zynq
* Target device:  xc7z020-clg400-1


================================================================
== Performance Estimates
================================================================
+ Timing: 
    * Summary: 
    +--------+---------+----------+------------+
    |  Clock |  Target | Estimated| Uncertainty|
    +--------+---------+----------+------------+
    |ap_clk  |  8.00 ns|  5.169 ns|     2.16 ns|
    +--------+---------+----------+------------+

+ Latency: 
    * Summary: 
    +---------+---------+----------+----------+-----+-----+---------+
    |  Latency (cycles) |  Latency (absolute) |  Interval | Pipeline|
    |   min   |   max   |    min   |    max   | min | max |   Type  |
    +---------+---------+----------+----------+-----+-----+---------+
    |      248|      248|  1.984 us|  1.984 us|  248|  248|       no|
    +---------+---------+----------+----------+-----+-----+---------+

    + Detail: 
        * Instance: 
        N/A

        * Loop: 
        +--------------------+---------+---------+----------+-----------+-----------+------+----------+
        |                    |  Latency (cycles) | Iteration|  Initiation Interval  | Trip |          |
        |      Loop Name     |   min   |   max   |  Latency |  achieved |   target  | Count| Pipelined|
        +--------------------+---------+---------+----------+-----------+-----------+------+----------+
        |- VITIS_LOOP_142_9  |      246|      246|         3|          1|          1|   244|       yes|
        +--------------------+---------+---------+----------+-----------+-----------+------+----------+

============================================================
+ Verbose Summary: Synthesis Manager
============================================================
InlineROM: 1
ExposeGlobal: 0
============================================================
+ Verbose Summary: CDFG Model
============================================================
IsTopModel: 0
ResetActiveHigh: 1
IsCombinational: 0
IsDatapathOnly: 0
HasWiredReturn: 1
HasMFsm: 2
HasVarLatency: 1
IsPipeline: 0
IsRtlPipelined: 0
IsInstanceOverlapped: 0
IsDontTouch: 0
HasImplIP: 0
IsGatedGlobalClock: 0

+ Individual pipeline summary: 
  * Pipeline-0: initiation interval (II) = 1, depth = 3


============================================================
+ Verbose Summary: Schedule
============================================================
* Number of FSM states : 3
* Pipeline : 1
  Pipeline-0 : II = 1, D = 3, States = { 1 2 3 }
* Dataflow Pipeline: 0

* FSM state transitions: 
1 --> 2 
2 --> 3 
3 --> 

* FSM state operations: 

State 1 <SV = 0> <Delay = 5.16>
ST_1 : Operation 6 [1/1] (0.00ns)   --->   "%i_8 = alloca i32 1"   --->   Operation 6 'alloca' 'i_8' <Predicate = true> <Delay = 0.00>
ST_1 : Operation 7 [1/1] (1.58ns)   --->   "%store_ln0 = store i12 0, i12 %i_8"   --->   Operation 7 'store' 'store_ln0' <Predicate = true> <Delay = 1.58>
ST_1 : Operation 8 [1/1] (0.00ns)   --->   "%br_ln0 = br void %for.inc321.0.split"   --->   Operation 8 'br' 'br_ln0' <Predicate = true> <Delay = 0.00>
ST_1 : Operation 9 [1/1] (0.00ns)   --->   "%i = load i12 %i_8" [receiver.cpp:144]   --->   Operation 9 'load' 'i' <Predicate = true> <Delay = 0.00>
ST_1 : Operation 10 [1/1] (0.00ns)   --->   "%lshr_ln7 = partselect i8 @_ssdm_op_PartSelect.i8.i12.i32.i32, i12 %i, i32 4, i32 11" [receiver.cpp:142]   --->   Operation 10 'partselect' 'lshr_ln7' <Predicate = true> <Delay = 0.00>
ST_1 : Operation 11 [1/1] (0.00ns)   --->   "%zext_ln142 = zext i8 %lshr_ln7" [receiver.cpp:142]   --->   Operation 11 'zext' 'zext_ln142' <Predicate = true> <Delay = 0.00>
ST_1 : Operation 12 [1/1] (0.00ns)   --->   "%matched_I_1_addr = getelementptr i18 %matched_I_1, i64 0, i64 %zext_ln142" [receiver.cpp:144]   --->   Operation 12 'getelementptr' 'matched_I_1_addr' <Predicate = true> <Delay = 0.00>
ST_1 : Operation 13 [2/2] (3.25ns)   --->   "%matched_I_1_load = load i8 %matched_I_1_addr" [receiver.cpp:144]   --->   Operation 13 'load' 'matched_I_1_load' <Predicate = true> <Delay = 3.25> <CoreInst = "RAM">   --->   Core 82 'RAM' <Latency = 1> <II = 1> <Delay = 3.25> <Storage> <Opcode : 'load' 'store'> <Ports = 2> <Width = 18> <Depth = 245> <RAM>
ST_1 : Operation 14 [1/1] (0.00ns)   --->   "%matched_Q_1_addr = getelementptr i18 %matched_Q_1, i64 0, i64 %zext_ln142" [receiver.cpp:145]   --->   Operation 14 'getelementptr' 'matched_Q_1_addr' <Predicate = true> <Delay = 0.00>
ST_1 : Operation 15 [1/1] (0.00ns)   --->   "%matched_I_2_addr = getelementptr i18 %matched_I_2, i64 0, i64 %zext_ln142" [receiver.cpp:144]   --->   Operation 15 'getelementptr' 'matched_I_2_addr' <Predicate = true> <Delay = 0.00>
ST_1 : Operation 16 [1/1] (0.00ns)   --->   "%matched_Q_2_addr = getelementptr i18 %matched_Q_2, i64 0, i64 %zext_ln142" [receiver.cpp:145]   --->   Operation 16 'getelementptr' 'matched_Q_2_addr' <Predicate = true> <Delay = 0.00>
ST_1 : Operation 17 [1/1] (0.00ns)   --->   "%matched_I_3_addr = getelementptr i18 %matched_I_3, i64 0, i64 %zext_ln142" [receiver.cpp:144]   --->   Operation 17 'getelementptr' 'matched_I_3_addr' <Predicate = true> <Delay = 0.00>
ST_1 : Operation 18 [1/1] (0.00ns)   --->   "%matched_Q_3_addr = getelementptr i18 %matched_Q_3, i64 0, i64 %zext_ln142" [receiver.cpp:145]   --->   Operation 18 'getelementptr' 'matched_Q_3_addr' <Predicate = true> <Delay = 0.00>
ST_1 : Operation 19 [1/1] (0.00ns)   --->   "%matched_I_4_addr = getelementptr i18 %matched_I_4, i64 0, i64 %zext_ln142" [receiver.cpp:144]   --->   Operation 19 'getelementptr' 'matched_I_4_addr' <Predicate = true> <Delay = 0.00>
ST_1 : Operation 20 [1/1] (0.00ns)   --->   "%matched_Q_4_addr = getelementptr i18 %matched_Q_4, i64 0, i64 %zext_ln142" [receiver.cpp:145]   --->   Operation 20 'getelementptr' 'matched_Q_4_addr' <Predicate = true> <Delay = 0.00>
ST_1 : Operation 21 [1/1] (0.00ns)   --->   "%matched_I_5_addr = getelementptr i18 %matched_I_5, i64 0, i64 %zext_ln142" [receiver.cpp:144]   --->   Operation 21 'getelementptr' 'matched_I_5_addr' <Predicate = true> <Delay = 0.00>
ST_1 : Operation 22 [1/1] (0.00ns)   --->   "%matched_Q_5_addr = getelementptr i18 %matched_Q_5, i64 0, i64 %zext_ln142" [receiver.cpp:145]   --->   Operation 22 'getelementptr' 'matched_Q_5_addr' <Predicate = true> <Delay = 0.00>
ST_1 : Operation 23 [1/1] (0.00ns)   --->   "%matched_I_6_addr = getelementptr i18 %matched_I_6, i64 0, i64 %zext_ln142" [receiver.cpp:144]   --->   Operation 23 'getelementptr' 'matched_I_6_addr' <Predicate = true> <Delay = 0.00>
ST_1 : Operation 24 [1/1] (0.00ns)   --->   "%matched_Q_6_addr = getelementptr i18 %matched_Q_6, i64 0, i64 %zext_ln142" [receiver.cpp:145]   --->   Operation 24 'getelementptr' 'matched_Q_6_addr' <Predicate = true> <Delay = 0.00>
ST_1 : Operation 25 [1/1] (0.00ns)   --->   "%matched_I_7_addr = getelementptr i18 %matched_I_7, i64 0, i64 %zext_ln142" [receiver.cpp:144]   --->   Operation 25 'getelementptr' 'matched_I_7_addr' <Predicate = true> <Delay = 0.00>
ST_1 : Operation 26 [1/1] (0.00ns)   --->   "%matched_Q_7_addr = getelementptr i18 %matched_Q_7, i64 0, i64 %zext_ln142" [receiver.cpp:145]   --->   Operation 26 'getelementptr' 'matched_Q_7_addr' <Predicate = true> <Delay = 0.00>
ST_1 : Operation 27 [1/1] (0.00ns)   --->   "%matched_I_8_addr = getelementptr i18 %matched_I_8, i64 0, i64 %zext_ln142" [receiver.cpp:144]   --->   Operation 27 'getelementptr' 'matched_I_8_addr' <Predicate = true> <Delay = 0.00>
ST_1 : Operation 28 [1/1] (0.00ns)   --->   "%matched_Q_8_addr = getelementptr i18 %matched_Q_8, i64 0, i64 %zext_ln142" [receiver.cpp:145]   --->   Operation 28 'getelementptr' 'matched_Q_8_addr' <Predicate = true> <Delay = 0.00>
ST_1 : Operation 29 [1/1] (0.00ns)   --->   "%matched_I_9_addr = getelementptr i18 %matched_I_9, i64 0, i64 %zext_ln142" [receiver.cpp:144]   --->   Operation 29 'getelementptr' 'matched_I_9_addr' <Predicate = true> <Delay = 0.00>
ST_1 : Operation 30 [1/1] (0.00ns)   --->   "%matched_Q_9_addr = getelementptr i18 %matched_Q_9, i64 0, i64 %zext_ln142" [receiver.cpp:145]   --->   Operation 30 'getelementptr' 'matched_Q_9_addr' <Predicate = true> <Delay = 0.00>
ST_1 : Operation 31 [1/1] (0.00ns)   --->   "%matched_I_10_addr = getelementptr i18 %matched_I_10, i64 0, i64 %zext_ln142" [receiver.cpp:144]   --->   Operation 31 'getelementptr' 'matched_I_10_addr' <Predicate = true> <Delay = 0.00>
ST_1 : Operation 32 [1/1] (0.00ns)   --->   "%matched_Q_10_addr = getelementptr i18 %matched_Q_10, i64 0, i64 %zext_ln142" [receiver.cpp:145]   --->   Operation 32 'getelementptr' 'matched_Q_10_addr' <Predicate = true> <Delay = 0.00>
ST_1 : Operation 33 [1/1] (0.00ns) (grouped into LUT with out node icmp_ln142)   --->   "%or_ln144 = or i12 %i, i12 11" [receiver.cpp:144]   --->   Operation 33 'or' 'or_ln144' <Predicate = true> <Delay = 0.00>
ST_1 : Operation 34 [1/1] (0.00ns)   --->   "%matched_I_11_addr = getelementptr i18 %matched_I_11, i64 0, i64 %zext_ln142" [receiver.cpp:144]   --->   Operation 34 'getelementptr' 'matched_I_11_addr' <Predicate = true> <Delay = 0.00>
ST_1 : Operation 35 [1/1] (0.00ns)   --->   "%matched_Q_11_addr = getelementptr i18 %matched_Q_11, i64 0, i64 %zext_ln142" [receiver.cpp:145]   --->   Operation 35 'getelementptr' 'matched_Q_11_addr' <Predicate = true> <Delay = 0.00>
ST_1 : Operation 36 [2/2] (3.25ns)   --->   "%matched_I_2_load = load i8 %matched_I_2_addr" [receiver.cpp:144]   --->   Operation 36 'load' 'matched_I_2_load' <Predicate = true> <Delay = 3.25> <CoreInst = "RAM">   --->   Core 82 'RAM' <Latency = 1> <II = 1> <Delay = 3.25> <Storage> <Opcode : 'load' 'store'> <Ports = 2> <Width = 18> <Depth = 245> <RAM>
ST_1 : Operation 37 [2/2] (3.25ns)   --->   "%matched_I_3_load = load i8 %matched_I_3_addr" [receiver.cpp:144]   --->   Operation 37 'load' 'matched_I_3_load' <Predicate = true> <Delay = 3.25> <CoreInst = "RAM">   --->   Core 82 'RAM' <Latency = 1> <II = 1> <Delay = 3.25> <Storage> <Opcode : 'load' 'store'> <Ports = 2> <Width = 18> <Depth = 245> <RAM>
ST_1 : Operation 38 [2/2] (3.25ns)   --->   "%matched_I_4_load = load i8 %matched_I_4_addr" [receiver.cpp:144]   --->   Operation 38 'load' 'matched_I_4_load' <Predicate = true> <Delay = 3.25> <CoreInst = "RAM">   --->   Core 82 'RAM' <Latency = 1> <II = 1> <Delay = 3.25> <Storage> <Opcode : 'load' 'store'> <Ports = 2> <Width = 18> <Depth = 245> <RAM>
ST_1 : Operation 39 [2/2] (3.25ns)   --->   "%matched_I_5_load = load i8 %matched_I_5_addr" [receiver.cpp:144]   --->   Operation 39 'load' 'matched_I_5_load' <Predicate = true> <Delay = 3.25> <CoreInst = "RAM">   --->   Core 82 'RAM' <Latency = 1> <II = 1> <Delay = 3.25> <Storage> <Opcode : 'load' 'store'> <Ports = 2> <Width = 18> <Depth = 245> <RAM>
ST_1 : Operation 40 [2/2] (3.25ns)   --->   "%matched_I_6_load = load i8 %matched_I_6_addr" [receiver.cpp:144]   --->   Operation 40 'load' 'matched_I_6_load' <Predicate = true> <Delay = 3.25> <CoreInst = "RAM">   --->   Core 82 'RAM' <Latency = 1> <II = 1> <Delay = 3.25> <Storage> <Opcode : 'load' 'store'> <Ports = 2> <Width = 18> <Depth = 245> <RAM>
ST_1 : Operation 41 [2/2] (3.25ns)   --->   "%matched_I_7_load = load i8 %matched_I_7_addr" [receiver.cpp:144]   --->   Operation 41 'load' 'matched_I_7_load' <Predicate = true> <Delay = 3.25> <CoreInst = "RAM">   --->   Core 82 'RAM' <Latency = 1> <II = 1> <Delay = 3.25> <Storage> <Opcode : 'load' 'store'> <Ports = 2> <Width = 18> <Depth = 245> <RAM>
ST_1 : Operation 42 [2/2] (3.25ns)   --->   "%matched_I_8_load = load i8 %matched_I_8_addr" [receiver.cpp:144]   --->   Operation 42 'load' 'matched_I_8_load' <Predicate = true> <Delay = 3.25> <CoreInst = "RAM">   --->   Core 82 'RAM' <Latency = 1> <II = 1> <Delay = 3.25> <Storage> <Opcode : 'load' 'store'> <Ports = 2> <Width = 18> <Depth = 245> <RAM>
ST_1 : Operation 43 [2/2] (3.25ns)   --->   "%matched_I_9_load = load i8 %matched_I_9_addr" [receiver.cpp:144]   --->   Operation 43 'load' 'matched_I_9_load' <Predicate = true> <Delay = 3.25> <CoreInst = "RAM">   --->   Core 82 'RAM' <Latency = 1> <II = 1> <Delay = 3.25> <Storage> <Opcode : 'load' 'store'> <Ports = 2> <Width = 18> <Depth = 245> <RAM>
ST_1 : Operation 44 [2/2] (3.25ns)   --->   "%matched_I_10_load = load i8 %matched_I_10_addr" [receiver.cpp:144]   --->   Operation 44 'load' 'matched_I_10_load' <Predicate = true> <Delay = 3.25> <CoreInst = "RAM">   --->   Core 82 'RAM' <Latency = 1> <II = 1> <Delay = 3.25> <Storage> <Opcode : 'load' 'store'> <Ports = 2> <Width = 18> <Depth = 245> <RAM>
ST_1 : Operation 45 [2/2] (3.25ns)   --->   "%matched_I_11_load = load i8 %matched_I_11_addr" [receiver.cpp:144]   --->   Operation 45 'load' 'matched_I_11_load' <Predicate = true> <Delay = 3.25> <CoreInst = "RAM">   --->   Core 82 'RAM' <Latency = 1> <II = 1> <Delay = 3.25> <Storage> <Opcode : 'load' 'store'> <Ports = 2> <Width = 18> <Depth = 245> <RAM>
ST_1 : Operation 46 [2/2] (3.25ns)   --->   "%matched_Q_11_load = load i8 %matched_Q_11_addr" [receiver.cpp:145]   --->   Operation 46 'load' 'matched_Q_11_load' <Predicate = true> <Delay = 3.25> <CoreInst = "RAM">   --->   Core 82 'RAM' <Latency = 1> <II = 1> <Delay = 3.25> <Storage> <Opcode : 'load' 'store'> <Ports = 2> <Width = 18> <Depth = 245> <RAM>
ST_1 : Operation 47 [2/2] (3.25ns)   --->   "%matched_Q_1_load = load i8 %matched_Q_1_addr" [receiver.cpp:145]   --->   Operation 47 'load' 'matched_Q_1_load' <Predicate = true> <Delay = 3.25> <CoreInst = "RAM">   --->   Core 82 'RAM' <Latency = 1> <II = 1> <Delay = 3.25> <Storage> <Opcode : 'load' 'store'> <Ports = 2> <Width = 18> <Depth = 245> <RAM>
ST_1 : Operation 48 [2/2] (3.25ns)   --->   "%matched_Q_2_load = load i8 %matched_Q_2_addr" [receiver.cpp:145]   --->   Operation 48 'load' 'matched_Q_2_load' <Predicate = true> <Delay = 3.25> <CoreInst = "RAM">   --->   Core 82 'RAM' <Latency = 1> <II = 1> <Delay = 3.25> <Storage> <Opcode : 'load' 'store'> <Ports = 2> <Width = 18> <Depth = 245> <RAM>
ST_1 : Operation 49 [2/2] (3.25ns)   --->   "%matched_Q_3_load = load i8 %matched_Q_3_addr" [receiver.cpp:145]   --->   Operation 49 'load' 'matched_Q_3_load' <Predicate = true> <Delay = 3.25> <CoreInst = "RAM">   --->   Core 82 'RAM' <Latency = 1> <II = 1> <Delay = 3.25> <Storage> <Opcode : 'load' 'store'> <Ports = 2> <Width = 18> <Depth = 245> <RAM>
ST_1 : Operation 50 [2/2] (3.25ns)   --->   "%matched_Q_4_load = load i8 %matched_Q_4_addr" [receiver.cpp:145]   --->   Operation 50 'load' 'matched_Q_4_load' <Predicate = true> <Delay = 3.25> <CoreInst = "RAM">   --->   Core 82 'RAM' <Latency = 1> <II = 1> <Delay = 3.25> <Storage> <Opcode : 'load' 'store'> <Ports = 2> <Width = 18> <Depth = 245> <RAM>
ST_1 : Operation 51 [2/2] (3.25ns)   --->   "%matched_Q_5_load = load i8 %matched_Q_5_addr" [receiver.cpp:145]   --->   Operation 51 'load' 'matched_Q_5_load' <Predicate = true> <Delay = 3.25> <CoreInst = "RAM">   --->   Core 82 'RAM' <Latency = 1> <II = 1> <Delay = 3.25> <Storage> <Opcode : 'load' 'store'> <Ports = 2> <Width = 18> <Depth = 245> <RAM>
ST_1 : Operation 52 [2/2] (3.25ns)   --->   "%matched_Q_6_load = load i8 %matched_Q_6_addr" [receiver.cpp:145]   --->   Operation 52 'load' 'matched_Q_6_load' <Predicate = true> <Delay = 3.25> <CoreInst = "RAM">   --->   Core 82 'RAM' <Latency = 1> <II = 1> <Delay = 3.25> <Storage> <Opcode : 'load' 'store'> <Ports = 2> <Width = 18> <Depth = 245> <RAM>
ST_1 : Operation 53 [2/2] (3.25ns)   --->   "%matched_Q_7_load = load i8 %matched_Q_7_addr" [receiver.cpp:145]   --->   Operation 53 'load' 'matched_Q_7_load' <Predicate = true> <Delay = 3.25> <CoreInst = "RAM">   --->   Core 82 'RAM' <Latency = 1> <II = 1> <Delay = 3.25> <Storage> <Opcode : 'load' 'store'> <Ports = 2> <Width = 18> <Depth = 245> <RAM>
ST_1 : Operation 54 [2/2] (3.25ns)   --->   "%matched_Q_8_load = load i8 %matched_Q_8_addr" [receiver.cpp:145]   --->   Operation 54 'load' 'matched_Q_8_load' <Predicate = true> <Delay = 3.25> <CoreInst = "RAM">   --->   Core 82 'RAM' <Latency = 1> <II = 1> <Delay = 3.25> <Storage> <Opcode : 'load' 'store'> <Ports = 2> <Width = 18> <Depth = 245> <RAM>
ST_1 : Operation 55 [2/2] (3.25ns)   --->   "%matched_Q_9_load = load i8 %matched_Q_9_addr" [receiver.cpp:145]   --->   Operation 55 'load' 'matched_Q_9_load' <Predicate = true> <Delay = 3.25> <CoreInst = "RAM">   --->   Core 82 'RAM' <Latency = 1> <II = 1> <Delay = 3.25> <Storage> <Opcode : 'load' 'store'> <Ports = 2> <Width = 18> <Depth = 245> <RAM>
ST_1 : Operation 56 [2/2] (3.25ns)   --->   "%matched_Q_10_load = load i8 %matched_Q_10_addr" [receiver.cpp:145]   --->   Operation 56 'load' 'matched_Q_10_load' <Predicate = true> <Delay = 3.25> <CoreInst = "RAM">   --->   Core 82 'RAM' <Latency = 1> <II = 1> <Delay = 3.25> <Storage> <Opcode : 'load' 'store'> <Ports = 2> <Width = 18> <Depth = 245> <RAM>
ST_1 : Operation 57 [1/1] (1.54ns) (out node of the LUT)   --->   "%icmp_ln142 = icmp_ult  i12 %or_ln144, i12 3915" [receiver.cpp:142]   --->   Operation 57 'icmp' 'icmp_ln142' <Predicate = true> <Delay = 1.54> <CoreInst = "Cmp">   --->   Core 9 'Cmp' <Latency = 0> <II = 1> <Delay = 1.54> <FuncUnit> <Opcode : 'icmp'> <InPorts = 2> <OutPorts = 1>
ST_1 : Operation 58 [1/1] (0.00ns)   --->   "%br_ln142 = br i1 %icmp_ln142, void %for.end323.exitStub, void %for.inc321.11" [receiver.cpp:142]   --->   Operation 58 'br' 'br_ln142' <Predicate = true> <Delay = 0.00>
ST_1 : Operation 59 [1/1] (0.00ns)   --->   "%matched_I_12_addr = getelementptr i18 %matched_I_12, i64 0, i64 %zext_ln142" [receiver.cpp:144]   --->   Operation 59 'getelementptr' 'matched_I_12_addr' <Predicate = (icmp_ln142)> <Delay = 0.00>
ST_1 : Operation 60 [2/2] (3.25ns)   --->   "%matched_I_12_load = load i8 %matched_I_12_addr" [receiver.cpp:144]   --->   Operation 60 'load' 'matched_I_12_load' <Predicate = (icmp_ln142)> <Delay = 3.25> <CoreInst = "RAM">   --->   Core 82 'RAM' <Latency = 1> <II = 1> <Delay = 3.25> <Storage> <Opcode : 'load' 'store'> <Ports = 2> <Width = 18> <Depth = 245> <RAM>
ST_1 : Operation 61 [1/1] (0.00ns)   --->   "%matched_Q_12_addr = getelementptr i18 %matched_Q_12, i64 0, i64 %zext_ln142" [receiver.cpp:145]   --->   Operation 61 'getelementptr' 'matched_Q_12_addr' <Predicate = (icmp_ln142)> <Delay = 0.00>
ST_1 : Operation 62 [1/1] (0.00ns)   --->   "%matched_I_13_addr = getelementptr i18 %matched_I_13, i64 0, i64 %zext_ln142" [receiver.cpp:144]   --->   Operation 62 'getelementptr' 'matched_I_13_addr' <Predicate = (icmp_ln142)> <Delay = 0.00>
ST_1 : Operation 63 [1/1] (0.00ns)   --->   "%matched_Q_13_addr = getelementptr i18 %matched_Q_13, i64 0, i64 %zext_ln142" [receiver.cpp:145]   --->   Operation 63 'getelementptr' 'matched_Q_13_addr' <Predicate = (icmp_ln142)> <Delay = 0.00>
ST_1 : Operation 64 [1/1] (0.00ns)   --->   "%matched_I_14_addr = getelementptr i18 %matched_I_14, i64 0, i64 %zext_ln142" [receiver.cpp:144]   --->   Operation 64 'getelementptr' 'matched_I_14_addr' <Predicate = (icmp_ln142)> <Delay = 0.00>
ST_1 : Operation 65 [1/1] (0.00ns)   --->   "%matched_Q_14_addr = getelementptr i18 %matched_Q_14, i64 0, i64 %zext_ln142" [receiver.cpp:145]   --->   Operation 65 'getelementptr' 'matched_Q_14_addr' <Predicate = (icmp_ln142)> <Delay = 0.00>
ST_1 : Operation 66 [1/1] (0.00ns)   --->   "%matched_I_15_addr = getelementptr i18 %matched_I_15, i64 0, i64 %zext_ln142" [receiver.cpp:144]   --->   Operation 66 'getelementptr' 'matched_I_15_addr' <Predicate = (icmp_ln142)> <Delay = 0.00>
ST_1 : Operation 67 [1/1] (0.00ns)   --->   "%matched_Q_15_addr = getelementptr i18 %matched_Q_15, i64 0, i64 %zext_ln142" [receiver.cpp:145]   --->   Operation 67 'getelementptr' 'matched_Q_15_addr' <Predicate = (icmp_ln142)> <Delay = 0.00>
ST_1 : Operation 68 [1/1] (1.54ns)   --->   "%add_ln144 = add i12 %i, i12 16" [receiver.cpp:144]   --->   Operation 68 'add' 'add_ln144' <Predicate = (icmp_ln142)> <Delay = 1.54> <CoreInst = "Adder">   --->   Core 1 'Adder' <Latency = 0> <II = 1> <Delay = 1.54> <FuncUnit> <Opcode : 'add' 'sub'> <InPorts = 2> <OutPorts = 1>
ST_1 : Operation 69 [1/1] (1.91ns)   --->   "%add_ln144_1 = add i8 %lshr_ln7, i8 1" [receiver.cpp:144]   --->   Operation 69 'add' 'add_ln144_1' <Predicate = (icmp_ln142)> <Delay = 1.91> <CoreInst = "Adder">   --->   Core 1 'Adder' <Latency = 0> <II = 1> <Delay = 1.91> <FuncUnit> <Opcode : 'add' 'sub'> <InPorts = 2> <OutPorts = 1>
ST_1 : Operation 70 [1/1] (0.00ns)   --->   "%zext_ln144 = zext i8 %add_ln144_1" [receiver.cpp:144]   --->   Operation 70 'zext' 'zext_ln144' <Predicate = (icmp_ln142)> <Delay = 0.00>
ST_1 : Operation 71 [1/1] (0.00ns)   --->   "%matched_I_0_addr_1 = getelementptr i18 %matched_I_0, i64 0, i64 %zext_ln144" [receiver.cpp:144]   --->   Operation 71 'getelementptr' 'matched_I_0_addr_1' <Predicate = (icmp_ln142)> <Delay = 0.00>
ST_1 : Operation 72 [1/1] (0.00ns)   --->   "%matched_Q_0_addr_1 = getelementptr i18 %matched_Q_0, i64 0, i64 %zext_ln144" [receiver.cpp:145]   --->   Operation 72 'getelementptr' 'matched_Q_0_addr_1' <Predicate = (icmp_ln142)> <Delay = 0.00>
ST_1 : Operation 73 [2/2] (3.25ns)   --->   "%matched_I_13_load = load i8 %matched_I_13_addr" [receiver.cpp:144]   --->   Operation 73 'load' 'matched_I_13_load' <Predicate = (icmp_ln142)> <Delay = 3.25> <CoreInst = "RAM">   --->   Core 82 'RAM' <Latency = 1> <II = 1> <Delay = 3.25> <Storage> <Opcode : 'load' 'store'> <Ports = 2> <Width = 18> <Depth = 245> <RAM>
ST_1 : Operation 74 [2/2] (3.25ns)   --->   "%matched_I_14_load = load i8 %matched_I_14_addr" [receiver.cpp:144]   --->   Operation 74 'load' 'matched_I_14_load' <Predicate = (icmp_ln142)> <Delay = 3.25> <CoreInst = "RAM">   --->   Core 82 'RAM' <Latency = 1> <II = 1> <Delay = 3.25> <Storage> <Opcode : 'load' 'store'> <Ports = 2> <Width = 18> <Depth = 245> <RAM>
ST_1 : Operation 75 [2/2] (3.25ns)   --->   "%matched_I_15_load = load i8 %matched_I_15_addr" [receiver.cpp:144]   --->   Operation 75 'load' 'matched_I_15_load' <Predicate = (icmp_ln142)> <Delay = 3.25> <CoreInst = "RAM">   --->   Core 82 'RAM' <Latency = 1> <II = 1> <Delay = 3.25> <Storage> <Opcode : 'load' 'store'> <Ports = 2> <Width = 18> <Depth = 245> <RAM>
ST_1 : Operation 76 [2/2] (3.25ns)   --->   "%matched_I_0_load = load i8 %matched_I_0_addr_1" [receiver.cpp:144]   --->   Operation 76 'load' 'matched_I_0_load' <Predicate = (icmp_ln142)> <Delay = 3.25> <CoreInst = "RAM">   --->   Core 82 'RAM' <Latency = 1> <II = 1> <Delay = 3.25> <Storage> <Opcode : 'load' 'store'> <Ports = 2> <Width = 18> <Depth = 245> <RAM>
ST_1 : Operation 77 [2/2] (3.25ns)   --->   "%matched_Q_0_load = load i8 %matched_Q_0_addr_1" [receiver.cpp:145]   --->   Operation 77 'load' 'matched_Q_0_load' <Predicate = (icmp_ln142)> <Delay = 3.25> <CoreInst = "RAM">   --->   Core 82 'RAM' <Latency = 1> <II = 1> <Delay = 3.25> <Storage> <Opcode : 'load' 'store'> <Ports = 2> <Width = 18> <Depth = 245> <RAM>
ST_1 : Operation 78 [2/2] (3.25ns)   --->   "%matched_Q_12_load = load i8 %matched_Q_12_addr" [receiver.cpp:145]   --->   Operation 78 'load' 'matched_Q_12_load' <Predicate = (icmp_ln142)> <Delay = 3.25> <CoreInst = "RAM">   --->   Core 82 'RAM' <Latency = 1> <II = 1> <Delay = 3.25> <Storage> <Opcode : 'load' 'store'> <Ports = 2> <Width = 18> <Depth = 245> <RAM>
ST_1 : Operation 79 [2/2] (3.25ns)   --->   "%matched_Q_13_load = load i8 %matched_Q_13_addr" [receiver.cpp:145]   --->   Operation 79 'load' 'matched_Q_13_load' <Predicate = (icmp_ln142)> <Delay = 3.25> <CoreInst = "RAM">   --->   Core 82 'RAM' <Latency = 1> <II = 1> <Delay = 3.25> <Storage> <Opcode : 'load' 'store'> <Ports = 2> <Width = 18> <Depth = 245> <RAM>
ST_1 : Operation 80 [2/2] (3.25ns)   --->   "%matched_Q_14_load = load i8 %matched_Q_14_addr" [receiver.cpp:145]   --->   Operation 80 'load' 'matched_Q_14_load' <Predicate = (icmp_ln142)> <Delay = 3.25> <CoreInst = "RAM">   --->   Core 82 'RAM' <Latency = 1> <II = 1> <Delay = 3.25> <Storage> <Opcode : 'load' 'store'> <Ports = 2> <Width = 18> <Depth = 245> <RAM>
ST_1 : Operation 81 [2/2] (3.25ns)   --->   "%matched_Q_15_load = load i8 %matched_Q_15_addr" [receiver.cpp:145]   --->   Operation 81 'load' 'matched_Q_15_load' <Predicate = (icmp_ln142)> <Delay = 3.25> <CoreInst = "RAM">   --->   Core 82 'RAM' <Latency = 1> <II = 1> <Delay = 3.25> <Storage> <Opcode : 'load' 'store'> <Ports = 2> <Width = 18> <Depth = 245> <RAM>
ST_1 : Operation 82 [1/1] (1.58ns)   --->   "%store_ln142 = store i12 %add_ln144, i12 %i_8" [receiver.cpp:142]   --->   Operation 82 'store' 'store_ln142' <Predicate = (icmp_ln142)> <Delay = 1.58>

State 2 <SV = 1> <Delay = 3.25>
ST_2 : Operation 83 [1/2] (3.25ns)   --->   "%matched_I_1_load = load i8 %matched_I_1_addr" [receiver.cpp:144]   --->   Operation 83 'load' 'matched_I_1_load' <Predicate = true> <Delay = 3.25> <CoreInst = "RAM">   --->   Core 82 'RAM' <Latency = 1> <II = 1> <Delay = 3.25> <Storage> <Opcode : 'load' 'store'> <Ports = 2> <Width = 18> <Depth = 245> <RAM>
ST_2 : Operation 84 [1/2] (3.25ns)   --->   "%matched_I_2_load = load i8 %matched_I_2_addr" [receiver.cpp:144]   --->   Operation 84 'load' 'matched_I_2_load' <Predicate = true> <Delay = 3.25> <CoreInst = "RAM">   --->   Core 82 'RAM' <Latency = 1> <II = 1> <Delay = 3.25> <Storage> <Opcode : 'load' 'store'> <Ports = 2> <Width = 18> <Depth = 245> <RAM>
ST_2 : Operation 85 [1/2] (3.25ns)   --->   "%matched_I_3_load = load i8 %matched_I_3_addr" [receiver.cpp:144]   --->   Operation 85 'load' 'matched_I_3_load' <Predicate = true> <Delay = 3.25> <CoreInst = "RAM">   --->   Core 82 'RAM' <Latency = 1> <II = 1> <Delay = 3.25> <Storage> <Opcode : 'load' 'store'> <Ports = 2> <Width = 18> <Depth = 245> <RAM>
ST_2 : Operation 86 [1/2] (3.25ns)   --->   "%matched_I_4_load = load i8 %matched_I_4_addr" [receiver.cpp:144]   --->   Operation 86 'load' 'matched_I_4_load' <Predicate = true> <Delay = 3.25> <CoreInst = "RAM">   --->   Core 82 'RAM' <Latency = 1> <II = 1> <Delay = 3.25> <Storage> <Opcode : 'load' 'store'> <Ports = 2> <Width = 18> <Depth = 245> <RAM>
ST_2 : Operation 87 [1/2] (3.25ns)   --->   "%matched_I_5_load = load i8 %matched_I_5_addr" [receiver.cpp:144]   --->   Operation 87 'load' 'matched_I_5_load' <Predicate = true> <Delay = 3.25> <CoreInst = "RAM">   --->   Core 82 'RAM' <Latency = 1> <II = 1> <Delay = 3.25> <Storage> <Opcode : 'load' 'store'> <Ports = 2> <Width = 18> <Depth = 245> <RAM>
ST_2 : Operation 88 [1/2] (3.25ns)   --->   "%matched_I_6_load = load i8 %matched_I_6_addr" [receiver.cpp:144]   --->   Operation 88 'load' 'matched_I_6_load' <Predicate = true> <Delay = 3.25> <CoreInst = "RAM">   --->   Core 82 'RAM' <Latency = 1> <II = 1> <Delay = 3.25> <Storage> <Opcode : 'load' 'store'> <Ports = 2> <Width = 18> <Depth = 245> <RAM>
ST_2 : Operation 89 [1/2] (3.25ns)   --->   "%matched_I_7_load = load i8 %matched_I_7_addr" [receiver.cpp:144]   --->   Operation 89 'load' 'matched_I_7_load' <Predicate = true> <Delay = 3.25> <CoreInst = "RAM">   --->   Core 82 'RAM' <Latency = 1> <II = 1> <Delay = 3.25> <Storage> <Opcode : 'load' 'store'> <Ports = 2> <Width = 18> <Depth = 245> <RAM>
ST_2 : Operation 90 [1/2] (3.25ns)   --->   "%matched_I_8_load = load i8 %matched_I_8_addr" [receiver.cpp:144]   --->   Operation 90 'load' 'matched_I_8_load' <Predicate = true> <Delay = 3.25> <CoreInst = "RAM">   --->   Core 82 'RAM' <Latency = 1> <II = 1> <Delay = 3.25> <Storage> <Opcode : 'load' 'store'> <Ports = 2> <Width = 18> <Depth = 245> <RAM>
ST_2 : Operation 91 [1/2] (3.25ns)   --->   "%matched_I_9_load = load i8 %matched_I_9_addr" [receiver.cpp:144]   --->   Operation 91 'load' 'matched_I_9_load' <Predicate = true> <Delay = 3.25> <CoreInst = "RAM">   --->   Core 82 'RAM' <Latency = 1> <II = 1> <Delay = 3.25> <Storage> <Opcode : 'load' 'store'> <Ports = 2> <Width = 18> <Depth = 245> <RAM>
ST_2 : Operation 92 [1/2] (3.25ns)   --->   "%matched_I_10_load = load i8 %matched_I_10_addr" [receiver.cpp:144]   --->   Operation 92 'load' 'matched_I_10_load' <Predicate = true> <Delay = 3.25> <CoreInst = "RAM">   --->   Core 82 'RAM' <Latency = 1> <II = 1> <Delay = 3.25> <Storage> <Opcode : 'load' 'store'> <Ports = 2> <Width = 18> <Depth = 245> <RAM>
ST_2 : Operation 93 [1/2] (3.25ns)   --->   "%matched_I_11_load = load i8 %matched_I_11_addr" [receiver.cpp:144]   --->   Operation 93 'load' 'matched_I_11_load' <Predicate = true> <Delay = 3.25> <CoreInst = "RAM">   --->   Core 82 'RAM' <Latency = 1> <II = 1> <Delay = 3.25> <Storage> <Opcode : 'load' 'store'> <Ports = 2> <Width = 18> <Depth = 245> <RAM>
ST_2 : Operation 94 [1/2] (3.25ns)   --->   "%matched_Q_11_load = load i8 %matched_Q_11_addr" [receiver.cpp:145]   --->   Operation 94 'load' 'matched_Q_11_load' <Predicate = true> <Delay = 3.25> <CoreInst = "RAM">   --->   Core 82 'RAM' <Latency = 1> <II = 1> <Delay = 3.25> <Storage> <Opcode : 'load' 'store'> <Ports = 2> <Width = 18> <Depth = 245> <RAM>
ST_2 : Operation 95 [1/2] (3.25ns)   --->   "%matched_Q_1_load = load i8 %matched_Q_1_addr" [receiver.cpp:145]   --->   Operation 95 'load' 'matched_Q_1_load' <Predicate = true> <Delay = 3.25> <CoreInst = "RAM">   --->   Core 82 'RAM' <Latency = 1> <II = 1> <Delay = 3.25> <Storage> <Opcode : 'load' 'store'> <Ports = 2> <Width = 18> <Depth = 245> <RAM>
ST_2 : Operation 96 [1/2] (3.25ns)   --->   "%matched_Q_2_load = load i8 %matched_Q_2_addr" [receiver.cpp:145]   --->   Operation 96 'load' 'matched_Q_2_load' <Predicate = true> <Delay = 3.25> <CoreInst = "RAM">   --->   Core 82 'RAM' <Latency = 1> <II = 1> <Delay = 3.25> <Storage> <Opcode : 'load' 'store'> <Ports = 2> <Width = 18> <Depth = 245> <RAM>
ST_2 : Operation 97 [1/2] (3.25ns)   --->   "%matched_Q_3_load = load i8 %matched_Q_3_addr" [receiver.cpp:145]   --->   Operation 97 'load' 'matched_Q_3_load' <Predicate = true> <Delay = 3.25> <CoreInst = "RAM">   --->   Core 82 'RAM' <Latency = 1> <II = 1> <Delay = 3.25> <Storage> <Opcode : 'load' 'store'> <Ports = 2> <Width = 18> <Depth = 245> <RAM>
ST_2 : Operation 98 [1/2] (3.25ns)   --->   "%matched_Q_4_load = load i8 %matched_Q_4_addr" [receiver.cpp:145]   --->   Operation 98 'load' 'matched_Q_4_load' <Predicate = true> <Delay = 3.25> <CoreInst = "RAM">   --->   Core 82 'RAM' <Latency = 1> <II = 1> <Delay = 3.25> <Storage> <Opcode : 'load' 'store'> <Ports = 2> <Width = 18> <Depth = 245> <RAM>
ST_2 : Operation 99 [1/2] (3.25ns)   --->   "%matched_Q_5_load = load i8 %matched_Q_5_addr" [receiver.cpp:145]   --->   Operation 99 'load' 'matched_Q_5_load' <Predicate = true> <Delay = 3.25> <CoreInst = "RAM">   --->   Core 82 'RAM' <Latency = 1> <II = 1> <Delay = 3.25> <Storage> <Opcode : 'load' 'store'> <Ports = 2> <Width = 18> <Depth = 245> <RAM>
ST_2 : Operation 100 [1/2] (3.25ns)   --->   "%matched_Q_6_load = load i8 %matched_Q_6_addr" [receiver.cpp:145]   --->   Operation 100 'load' 'matched_Q_6_load' <Predicate = true> <Delay = 3.25> <CoreInst = "RAM">   --->   Core 82 'RAM' <Latency = 1> <II = 1> <Delay = 3.25> <Storage> <Opcode : 'load' 'store'> <Ports = 2> <Width = 18> <Depth = 245> <RAM>
ST_2 : Operation 101 [1/2] (3.25ns)   --->   "%matched_Q_7_load = load i8 %matched_Q_7_addr" [receiver.cpp:145]   --->   Operation 101 'load' 'matched_Q_7_load' <Predicate = true> <Delay = 3.25> <CoreInst = "RAM">   --->   Core 82 'RAM' <Latency = 1> <II = 1> <Delay = 3.25> <Storage> <Opcode : 'load' 'store'> <Ports = 2> <Width = 18> <Depth = 245> <RAM>
ST_2 : Operation 102 [1/2] (3.25ns)   --->   "%matched_Q_8_load = load i8 %matched_Q_8_addr" [receiver.cpp:145]   --->   Operation 102 'load' 'matched_Q_8_load' <Predicate = true> <Delay = 3.25> <CoreInst = "RAM">   --->   Core 82 'RAM' <Latency = 1> <II = 1> <Delay = 3.25> <Storage> <Opcode : 'load' 'store'> <Ports = 2> <Width = 18> <Depth = 245> <RAM>
ST_2 : Operation 103 [1/2] (3.25ns)   --->   "%matched_Q_9_load = load i8 %matched_Q_9_addr" [receiver.cpp:145]   --->   Operation 103 'load' 'matched_Q_9_load' <Predicate = true> <Delay = 3.25> <CoreInst = "RAM">   --->   Core 82 'RAM' <Latency = 1> <II = 1> <Delay = 3.25> <Storage> <Opcode : 'load' 'store'> <Ports = 2> <Width = 18> <Depth = 245> <RAM>
ST_2 : Operation 104 [1/2] (3.25ns)   --->   "%matched_Q_10_load = load i8 %matched_Q_10_addr" [receiver.cpp:145]   --->   Operation 104 'load' 'matched_Q_10_load' <Predicate = true> <Delay = 3.25> <CoreInst = "RAM">   --->   Core 82 'RAM' <Latency = 1> <II = 1> <Delay = 3.25> <Storage> <Opcode : 'load' 'store'> <Ports = 2> <Width = 18> <Depth = 245> <RAM>
ST_2 : Operation 105 [1/2] (3.25ns)   --->   "%matched_I_12_load = load i8 %matched_I_12_addr" [receiver.cpp:144]   --->   Operation 105 'load' 'matched_I_12_load' <Predicate = (icmp_ln142)> <Delay = 3.25> <CoreInst = "RAM">   --->   Core 82 'RAM' <Latency = 1> <II = 1> <Delay = 3.25> <Storage> <Opcode : 'load' 'store'> <Ports = 2> <Width = 18> <Depth = 245> <RAM>
ST_2 : Operation 106 [1/2] (3.25ns)   --->   "%matched_I_13_load = load i8 %matched_I_13_addr" [receiver.cpp:144]   --->   Operation 106 'load' 'matched_I_13_load' <Predicate = (icmp_ln142)> <Delay = 3.25> <CoreInst = "RAM">   --->   Core 82 'RAM' <Latency = 1> <II = 1> <Delay = 3.25> <Storage> <Opcode : 'load' 'store'> <Ports = 2> <Width = 18> <Depth = 245> <RAM>
ST_2 : Operation 107 [1/2] (3.25ns)   --->   "%matched_I_14_load = load i8 %matched_I_14_addr" [receiver.cpp:144]   --->   Operation 107 'load' 'matched_I_14_load' <Predicate = (icmp_ln142)> <Delay = 3.25> <CoreInst = "RAM">   --->   Core 82 'RAM' <Latency = 1> <II = 1> <Delay = 3.25> <Storage> <Opcode : 'load' 'store'> <Ports = 2> <Width = 18> <Depth = 245> <RAM>
ST_2 : Operation 108 [1/2] (3.25ns)   --->   "%matched_I_15_load = load i8 %matched_I_15_addr" [receiver.cpp:144]   --->   Operation 108 'load' 'matched_I_15_load' <Predicate = (icmp_ln142)> <Delay = 3.25> <CoreInst = "RAM">   --->   Core 82 'RAM' <Latency = 1> <II = 1> <Delay = 3.25> <Storage> <Opcode : 'load' 'store'> <Ports = 2> <Width = 18> <Depth = 245> <RAM>
ST_2 : Operation 109 [1/2] (3.25ns)   --->   "%matched_I_0_load = load i8 %matched_I_0_addr_1" [receiver.cpp:144]   --->   Operation 109 'load' 'matched_I_0_load' <Predicate = (icmp_ln142)> <Delay = 3.25> <CoreInst = "RAM">   --->   Core 82 'RAM' <Latency = 1> <II = 1> <Delay = 3.25> <Storage> <Opcode : 'load' 'store'> <Ports = 2> <Width = 18> <Depth = 245> <RAM>
ST_2 : Operation 110 [1/2] (3.25ns)   --->   "%matched_Q_0_load = load i8 %matched_Q_0_addr_1" [receiver.cpp:145]   --->   Operation 110 'load' 'matched_Q_0_load' <Predicate = (icmp_ln142)> <Delay = 3.25> <CoreInst = "RAM">   --->   Core 82 'RAM' <Latency = 1> <II = 1> <Delay = 3.25> <Storage> <Opcode : 'load' 'store'> <Ports = 2> <Width = 18> <Depth = 245> <RAM>
ST_2 : Operation 111 [1/2] (3.25ns)   --->   "%matched_Q_12_load = load i8 %matched_Q_12_addr" [receiver.cpp:145]   --->   Operation 111 'load' 'matched_Q_12_load' <Predicate = (icmp_ln142)> <Delay = 3.25> <CoreInst = "RAM">   --->   Core 82 'RAM' <Latency = 1> <II = 1> <Delay = 3.25> <Storage> <Opcode : 'load' 'store'> <Ports = 2> <Width = 18> <Depth = 245> <RAM>
ST_2 : Operation 112 [1/2] (3.25ns)   --->   "%matched_Q_13_load = load i8 %matched_Q_13_addr" [receiver.cpp:145]   --->   Operation 112 'load' 'matched_Q_13_load' <Predicate = (icmp_ln142)> <Delay = 3.25> <CoreInst = "RAM">   --->   Core 82 'RAM' <Latency = 1> <II = 1> <Delay = 3.25> <Storage> <Opcode : 'load' 'store'> <Ports = 2> <Width = 18> <Depth = 245> <RAM>
ST_2 : Operation 113 [1/2] (3.25ns)   --->   "%matched_Q_14_load = load i8 %matched_Q_14_addr" [receiver.cpp:145]   --->   Operation 113 'load' 'matched_Q_14_load' <Predicate = (icmp_ln142)> <Delay = 3.25> <CoreInst = "RAM">   --->   Core 82 'RAM' <Latency = 1> <II = 1> <Delay = 3.25> <Storage> <Opcode : 'load' 'store'> <Ports = 2> <Width = 18> <Depth = 245> <RAM>
ST_2 : Operation 114 [1/2] (3.25ns)   --->   "%matched_Q_15_load = load i8 %matched_Q_15_addr" [receiver.cpp:145]   --->   Operation 114 'load' 'matched_Q_15_load' <Predicate = (icmp_ln142)> <Delay = 3.25> <CoreInst = "RAM">   --->   Core 82 'RAM' <Latency = 1> <II = 1> <Delay = 3.25> <Storage> <Opcode : 'load' 'store'> <Ports = 2> <Width = 18> <Depth = 245> <RAM>

State 3 <SV = 2> <Delay = 3.25>
ST_3 : Operation 115 [1/1] (0.00ns)   --->   "%specpipeline_ln0 = specpipeline void @_ssdm_op_SpecPipeline, i32 4294967295, i32 0, i32 1, i32 0, void @p_str"   --->   Operation 115 'specpipeline' 'specpipeline_ln0' <Predicate = true> <Delay = 0.00>
ST_3 : Operation 116 [1/1] (0.00ns)   --->   "%specloopname_ln142 = specloopname void @_ssdm_op_SpecLoopName, void @empty_19" [receiver.cpp:142]   --->   Operation 116 'specloopname' 'specloopname_ln142' <Predicate = true> <Delay = 0.00>
ST_3 : Operation 117 [1/1] (0.00ns)   --->   "%matched_I_0_addr = getelementptr i18 %matched_I_0, i64 0, i64 %zext_ln142" [receiver.cpp:144]   --->   Operation 117 'getelementptr' 'matched_I_0_addr' <Predicate = true> <Delay = 0.00>
ST_3 : Operation 118 [1/1] (0.00ns)   --->   "%matched_Q_0_addr = getelementptr i18 %matched_Q_0, i64 0, i64 %zext_ln142" [receiver.cpp:145]   --->   Operation 118 'getelementptr' 'matched_Q_0_addr' <Predicate = true> <Delay = 0.00>
ST_3 : Operation 119 [1/1] (3.25ns)   --->   "%store_ln144 = store i18 %matched_I_1_load, i8 %matched_I_0_addr" [receiver.cpp:144]   --->   Operation 119 'store' 'store_ln144' <Predicate = true> <Delay = 3.25> <CoreInst = "RAM">   --->   Core 82 'RAM' <Latency = 1> <II = 1> <Delay = 3.25> <Storage> <Opcode : 'load' 'store'> <Ports = 2> <Width = 18> <Depth = 245> <RAM>
ST_3 : Operation 120 [1/1] (3.25ns)   --->   "%store_ln144 = store i18 %matched_I_2_load, i8 %matched_I_1_addr" [receiver.cpp:144]   --->   Operation 120 'store' 'store_ln144' <Predicate = true> <Delay = 3.25> <CoreInst = "RAM">   --->   Core 82 'RAM' <Latency = 1> <II = 1> <Delay = 3.25> <Storage> <Opcode : 'load' 'store'> <Ports = 2> <Width = 18> <Depth = 245> <RAM>
ST_3 : Operation 121 [1/1] (3.25ns)   --->   "%store_ln144 = store i18 %matched_I_3_load, i8 %matched_I_2_addr" [receiver.cpp:144]   --->   Operation 121 'store' 'store_ln144' <Predicate = true> <Delay = 3.25> <CoreInst = "RAM">   --->   Core 82 'RAM' <Latency = 1> <II = 1> <Delay = 3.25> <Storage> <Opcode : 'load' 'store'> <Ports = 2> <Width = 18> <Depth = 245> <RAM>
ST_3 : Operation 122 [1/1] (3.25ns)   --->   "%store_ln144 = store i18 %matched_I_4_load, i8 %matched_I_3_addr" [receiver.cpp:144]   --->   Operation 122 'store' 'store_ln144' <Predicate = true> <Delay = 3.25> <CoreInst = "RAM">   --->   Core 82 'RAM' <Latency = 1> <II = 1> <Delay = 3.25> <Storage> <Opcode : 'load' 'store'> <Ports = 2> <Width = 18> <Depth = 245> <RAM>
ST_3 : Operation 123 [1/1] (3.25ns)   --->   "%store_ln144 = store i18 %matched_I_5_load, i8 %matched_I_4_addr" [receiver.cpp:144]   --->   Operation 123 'store' 'store_ln144' <Predicate = true> <Delay = 3.25> <CoreInst = "RAM">   --->   Core 82 'RAM' <Latency = 1> <II = 1> <Delay = 3.25> <Storage> <Opcode : 'load' 'store'> <Ports = 2> <Width = 18> <Depth = 245> <RAM>
ST_3 : Operation 124 [1/1] (3.25ns)   --->   "%store_ln144 = store i18 %matched_I_6_load, i8 %matched_I_5_addr" [receiver.cpp:144]   --->   Operation 124 'store' 'store_ln144' <Predicate = true> <Delay = 3.25> <CoreInst = "RAM">   --->   Core 82 'RAM' <Latency = 1> <II = 1> <Delay = 3.25> <Storage> <Opcode : 'load' 'store'> <Ports = 2> <Width = 18> <Depth = 245> <RAM>
ST_3 : Operation 125 [1/1] (3.25ns)   --->   "%store_ln144 = store i18 %matched_I_7_load, i8 %matched_I_6_addr" [receiver.cpp:144]   --->   Operation 125 'store' 'store_ln144' <Predicate = true> <Delay = 3.25> <CoreInst = "RAM">   --->   Core 82 'RAM' <Latency = 1> <II = 1> <Delay = 3.25> <Storage> <Opcode : 'load' 'store'> <Ports = 2> <Width = 18> <Depth = 245> <RAM>
ST_3 : Operation 126 [1/1] (3.25ns)   --->   "%store_ln144 = store i18 %matched_I_8_load, i8 %matched_I_7_addr" [receiver.cpp:144]   --->   Operation 126 'store' 'store_ln144' <Predicate = true> <Delay = 3.25> <CoreInst = "RAM">   --->   Core 82 'RAM' <Latency = 1> <II = 1> <Delay = 3.25> <Storage> <Opcode : 'load' 'store'> <Ports = 2> <Width = 18> <Depth = 245> <RAM>
ST_3 : Operation 127 [1/1] (3.25ns)   --->   "%store_ln144 = store i18 %matched_I_9_load, i8 %matched_I_8_addr" [receiver.cpp:144]   --->   Operation 127 'store' 'store_ln144' <Predicate = true> <Delay = 3.25> <CoreInst = "RAM">   --->   Core 82 'RAM' <Latency = 1> <II = 1> <Delay = 3.25> <Storage> <Opcode : 'load' 'store'> <Ports = 2> <Width = 18> <Depth = 245> <RAM>
ST_3 : Operation 128 [1/1] (3.25ns)   --->   "%store_ln144 = store i18 %matched_I_10_load, i8 %matched_I_9_addr" [receiver.cpp:144]   --->   Operation 128 'store' 'store_ln144' <Predicate = true> <Delay = 3.25> <CoreInst = "RAM">   --->   Core 82 'RAM' <Latency = 1> <II = 1> <Delay = 3.25> <Storage> <Opcode : 'load' 'store'> <Ports = 2> <Width = 18> <Depth = 245> <RAM>
ST_3 : Operation 129 [1/1] (3.25ns)   --->   "%store_ln144 = store i18 %matched_I_11_load, i8 %matched_I_10_addr" [receiver.cpp:144]   --->   Operation 129 'store' 'store_ln144' <Predicate = true> <Delay = 3.25> <CoreInst = "RAM">   --->   Core 82 'RAM' <Latency = 1> <II = 1> <Delay = 3.25> <Storage> <Opcode : 'load' 'store'> <Ports = 2> <Width = 18> <Depth = 245> <RAM>
ST_3 : Operation 130 [1/1] (3.25ns)   --->   "%store_ln145 = store i18 %matched_Q_1_load, i8 %matched_Q_0_addr" [receiver.cpp:145]   --->   Operation 130 'store' 'store_ln145' <Predicate = true> <Delay = 3.25> <CoreInst = "RAM">   --->   Core 82 'RAM' <Latency = 1> <II = 1> <Delay = 3.25> <Storage> <Opcode : 'load' 'store'> <Ports = 2> <Width = 18> <Depth = 245> <RAM>
ST_3 : Operation 131 [1/1] (3.25ns)   --->   "%store_ln145 = store i18 %matched_Q_2_load, i8 %matched_Q_1_addr" [receiver.cpp:145]   --->   Operation 131 'store' 'store_ln145' <Predicate = true> <Delay = 3.25> <CoreInst = "RAM">   --->   Core 82 'RAM' <Latency = 1> <II = 1> <Delay = 3.25> <Storage> <Opcode : 'load' 'store'> <Ports = 2> <Width = 18> <Depth = 245> <RAM>
ST_3 : Operation 132 [1/1] (3.25ns)   --->   "%store_ln145 = store i18 %matched_Q_3_load, i8 %matched_Q_2_addr" [receiver.cpp:145]   --->   Operation 132 'store' 'store_ln145' <Predicate = true> <Delay = 3.25> <CoreInst = "RAM">   --->   Core 82 'RAM' <Latency = 1> <II = 1> <Delay = 3.25> <Storage> <Opcode : 'load' 'store'> <Ports = 2> <Width = 18> <Depth = 245> <RAM>
ST_3 : Operation 133 [1/1] (3.25ns)   --->   "%store_ln145 = store i18 %matched_Q_4_load, i8 %matched_Q_3_addr" [receiver.cpp:145]   --->   Operation 133 'store' 'store_ln145' <Predicate = true> <Delay = 3.25> <CoreInst = "RAM">   --->   Core 82 'RAM' <Latency = 1> <II = 1> <Delay = 3.25> <Storage> <Opcode : 'load' 'store'> <Ports = 2> <Width = 18> <Depth = 245> <RAM>
ST_3 : Operation 134 [1/1] (3.25ns)   --->   "%store_ln145 = store i18 %matched_Q_5_load, i8 %matched_Q_4_addr" [receiver.cpp:145]   --->   Operation 134 'store' 'store_ln145' <Predicate = true> <Delay = 3.25> <CoreInst = "RAM">   --->   Core 82 'RAM' <Latency = 1> <II = 1> <Delay = 3.25> <Storage> <Opcode : 'load' 'store'> <Ports = 2> <Width = 18> <Depth = 245> <RAM>
ST_3 : Operation 135 [1/1] (3.25ns)   --->   "%store_ln145 = store i18 %matched_Q_6_load, i8 %matched_Q_5_addr" [receiver.cpp:145]   --->   Operation 135 'store' 'store_ln145' <Predicate = true> <Delay = 3.25> <CoreInst = "RAM">   --->   Core 82 'RAM' <Latency = 1> <II = 1> <Delay = 3.25> <Storage> <Opcode : 'load' 'store'> <Ports = 2> <Width = 18> <Depth = 245> <RAM>
ST_3 : Operation 136 [1/1] (3.25ns)   --->   "%store_ln145 = store i18 %matched_Q_7_load, i8 %matched_Q_6_addr" [receiver.cpp:145]   --->   Operation 136 'store' 'store_ln145' <Predicate = true> <Delay = 3.25> <CoreInst = "RAM">   --->   Core 82 'RAM' <Latency = 1> <II = 1> <Delay = 3.25> <Storage> <Opcode : 'load' 'store'> <Ports = 2> <Width = 18> <Depth = 245> <RAM>
ST_3 : Operation 137 [1/1] (3.25ns)   --->   "%store_ln145 = store i18 %matched_Q_8_load, i8 %matched_Q_7_addr" [receiver.cpp:145]   --->   Operation 137 'store' 'store_ln145' <Predicate = true> <Delay = 3.25> <CoreInst = "RAM">   --->   Core 82 'RAM' <Latency = 1> <II = 1> <Delay = 3.25> <Storage> <Opcode : 'load' 'store'> <Ports = 2> <Width = 18> <Depth = 245> <RAM>
ST_3 : Operation 138 [1/1] (3.25ns)   --->   "%store_ln145 = store i18 %matched_Q_9_load, i8 %matched_Q_8_addr" [receiver.cpp:145]   --->   Operation 138 'store' 'store_ln145' <Predicate = true> <Delay = 3.25> <CoreInst = "RAM">   --->   Core 82 'RAM' <Latency = 1> <II = 1> <Delay = 3.25> <Storage> <Opcode : 'load' 'store'> <Ports = 2> <Width = 18> <Depth = 245> <RAM>
ST_3 : Operation 139 [1/1] (3.25ns)   --->   "%store_ln145 = store i18 %matched_Q_10_load, i8 %matched_Q_9_addr" [receiver.cpp:145]   --->   Operation 139 'store' 'store_ln145' <Predicate = true> <Delay = 3.25> <CoreInst = "RAM">   --->   Core 82 'RAM' <Latency = 1> <II = 1> <Delay = 3.25> <Storage> <Opcode : 'load' 'store'> <Ports = 2> <Width = 18> <Depth = 245> <RAM>
ST_3 : Operation 140 [1/1] (3.25ns)   --->   "%store_ln145 = store i18 %matched_Q_11_load, i8 %matched_Q_10_addr" [receiver.cpp:145]   --->   Operation 140 'store' 'store_ln145' <Predicate = true> <Delay = 3.25> <CoreInst = "RAM">   --->   Core 82 'RAM' <Latency = 1> <II = 1> <Delay = 3.25> <Storage> <Opcode : 'load' 'store'> <Ports = 2> <Width = 18> <Depth = 245> <RAM>
ST_3 : Operation 141 [1/1] (0.00ns)   --->   "%speclooptripcount_ln0 = speclooptripcount void @_ssdm_op_SpecLoopTripCount, i64 244, i64 244, i64 244"   --->   Operation 141 'speclooptripcount' 'speclooptripcount_ln0' <Predicate = true> <Delay = 0.00>
ST_3 : Operation 142 [1/1] (3.25ns)   --->   "%store_ln144 = store i18 %matched_I_12_load, i8 %matched_I_11_addr" [receiver.cpp:144]   --->   Operation 142 'store' 'store_ln144' <Predicate = (icmp_ln142)> <Delay = 3.25> <CoreInst = "RAM">   --->   Core 82 'RAM' <Latency = 1> <II = 1> <Delay = 3.25> <Storage> <Opcode : 'load' 'store'> <Ports = 2> <Width = 18> <Depth = 245> <RAM>
ST_3 : Operation 143 [1/1] (3.25ns)   --->   "%store_ln144 = store i18 %matched_I_13_load, i8 %matched_I_12_addr" [receiver.cpp:144]   --->   Operation 143 'store' 'store_ln144' <Predicate = (icmp_ln142)> <Delay = 3.25> <CoreInst = "RAM">   --->   Core 82 'RAM' <Latency = 1> <II = 1> <Delay = 3.25> <Storage> <Opcode : 'load' 'store'> <Ports = 2> <Width = 18> <Depth = 245> <RAM>
ST_3 : Operation 144 [1/1] (3.25ns)   --->   "%store_ln144 = store i18 %matched_I_14_load, i8 %matched_I_13_addr" [receiver.cpp:144]   --->   Operation 144 'store' 'store_ln144' <Predicate = (icmp_ln142)> <Delay = 3.25> <CoreInst = "RAM">   --->   Core 82 'RAM' <Latency = 1> <II = 1> <Delay = 3.25> <Storage> <Opcode : 'load' 'store'> <Ports = 2> <Width = 18> <Depth = 245> <RAM>
ST_3 : Operation 145 [1/1] (3.25ns)   --->   "%store_ln144 = store i18 %matched_I_15_load, i8 %matched_I_14_addr" [receiver.cpp:144]   --->   Operation 145 'store' 'store_ln144' <Predicate = (icmp_ln142)> <Delay = 3.25> <CoreInst = "RAM">   --->   Core 82 'RAM' <Latency = 1> <II = 1> <Delay = 3.25> <Storage> <Opcode : 'load' 'store'> <Ports = 2> <Width = 18> <Depth = 245> <RAM>
ST_3 : Operation 146 [1/1] (3.25ns)   --->   "%store_ln144 = store i18 %matched_I_0_load, i8 %matched_I_15_addr" [receiver.cpp:144]   --->   Operation 146 'store' 'store_ln144' <Predicate = (icmp_ln142)> <Delay = 3.25> <CoreInst = "RAM">   --->   Core 82 'RAM' <Latency = 1> <II = 1> <Delay = 3.25> <Storage> <Opcode : 'load' 'store'> <Ports = 2> <Width = 18> <Depth = 245> <RAM>
ST_3 : Operation 147 [1/1] (3.25ns)   --->   "%store_ln145 = store i18 %matched_Q_12_load, i8 %matched_Q_11_addr" [receiver.cpp:145]   --->   Operation 147 'store' 'store_ln145' <Predicate = (icmp_ln142)> <Delay = 3.25> <CoreInst = "RAM">   --->   Core 82 'RAM' <Latency = 1> <II = 1> <Delay = 3.25> <Storage> <Opcode : 'load' 'store'> <Ports = 2> <Width = 18> <Depth = 245> <RAM>
ST_3 : Operation 148 [1/1] (3.25ns)   --->   "%store_ln145 = store i18 %matched_Q_13_load, i8 %matched_Q_12_addr" [receiver.cpp:145]   --->   Operation 148 'store' 'store_ln145' <Predicate = (icmp_ln142)> <Delay = 3.25> <CoreInst = "RAM">   --->   Core 82 'RAM' <Latency = 1> <II = 1> <Delay = 3.25> <Storage> <Opcode : 'load' 'store'> <Ports = 2> <Width = 18> <Depth = 245> <RAM>
ST_3 : Operation 149 [1/1] (3.25ns)   --->   "%store_ln145 = store i18 %matched_Q_14_load, i8 %matched_Q_13_addr" [receiver.cpp:145]   --->   Operation 149 'store' 'store_ln145' <Predicate = (icmp_ln142)> <Delay = 3.25> <CoreInst = "RAM">   --->   Core 82 'RAM' <Latency = 1> <II = 1> <Delay = 3.25> <Storage> <Opcode : 'load' 'store'> <Ports = 2> <Width = 18> <Depth = 245> <RAM>
ST_3 : Operation 150 [1/1] (3.25ns)   --->   "%store_ln145 = store i18 %matched_Q_15_load, i8 %matched_Q_14_addr" [receiver.cpp:145]   --->   Operation 150 'store' 'store_ln145' <Predicate = (icmp_ln142)> <Delay = 3.25> <CoreInst = "RAM">   --->   Core 82 'RAM' <Latency = 1> <II = 1> <Delay = 3.25> <Storage> <Opcode : 'load' 'store'> <Ports = 2> <Width = 18> <Depth = 245> <RAM>
ST_3 : Operation 151 [1/1] (3.25ns)   --->   "%store_ln145 = store i18 %matched_Q_0_load, i8 %matched_Q_15_addr" [receiver.cpp:145]   --->   Operation 151 'store' 'store_ln145' <Predicate = (icmp_ln142)> <Delay = 3.25> <CoreInst = "RAM">   --->   Core 82 'RAM' <Latency = 1> <II = 1> <Delay = 3.25> <Storage> <Opcode : 'load' 'store'> <Ports = 2> <Width = 18> <Depth = 245> <RAM>
ST_3 : Operation 152 [1/1] (0.00ns)   --->   "%br_ln142 = br void %for.inc321.0.split" [receiver.cpp:142]   --->   Operation 152 'br' 'br_ln142' <Predicate = (icmp_ln142)> <Delay = 0.00>
ST_3 : Operation 153 [1/1] (0.00ns)   --->   "%ret_ln0 = ret"   --->   Operation 153 'ret' 'ret_ln0' <Predicate = (!icmp_ln142)> <Delay = 0.00>


============================================================
+ Verbose Summary: Timing violations
============================================================
Target clock period: 8.000ns, clock uncertainty: 2.160ns.

 <State 1>: 5.169ns
The critical path consists of the following:
	'alloca' operation ('i') [33]  (0.000 ns)
	'load' operation ('i', receiver.cpp:144) on local variable 'i' [37]  (0.000 ns)
	'add' operation ('add_ln144_1', receiver.cpp:144) [125]  (1.915 ns)
	'getelementptr' operation ('matched_I_0_addr_1', receiver.cpp:144) [127]  (0.000 ns)
	'load' operation ('matched_I_0_load', receiver.cpp:144) on array 'matched_I_0' [132]  (3.254 ns)

 <State 2>: 3.254ns
The critical path consists of the following:
	'load' operation ('matched_I_12_load', receiver.cpp:144) on array 'matched_I_12' [116]  (3.254 ns)

 <State 3>: 3.254ns
The critical path consists of the following:
	'store' operation ('store_ln144', receiver.cpp:144) of variable 'matched_I_12_load', receiver.cpp:144 on array 'matched_I_11' [133]  (3.254 ns)


============================================================
+ Verbose Summary: Binding
============================================================
N/A
* FSMD analyzer results:
  - Output states:
 - Input state : 
  - Chain level:
	State 1
	State 2
	State 3


============================================================
+ Verbose Summary: Datapath Resource usage 
============================================================
N/A
