

================================================================
== Vitis HLS Report for 'receiver_Pipeline_VITIS_LOOP_136_9'
================================================================
* Date:           Sat May 11 11:31:35 2024

* Version:        2022.2 (Build 3670227 on Oct 13 2022)
* Project:        receiver
* Solution:       solution1 (Vivado IP Flow Target)
* Product family: zynq
* Target device:  xc7z020-clg400-1


================================================================
== Performance Estimates
================================================================
+ Timing: 
    * Summary: 
    +--------+---------+----------+------------+
    |  Clock |  Target | Estimated| Uncertainty|
    +--------+---------+----------+------------+
    |ap_clk  |  8.00 ns|  4.458 ns|     2.16 ns|
    +--------+---------+----------+------------+

+ Latency: 
    * Summary: 
    +---------+---------+-----------+-----------+-----+-----+---------+
    |  Latency (cycles) |   Latency (absolute)  |  Interval | Pipeline|
    |   min   |   max   |    min    |    max    | min | max |   Type  |
    +---------+---------+-----------+-----------+-----+-----+---------+
    |        6|        6|  48.000 ns|  48.000 ns|    6|    6|       no|
    +---------+---------+-----------+-----------+-----+-----+---------+

    + Detail: 
        * Instance: 
        N/A

        * Loop: 
        +--------------------+---------+---------+----------+-----------+-----------+------+----------+
        |                    |  Latency (cycles) | Iteration|  Initiation Interval  | Trip |          |
        |      Loop Name     |   min   |   max   |  Latency |  achieved |   target  | Count| Pipelined|
        +--------------------+---------+---------+----------+-----------+-----------+------+----------+
        |- VITIS_LOOP_136_9  |        4|        4|         3|          1|          1|     3|       yes|
        +--------------------+---------+---------+----------+-----------+-----------+------+----------+



================================================================
== Utilization Estimates
================================================================
* Summary: 
+-----------------+---------+-----+--------+-------+-----+
|       Name      | BRAM_18K| DSP |   FF   |  LUT  | URAM|
+-----------------+---------+-----+--------+-------+-----+
|DSP              |        -|    -|       -|      -|    -|
|Expression       |        -|    -|       0|     74|    -|
|FIFO             |        -|    -|       -|      -|    -|
|Instance         |        -|    -|       -|      -|    -|
|Memory           |        -|    -|       -|      -|    -|
|Multiplexer      |        -|    -|       -|     54|    -|
|Register         |        -|    -|     157|      -|    -|
+-----------------+---------+-----+--------+-------+-----+
|Total            |        0|    0|     157|    128|    0|
+-----------------+---------+-----+--------+-------+-----+
|Available        |      280|  220|  106400|  53200|    0|
+-----------------+---------+-----+--------+-------+-----+
|Utilization (%)  |        0|    0|      ~0|     ~0|    0|
+-----------------+---------+-----+--------+-------+-----+

+ Detail: 
    * Instance: 
    N/A

    * DSP: 
    N/A

    * Memory: 
    N/A

    * FIFO: 
    N/A

    * Expression: 
    +--------------------------+----------+----+---+----+------------+------------+
    |       Variable Name      | Operation| DSP| FF| LUT| Bitwidth P0| Bitwidth P1|
    +--------------------------+----------+----+---+----+------------+------------+
    |add_ln136_fu_228_p2       |         +|   0|  0|  11|           3|           2|
    |filt_6_I_V_1_4_fu_239_p2  |         +|   0|  0|  25|          18|          18|
    |filt_6_Q_V_1_4_fu_255_p2  |         +|   0|  0|  25|          18|          18|
    |icmp_ln136_fu_194_p2      |      icmp|   0|  0|   8|           3|           3|
    |or_ln137_fu_206_p2        |        or|   0|  0|   3|           3|           1|
    |ap_enable_pp0             |       xor|   0|  0|   2|           1|           2|
    +--------------------------+----------+----+---+----+------------+------------+
    |Total                     |          |   0|  0|  74|          46|          44|
    +--------------------------+----------+----+---+----+------------+------------+

    * Multiplexer: 
    +-------------------------+----+-----------+-----+-----------+
    |           Name          | LUT| Input Size| Bits| Total Bits|
    +-------------------------+----+-----------+-----+-----------+
    |ap_done_int              |   9|          2|    1|          2|
    |ap_enable_reg_pp0_iter1  |   9|          2|    1|          2|
    |ap_sig_allocacmp_i       |   9|          2|    3|          6|
    |filt_6_I_V_1_fu_60       |   9|          2|   18|         36|
    |filt_6_Q_V_1_fu_72       |   9|          2|   18|         36|
    |i_8_fu_56                |   9|          2|    3|          6|
    +-------------------------+----+-----------+-----+-----------+
    |Total                    |  54|         12|   44|         88|
    +-------------------------+----+-----------+-----+-----------+

    * Register: 
    +----------------------------------+----+----+-----+-----------+
    |               Name               | FF | LUT| Bits| Const Bits|
    +----------------------------------+----+----+-----+-----------+
    |ap_CS_fsm                         |   1|   0|    1|          0|
    |ap_done_reg                       |   1|   0|    1|          0|
    |ap_enable_reg_pp0_iter1           |   1|   0|    1|          0|
    |ap_enable_reg_pp0_iter2           |   1|   0|    1|          0|
    |ap_loop_exit_ready_pp0_iter1_reg  |   1|   0|    1|          0|
    |filt_6_I_V_1_1_fu_64              |  18|   0|   18|          0|
    |filt_6_I_V_1_2_fu_68              |  18|   0|   18|          0|
    |filt_6_I_V_1_4_reg_376            |  18|   0|   18|          0|
    |filt_6_I_V_1_fu_60                |  18|   0|   18|          0|
    |filt_6_Q_V_1_1_fu_76              |  18|   0|   18|          0|
    |filt_6_Q_V_1_2_fu_80              |  18|   0|   18|          0|
    |filt_6_Q_V_1_4_reg_381            |  18|   0|   18|          0|
    |filt_6_Q_V_1_fu_72                |  18|   0|   18|          0|
    |i_8_fu_56                         |   3|   0|    3|          0|
    |icmp_ln136_reg_348                |   1|   0|    1|          0|
    |trunc_ln2_reg_362                 |   2|   0|    2|          0|
    |trunc_ln2_reg_362_pp0_iter1_reg   |   2|   0|    2|          0|
    +----------------------------------+----+----+-----+-----------+
    |Total                             | 157|   0|  157|          0|
    +----------------------------------+----+----+-----+-----------+



================================================================
== Interface
================================================================
* Summary: 
+------------------------------+-----+-----+------------+------------------------------------+--------------+
|           RTL Ports          | Dir | Bits|  Protocol  |            Source Object           |    C Type    |
+------------------------------+-----+-----+------------+------------------------------------+--------------+
|ap_clk                        |   in|    1|  ap_ctrl_hs|  receiver_Pipeline_VITIS_LOOP_136_9|  return value|
|ap_rst                        |   in|    1|  ap_ctrl_hs|  receiver_Pipeline_VITIS_LOOP_136_9|  return value|
|ap_start                      |   in|    1|  ap_ctrl_hs|  receiver_Pipeline_VITIS_LOOP_136_9|  return value|
|ap_done                       |  out|    1|  ap_ctrl_hs|  receiver_Pipeline_VITIS_LOOP_136_9|  return value|
|ap_idle                       |  out|    1|  ap_ctrl_hs|  receiver_Pipeline_VITIS_LOOP_136_9|  return value|
|ap_ready                      |  out|    1|  ap_ctrl_hs|  receiver_Pipeline_VITIS_LOOP_136_9|  return value|
|filt_5_Q_V_address0           |  out|    3|   ap_memory|                          filt_5_Q_V|         array|
|filt_5_Q_V_ce0                |  out|    1|   ap_memory|                          filt_5_Q_V|         array|
|filt_5_Q_V_q0                 |   in|   18|   ap_memory|                          filt_5_Q_V|         array|
|filt_5_Q_V_address1           |  out|    3|   ap_memory|                          filt_5_Q_V|         array|
|filt_5_Q_V_ce1                |  out|    1|   ap_memory|                          filt_5_Q_V|         array|
|filt_5_Q_V_q1                 |   in|   18|   ap_memory|                          filt_5_Q_V|         array|
|filt_5_I_V_address0           |  out|    3|   ap_memory|                          filt_5_I_V|         array|
|filt_5_I_V_ce0                |  out|    1|   ap_memory|                          filt_5_I_V|         array|
|filt_5_I_V_q0                 |   in|   18|   ap_memory|                          filt_5_I_V|         array|
|filt_5_I_V_address1           |  out|    3|   ap_memory|                          filt_5_I_V|         array|
|filt_5_I_V_ce1                |  out|    1|   ap_memory|                          filt_5_I_V|         array|
|filt_5_I_V_q1                 |   in|   18|   ap_memory|                          filt_5_I_V|         array|
|filt_6_Q_V_2_0119_out         |  out|   18|      ap_vld|               filt_6_Q_V_2_0119_out|       pointer|
|filt_6_Q_V_2_0119_out_ap_vld  |  out|    1|      ap_vld|               filt_6_Q_V_2_0119_out|       pointer|
|filt_6_Q_V_1_0118_out         |  out|   18|      ap_vld|               filt_6_Q_V_1_0118_out|       pointer|
|filt_6_Q_V_1_0118_out_ap_vld  |  out|    1|      ap_vld|               filt_6_Q_V_1_0118_out|       pointer|
|filt_6_Q_V_0_0_out            |  out|   18|      ap_vld|                  filt_6_Q_V_0_0_out|       pointer|
|filt_6_Q_V_0_0_out_ap_vld     |  out|    1|      ap_vld|                  filt_6_Q_V_0_0_out|       pointer|
|filt_6_I_V_2_0117_out         |  out|   18|      ap_vld|               filt_6_I_V_2_0117_out|       pointer|
|filt_6_I_V_2_0117_out_ap_vld  |  out|    1|      ap_vld|               filt_6_I_V_2_0117_out|       pointer|
|filt_6_I_V_1_0116_out         |  out|   18|      ap_vld|               filt_6_I_V_1_0116_out|       pointer|
|filt_6_I_V_1_0116_out_ap_vld  |  out|    1|      ap_vld|               filt_6_I_V_1_0116_out|       pointer|
|filt_6_I_V_0_0_out            |  out|   18|      ap_vld|                  filt_6_I_V_0_0_out|       pointer|
|filt_6_I_V_0_0_out_ap_vld     |  out|    1|      ap_vld|                  filt_6_I_V_0_0_out|       pointer|
+------------------------------+-----+-----+------------+------------------------------------+--------------+

============================================================
+ Verbose Summary: Synthesis Manager
============================================================
InlineROM: 1
ExposeGlobal: 0
============================================================
+ Verbose Summary: CDFG Model
============================================================
IsTopModel: 0
ResetActiveHigh: 1
IsCombinational: 2
IsDatapathOnly: 2
HasWiredReturn: 1
HasMFsm: 2
HasVarLatency: 1
IsPipeline: 0
IsRtlPipelined: 0
IsInstanceOverlapped: 0
IsDontTouch: 0
HasImplIP: 0
IsGatedGlobalClock: 0

+ Individual pipeline summary: 
  * Pipeline-0: initiation interval (II) = 1, depth = 3


============================================================
+ Verbose Summary: Schedule
============================================================
* Number of FSM states : 3
* Pipeline : 1
  Pipeline-0 : II = 1, D = 3, States = { 1 2 3 }
* Dataflow Pipeline: 0

* FSM state transitions: 
1 --> 2 
2 --> 3 
3 --> 

* FSM state operations: 

State 1 <SV = 0> <Delay = 3.23>
ST_1 : Operation 6 [1/1] (0.00ns)   --->   "%i_8 = alloca i32 1"   --->   Operation 6 'alloca' 'i_8' <Predicate = true> <Delay = 0.00>
ST_1 : Operation 7 [1/1] (0.00ns)   --->   "%filt_6_I_V_1 = alloca i32 1"   --->   Operation 7 'alloca' 'filt_6_I_V_1' <Predicate = true> <Delay = 0.00>
ST_1 : Operation 8 [1/1] (0.00ns)   --->   "%filt_6_I_V_1_1 = alloca i32 1"   --->   Operation 8 'alloca' 'filt_6_I_V_1_1' <Predicate = true> <Delay = 0.00>
ST_1 : Operation 9 [1/1] (0.00ns)   --->   "%filt_6_I_V_1_2 = alloca i32 1"   --->   Operation 9 'alloca' 'filt_6_I_V_1_2' <Predicate = true> <Delay = 0.00>
ST_1 : Operation 10 [1/1] (0.00ns)   --->   "%filt_6_Q_V_1 = alloca i32 1"   --->   Operation 10 'alloca' 'filt_6_Q_V_1' <Predicate = true> <Delay = 0.00>
ST_1 : Operation 11 [1/1] (0.00ns)   --->   "%filt_6_Q_V_1_1 = alloca i32 1"   --->   Operation 11 'alloca' 'filt_6_Q_V_1_1' <Predicate = true> <Delay = 0.00>
ST_1 : Operation 12 [1/1] (0.00ns)   --->   "%filt_6_Q_V_1_2 = alloca i32 1"   --->   Operation 12 'alloca' 'filt_6_Q_V_1_2' <Predicate = true> <Delay = 0.00>
ST_1 : Operation 13 [1/1] (1.58ns)   --->   "%store_ln0 = store i18 0, i18 %filt_6_Q_V_1"   --->   Operation 13 'store' 'store_ln0' <Predicate = true> <Delay = 1.58>
ST_1 : Operation 14 [1/1] (1.58ns)   --->   "%store_ln0 = store i18 0, i18 %filt_6_I_V_1"   --->   Operation 14 'store' 'store_ln0' <Predicate = true> <Delay = 1.58>
ST_1 : Operation 15 [1/1] (1.58ns)   --->   "%store_ln0 = store i3 0, i3 %i_8"   --->   Operation 15 'store' 'store_ln0' <Predicate = true> <Delay = 1.58>
ST_1 : Operation 16 [1/1] (0.00ns)   --->   "%br_ln0 = br void %for.body312"   --->   Operation 16 'br' 'br_ln0' <Predicate = true> <Delay = 0.00>
ST_1 : Operation 17 [1/1] (0.00ns)   --->   "%i = load i3 %i_8" [receiver.cpp:136]   --->   Operation 17 'load' 'i' <Predicate = true> <Delay = 0.00>
ST_1 : Operation 18 [1/1] (0.00ns)   --->   "%specpipeline_ln0 = specpipeline void @_ssdm_op_SpecPipeline, i32 4294967295, i32 0, i32 1, i32 0, void @p_str"   --->   Operation 18 'specpipeline' 'specpipeline_ln0' <Predicate = true> <Delay = 0.00>
ST_1 : Operation 19 [1/1] (1.13ns)   --->   "%icmp_ln136 = icmp_eq  i3 %i, i3 6" [receiver.cpp:136]   --->   Operation 19 'icmp' 'icmp_ln136' <Predicate = true> <Delay = 1.13> <CoreInst = "Cmp">   --->   Core 9 'Cmp' <Latency = 0> <II = 1> <Delay = 1.13> <FuncUnit> <Opcode : 'icmp'> <InPorts = 2> <OutPorts = 1>
ST_1 : Operation 20 [1/1] (0.00ns)   --->   "%empty = speclooptripcount i32 @_ssdm_op_SpecLoopTripCount, i64 3, i64 3, i64 3"   --->   Operation 20 'speclooptripcount' 'empty' <Predicate = true> <Delay = 0.00>
ST_1 : Operation 21 [1/1] (0.00ns)   --->   "%br_ln136 = br i1 %icmp_ln136, void %for.body312.split, void %_ZN13ap_fixed_baseILi19ELi3ELb1EL9ap_q_mode5EL9ap_o_mode3ELi0EEC2Ei.exit.i2647.exitStub" [receiver.cpp:136]   --->   Operation 21 'br' 'br_ln136' <Predicate = true> <Delay = 0.00>
ST_1 : Operation 22 [1/1] (0.00ns)   --->   "%i_8_cast16 = zext i3 %i" [receiver.cpp:136]   --->   Operation 22 'zext' 'i_8_cast16' <Predicate = (!icmp_ln136)> <Delay = 0.00>
ST_1 : Operation 23 [1/1] (0.00ns)   --->   "%or_ln137 = or i3 %i, i3 1" [receiver.cpp:137]   --->   Operation 23 'or' 'or_ln137' <Predicate = (!icmp_ln136)> <Delay = 0.00>
ST_1 : Operation 24 [1/1] (0.00ns)   --->   "%zext_ln813 = zext i3 %or_ln137"   --->   Operation 24 'zext' 'zext_ln813' <Predicate = (!icmp_ln136)> <Delay = 0.00>
ST_1 : Operation 25 [1/1] (0.00ns)   --->   "%filt_5_I_V_addr = getelementptr i18 %filt_5_I_V, i64 0, i64 %i_8_cast16"   --->   Operation 25 'getelementptr' 'filt_5_I_V_addr' <Predicate = (!icmp_ln136)> <Delay = 0.00>
ST_1 : Operation 26 [2/2] (2.32ns)   --->   "%filt_5_I_V_load = load i3 %filt_5_I_V_addr"   --->   Operation 26 'load' 'filt_5_I_V_load' <Predicate = (!icmp_ln136)> <Delay = 2.32> <CoreInst = "RAM">   --->   Core 82 'RAM' <Latency = 1> <II = 1> <Delay = 2.32> <Storage> <Opcode : 'load' 'store'> <Ports = 2> <Width = 18> <Depth = 6> <RAM>
ST_1 : Operation 27 [1/1] (0.00ns)   --->   "%filt_5_I_V_addr_1 = getelementptr i18 %filt_5_I_V, i64 0, i64 %zext_ln813"   --->   Operation 27 'getelementptr' 'filt_5_I_V_addr_1' <Predicate = (!icmp_ln136)> <Delay = 0.00>
ST_1 : Operation 28 [2/2] (2.32ns)   --->   "%filt_5_I_V_load_1 = load i3 %filt_5_I_V_addr_1"   --->   Operation 28 'load' 'filt_5_I_V_load_1' <Predicate = (!icmp_ln136)> <Delay = 2.32> <CoreInst = "RAM">   --->   Core 82 'RAM' <Latency = 1> <II = 1> <Delay = 2.32> <Storage> <Opcode : 'load' 'store'> <Ports = 2> <Width = 18> <Depth = 6> <RAM>
ST_1 : Operation 29 [1/1] (0.00ns)   --->   "%trunc_ln2 = partselect i2 @_ssdm_op_PartSelect.i2.i3.i32.i32, i3 %i, i32 1, i32 2" [receiver.cpp:137]   --->   Operation 29 'partselect' 'trunc_ln2' <Predicate = (!icmp_ln136)> <Delay = 0.00>
ST_1 : Operation 30 [1/1] (0.95ns)   --->   "%switch_ln137 = switch i2 %trunc_ln2, void %branch2, i2 0, void %for.body312.split.for.body312.split11_crit_edge, i2 1, void %for.body312.split.for.body312.split11_crit_edge2" [receiver.cpp:137]   --->   Operation 30 'switch' 'switch_ln137' <Predicate = (!icmp_ln136)> <Delay = 0.95>
ST_1 : Operation 31 [1/1] (0.00ns)   --->   "%filt_5_Q_V_addr = getelementptr i18 %filt_5_Q_V, i64 0, i64 %i_8_cast16"   --->   Operation 31 'getelementptr' 'filt_5_Q_V_addr' <Predicate = (!icmp_ln136)> <Delay = 0.00>
ST_1 : Operation 32 [2/2] (2.32ns)   --->   "%filt_5_Q_V_load = load i3 %filt_5_Q_V_addr"   --->   Operation 32 'load' 'filt_5_Q_V_load' <Predicate = (!icmp_ln136)> <Delay = 2.32> <CoreInst = "RAM">   --->   Core 82 'RAM' <Latency = 1> <II = 1> <Delay = 2.32> <Storage> <Opcode : 'load' 'store'> <Ports = 2> <Width = 18> <Depth = 6> <RAM>
ST_1 : Operation 33 [1/1] (0.00ns)   --->   "%filt_5_Q_V_addr_1 = getelementptr i18 %filt_5_Q_V, i64 0, i64 %zext_ln813"   --->   Operation 33 'getelementptr' 'filt_5_Q_V_addr_1' <Predicate = (!icmp_ln136)> <Delay = 0.00>
ST_1 : Operation 34 [2/2] (2.32ns)   --->   "%filt_5_Q_V_load_1 = load i3 %filt_5_Q_V_addr_1"   --->   Operation 34 'load' 'filt_5_Q_V_load_1' <Predicate = (!icmp_ln136)> <Delay = 2.32> <CoreInst = "RAM">   --->   Core 82 'RAM' <Latency = 1> <II = 1> <Delay = 2.32> <Storage> <Opcode : 'load' 'store'> <Ports = 2> <Width = 18> <Depth = 6> <RAM>
ST_1 : Operation 35 [1/1] (0.95ns)   --->   "%switch_ln138 = switch i2 %trunc_ln2, void %branch5, i2 0, void %for.body312.split11.for.body312.split1128_crit_edge, i2 1, void %for.body312.split11.for.body312.split1128_crit_edge1" [receiver.cpp:138]   --->   Operation 35 'switch' 'switch_ln138' <Predicate = (!icmp_ln136)> <Delay = 0.95>
ST_1 : Operation 36 [1/1] (1.65ns)   --->   "%add_ln136 = add i3 %i, i3 2" [receiver.cpp:136]   --->   Operation 36 'add' 'add_ln136' <Predicate = (!icmp_ln136)> <Delay = 1.65> <CoreInst = "Adder">   --->   Core 1 'Adder' <Latency = 0> <II = 1> <Delay = 1.65> <FuncUnit> <Opcode : 'add' 'sub'> <InPorts = 2> <OutPorts = 1>
ST_1 : Operation 37 [1/1] (1.58ns)   --->   "%store_ln136 = store i3 %add_ln136, i3 %i_8" [receiver.cpp:136]   --->   Operation 37 'store' 'store_ln136' <Predicate = (!icmp_ln136)> <Delay = 1.58>
ST_1 : Operation 38 [1/1] (0.00ns)   --->   "%br_ln136 = br void %for.body312" [receiver.cpp:136]   --->   Operation 38 'br' 'br_ln136' <Predicate = (!icmp_ln136)> <Delay = 0.00>

State 2 <SV = 1> <Delay = 4.45>
ST_2 : Operation 39 [1/1] (0.00ns)   --->   "%specloopname_ln136 = specloopname void @_ssdm_op_SpecLoopName, void @empty_0" [receiver.cpp:136]   --->   Operation 39 'specloopname' 'specloopname_ln136' <Predicate = true> <Delay = 0.00>
ST_2 : Operation 40 [1/2] (2.32ns)   --->   "%filt_5_I_V_load = load i3 %filt_5_I_V_addr"   --->   Operation 40 'load' 'filt_5_I_V_load' <Predicate = true> <Delay = 2.32> <CoreInst = "RAM">   --->   Core 82 'RAM' <Latency = 1> <II = 1> <Delay = 2.32> <Storage> <Opcode : 'load' 'store'> <Ports = 2> <Width = 18> <Depth = 6> <RAM>
ST_2 : Operation 41 [1/2] (2.32ns)   --->   "%filt_5_I_V_load_1 = load i3 %filt_5_I_V_addr_1"   --->   Operation 41 'load' 'filt_5_I_V_load_1' <Predicate = true> <Delay = 2.32> <CoreInst = "RAM">   --->   Core 82 'RAM' <Latency = 1> <II = 1> <Delay = 2.32> <Storage> <Opcode : 'load' 'store'> <Ports = 2> <Width = 18> <Depth = 6> <RAM>
ST_2 : Operation 42 [1/1] (2.13ns)   --->   "%filt_6_I_V_1_4 = add i18 %filt_5_I_V_load_1, i18 %filt_5_I_V_load"   --->   Operation 42 'add' 'filt_6_I_V_1_4' <Predicate = true> <Delay = 2.13> <CoreInst = "Adder">   --->   Core 1 'Adder' <Latency = 0> <II = 1> <Delay = 2.13> <FuncUnit> <Opcode : 'add' 'sub'> <InPorts = 2> <OutPorts = 1>
ST_2 : Operation 43 [1/1] (0.00ns)   --->   "%store_ln137 = store i18 %filt_6_I_V_1_4, i18 %filt_6_I_V_1_1" [receiver.cpp:137]   --->   Operation 43 'store' 'store_ln137' <Predicate = (trunc_ln2 == 1)> <Delay = 0.00>
ST_2 : Operation 44 [1/1] (0.00ns)   --->   "%br_ln137 = br void %for.body312.split11" [receiver.cpp:137]   --->   Operation 44 'br' 'br_ln137' <Predicate = (trunc_ln2 == 1)> <Delay = 0.00>
ST_2 : Operation 45 [1/1] (0.00ns)   --->   "%store_ln137 = store i18 %filt_6_I_V_1_4, i18 %filt_6_I_V_1_2" [receiver.cpp:137]   --->   Operation 45 'store' 'store_ln137' <Predicate = (trunc_ln2 != 0 & trunc_ln2 != 1)> <Delay = 0.00>
ST_2 : Operation 46 [1/1] (0.00ns)   --->   "%br_ln137 = br void %for.body312.split11" [receiver.cpp:137]   --->   Operation 46 'br' 'br_ln137' <Predicate = (trunc_ln2 != 0 & trunc_ln2 != 1)> <Delay = 0.00>
ST_2 : Operation 47 [1/2] (2.32ns)   --->   "%filt_5_Q_V_load = load i3 %filt_5_Q_V_addr"   --->   Operation 47 'load' 'filt_5_Q_V_load' <Predicate = true> <Delay = 2.32> <CoreInst = "RAM">   --->   Core 82 'RAM' <Latency = 1> <II = 1> <Delay = 2.32> <Storage> <Opcode : 'load' 'store'> <Ports = 2> <Width = 18> <Depth = 6> <RAM>
ST_2 : Operation 48 [1/2] (2.32ns)   --->   "%filt_5_Q_V_load_1 = load i3 %filt_5_Q_V_addr_1"   --->   Operation 48 'load' 'filt_5_Q_V_load_1' <Predicate = true> <Delay = 2.32> <CoreInst = "RAM">   --->   Core 82 'RAM' <Latency = 1> <II = 1> <Delay = 2.32> <Storage> <Opcode : 'load' 'store'> <Ports = 2> <Width = 18> <Depth = 6> <RAM>
ST_2 : Operation 49 [1/1] (2.13ns)   --->   "%filt_6_Q_V_1_4 = add i18 %filt_5_Q_V_load_1, i18 %filt_5_Q_V_load"   --->   Operation 49 'add' 'filt_6_Q_V_1_4' <Predicate = true> <Delay = 2.13> <CoreInst = "Adder">   --->   Core 1 'Adder' <Latency = 0> <II = 1> <Delay = 2.13> <FuncUnit> <Opcode : 'add' 'sub'> <InPorts = 2> <OutPorts = 1>
ST_2 : Operation 50 [1/1] (0.00ns)   --->   "%store_ln138 = store i18 %filt_6_Q_V_1_4, i18 %filt_6_Q_V_1_1" [receiver.cpp:138]   --->   Operation 50 'store' 'store_ln138' <Predicate = (trunc_ln2 == 1)> <Delay = 0.00>
ST_2 : Operation 51 [1/1] (0.00ns)   --->   "%br_ln138 = br void %for.body312.split1128" [receiver.cpp:138]   --->   Operation 51 'br' 'br_ln138' <Predicate = (trunc_ln2 == 1)> <Delay = 0.00>
ST_2 : Operation 52 [1/1] (0.00ns)   --->   "%store_ln138 = store i18 %filt_6_Q_V_1_4, i18 %filt_6_Q_V_1_2" [receiver.cpp:138]   --->   Operation 52 'store' 'store_ln138' <Predicate = (trunc_ln2 != 0 & trunc_ln2 != 1)> <Delay = 0.00>
ST_2 : Operation 53 [1/1] (0.00ns)   --->   "%br_ln138 = br void %for.body312.split1128" [receiver.cpp:138]   --->   Operation 53 'br' 'br_ln138' <Predicate = (trunc_ln2 != 0 & trunc_ln2 != 1)> <Delay = 0.00>
ST_2 : Operation 58 [1/1] (0.00ns)   --->   "%filt_6_I_V_1_load = load i18 %filt_6_I_V_1"   --->   Operation 58 'load' 'filt_6_I_V_1_load' <Predicate = (icmp_ln136)> <Delay = 0.00>
ST_2 : Operation 59 [1/1] (0.00ns)   --->   "%filt_6_I_V_1_1_load = load i18 %filt_6_I_V_1_1"   --->   Operation 59 'load' 'filt_6_I_V_1_1_load' <Predicate = (icmp_ln136)> <Delay = 0.00>
ST_2 : Operation 60 [1/1] (0.00ns)   --->   "%filt_6_I_V_1_2_load = load i18 %filt_6_I_V_1_2"   --->   Operation 60 'load' 'filt_6_I_V_1_2_load' <Predicate = (icmp_ln136)> <Delay = 0.00>
ST_2 : Operation 61 [1/1] (0.00ns)   --->   "%filt_6_Q_V_1_load = load i18 %filt_6_Q_V_1"   --->   Operation 61 'load' 'filt_6_Q_V_1_load' <Predicate = (icmp_ln136)> <Delay = 0.00>
ST_2 : Operation 62 [1/1] (0.00ns)   --->   "%filt_6_Q_V_1_1_load = load i18 %filt_6_Q_V_1_1"   --->   Operation 62 'load' 'filt_6_Q_V_1_1_load' <Predicate = (icmp_ln136)> <Delay = 0.00>
ST_2 : Operation 63 [1/1] (0.00ns)   --->   "%filt_6_Q_V_1_2_load = load i18 %filt_6_Q_V_1_2"   --->   Operation 63 'load' 'filt_6_Q_V_1_2_load' <Predicate = (icmp_ln136)> <Delay = 0.00>
ST_2 : Operation 64 [1/1] (0.00ns)   --->   "%write_ln0 = write void @_ssdm_op_Write.ap_auto.i18P0A, i18 %filt_6_Q_V_2_0119_out, i18 %filt_6_Q_V_1_2_load"   --->   Operation 64 'write' 'write_ln0' <Predicate = (icmp_ln136)> <Delay = 0.00>
ST_2 : Operation 65 [1/1] (0.00ns)   --->   "%write_ln0 = write void @_ssdm_op_Write.ap_auto.i18P0A, i18 %filt_6_Q_V_1_0118_out, i18 %filt_6_Q_V_1_1_load"   --->   Operation 65 'write' 'write_ln0' <Predicate = (icmp_ln136)> <Delay = 0.00>
ST_2 : Operation 66 [1/1] (0.00ns)   --->   "%write_ln0 = write void @_ssdm_op_Write.ap_auto.i18P0A, i18 %filt_6_Q_V_0_0_out, i18 %filt_6_Q_V_1_load"   --->   Operation 66 'write' 'write_ln0' <Predicate = (icmp_ln136)> <Delay = 0.00>
ST_2 : Operation 67 [1/1] (0.00ns)   --->   "%write_ln0 = write void @_ssdm_op_Write.ap_auto.i18P0A, i18 %filt_6_I_V_2_0117_out, i18 %filt_6_I_V_1_2_load"   --->   Operation 67 'write' 'write_ln0' <Predicate = (icmp_ln136)> <Delay = 0.00>
ST_2 : Operation 68 [1/1] (0.00ns)   --->   "%write_ln0 = write void @_ssdm_op_Write.ap_auto.i18P0A, i18 %filt_6_I_V_1_0116_out, i18 %filt_6_I_V_1_1_load"   --->   Operation 68 'write' 'write_ln0' <Predicate = (icmp_ln136)> <Delay = 0.00>
ST_2 : Operation 69 [1/1] (0.00ns)   --->   "%write_ln0 = write void @_ssdm_op_Write.ap_auto.i18P0A, i18 %filt_6_I_V_0_0_out, i18 %filt_6_I_V_1_load"   --->   Operation 69 'write' 'write_ln0' <Predicate = (icmp_ln136)> <Delay = 0.00>
ST_2 : Operation 70 [1/1] (0.00ns)   --->   "%ret_ln0 = ret"   --->   Operation 70 'ret' 'ret_ln0' <Predicate = (icmp_ln136)> <Delay = 0.00>

State 3 <SV = 2> <Delay = 1.58>
ST_3 : Operation 54 [1/1] (1.58ns)   --->   "%store_ln137 = store i18 %filt_6_I_V_1_4, i18 %filt_6_I_V_1" [receiver.cpp:137]   --->   Operation 54 'store' 'store_ln137' <Predicate = (trunc_ln2 == 0)> <Delay = 1.58>
ST_3 : Operation 55 [1/1] (0.00ns)   --->   "%br_ln137 = br void %for.body312.split11" [receiver.cpp:137]   --->   Operation 55 'br' 'br_ln137' <Predicate = (trunc_ln2 == 0)> <Delay = 0.00>
ST_3 : Operation 56 [1/1] (1.58ns)   --->   "%store_ln138 = store i18 %filt_6_Q_V_1_4, i18 %filt_6_Q_V_1" [receiver.cpp:138]   --->   Operation 56 'store' 'store_ln138' <Predicate = (trunc_ln2 == 0)> <Delay = 1.58>
ST_3 : Operation 57 [1/1] (0.00ns)   --->   "%br_ln138 = br void %for.body312.split1128" [receiver.cpp:138]   --->   Operation 57 'br' 'br_ln138' <Predicate = (trunc_ln2 == 0)> <Delay = 0.00>


============================================================
+ Verbose Summary: Binding
============================================================
STG Binding: 
---------------- STG Properties BEGIN ----------------
- Is combinational: 0
- Is one-state seq: 0
- Is datapath-only: 0
- Is pipelined: 0
- Is top level: 0
Port [ Return ] is wired: 1; IO mode=ap_ctrl_hs:ce=0
Port [ filt_5_Q_V]:  wired=1; compound=1; hidden=0; nouse=0; global=0; static=0; extern=0; dir=0; type=1; pingpong=0; private_global=0; MemPort=[11]; IO mode=ap_memory:ce=0
Port [ filt_5_I_V]:  wired=1; compound=1; hidden=0; nouse=0; global=0; static=0; extern=0; dir=0; type=1; pingpong=0; private_global=0; MemPort=[11]; IO mode=ap_memory:ce=0
Port [ filt_6_Q_V_2_0119_out]:  wired=1; compound=0; hidden=0; nouse=0; global=0; static=0; extern=0; dir=1; type=0; pingpong=0; private_global=0; IO mode=ap_vld:ce=0
Port [ filt_6_Q_V_1_0118_out]:  wired=1; compound=0; hidden=0; nouse=0; global=0; static=0; extern=0; dir=1; type=0; pingpong=0; private_global=0; IO mode=ap_vld:ce=0
Port [ filt_6_Q_V_0_0_out]:  wired=1; compound=0; hidden=0; nouse=0; global=0; static=0; extern=0; dir=1; type=0; pingpong=0; private_global=0; IO mode=ap_vld:ce=0
Port [ filt_6_I_V_2_0117_out]:  wired=1; compound=0; hidden=0; nouse=0; global=0; static=0; extern=0; dir=1; type=0; pingpong=0; private_global=0; IO mode=ap_vld:ce=0
Port [ filt_6_I_V_1_0116_out]:  wired=1; compound=0; hidden=0; nouse=0; global=0; static=0; extern=0; dir=1; type=0; pingpong=0; private_global=0; IO mode=ap_vld:ce=0
Port [ filt_6_I_V_0_0_out]:  wired=1; compound=0; hidden=0; nouse=0; global=0; static=0; extern=0; dir=1; type=0; pingpong=0; private_global=0; IO mode=ap_vld:ce=0
---------------- STG Properties END ------------------

---------------- Datapath Model BEGIN ----------------

<LifeTime>
<method=bitvector/>
i_8                 (alloca           ) [ 0100]
filt_6_I_V_1        (alloca           ) [ 0111]
filt_6_I_V_1_1      (alloca           ) [ 0110]
filt_6_I_V_1_2      (alloca           ) [ 0110]
filt_6_Q_V_1        (alloca           ) [ 0111]
filt_6_Q_V_1_1      (alloca           ) [ 0110]
filt_6_Q_V_1_2      (alloca           ) [ 0110]
store_ln0           (store            ) [ 0000]
store_ln0           (store            ) [ 0000]
store_ln0           (store            ) [ 0000]
br_ln0              (br               ) [ 0000]
i                   (load             ) [ 0000]
specpipeline_ln0    (specpipeline     ) [ 0000]
icmp_ln136          (icmp             ) [ 0110]
empty               (speclooptripcount) [ 0000]
br_ln136            (br               ) [ 0000]
i_8_cast16          (zext             ) [ 0000]
or_ln137            (or               ) [ 0000]
zext_ln813          (zext             ) [ 0000]
filt_5_I_V_addr     (getelementptr    ) [ 0110]
filt_5_I_V_addr_1   (getelementptr    ) [ 0110]
trunc_ln2           (partselect       ) [ 0111]
switch_ln137        (switch           ) [ 0000]
filt_5_Q_V_addr     (getelementptr    ) [ 0110]
filt_5_Q_V_addr_1   (getelementptr    ) [ 0110]
switch_ln138        (switch           ) [ 0000]
add_ln136           (add              ) [ 0000]
store_ln136         (store            ) [ 0000]
br_ln136            (br               ) [ 0000]
specloopname_ln136  (specloopname     ) [ 0000]
filt_5_I_V_load     (load             ) [ 0000]
filt_5_I_V_load_1   (load             ) [ 0000]
filt_6_I_V_1_4      (add              ) [ 0101]
store_ln137         (store            ) [ 0000]
br_ln137            (br               ) [ 0000]
store_ln137         (store            ) [ 0000]
br_ln137            (br               ) [ 0000]
filt_5_Q_V_load     (load             ) [ 0000]
filt_5_Q_V_load_1   (load             ) [ 0000]
filt_6_Q_V_1_4      (add              ) [ 0101]
store_ln138         (store            ) [ 0000]
br_ln138            (br               ) [ 0000]
store_ln138         (store            ) [ 0000]
br_ln138            (br               ) [ 0000]
store_ln137         (store            ) [ 0000]
br_ln137            (br               ) [ 0000]
store_ln138         (store            ) [ 0000]
br_ln138            (br               ) [ 0000]
filt_6_I_V_1_load   (load             ) [ 0000]
filt_6_I_V_1_1_load (load             ) [ 0000]
filt_6_I_V_1_2_load (load             ) [ 0000]
filt_6_Q_V_1_load   (load             ) [ 0000]
filt_6_Q_V_1_1_load (load             ) [ 0000]
filt_6_Q_V_1_2_load (load             ) [ 0000]
write_ln0           (write            ) [ 0000]
write_ln0           (write            ) [ 0000]
write_ln0           (write            ) [ 0000]
write_ln0           (write            ) [ 0000]
write_ln0           (write            ) [ 0000]
write_ln0           (write            ) [ 0000]
ret_ln0             (ret              ) [ 0000]
</LifeTime>

<model>

<comp_list>
<comp id="0" class="1000" name="filt_5_Q_V">
<pin_list>
<pin id="1" dir="1" index="0" bw="1" slack="0"/>
</pin_list>
<bind>
<StgValue><ssdm name="filt_5_Q_V"/><MemPortTyVec>1 1 </MemPortTyVec>
</StgValue>
</bind>
</comp>

<comp id="2" class="1000" name="filt_5_I_V">
<pin_list>
<pin id="3" dir="1" index="0" bw="1" slack="0"/>
</pin_list>
<bind>
<StgValue><ssdm name="filt_5_I_V"/><MemPortTyVec>1 1 </MemPortTyVec>
</StgValue>
</bind>
</comp>

<comp id="4" class="1000" name="filt_6_Q_V_2_0119_out">
<pin_list>
<pin id="5" dir="1" index="0" bw="1" slack="0"/>
</pin_list>
<bind>
<StgValue><ssdm name="filt_6_Q_V_2_0119_out"/></StgValue>
</bind>
</comp>

<comp id="6" class="1000" name="filt_6_Q_V_1_0118_out">
<pin_list>
<pin id="7" dir="1" index="0" bw="1" slack="0"/>
</pin_list>
<bind>
<StgValue><ssdm name="filt_6_Q_V_1_0118_out"/></StgValue>
</bind>
</comp>

<comp id="8" class="1000" name="filt_6_Q_V_0_0_out">
<pin_list>
<pin id="9" dir="1" index="0" bw="1" slack="0"/>
</pin_list>
<bind>
<StgValue><ssdm name="filt_6_Q_V_0_0_out"/></StgValue>
</bind>
</comp>

<comp id="10" class="1000" name="filt_6_I_V_2_0117_out">
<pin_list>
<pin id="11" dir="1" index="0" bw="1" slack="0"/>
</pin_list>
<bind>
<StgValue><ssdm name="filt_6_I_V_2_0117_out"/></StgValue>
</bind>
</comp>

<comp id="12" class="1000" name="filt_6_I_V_1_0116_out">
<pin_list>
<pin id="13" dir="1" index="0" bw="1" slack="0"/>
</pin_list>
<bind>
<StgValue><ssdm name="filt_6_I_V_1_0116_out"/></StgValue>
</bind>
</comp>

<comp id="14" class="1000" name="filt_6_I_V_0_0_out">
<pin_list>
<pin id="15" dir="1" index="0" bw="1" slack="0"/>
</pin_list>
<bind>
<StgValue><ssdm name="filt_6_I_V_0_0_out"/></StgValue>
</bind>
</comp>

<comp id="16" class="1001" name="const_16">
<pin_list>
<pin id="17" dir="1" index="0" bw="1" slack="0"/>
</pin_list>
<bind>
<StgValue><ssdm name=""/></StgValue>
</bind>
</comp>

<comp id="18" class="1001" name="const_18">
<pin_list>
<pin id="19" dir="1" index="0" bw="1" slack="0"/>
</pin_list>
<bind>
<StgValue><ssdm name=""/></StgValue>
</bind>
</comp>

<comp id="20" class="1001" name="const_20">
<pin_list>
<pin id="21" dir="1" index="0" bw="1" slack="0"/>
</pin_list>
<bind>
<StgValue><ssdm name=""/></StgValue>
</bind>
</comp>

<comp id="22" class="1001" name="const_22">
<pin_list>
<pin id="23" dir="1" index="0" bw="1" slack="2147483647"/>
</pin_list>
<bind>
<StgValue><ssdm name="_ssdm_op_SpecPipeline"/></StgValue>
</bind>
</comp>

<comp id="24" class="1001" name="const_24">
<pin_list>
<pin id="25" dir="1" index="0" bw="1" slack="2147483647"/>
</pin_list>
<bind>
<StgValue><ssdm name=""/></StgValue>
</bind>
</comp>

<comp id="26" class="1001" name="const_26">
<pin_list>
<pin id="27" dir="1" index="0" bw="1" slack="2147483647"/>
</pin_list>
<bind>
<StgValue><ssdm name=""/></StgValue>
</bind>
</comp>

<comp id="28" class="1001" name="const_28">
<pin_list>
<pin id="29" dir="1" index="0" bw="1" slack="2147483647"/>
</pin_list>
<bind>
<StgValue><ssdm name="p_str"/></StgValue>
</bind>
</comp>

<comp id="30" class="1001" name="const_30">
<pin_list>
<pin id="31" dir="1" index="0" bw="1" slack="0"/>
</pin_list>
<bind>
<StgValue><ssdm name=""/></StgValue>
</bind>
</comp>

<comp id="32" class="1001" name="const_32">
<pin_list>
<pin id="33" dir="1" index="0" bw="1" slack="2147483647"/>
</pin_list>
<bind>
<StgValue><ssdm name="_ssdm_op_SpecLoopTripCount"/></StgValue>
</bind>
</comp>

<comp id="34" class="1001" name="const_34">
<pin_list>
<pin id="35" dir="1" index="0" bw="1" slack="2147483647"/>
</pin_list>
<bind>
<StgValue><ssdm name=""/></StgValue>
</bind>
</comp>

<comp id="36" class="1001" name="const_36">
<pin_list>
<pin id="37" dir="1" index="0" bw="1" slack="0"/>
</pin_list>
<bind>
<StgValue><ssdm name=""/></StgValue>
</bind>
</comp>

<comp id="38" class="1001" name="const_38">
<pin_list>
<pin id="39" dir="1" index="0" bw="1" slack="0"/>
</pin_list>
<bind>
<StgValue><ssdm name=""/></StgValue>
</bind>
</comp>

<comp id="40" class="1001" name="const_40">
<pin_list>
<pin id="41" dir="1" index="0" bw="1" slack="0"/>
</pin_list>
<bind>
<StgValue><ssdm name="_ssdm_op_PartSelect.i2.i3.i32.i32"/></StgValue>
</bind>
</comp>

<comp id="42" class="1001" name="const_42">
<pin_list>
<pin id="43" dir="1" index="0" bw="1" slack="0"/>
</pin_list>
<bind>
<StgValue><ssdm name=""/></StgValue>
</bind>
</comp>

<comp id="44" class="1001" name="const_44">
<pin_list>
<pin id="45" dir="1" index="0" bw="1" slack="2147483647"/>
</pin_list>
<bind>
<StgValue><ssdm name=""/></StgValue>
</bind>
</comp>

<comp id="46" class="1001" name="const_46">
<pin_list>
<pin id="47" dir="1" index="0" bw="1" slack="2147483647"/>
</pin_list>
<bind>
<StgValue><ssdm name=""/></StgValue>
</bind>
</comp>

<comp id="48" class="1001" name="const_48">
<pin_list>
<pin id="49" dir="1" index="0" bw="1" slack="0"/>
</pin_list>
<bind>
<StgValue><ssdm name=""/></StgValue>
</bind>
</comp>

<comp id="50" class="1001" name="const_50">
<pin_list>
<pin id="51" dir="1" index="0" bw="1" slack="2147483647"/>
</pin_list>
<bind>
<StgValue><ssdm name="_ssdm_op_SpecLoopName"/></StgValue>
</bind>
</comp>

<comp id="52" class="1001" name="const_52">
<pin_list>
<pin id="53" dir="1" index="0" bw="1" slack="2147483647"/>
</pin_list>
<bind>
<StgValue><ssdm name="empty_0"/></StgValue>
</bind>
</comp>

<comp id="54" class="1001" name="const_54">
<pin_list>
<pin id="55" dir="1" index="0" bw="1" slack="0"/>
</pin_list>
<bind>
<StgValue><ssdm name="_ssdm_op_Write.ap_auto.i18P0A"/></StgValue>
</bind>
</comp>

<comp id="56" class="1004" name="i_8_fu_56">
<pin_list>
<pin id="57" dir="0" index="0" bw="1" slack="0"/>
<pin id="58" dir="1" index="1" bw="3" slack="0"/>
</pin_list>
<bind>
<opcode="alloca(26) " fcode="alloca"/>
<opset="i_8/1 "/>
</bind>
</comp>

<comp id="60" class="1004" name="filt_6_I_V_1_fu_60">
<pin_list>
<pin id="61" dir="0" index="0" bw="1" slack="0"/>
<pin id="62" dir="1" index="1" bw="18" slack="0"/>
</pin_list>
<bind>
<opcode="alloca(26) " fcode="alloca"/>
<opset="filt_6_I_V_1/1 "/>
</bind>
</comp>

<comp id="64" class="1004" name="filt_6_I_V_1_1_fu_64">
<pin_list>
<pin id="65" dir="0" index="0" bw="1" slack="0"/>
<pin id="66" dir="1" index="1" bw="18" slack="1"/>
</pin_list>
<bind>
<opcode="alloca(26) " fcode="alloca"/>
<opset="filt_6_I_V_1_1/1 "/>
</bind>
</comp>

<comp id="68" class="1004" name="filt_6_I_V_1_2_fu_68">
<pin_list>
<pin id="69" dir="0" index="0" bw="1" slack="0"/>
<pin id="70" dir="1" index="1" bw="18" slack="1"/>
</pin_list>
<bind>
<opcode="alloca(26) " fcode="alloca"/>
<opset="filt_6_I_V_1_2/1 "/>
</bind>
</comp>

<comp id="72" class="1004" name="filt_6_Q_V_1_fu_72">
<pin_list>
<pin id="73" dir="0" index="0" bw="1" slack="0"/>
<pin id="74" dir="1" index="1" bw="18" slack="0"/>
</pin_list>
<bind>
<opcode="alloca(26) " fcode="alloca"/>
<opset="filt_6_Q_V_1/1 "/>
</bind>
</comp>

<comp id="76" class="1004" name="filt_6_Q_V_1_1_fu_76">
<pin_list>
<pin id="77" dir="0" index="0" bw="1" slack="0"/>
<pin id="78" dir="1" index="1" bw="18" slack="1"/>
</pin_list>
<bind>
<opcode="alloca(26) " fcode="alloca"/>
<opset="filt_6_Q_V_1_1/1 "/>
</bind>
</comp>

<comp id="80" class="1004" name="filt_6_Q_V_1_2_fu_80">
<pin_list>
<pin id="81" dir="0" index="0" bw="1" slack="0"/>
<pin id="82" dir="1" index="1" bw="18" slack="1"/>
</pin_list>
<bind>
<opcode="alloca(26) " fcode="alloca"/>
<opset="filt_6_Q_V_1_2/1 "/>
</bind>
</comp>

<comp id="84" class="1004" name="write_ln0_write_fu_84">
<pin_list>
<pin id="85" dir="0" index="0" bw="0" slack="0"/>
<pin id="86" dir="0" index="1" bw="18" slack="0"/>
<pin id="87" dir="0" index="2" bw="18" slack="0"/>
<pin id="88" dir="1" index="3" bw="0" slack="2147483647"/>
</pin_list>
<bind>
<opcode="write(1151) " fcode="write"/>
<opset="write_ln0/2 "/>
</bind>
</comp>

<comp id="91" class="1004" name="write_ln0_write_fu_91">
<pin_list>
<pin id="92" dir="0" index="0" bw="0" slack="0"/>
<pin id="93" dir="0" index="1" bw="18" slack="0"/>
<pin id="94" dir="0" index="2" bw="18" slack="0"/>
<pin id="95" dir="1" index="3" bw="0" slack="2147483647"/>
</pin_list>
<bind>
<opcode="write(1151) " fcode="write"/>
<opset="write_ln0/2 "/>
</bind>
</comp>

<comp id="98" class="1004" name="write_ln0_write_fu_98">
<pin_list>
<pin id="99" dir="0" index="0" bw="0" slack="0"/>
<pin id="100" dir="0" index="1" bw="18" slack="0"/>
<pin id="101" dir="0" index="2" bw="18" slack="0"/>
<pin id="102" dir="1" index="3" bw="0" slack="2147483647"/>
</pin_list>
<bind>
<opcode="write(1151) " fcode="write"/>
<opset="write_ln0/2 "/>
</bind>
</comp>

<comp id="105" class="1004" name="write_ln0_write_fu_105">
<pin_list>
<pin id="106" dir="0" index="0" bw="0" slack="0"/>
<pin id="107" dir="0" index="1" bw="18" slack="0"/>
<pin id="108" dir="0" index="2" bw="18" slack="0"/>
<pin id="109" dir="1" index="3" bw="0" slack="2147483647"/>
</pin_list>
<bind>
<opcode="write(1151) " fcode="write"/>
<opset="write_ln0/2 "/>
</bind>
</comp>

<comp id="112" class="1004" name="write_ln0_write_fu_112">
<pin_list>
<pin id="113" dir="0" index="0" bw="0" slack="0"/>
<pin id="114" dir="0" index="1" bw="18" slack="0"/>
<pin id="115" dir="0" index="2" bw="18" slack="0"/>
<pin id="116" dir="1" index="3" bw="0" slack="2147483647"/>
</pin_list>
<bind>
<opcode="write(1151) " fcode="write"/>
<opset="write_ln0/2 "/>
</bind>
</comp>

<comp id="119" class="1004" name="write_ln0_write_fu_119">
<pin_list>
<pin id="120" dir="0" index="0" bw="0" slack="0"/>
<pin id="121" dir="0" index="1" bw="18" slack="0"/>
<pin id="122" dir="0" index="2" bw="18" slack="0"/>
<pin id="123" dir="1" index="3" bw="0" slack="2147483647"/>
</pin_list>
<bind>
<opcode="write(1151) " fcode="write"/>
<opset="write_ln0/2 "/>
</bind>
</comp>

<comp id="126" class="1004" name="filt_5_I_V_addr_gep_fu_126">
<pin_list>
<pin id="127" dir="0" index="0" bw="18" slack="0"/>
<pin id="128" dir="0" index="1" bw="1" slack="0"/>
<pin id="129" dir="0" index="2" bw="3" slack="0"/>
<pin id="130" dir="1" index="3" bw="3" slack="0"/>
</pin_list>
<bind>
<opcode="getelementptr(29) " fcode="getelementptr"/>
<opset="filt_5_I_V_addr/1 "/>
</bind>
</comp>

<comp id="133" class="1004" name="grp_access_fu_133">
<pin_list>
<pin id="134" dir="0" index="0" bw="3" slack="0"/>
<pin id="135" dir="0" index="1" bw="18" slack="2147483647"/>
<pin id="136" dir="0" index="2" bw="0" slack="0"/>
<pin id="138" dir="0" index="4" bw="3" slack="2147483647"/>
<pin id="139" dir="0" index="5" bw="18" slack="2147483647"/>
<pin id="140" dir="0" index="6" bw="0" slack="2147483647"/>
<pin id="137" dir="1" index="3" bw="18" slack="0"/>
<pin id="141" dir="1" index="7" bw="18" slack="0"/>
</pin_list>
<bind>
<opcode="load(27) " fcode="load"/>
<opset="filt_5_I_V_load/1 filt_5_I_V_load_1/1 "/>
</bind>
</comp>

<comp id="143" class="1004" name="filt_5_I_V_addr_1_gep_fu_143">
<pin_list>
<pin id="144" dir="0" index="0" bw="18" slack="0"/>
<pin id="145" dir="0" index="1" bw="1" slack="0"/>
<pin id="146" dir="0" index="2" bw="3" slack="0"/>
<pin id="147" dir="1" index="3" bw="3" slack="0"/>
</pin_list>
<bind>
<opcode="getelementptr(29) " fcode="getelementptr"/>
<opset="filt_5_I_V_addr_1/1 "/>
</bind>
</comp>

<comp id="151" class="1004" name="filt_5_Q_V_addr_gep_fu_151">
<pin_list>
<pin id="152" dir="0" index="0" bw="18" slack="0"/>
<pin id="153" dir="0" index="1" bw="1" slack="0"/>
<pin id="154" dir="0" index="2" bw="3" slack="0"/>
<pin id="155" dir="1" index="3" bw="3" slack="0"/>
</pin_list>
<bind>
<opcode="getelementptr(29) " fcode="getelementptr"/>
<opset="filt_5_Q_V_addr/1 "/>
</bind>
</comp>

<comp id="158" class="1004" name="grp_access_fu_158">
<pin_list>
<pin id="159" dir="0" index="0" bw="3" slack="0"/>
<pin id="160" dir="0" index="1" bw="18" slack="2147483647"/>
<pin id="161" dir="0" index="2" bw="0" slack="0"/>
<pin id="163" dir="0" index="4" bw="3" slack="2147483647"/>
<pin id="164" dir="0" index="5" bw="18" slack="2147483647"/>
<pin id="165" dir="0" index="6" bw="0" slack="2147483647"/>
<pin id="162" dir="1" index="3" bw="18" slack="0"/>
<pin id="166" dir="1" index="7" bw="18" slack="0"/>
</pin_list>
<bind>
<opcode="load(27) " fcode="load"/>
<opset="filt_5_Q_V_load/1 filt_5_Q_V_load_1/1 "/>
</bind>
</comp>

<comp id="168" class="1004" name="filt_5_Q_V_addr_1_gep_fu_168">
<pin_list>
<pin id="169" dir="0" index="0" bw="18" slack="0"/>
<pin id="170" dir="0" index="1" bw="1" slack="0"/>
<pin id="171" dir="0" index="2" bw="3" slack="0"/>
<pin id="172" dir="1" index="3" bw="3" slack="0"/>
</pin_list>
<bind>
<opcode="getelementptr(29) " fcode="getelementptr"/>
<opset="filt_5_Q_V_addr_1/1 "/>
</bind>
</comp>

<comp id="176" class="1004" name="store_ln0_store_fu_176">
<pin_list>
<pin id="177" dir="0" index="0" bw="1" slack="0"/>
<pin id="178" dir="0" index="1" bw="18" slack="0"/>
<pin id="179" dir="1" index="2" bw="0" slack="2147483647"/>
</pin_list>
<bind>
<opcode="store(28) " fcode="store"/>
<opset="store_ln0/1 "/>
</bind>
</comp>

<comp id="181" class="1004" name="store_ln0_store_fu_181">
<pin_list>
<pin id="182" dir="0" index="0" bw="1" slack="0"/>
<pin id="183" dir="0" index="1" bw="18" slack="0"/>
<pin id="184" dir="1" index="2" bw="0" slack="2147483647"/>
</pin_list>
<bind>
<opcode="store(28) " fcode="store"/>
<opset="store_ln0/1 "/>
</bind>
</comp>

<comp id="186" class="1004" name="store_ln0_store_fu_186">
<pin_list>
<pin id="187" dir="0" index="0" bw="1" slack="0"/>
<pin id="188" dir="0" index="1" bw="3" slack="0"/>
<pin id="189" dir="1" index="2" bw="0" slack="2147483647"/>
</pin_list>
<bind>
<opcode="store(28) " fcode="store"/>
<opset="store_ln0/1 "/>
</bind>
</comp>

<comp id="191" class="1004" name="i_load_fu_191">
<pin_list>
<pin id="192" dir="0" index="0" bw="3" slack="0"/>
<pin id="193" dir="1" index="1" bw="3" slack="0"/>
</pin_list>
<bind>
<opcode="load(27) " fcode="load"/>
<opset="i/1 "/>
</bind>
</comp>

<comp id="194" class="1004" name="icmp_ln136_fu_194">
<pin_list>
<pin id="195" dir="0" index="0" bw="3" slack="0"/>
<pin id="196" dir="0" index="1" bw="3" slack="0"/>
<pin id="197" dir="1" index="2" bw="1" slack="1"/>
</pin_list>
<bind>
<opcode="icmp(45) " fcode="icmp"/>
<opset="icmp_ln136/1 "/>
</bind>
</comp>

<comp id="200" class="1004" name="i_8_cast16_fu_200">
<pin_list>
<pin id="201" dir="0" index="0" bw="3" slack="0"/>
<pin id="202" dir="1" index="1" bw="64" slack="0"/>
</pin_list>
<bind>
<opcode="zext(34) " fcode="zext"/>
<opset="i_8_cast16/1 "/>
</bind>
</comp>

<comp id="206" class="1004" name="or_ln137_fu_206">
<pin_list>
<pin id="207" dir="0" index="0" bw="3" slack="0"/>
<pin id="208" dir="0" index="1" bw="3" slack="0"/>
<pin id="209" dir="1" index="2" bw="3" slack="0"/>
</pin_list>
<bind>
<opcode="or(24) " fcode="or"/>
<opset="or_ln137/1 "/>
</bind>
</comp>

<comp id="212" class="1004" name="zext_ln813_fu_212">
<pin_list>
<pin id="213" dir="0" index="0" bw="3" slack="0"/>
<pin id="214" dir="1" index="1" bw="64" slack="0"/>
</pin_list>
<bind>
<opcode="zext(34) " fcode="zext"/>
<opset="zext_ln813/1 "/>
</bind>
</comp>

<comp id="218" class="1004" name="trunc_ln2_fu_218">
<pin_list>
<pin id="219" dir="0" index="0" bw="2" slack="0"/>
<pin id="220" dir="0" index="1" bw="3" slack="0"/>
<pin id="221" dir="0" index="2" bw="1" slack="0"/>
<pin id="222" dir="0" index="3" bw="3" slack="0"/>
<pin id="223" dir="1" index="4" bw="2" slack="1"/>
</pin_list>
<bind>
<opcode="partselect(1002) " fcode="partselect"/>
<opset="trunc_ln2/1 "/>
</bind>
</comp>

<comp id="228" class="1004" name="add_ln136_fu_228">
<pin_list>
<pin id="229" dir="0" index="0" bw="3" slack="0"/>
<pin id="230" dir="0" index="1" bw="3" slack="0"/>
<pin id="231" dir="1" index="2" bw="3" slack="0"/>
</pin_list>
<bind>
<opcode="add(8) " fcode="add"/>
<opset="add_ln136/1 "/>
</bind>
</comp>

<comp id="234" class="1004" name="store_ln136_store_fu_234">
<pin_list>
<pin id="235" dir="0" index="0" bw="3" slack="0"/>
<pin id="236" dir="0" index="1" bw="3" slack="0"/>
<pin id="237" dir="1" index="2" bw="0" slack="2147483647"/>
</pin_list>
<bind>
<opcode="store(28) " fcode="store"/>
<opset="store_ln136/1 "/>
</bind>
</comp>

<comp id="239" class="1004" name="filt_6_I_V_1_4_fu_239">
<pin_list>
<pin id="240" dir="0" index="0" bw="18" slack="0"/>
<pin id="241" dir="0" index="1" bw="18" slack="0"/>
<pin id="242" dir="1" index="2" bw="18" slack="0"/>
</pin_list>
<bind>
<opcode="add(8) " fcode="add"/>
<opset="filt_6_I_V_1_4/2 "/>
</bind>
</comp>

<comp id="245" class="1004" name="store_ln137_store_fu_245">
<pin_list>
<pin id="246" dir="0" index="0" bw="18" slack="0"/>
<pin id="247" dir="0" index="1" bw="18" slack="1"/>
<pin id="248" dir="1" index="2" bw="0" slack="2147483647"/>
</pin_list>
<bind>
<opcode="store(28) " fcode="store"/>
<opset="store_ln137/2 "/>
</bind>
</comp>

<comp id="250" class="1004" name="store_ln137_store_fu_250">
<pin_list>
<pin id="251" dir="0" index="0" bw="18" slack="0"/>
<pin id="252" dir="0" index="1" bw="18" slack="1"/>
<pin id="253" dir="1" index="2" bw="0" slack="2147483647"/>
</pin_list>
<bind>
<opcode="store(28) " fcode="store"/>
<opset="store_ln137/2 "/>
</bind>
</comp>

<comp id="255" class="1004" name="filt_6_Q_V_1_4_fu_255">
<pin_list>
<pin id="256" dir="0" index="0" bw="18" slack="0"/>
<pin id="257" dir="0" index="1" bw="18" slack="0"/>
<pin id="258" dir="1" index="2" bw="18" slack="0"/>
</pin_list>
<bind>
<opcode="add(8) " fcode="add"/>
<opset="filt_6_Q_V_1_4/2 "/>
</bind>
</comp>

<comp id="261" class="1004" name="store_ln138_store_fu_261">
<pin_list>
<pin id="262" dir="0" index="0" bw="18" slack="0"/>
<pin id="263" dir="0" index="1" bw="18" slack="1"/>
<pin id="264" dir="1" index="2" bw="0" slack="2147483647"/>
</pin_list>
<bind>
<opcode="store(28) " fcode="store"/>
<opset="store_ln138/2 "/>
</bind>
</comp>

<comp id="266" class="1004" name="store_ln138_store_fu_266">
<pin_list>
<pin id="267" dir="0" index="0" bw="18" slack="0"/>
<pin id="268" dir="0" index="1" bw="18" slack="1"/>
<pin id="269" dir="1" index="2" bw="0" slack="2147483647"/>
</pin_list>
<bind>
<opcode="store(28) " fcode="store"/>
<opset="store_ln138/2 "/>
</bind>
</comp>

<comp id="271" class="1004" name="store_ln137_store_fu_271">
<pin_list>
<pin id="272" dir="0" index="0" bw="18" slack="1"/>
<pin id="273" dir="0" index="1" bw="18" slack="2"/>
<pin id="274" dir="1" index="2" bw="0" slack="2147483647"/>
</pin_list>
<bind>
<opcode="store(28) " fcode="store"/>
<opset="store_ln137/3 "/>
</bind>
</comp>

<comp id="275" class="1004" name="store_ln138_store_fu_275">
<pin_list>
<pin id="276" dir="0" index="0" bw="18" slack="1"/>
<pin id="277" dir="0" index="1" bw="18" slack="2"/>
<pin id="278" dir="1" index="2" bw="0" slack="2147483647"/>
</pin_list>
<bind>
<opcode="store(28) " fcode="store"/>
<opset="store_ln138/3 "/>
</bind>
</comp>

<comp id="279" class="1004" name="filt_6_I_V_1_load_load_fu_279">
<pin_list>
<pin id="280" dir="0" index="0" bw="18" slack="1"/>
<pin id="281" dir="1" index="1" bw="18" slack="0"/>
</pin_list>
<bind>
<opcode="load(27) " fcode="load"/>
<opset="filt_6_I_V_1_load/2 "/>
</bind>
</comp>

<comp id="283" class="1004" name="filt_6_I_V_1_1_load_load_fu_283">
<pin_list>
<pin id="284" dir="0" index="0" bw="18" slack="1"/>
<pin id="285" dir="1" index="1" bw="18" slack="0"/>
</pin_list>
<bind>
<opcode="load(27) " fcode="load"/>
<opset="filt_6_I_V_1_1_load/2 "/>
</bind>
</comp>

<comp id="287" class="1004" name="filt_6_I_V_1_2_load_load_fu_287">
<pin_list>
<pin id="288" dir="0" index="0" bw="18" slack="1"/>
<pin id="289" dir="1" index="1" bw="18" slack="0"/>
</pin_list>
<bind>
<opcode="load(27) " fcode="load"/>
<opset="filt_6_I_V_1_2_load/2 "/>
</bind>
</comp>

<comp id="291" class="1004" name="filt_6_Q_V_1_load_load_fu_291">
<pin_list>
<pin id="292" dir="0" index="0" bw="18" slack="1"/>
<pin id="293" dir="1" index="1" bw="18" slack="0"/>
</pin_list>
<bind>
<opcode="load(27) " fcode="load"/>
<opset="filt_6_Q_V_1_load/2 "/>
</bind>
</comp>

<comp id="295" class="1004" name="filt_6_Q_V_1_1_load_load_fu_295">
<pin_list>
<pin id="296" dir="0" index="0" bw="18" slack="1"/>
<pin id="297" dir="1" index="1" bw="18" slack="0"/>
</pin_list>
<bind>
<opcode="load(27) " fcode="load"/>
<opset="filt_6_Q_V_1_1_load/2 "/>
</bind>
</comp>

<comp id="299" class="1004" name="filt_6_Q_V_1_2_load_load_fu_299">
<pin_list>
<pin id="300" dir="0" index="0" bw="18" slack="1"/>
<pin id="301" dir="1" index="1" bw="18" slack="0"/>
</pin_list>
<bind>
<opcode="load(27) " fcode="load"/>
<opset="filt_6_Q_V_1_2_load/2 "/>
</bind>
</comp>

<comp id="303" class="1005" name="i_8_reg_303">
<pin_list>
<pin id="304" dir="0" index="0" bw="3" slack="0"/>
<pin id="305" dir="1" index="1" bw="3" slack="0"/>
</pin_list>
<bind>
<opset="i_8 "/>
</bind>
</comp>

<comp id="310" class="1005" name="filt_6_I_V_1_reg_310">
<pin_list>
<pin id="311" dir="0" index="0" bw="18" slack="0"/>
<pin id="312" dir="1" index="1" bw="18" slack="0"/>
</pin_list>
<bind>
<opset="filt_6_I_V_1 "/>
</bind>
</comp>

<comp id="317" class="1005" name="filt_6_I_V_1_1_reg_317">
<pin_list>
<pin id="318" dir="0" index="0" bw="18" slack="1"/>
<pin id="319" dir="1" index="1" bw="18" slack="1"/>
</pin_list>
<bind>
<opset="filt_6_I_V_1_1 "/>
</bind>
</comp>

<comp id="323" class="1005" name="filt_6_I_V_1_2_reg_323">
<pin_list>
<pin id="324" dir="0" index="0" bw="18" slack="1"/>
<pin id="325" dir="1" index="1" bw="18" slack="1"/>
</pin_list>
<bind>
<opset="filt_6_I_V_1_2 "/>
</bind>
</comp>

<comp id="329" class="1005" name="filt_6_Q_V_1_reg_329">
<pin_list>
<pin id="330" dir="0" index="0" bw="18" slack="0"/>
<pin id="331" dir="1" index="1" bw="18" slack="0"/>
</pin_list>
<bind>
<opset="filt_6_Q_V_1 "/>
</bind>
</comp>

<comp id="336" class="1005" name="filt_6_Q_V_1_1_reg_336">
<pin_list>
<pin id="337" dir="0" index="0" bw="18" slack="1"/>
<pin id="338" dir="1" index="1" bw="18" slack="1"/>
</pin_list>
<bind>
<opset="filt_6_Q_V_1_1 "/>
</bind>
</comp>

<comp id="342" class="1005" name="filt_6_Q_V_1_2_reg_342">
<pin_list>
<pin id="343" dir="0" index="0" bw="18" slack="1"/>
<pin id="344" dir="1" index="1" bw="18" slack="1"/>
</pin_list>
<bind>
<opset="filt_6_Q_V_1_2 "/>
</bind>
</comp>

<comp id="348" class="1005" name="icmp_ln136_reg_348">
<pin_list>
<pin id="349" dir="0" index="0" bw="1" slack="1"/>
<pin id="350" dir="1" index="1" bw="1" slack="2147483647"/>
</pin_list>
<bind>
<opset="icmp_ln136 "/>
</bind>
</comp>

<comp id="352" class="1005" name="filt_5_I_V_addr_reg_352">
<pin_list>
<pin id="353" dir="0" index="0" bw="3" slack="1"/>
<pin id="354" dir="1" index="1" bw="3" slack="1"/>
</pin_list>
<bind>
<opset="filt_5_I_V_addr "/>
</bind>
</comp>

<comp id="357" class="1005" name="filt_5_I_V_addr_1_reg_357">
<pin_list>
<pin id="358" dir="0" index="0" bw="3" slack="1"/>
<pin id="359" dir="1" index="1" bw="3" slack="1"/>
</pin_list>
<bind>
<opset="filt_5_I_V_addr_1 "/>
</bind>
</comp>

<comp id="362" class="1005" name="trunc_ln2_reg_362">
<pin_list>
<pin id="363" dir="0" index="0" bw="2" slack="1"/>
<pin id="364" dir="1" index="1" bw="2" slack="2147483647"/>
</pin_list>
<bind>
<opset="trunc_ln2 "/>
</bind>
</comp>

<comp id="366" class="1005" name="filt_5_Q_V_addr_reg_366">
<pin_list>
<pin id="367" dir="0" index="0" bw="3" slack="1"/>
<pin id="368" dir="1" index="1" bw="3" slack="1"/>
</pin_list>
<bind>
<opset="filt_5_Q_V_addr "/>
</bind>
</comp>

<comp id="371" class="1005" name="filt_5_Q_V_addr_1_reg_371">
<pin_list>
<pin id="372" dir="0" index="0" bw="3" slack="1"/>
<pin id="373" dir="1" index="1" bw="3" slack="1"/>
</pin_list>
<bind>
<opset="filt_5_Q_V_addr_1 "/>
</bind>
</comp>

<comp id="376" class="1005" name="filt_6_I_V_1_4_reg_376">
<pin_list>
<pin id="377" dir="0" index="0" bw="18" slack="1"/>
<pin id="378" dir="1" index="1" bw="18" slack="1"/>
</pin_list>
<bind>
<opset="filt_6_I_V_1_4 "/>
</bind>
</comp>

<comp id="381" class="1005" name="filt_6_Q_V_1_4_reg_381">
<pin_list>
<pin id="382" dir="0" index="0" bw="18" slack="1"/>
<pin id="383" dir="1" index="1" bw="18" slack="1"/>
</pin_list>
<bind>
<opset="filt_6_Q_V_1_4 "/>
</bind>
</comp>

</comp_list>

<net_list>
<net id="59"><net_src comp="16" pin="0"/><net_sink comp="56" pin=0"/></net>

<net id="63"><net_src comp="16" pin="0"/><net_sink comp="60" pin=0"/></net>

<net id="67"><net_src comp="16" pin="0"/><net_sink comp="64" pin=0"/></net>

<net id="71"><net_src comp="16" pin="0"/><net_sink comp="68" pin=0"/></net>

<net id="75"><net_src comp="16" pin="0"/><net_sink comp="72" pin=0"/></net>

<net id="79"><net_src comp="16" pin="0"/><net_sink comp="76" pin=0"/></net>

<net id="83"><net_src comp="16" pin="0"/><net_sink comp="80" pin=0"/></net>

<net id="89"><net_src comp="54" pin="0"/><net_sink comp="84" pin=0"/></net>

<net id="90"><net_src comp="4" pin="0"/><net_sink comp="84" pin=1"/></net>

<net id="96"><net_src comp="54" pin="0"/><net_sink comp="91" pin=0"/></net>

<net id="97"><net_src comp="6" pin="0"/><net_sink comp="91" pin=1"/></net>

<net id="103"><net_src comp="54" pin="0"/><net_sink comp="98" pin=0"/></net>

<net id="104"><net_src comp="8" pin="0"/><net_sink comp="98" pin=1"/></net>

<net id="110"><net_src comp="54" pin="0"/><net_sink comp="105" pin=0"/></net>

<net id="111"><net_src comp="10" pin="0"/><net_sink comp="105" pin=1"/></net>

<net id="117"><net_src comp="54" pin="0"/><net_sink comp="112" pin=0"/></net>

<net id="118"><net_src comp="12" pin="0"/><net_sink comp="112" pin=1"/></net>

<net id="124"><net_src comp="54" pin="0"/><net_sink comp="119" pin=0"/></net>

<net id="125"><net_src comp="14" pin="0"/><net_sink comp="119" pin=1"/></net>

<net id="131"><net_src comp="2" pin="0"/><net_sink comp="126" pin=0"/></net>

<net id="132"><net_src comp="38" pin="0"/><net_sink comp="126" pin=1"/></net>

<net id="142"><net_src comp="126" pin="3"/><net_sink comp="133" pin=2"/></net>

<net id="148"><net_src comp="2" pin="0"/><net_sink comp="143" pin=0"/></net>

<net id="149"><net_src comp="38" pin="0"/><net_sink comp="143" pin=1"/></net>

<net id="150"><net_src comp="143" pin="3"/><net_sink comp="133" pin=0"/></net>

<net id="156"><net_src comp="0" pin="0"/><net_sink comp="151" pin=0"/></net>

<net id="157"><net_src comp="38" pin="0"/><net_sink comp="151" pin=1"/></net>

<net id="167"><net_src comp="151" pin="3"/><net_sink comp="158" pin=2"/></net>

<net id="173"><net_src comp="0" pin="0"/><net_sink comp="168" pin=0"/></net>

<net id="174"><net_src comp="38" pin="0"/><net_sink comp="168" pin=1"/></net>

<net id="175"><net_src comp="168" pin="3"/><net_sink comp="158" pin=0"/></net>

<net id="180"><net_src comp="18" pin="0"/><net_sink comp="176" pin=0"/></net>

<net id="185"><net_src comp="18" pin="0"/><net_sink comp="181" pin=0"/></net>

<net id="190"><net_src comp="20" pin="0"/><net_sink comp="186" pin=0"/></net>

<net id="198"><net_src comp="191" pin="1"/><net_sink comp="194" pin=0"/></net>

<net id="199"><net_src comp="30" pin="0"/><net_sink comp="194" pin=1"/></net>

<net id="203"><net_src comp="191" pin="1"/><net_sink comp="200" pin=0"/></net>

<net id="204"><net_src comp="200" pin="1"/><net_sink comp="126" pin=2"/></net>

<net id="205"><net_src comp="200" pin="1"/><net_sink comp="151" pin=2"/></net>

<net id="210"><net_src comp="191" pin="1"/><net_sink comp="206" pin=0"/></net>

<net id="211"><net_src comp="36" pin="0"/><net_sink comp="206" pin=1"/></net>

<net id="215"><net_src comp="206" pin="2"/><net_sink comp="212" pin=0"/></net>

<net id="216"><net_src comp="212" pin="1"/><net_sink comp="143" pin=2"/></net>

<net id="217"><net_src comp="212" pin="1"/><net_sink comp="168" pin=2"/></net>

<net id="224"><net_src comp="40" pin="0"/><net_sink comp="218" pin=0"/></net>

<net id="225"><net_src comp="191" pin="1"/><net_sink comp="218" pin=1"/></net>

<net id="226"><net_src comp="16" pin="0"/><net_sink comp="218" pin=2"/></net>

<net id="227"><net_src comp="42" pin="0"/><net_sink comp="218" pin=3"/></net>

<net id="232"><net_src comp="191" pin="1"/><net_sink comp="228" pin=0"/></net>

<net id="233"><net_src comp="48" pin="0"/><net_sink comp="228" pin=1"/></net>

<net id="238"><net_src comp="228" pin="2"/><net_sink comp="234" pin=0"/></net>

<net id="243"><net_src comp="133" pin="3"/><net_sink comp="239" pin=0"/></net>

<net id="244"><net_src comp="133" pin="7"/><net_sink comp="239" pin=1"/></net>

<net id="249"><net_src comp="239" pin="2"/><net_sink comp="245" pin=0"/></net>

<net id="254"><net_src comp="239" pin="2"/><net_sink comp="250" pin=0"/></net>

<net id="259"><net_src comp="158" pin="3"/><net_sink comp="255" pin=0"/></net>

<net id="260"><net_src comp="158" pin="7"/><net_sink comp="255" pin=1"/></net>

<net id="265"><net_src comp="255" pin="2"/><net_sink comp="261" pin=0"/></net>

<net id="270"><net_src comp="255" pin="2"/><net_sink comp="266" pin=0"/></net>

<net id="282"><net_src comp="279" pin="1"/><net_sink comp="119" pin=2"/></net>

<net id="286"><net_src comp="283" pin="1"/><net_sink comp="112" pin=2"/></net>

<net id="290"><net_src comp="287" pin="1"/><net_sink comp="105" pin=2"/></net>

<net id="294"><net_src comp="291" pin="1"/><net_sink comp="98" pin=2"/></net>

<net id="298"><net_src comp="295" pin="1"/><net_sink comp="91" pin=2"/></net>

<net id="302"><net_src comp="299" pin="1"/><net_sink comp="84" pin=2"/></net>

<net id="306"><net_src comp="56" pin="1"/><net_sink comp="303" pin=0"/></net>

<net id="307"><net_src comp="303" pin="1"/><net_sink comp="186" pin=1"/></net>

<net id="308"><net_src comp="303" pin="1"/><net_sink comp="191" pin=0"/></net>

<net id="309"><net_src comp="303" pin="1"/><net_sink comp="234" pin=1"/></net>

<net id="313"><net_src comp="60" pin="1"/><net_sink comp="310" pin=0"/></net>

<net id="314"><net_src comp="310" pin="1"/><net_sink comp="181" pin=1"/></net>

<net id="315"><net_src comp="310" pin="1"/><net_sink comp="271" pin=1"/></net>

<net id="316"><net_src comp="310" pin="1"/><net_sink comp="279" pin=0"/></net>

<net id="320"><net_src comp="64" pin="1"/><net_sink comp="317" pin=0"/></net>

<net id="321"><net_src comp="317" pin="1"/><net_sink comp="245" pin=1"/></net>

<net id="322"><net_src comp="317" pin="1"/><net_sink comp="283" pin=0"/></net>

<net id="326"><net_src comp="68" pin="1"/><net_sink comp="323" pin=0"/></net>

<net id="327"><net_src comp="323" pin="1"/><net_sink comp="250" pin=1"/></net>

<net id="328"><net_src comp="323" pin="1"/><net_sink comp="287" pin=0"/></net>

<net id="332"><net_src comp="72" pin="1"/><net_sink comp="329" pin=0"/></net>

<net id="333"><net_src comp="329" pin="1"/><net_sink comp="176" pin=1"/></net>

<net id="334"><net_src comp="329" pin="1"/><net_sink comp="275" pin=1"/></net>

<net id="335"><net_src comp="329" pin="1"/><net_sink comp="291" pin=0"/></net>

<net id="339"><net_src comp="76" pin="1"/><net_sink comp="336" pin=0"/></net>

<net id="340"><net_src comp="336" pin="1"/><net_sink comp="261" pin=1"/></net>

<net id="341"><net_src comp="336" pin="1"/><net_sink comp="295" pin=0"/></net>

<net id="345"><net_src comp="80" pin="1"/><net_sink comp="342" pin=0"/></net>

<net id="346"><net_src comp="342" pin="1"/><net_sink comp="266" pin=1"/></net>

<net id="347"><net_src comp="342" pin="1"/><net_sink comp="299" pin=0"/></net>

<net id="351"><net_src comp="194" pin="2"/><net_sink comp="348" pin=0"/></net>

<net id="355"><net_src comp="126" pin="3"/><net_sink comp="352" pin=0"/></net>

<net id="356"><net_src comp="352" pin="1"/><net_sink comp="133" pin=2"/></net>

<net id="360"><net_src comp="143" pin="3"/><net_sink comp="357" pin=0"/></net>

<net id="361"><net_src comp="357" pin="1"/><net_sink comp="133" pin=0"/></net>

<net id="365"><net_src comp="218" pin="4"/><net_sink comp="362" pin=0"/></net>

<net id="369"><net_src comp="151" pin="3"/><net_sink comp="366" pin=0"/></net>

<net id="370"><net_src comp="366" pin="1"/><net_sink comp="158" pin=2"/></net>

<net id="374"><net_src comp="168" pin="3"/><net_sink comp="371" pin=0"/></net>

<net id="375"><net_src comp="371" pin="1"/><net_sink comp="158" pin=0"/></net>

<net id="379"><net_src comp="239" pin="2"/><net_sink comp="376" pin=0"/></net>

<net id="380"><net_src comp="376" pin="1"/><net_sink comp="271" pin=0"/></net>

<net id="384"><net_src comp="255" pin="2"/><net_sink comp="381" pin=0"/></net>

<net id="385"><net_src comp="381" pin="1"/><net_sink comp="275" pin=0"/></net>

</net_list>

</model> 
---------------- Datapath Model END ------------------

* FSMD analyzer results:
  - Output states:
	Port: filt_6_Q_V_2_0119_out | {2 }
	Port: filt_6_Q_V_1_0118_out | {2 }
	Port: filt_6_Q_V_0_0_out | {2 }
	Port: filt_6_I_V_2_0117_out | {2 }
	Port: filt_6_I_V_1_0116_out | {2 }
	Port: filt_6_I_V_0_0_out | {2 }
 - Input state : 
	Port: receiver_Pipeline_VITIS_LOOP_136_9 : filt_5_Q_V | {1 2 }
	Port: receiver_Pipeline_VITIS_LOOP_136_9 : filt_5_I_V | {1 2 }
  - Chain level:
	State 1
		store_ln0 : 1
		store_ln0 : 1
		store_ln0 : 1
		i : 1
		icmp_ln136 : 2
		br_ln136 : 3
		i_8_cast16 : 2
		or_ln137 : 2
		zext_ln813 : 2
		filt_5_I_V_addr : 3
		filt_5_I_V_load : 4
		filt_5_I_V_addr_1 : 3
		filt_5_I_V_load_1 : 4
		trunc_ln2 : 2
		switch_ln137 : 3
		filt_5_Q_V_addr : 3
		filt_5_Q_V_load : 4
		filt_5_Q_V_addr_1 : 3
		filt_5_Q_V_load_1 : 4
		switch_ln138 : 3
		add_ln136 : 2
		store_ln136 : 3
	State 2
		filt_6_I_V_1_4 : 1
		store_ln137 : 2
		store_ln137 : 2
		filt_6_Q_V_1_4 : 1
		store_ln138 : 2
		store_ln138 : 2
		write_ln0 : 1
		write_ln0 : 1
		write_ln0 : 1
		write_ln0 : 1
		write_ln0 : 1
		write_ln0 : 1
	State 3


============================================================
+ Verbose Summary: Datapath Resource usage 
============================================================

* Functional unit list:
|----------|------------------------|---------|---------|
| Operation|     Functional Unit    |    FF   |   LUT   |
|----------|------------------------|---------|---------|
|          |    add_ln136_fu_228    |    0    |    11   |
|    add   |  filt_6_I_V_1_4_fu_239 |    0    |    25   |
|          |  filt_6_Q_V_1_4_fu_255 |    0    |    25   |
|----------|------------------------|---------|---------|
|   icmp   |    icmp_ln136_fu_194   |    0    |    8    |
|----------|------------------------|---------|---------|
|          |  write_ln0_write_fu_84 |    0    |    0    |
|          |  write_ln0_write_fu_91 |    0    |    0    |
|   write  |  write_ln0_write_fu_98 |    0    |    0    |
|          | write_ln0_write_fu_105 |    0    |    0    |
|          | write_ln0_write_fu_112 |    0    |    0    |
|          | write_ln0_write_fu_119 |    0    |    0    |
|----------|------------------------|---------|---------|
|   zext   |    i_8_cast16_fu_200   |    0    |    0    |
|          |    zext_ln813_fu_212   |    0    |    0    |
|----------|------------------------|---------|---------|
|    or    |     or_ln137_fu_206    |    0    |    0    |
|----------|------------------------|---------|---------|
|partselect|    trunc_ln2_fu_218    |    0    |    0    |
|----------|------------------------|---------|---------|
|   Total  |                        |    0    |    69   |
|----------|------------------------|---------|---------|

Memories:
N/A

* Register list:
+-------------------------+--------+
|                         |   FF   |
+-------------------------+--------+
|filt_5_I_V_addr_1_reg_357|    3   |
| filt_5_I_V_addr_reg_352 |    3   |
|filt_5_Q_V_addr_1_reg_371|    3   |
| filt_5_Q_V_addr_reg_366 |    3   |
|  filt_6_I_V_1_1_reg_317 |   18   |
|  filt_6_I_V_1_2_reg_323 |   18   |
|  filt_6_I_V_1_4_reg_376 |   18   |
|   filt_6_I_V_1_reg_310  |   18   |
|  filt_6_Q_V_1_1_reg_336 |   18   |
|  filt_6_Q_V_1_2_reg_342 |   18   |
|  filt_6_Q_V_1_4_reg_381 |   18   |
|   filt_6_Q_V_1_reg_329  |   18   |
|       i_8_reg_303       |    3   |
|    icmp_ln136_reg_348   |    1   |
|    trunc_ln2_reg_362    |    2   |
+-------------------------+--------+
|          Total          |   162  |
+-------------------------+--------+

* Multiplexer (MUX) list: 
|-------------------|------|------|------|--------||---------||---------|
|        Comp       |  Pin | Size |  BW  | S x BW ||  Delay  ||   LUT   |
|-------------------|------|------|------|--------||---------||---------|
| grp_access_fu_133 |  p0  |   2  |   3  |    6   ||    9    |
| grp_access_fu_133 |  p2  |   2  |   0  |    0   ||    9    |
| grp_access_fu_158 |  p0  |   2  |   3  |    6   ||    9    |
| grp_access_fu_158 |  p2  |   2  |   0  |    0   ||    9    |
|-------------------|------|------|------|--------||---------||---------|
|       Total       |      |      |      |   12   ||  6.352  ||    36   |
|-------------------|------|------|------|--------||---------||---------|



* Summary:
+-----------+--------+--------+--------+
|           |  Delay |   FF   |   LUT  |
+-----------+--------+--------+--------+
|  Function |    -   |    0   |   69   |
|   Memory  |    -   |    -   |    -   |
|Multiplexer|    6   |    -   |   36   |
|  Register |    -   |   162  |    -   |
+-----------+--------+--------+--------+
|   Total   |    6   |   162  |   105  |
+-----------+--------+--------+--------+
