

================================================================
== Vitis HLS Report for 'receiver_Pipeline_VITIS_LOOP_237_20'
================================================================
* Date:           Thu May  2 23:56:56 2024

* Version:        2023.1 (Build 3854077 on May  4 2023)
* Project:        receiver
* Solution:       solution1 (Vivado IP Flow Target)
* Product family: zynq
* Target device:  xc7z020-clg400-1


================================================================
== Performance Estimates
================================================================
+ Timing: 
    * Summary: 
    +--------+----------+----------+------------+
    |  Clock |  Target  | Estimated| Uncertainty|
    +--------+----------+----------+------------+
    |ap_clk  |  10.00 ns|  6.432 ns|     2.70 ns|
    +--------+----------+----------+------------+

+ Latency: 
    * Summary: 
    +---------+---------+-----------+-----------+-----+-----+---------+
    |  Latency (cycles) |   Latency (absolute)  |  Interval | Pipeline|
    |   min   |   max   |    min    |    max    | min | max |   Type  |
    +---------+---------+-----------+-----------+-----+-----+---------+
    |        6|        6|  60.000 ns|  60.000 ns|    6|    6|       no|
    +---------+---------+-----------+-----------+-----+-----+---------+

    + Detail: 
        * Instance: 
        N/A

        * Loop: 
        +---------------------+---------+---------+----------+-----------+-----------+------+----------+
        |                     |  Latency (cycles) | Iteration|  Initiation Interval  | Trip |          |
        |      Loop Name      |   min   |   max   |  Latency |  achieved |   target  | Count| Pipelined|
        +---------------------+---------+---------+----------+-----------+-----------+------+----------+
        |- VITIS_LOOP_237_20  |        4|        4|         2|          1|          1|     4|       yes|
        +---------------------+---------+---------+----------+-----------+-----------+------+----------+

============================================================
+ Verbose Summary: Synthesis Manager
============================================================
InlineROM: 1
ExposeGlobal: 0
============================================================
+ Verbose Summary: CDFG Model
============================================================
IsTopModel: 0
ResetActiveHigh: 1
IsCombinational: 0
IsDatapathOnly: 0
HasWiredReturn: 1
HasMFsm: 2
HasVarLatency: 1
IsPipeline: 0
IsRtlPipelined: 0
IsInstanceOverlapped: 0
IsDontTouch: 0
HasImplIP: 0
IsGatedGlobalClock: 0

+ Individual pipeline summary: 
  * Pipeline-0: initiation interval (II) = 1, depth = 2


============================================================
+ Verbose Summary: Schedule
============================================================
* Number of FSM states : 2
* Pipeline : 1
  Pipeline-0 : II = 1, D = 2, States = { 1 2 }
* Dataflow Pipeline: 0

* FSM state transitions: 
1 --> 2 
2 --> 

* FSM state operations: 

State 1 <SV = 0> <Delay = 3.32>
ST_1 : Operation 5 [1/1] (0.00ns)   --->   "%i = alloca i32 1"   --->   Operation 5 'alloca' 'i' <Predicate = true> <Delay = 0.00>
ST_1 : Operation 6 [1/1] (0.00ns)   --->   "%arr_9_I_1 = alloca i32 1"   --->   Operation 6 'alloca' 'arr_9_I_1' <Predicate = true> <Delay = 0.00>
ST_1 : Operation 7 [1/1] (0.00ns)   --->   "%arr_9_I_1_1 = alloca i32 1"   --->   Operation 7 'alloca' 'arr_9_I_1_1' <Predicate = true> <Delay = 0.00>
ST_1 : Operation 8 [1/1] (0.00ns)   --->   "%arr_9_I_1_2 = alloca i32 1"   --->   Operation 8 'alloca' 'arr_9_I_1_2' <Predicate = true> <Delay = 0.00>
ST_1 : Operation 9 [1/1] (0.00ns)   --->   "%arr_9_I_1_3 = alloca i32 1"   --->   Operation 9 'alloca' 'arr_9_I_1_3' <Predicate = true> <Delay = 0.00>
ST_1 : Operation 10 [1/1] (0.00ns)   --->   "%arr_9_Q_1 = alloca i32 1"   --->   Operation 10 'alloca' 'arr_9_Q_1' <Predicate = true> <Delay = 0.00>
ST_1 : Operation 11 [1/1] (0.00ns)   --->   "%arr_9_Q_1_1 = alloca i32 1"   --->   Operation 11 'alloca' 'arr_9_Q_1_1' <Predicate = true> <Delay = 0.00>
ST_1 : Operation 12 [1/1] (0.00ns)   --->   "%arr_9_Q_1_2 = alloca i32 1"   --->   Operation 12 'alloca' 'arr_9_Q_1_2' <Predicate = true> <Delay = 0.00>
ST_1 : Operation 13 [1/1] (0.00ns)   --->   "%arr_9_Q_1_3 = alloca i32 1"   --->   Operation 13 'alloca' 'arr_9_Q_1_3' <Predicate = true> <Delay = 0.00>
ST_1 : Operation 14 [1/1] (1.58ns)   --->   "%store_ln0 = store i24 0, i24 %arr_9_Q_1"   --->   Operation 14 'store' 'store_ln0' <Predicate = true> <Delay = 1.58>
ST_1 : Operation 15 [1/1] (1.58ns)   --->   "%store_ln0 = store i24 0, i24 %arr_9_I_1"   --->   Operation 15 'store' 'store_ln0' <Predicate = true> <Delay = 1.58>
ST_1 : Operation 16 [1/1] (1.58ns)   --->   "%store_ln0 = store i4 0, i4 %i"   --->   Operation 16 'store' 'store_ln0' <Predicate = true> <Delay = 1.58>
ST_1 : Operation 17 [1/1] (0.00ns)   --->   "%br_ln0 = br void %for.body757"   --->   Operation 17 'br' 'br_ln0' <Predicate = true> <Delay = 0.00>
ST_1 : Operation 18 [1/1] (0.00ns)   --->   "%i_5 = load i4 %i"   --->   Operation 18 'load' 'i_5' <Predicate = true> <Delay = 0.00>
ST_1 : Operation 19 [1/1] (0.00ns)   --->   "%specpipeline_ln0 = specpipeline void @_ssdm_op_SpecPipeline, i32 4294967295, i32 0, i32 1, i32 0, void @p_str"   --->   Operation 19 'specpipeline' 'specpipeline_ln0' <Predicate = true> <Delay = 0.00>
ST_1 : Operation 20 [1/1] (0.00ns)   --->   "%tmp = bitselect i1 @_ssdm_op_BitSelect.i1.i4.i32, i4 %i_5, i32 3" [receiver.cpp:237]   --->   Operation 20 'bitselect' 'tmp' <Predicate = true> <Delay = 0.00>
ST_1 : Operation 21 [1/1] (0.00ns)   --->   "%br_ln237 = br i1 %tmp, void %for.body757.split, void %for.body799.preheader.exitStub" [receiver.cpp:237]   --->   Operation 21 'br' 'br_ln237' <Predicate = true> <Delay = 0.00>
ST_1 : Operation 22 [1/1] (0.00ns)   --->   "%i_19_cast22 = zext i4 %i_5"   --->   Operation 22 'zext' 'i_19_cast22' <Predicate = (!tmp)> <Delay = 0.00>
ST_1 : Operation 23 [1/1] (0.00ns)   --->   "%empty = trunc i4 %i_5"   --->   Operation 23 'trunc' 'empty' <Predicate = (!tmp)> <Delay = 0.00>
ST_1 : Operation 24 [1/1] (0.00ns)   --->   "%or_ln238 = or i3 %empty, i3 1" [receiver.cpp:238]   --->   Operation 24 'or' 'or_ln238' <Predicate = (!tmp)> <Delay = 0.00>
ST_1 : Operation 25 [1/1] (0.00ns)   --->   "%zext_ln238 = zext i3 %or_ln238" [receiver.cpp:238]   --->   Operation 25 'zext' 'zext_ln238' <Predicate = (!tmp)> <Delay = 0.00>
ST_1 : Operation 26 [1/1] (0.00ns)   --->   "%arr_8_I_addr = getelementptr i31 %arr_8_I, i64 0, i64 %i_19_cast22" [receiver.cpp:238]   --->   Operation 26 'getelementptr' 'arr_8_I_addr' <Predicate = (!tmp)> <Delay = 0.00>
ST_1 : Operation 27 [2/2] (2.32ns)   --->   "%arr_8_I_load = load i3 %arr_8_I_addr" [receiver.cpp:238]   --->   Operation 27 'load' 'arr_8_I_load' <Predicate = (!tmp)> <Delay = 2.32> <CoreInst = "RAM">   --->   Core 82 'RAM' <Latency = 1> <II = 1> <Delay = 2.32> <Storage> <Opcode : 'load' 'store'> <Ports = 2> <Width = 31> <Depth = 8> <RAM>
ST_1 : Operation 28 [1/1] (0.00ns)   --->   "%arr_8_I_addr_1 = getelementptr i31 %arr_8_I, i64 0, i64 %zext_ln238" [receiver.cpp:238]   --->   Operation 28 'getelementptr' 'arr_8_I_addr_1' <Predicate = (!tmp)> <Delay = 0.00>
ST_1 : Operation 29 [2/2] (2.32ns)   --->   "%arr_8_I_load_1 = load i3 %arr_8_I_addr_1" [receiver.cpp:238]   --->   Operation 29 'load' 'arr_8_I_load_1' <Predicate = (!tmp)> <Delay = 2.32> <CoreInst = "RAM">   --->   Core 82 'RAM' <Latency = 1> <II = 1> <Delay = 2.32> <Storage> <Opcode : 'load' 'store'> <Ports = 2> <Width = 31> <Depth = 8> <RAM>
ST_1 : Operation 30 [1/1] (0.00ns)   --->   "%trunc_ln8 = partselect i2 @_ssdm_op_PartSelect.i2.i4.i32.i32, i4 %i_5, i32 1, i32 2" [receiver.cpp:238]   --->   Operation 30 'partselect' 'trunc_ln8' <Predicate = (!tmp)> <Delay = 0.00>
ST_1 : Operation 31 [1/1] (1.86ns)   --->   "%switch_ln238 = switch i2 %trunc_ln8, void %branch17, i2 0, void %for.body757.split.for.body757.split55_crit_edge, i2 1, void %for.body757.split.for.body757.split55_crit_edge3, i2 2, void %branch16" [receiver.cpp:238]   --->   Operation 31 'switch' 'switch_ln238' <Predicate = (!tmp)> <Delay = 1.86>
ST_1 : Operation 32 [1/1] (0.00ns)   --->   "%arr_8_Q_addr = getelementptr i31 %arr_8_Q, i64 0, i64 %i_19_cast22" [receiver.cpp:239]   --->   Operation 32 'getelementptr' 'arr_8_Q_addr' <Predicate = (!tmp)> <Delay = 0.00>
ST_1 : Operation 33 [2/2] (2.32ns)   --->   "%arr_8_Q_load = load i3 %arr_8_Q_addr" [receiver.cpp:239]   --->   Operation 33 'load' 'arr_8_Q_load' <Predicate = (!tmp)> <Delay = 2.32> <CoreInst = "RAM">   --->   Core 82 'RAM' <Latency = 1> <II = 1> <Delay = 2.32> <Storage> <Opcode : 'load' 'store'> <Ports = 2> <Width = 31> <Depth = 8> <RAM>
ST_1 : Operation 34 [1/1] (0.00ns)   --->   "%arr_8_Q_addr_1 = getelementptr i31 %arr_8_Q, i64 0, i64 %zext_ln238" [receiver.cpp:239]   --->   Operation 34 'getelementptr' 'arr_8_Q_addr_1' <Predicate = (!tmp)> <Delay = 0.00>
ST_1 : Operation 35 [2/2] (2.32ns)   --->   "%arr_8_Q_load_1 = load i3 %arr_8_Q_addr_1" [receiver.cpp:239]   --->   Operation 35 'load' 'arr_8_Q_load_1' <Predicate = (!tmp)> <Delay = 2.32> <CoreInst = "RAM">   --->   Core 82 'RAM' <Latency = 1> <II = 1> <Delay = 2.32> <Storage> <Opcode : 'load' 'store'> <Ports = 2> <Width = 31> <Depth = 8> <RAM>
ST_1 : Operation 36 [1/1] (1.86ns)   --->   "%switch_ln239 = switch i2 %trunc_ln8, void %branch29, i2 0, void %for.body757.split55.for.body757.split5586_crit_edge, i2 1, void %for.body757.split55.for.body757.split5586_crit_edge2, i2 2, void %branch28" [receiver.cpp:239]   --->   Operation 36 'switch' 'switch_ln239' <Predicate = (!tmp)> <Delay = 1.86>
ST_1 : Operation 37 [1/1] (1.73ns)   --->   "%add_ln237 = add i4 %i_5, i4 2" [receiver.cpp:237]   --->   Operation 37 'add' 'add_ln237' <Predicate = (!tmp)> <Delay = 1.73> <CoreInst = "Adder">   --->   Core 1 'Adder' <Latency = 0> <II = 1> <Delay = 1.73> <FuncUnit> <Opcode : 'add' 'sub'> <InPorts = 2> <OutPorts = 1>
ST_1 : Operation 38 [1/1] (1.58ns)   --->   "%store_ln237 = store i4 %add_ln237, i4 %i" [receiver.cpp:237]   --->   Operation 38 'store' 'store_ln237' <Predicate = (!tmp)> <Delay = 1.58>
ST_1 : Operation 39 [1/1] (0.00ns)   --->   "%br_ln237 = br void %for.body757" [receiver.cpp:237]   --->   Operation 39 'br' 'br_ln237' <Predicate = (!tmp)> <Delay = 0.00>
ST_1 : Operation 70 [1/1] (0.00ns)   --->   "%arr_9_I_1_load = load i24 %arr_9_I_1"   --->   Operation 70 'load' 'arr_9_I_1_load' <Predicate = (tmp)> <Delay = 0.00>
ST_1 : Operation 71 [1/1] (0.00ns)   --->   "%arr_9_I_1_1_load = load i24 %arr_9_I_1_1"   --->   Operation 71 'load' 'arr_9_I_1_1_load' <Predicate = (tmp)> <Delay = 0.00>
ST_1 : Operation 72 [1/1] (0.00ns)   --->   "%arr_9_I_1_2_load = load i24 %arr_9_I_1_2"   --->   Operation 72 'load' 'arr_9_I_1_2_load' <Predicate = (tmp)> <Delay = 0.00>
ST_1 : Operation 73 [1/1] (0.00ns)   --->   "%arr_9_I_1_3_load = load i24 %arr_9_I_1_3"   --->   Operation 73 'load' 'arr_9_I_1_3_load' <Predicate = (tmp)> <Delay = 0.00>
ST_1 : Operation 74 [1/1] (0.00ns)   --->   "%arr_9_Q_1_load = load i24 %arr_9_Q_1"   --->   Operation 74 'load' 'arr_9_Q_1_load' <Predicate = (tmp)> <Delay = 0.00>
ST_1 : Operation 75 [1/1] (0.00ns)   --->   "%arr_9_Q_1_1_load = load i24 %arr_9_Q_1_1"   --->   Operation 75 'load' 'arr_9_Q_1_1_load' <Predicate = (tmp)> <Delay = 0.00>
ST_1 : Operation 76 [1/1] (0.00ns)   --->   "%arr_9_Q_1_2_load = load i24 %arr_9_Q_1_2"   --->   Operation 76 'load' 'arr_9_Q_1_2_load' <Predicate = (tmp)> <Delay = 0.00>
ST_1 : Operation 77 [1/1] (0.00ns)   --->   "%arr_9_Q_1_3_load = load i24 %arr_9_Q_1_3"   --->   Operation 77 'load' 'arr_9_Q_1_3_load' <Predicate = (tmp)> <Delay = 0.00>
ST_1 : Operation 78 [1/1] (0.00ns)   --->   "%write_ln0 = write void @_ssdm_op_Write.ap_auto.i24P0A, i24 %arr_9_Q_3_0125_out, i24 %arr_9_Q_1_3_load"   --->   Operation 78 'write' 'write_ln0' <Predicate = (tmp)> <Delay = 0.00>
ST_1 : Operation 79 [1/1] (0.00ns)   --->   "%write_ln0 = write void @_ssdm_op_Write.ap_auto.i24P0A, i24 %arr_9_Q_2_0124_out, i24 %arr_9_Q_1_2_load"   --->   Operation 79 'write' 'write_ln0' <Predicate = (tmp)> <Delay = 0.00>
ST_1 : Operation 80 [1/1] (0.00ns)   --->   "%write_ln0 = write void @_ssdm_op_Write.ap_auto.i24P0A, i24 %arr_9_Q_1_0123_out, i24 %arr_9_Q_1_1_load"   --->   Operation 80 'write' 'write_ln0' <Predicate = (tmp)> <Delay = 0.00>
ST_1 : Operation 81 [1/1] (0.00ns)   --->   "%write_ln0 = write void @_ssdm_op_Write.ap_auto.i24P0A, i24 %arr_9_Q_0_0_out, i24 %arr_9_Q_1_load"   --->   Operation 81 'write' 'write_ln0' <Predicate = (tmp)> <Delay = 0.00>
ST_1 : Operation 82 [1/1] (0.00ns)   --->   "%write_ln0 = write void @_ssdm_op_Write.ap_auto.i24P0A, i24 %arr_9_I_3_0122_out, i24 %arr_9_I_1_3_load"   --->   Operation 82 'write' 'write_ln0' <Predicate = (tmp)> <Delay = 0.00>
ST_1 : Operation 83 [1/1] (0.00ns)   --->   "%write_ln0 = write void @_ssdm_op_Write.ap_auto.i24P0A, i24 %arr_9_I_2_0121_out, i24 %arr_9_I_1_2_load"   --->   Operation 83 'write' 'write_ln0' <Predicate = (tmp)> <Delay = 0.00>
ST_1 : Operation 84 [1/1] (0.00ns)   --->   "%write_ln0 = write void @_ssdm_op_Write.ap_auto.i24P0A, i24 %arr_9_I_1_0120_out, i24 %arr_9_I_1_1_load"   --->   Operation 84 'write' 'write_ln0' <Predicate = (tmp)> <Delay = 0.00>
ST_1 : Operation 85 [1/1] (0.00ns)   --->   "%write_ln0 = write void @_ssdm_op_Write.ap_auto.i24P0A, i24 %arr_9_I_0_0_out, i24 %arr_9_I_1_load"   --->   Operation 85 'write' 'write_ln0' <Predicate = (tmp)> <Delay = 0.00>
ST_1 : Operation 86 [1/1] (0.00ns)   --->   "%ret_ln0 = ret"   --->   Operation 86 'ret' 'ret_ln0' <Predicate = (tmp)> <Delay = 0.00>

State 2 <SV = 1> <Delay = 6.43>
ST_2 : Operation 40 [1/1] (0.00ns)   --->   "%speclooptripcount_ln237 = speclooptripcount void @_ssdm_op_SpecLoopTripCount, i64 4, i64 4, i64 4" [receiver.cpp:237]   --->   Operation 40 'speclooptripcount' 'speclooptripcount_ln237' <Predicate = true> <Delay = 0.00>
ST_2 : Operation 41 [1/1] (0.00ns)   --->   "%specloopname_ln237 = specloopname void @_ssdm_op_SpecLoopName, void @empty_3" [receiver.cpp:237]   --->   Operation 41 'specloopname' 'specloopname_ln237' <Predicate = true> <Delay = 0.00>
ST_2 : Operation 42 [1/2] (2.32ns)   --->   "%arr_8_I_load = load i3 %arr_8_I_addr" [receiver.cpp:238]   --->   Operation 42 'load' 'arr_8_I_load' <Predicate = true> <Delay = 2.32> <CoreInst = "RAM">   --->   Core 82 'RAM' <Latency = 1> <II = 1> <Delay = 2.32> <Storage> <Opcode : 'load' 'store'> <Ports = 2> <Width = 31> <Depth = 8> <RAM>
ST_2 : Operation 43 [1/1] (0.00ns)   --->   "%sext_ln238 = sext i31 %arr_8_I_load" [receiver.cpp:238]   --->   Operation 43 'sext' 'sext_ln238' <Predicate = true> <Delay = 0.00>
ST_2 : Operation 44 [1/2] (2.32ns)   --->   "%arr_8_I_load_1 = load i3 %arr_8_I_addr_1" [receiver.cpp:238]   --->   Operation 44 'load' 'arr_8_I_load_1' <Predicate = true> <Delay = 2.32> <CoreInst = "RAM">   --->   Core 82 'RAM' <Latency = 1> <II = 1> <Delay = 2.32> <Storage> <Opcode : 'load' 'store'> <Ports = 2> <Width = 31> <Depth = 8> <RAM>
ST_2 : Operation 45 [1/1] (0.00ns)   --->   "%sext_ln238_1 = sext i31 %arr_8_I_load_1" [receiver.cpp:238]   --->   Operation 45 'sext' 'sext_ln238_1' <Predicate = true> <Delay = 0.00>
ST_2 : Operation 46 [1/1] (2.52ns)   --->   "%add_ln238 = add i32 %sext_ln238_1, i32 %sext_ln238" [receiver.cpp:238]   --->   Operation 46 'add' 'add_ln238' <Predicate = true> <Delay = 2.52> <CoreInst = "Adder">   --->   Core 1 'Adder' <Latency = 0> <II = 1> <Delay = 2.52> <FuncUnit> <Opcode : 'add' 'sub'> <InPorts = 2> <OutPorts = 1>
ST_2 : Operation 47 [1/1] (0.00ns)   --->   "%arr_9_I_1_5 = partselect i24 @_ssdm_op_PartSelect.i24.i32.i32.i32, i32 %add_ln238, i32 8, i32 31" [receiver.cpp:238]   --->   Operation 47 'partselect' 'arr_9_I_1_5' <Predicate = true> <Delay = 0.00>
ST_2 : Operation 48 [1/1] (0.00ns)   --->   "%store_ln238 = store i24 %arr_9_I_1_5, i24 %arr_9_I_1_2" [receiver.cpp:238]   --->   Operation 48 'store' 'store_ln238' <Predicate = (trunc_ln8 == 2)> <Delay = 0.00>
ST_2 : Operation 49 [1/1] (0.00ns)   --->   "%br_ln238 = br void %for.body757.split55" [receiver.cpp:238]   --->   Operation 49 'br' 'br_ln238' <Predicate = (trunc_ln8 == 2)> <Delay = 0.00>
ST_2 : Operation 50 [1/1] (0.00ns)   --->   "%store_ln238 = store i24 %arr_9_I_1_5, i24 %arr_9_I_1_1" [receiver.cpp:238]   --->   Operation 50 'store' 'store_ln238' <Predicate = (trunc_ln8 == 1)> <Delay = 0.00>
ST_2 : Operation 51 [1/1] (0.00ns)   --->   "%br_ln238 = br void %for.body757.split55" [receiver.cpp:238]   --->   Operation 51 'br' 'br_ln238' <Predicate = (trunc_ln8 == 1)> <Delay = 0.00>
ST_2 : Operation 52 [1/1] (1.58ns)   --->   "%store_ln238 = store i24 %arr_9_I_1_5, i24 %arr_9_I_1" [receiver.cpp:238]   --->   Operation 52 'store' 'store_ln238' <Predicate = (trunc_ln8 == 0)> <Delay = 1.58>
ST_2 : Operation 53 [1/1] (0.00ns)   --->   "%br_ln238 = br void %for.body757.split55" [receiver.cpp:238]   --->   Operation 53 'br' 'br_ln238' <Predicate = (trunc_ln8 == 0)> <Delay = 0.00>
ST_2 : Operation 54 [1/1] (0.00ns)   --->   "%store_ln238 = store i24 %arr_9_I_1_5, i24 %arr_9_I_1_3" [receiver.cpp:238]   --->   Operation 54 'store' 'store_ln238' <Predicate = (trunc_ln8 == 3)> <Delay = 0.00>
ST_2 : Operation 55 [1/1] (0.00ns)   --->   "%br_ln238 = br void %for.body757.split55" [receiver.cpp:238]   --->   Operation 55 'br' 'br_ln238' <Predicate = (trunc_ln8 == 3)> <Delay = 0.00>
ST_2 : Operation 56 [1/2] (2.32ns)   --->   "%arr_8_Q_load = load i3 %arr_8_Q_addr" [receiver.cpp:239]   --->   Operation 56 'load' 'arr_8_Q_load' <Predicate = true> <Delay = 2.32> <CoreInst = "RAM">   --->   Core 82 'RAM' <Latency = 1> <II = 1> <Delay = 2.32> <Storage> <Opcode : 'load' 'store'> <Ports = 2> <Width = 31> <Depth = 8> <RAM>
ST_2 : Operation 57 [1/1] (0.00ns)   --->   "%sext_ln239 = sext i31 %arr_8_Q_load" [receiver.cpp:239]   --->   Operation 57 'sext' 'sext_ln239' <Predicate = true> <Delay = 0.00>
ST_2 : Operation 58 [1/2] (2.32ns)   --->   "%arr_8_Q_load_1 = load i3 %arr_8_Q_addr_1" [receiver.cpp:239]   --->   Operation 58 'load' 'arr_8_Q_load_1' <Predicate = true> <Delay = 2.32> <CoreInst = "RAM">   --->   Core 82 'RAM' <Latency = 1> <II = 1> <Delay = 2.32> <Storage> <Opcode : 'load' 'store'> <Ports = 2> <Width = 31> <Depth = 8> <RAM>
ST_2 : Operation 59 [1/1] (0.00ns)   --->   "%sext_ln239_1 = sext i31 %arr_8_Q_load_1" [receiver.cpp:239]   --->   Operation 59 'sext' 'sext_ln239_1' <Predicate = true> <Delay = 0.00>
ST_2 : Operation 60 [1/1] (2.52ns)   --->   "%add_ln239 = add i32 %sext_ln239_1, i32 %sext_ln239" [receiver.cpp:239]   --->   Operation 60 'add' 'add_ln239' <Predicate = true> <Delay = 2.52> <CoreInst = "Adder">   --->   Core 1 'Adder' <Latency = 0> <II = 1> <Delay = 2.52> <FuncUnit> <Opcode : 'add' 'sub'> <InPorts = 2> <OutPorts = 1>
ST_2 : Operation 61 [1/1] (0.00ns)   --->   "%arr_9_Q_1_5 = partselect i24 @_ssdm_op_PartSelect.i24.i32.i32.i32, i32 %add_ln239, i32 8, i32 31" [receiver.cpp:239]   --->   Operation 61 'partselect' 'arr_9_Q_1_5' <Predicate = true> <Delay = 0.00>
ST_2 : Operation 62 [1/1] (0.00ns)   --->   "%store_ln239 = store i24 %arr_9_Q_1_5, i24 %arr_9_Q_1_2" [receiver.cpp:239]   --->   Operation 62 'store' 'store_ln239' <Predicate = (trunc_ln8 == 2)> <Delay = 0.00>
ST_2 : Operation 63 [1/1] (0.00ns)   --->   "%br_ln239 = br void %for.body757.split5586" [receiver.cpp:239]   --->   Operation 63 'br' 'br_ln239' <Predicate = (trunc_ln8 == 2)> <Delay = 0.00>
ST_2 : Operation 64 [1/1] (0.00ns)   --->   "%store_ln239 = store i24 %arr_9_Q_1_5, i24 %arr_9_Q_1_1" [receiver.cpp:239]   --->   Operation 64 'store' 'store_ln239' <Predicate = (trunc_ln8 == 1)> <Delay = 0.00>
ST_2 : Operation 65 [1/1] (0.00ns)   --->   "%br_ln239 = br void %for.body757.split5586" [receiver.cpp:239]   --->   Operation 65 'br' 'br_ln239' <Predicate = (trunc_ln8 == 1)> <Delay = 0.00>
ST_2 : Operation 66 [1/1] (1.58ns)   --->   "%store_ln239 = store i24 %arr_9_Q_1_5, i24 %arr_9_Q_1" [receiver.cpp:239]   --->   Operation 66 'store' 'store_ln239' <Predicate = (trunc_ln8 == 0)> <Delay = 1.58>
ST_2 : Operation 67 [1/1] (0.00ns)   --->   "%br_ln239 = br void %for.body757.split5586" [receiver.cpp:239]   --->   Operation 67 'br' 'br_ln239' <Predicate = (trunc_ln8 == 0)> <Delay = 0.00>
ST_2 : Operation 68 [1/1] (0.00ns)   --->   "%store_ln239 = store i24 %arr_9_Q_1_5, i24 %arr_9_Q_1_3" [receiver.cpp:239]   --->   Operation 68 'store' 'store_ln239' <Predicate = (trunc_ln8 == 3)> <Delay = 0.00>
ST_2 : Operation 69 [1/1] (0.00ns)   --->   "%br_ln239 = br void %for.body757.split5586" [receiver.cpp:239]   --->   Operation 69 'br' 'br_ln239' <Predicate = (trunc_ln8 == 3)> <Delay = 0.00>


============================================================
+ Verbose Summary: Timing violations
============================================================
Target clock period: 10.000ns, clock uncertainty: 2.700ns.

 <State 1>: 3.323ns
The critical path consists of the following:
	'alloca' operation ('i') [11]  (0.000 ns)
	'load' operation ('i') on local variable 'i' [25]  (0.000 ns)
	'add' operation ('add_ln237', receiver.cpp:237) [81]  (1.735 ns)
	'store' operation ('store_ln237', receiver.cpp:237) of variable 'add_ln237', receiver.cpp:237 on local variable 'i' [82]  (1.588 ns)

 <State 2>: 6.432ns
The critical path consists of the following:
	'load' operation ('arr_8_Q_load', receiver.cpp:239) on array 'arr_8_Q' [60]  (2.322 ns)
	'add' operation ('add_ln239', receiver.cpp:239) [65]  (2.522 ns)
	'store' operation ('store_ln239', receiver.cpp:239) of variable 'arr_9_Q[1]', receiver.cpp:239 on local variable 'arr_9_Q[1]' [75]  (1.588 ns)


============================================================
+ Verbose Summary: Binding
============================================================
N/A
* FSMD analyzer results:
  - Output states:
 - Input state : 
  - Chain level:
	State 1
	State 2


============================================================
+ Verbose Summary: Datapath Resource usage 
============================================================
N/A
