

================================================================
== Vitis HLS Report for 'receiver_Pipeline_VITIS_LOOP_108_7'
================================================================
* Date:           Tue May  7 17:59:04 2024

* Version:        2023.1 (Build 3854077 on May  4 2023)
* Project:        receiver
* Solution:       solution1 (Vivado IP Flow Target)
* Product family: zynq
* Target device:  xc7z020-clg400-1


================================================================
== Performance Estimates
================================================================
+ Timing: 
    * Summary: 
    +--------+----------+----------+------------+
    |  Clock |  Target  | Estimated| Uncertainty|
    +--------+----------+----------+------------+
    |ap_clk  |  10.00 ns|  6.780 ns|     2.70 ns|
    +--------+----------+----------+------------+

+ Latency: 
    * Summary: 
    +---------+---------+----------+----------+-----+-----+---------+
    |  Latency (cycles) |  Latency (absolute) |  Interval | Pipeline|
    |   min   |   max   |    min   |    max   | min | max |   Type  |
    +---------+---------+----------+----------+-----+-----+---------+
    |       14|       14|  0.140 us|  0.140 us|   14|   14|       no|
    +---------+---------+----------+----------+-----+-----+---------+

    + Detail: 
        * Instance: 
        N/A

        * Loop: 
        +--------------------+---------+---------+----------+-----------+-----------+------+----------+
        |                    |  Latency (cycles) | Iteration|  Initiation Interval  | Trip |          |
        |      Loop Name     |   min   |   max   |  Latency |  achieved |   target  | Count| Pipelined|
        +--------------------+---------+---------+----------+-----------+-----------+------+----------+
        |- VITIS_LOOP_108_7  |       12|       12|         2|          1|          1|    12|       yes|
        +--------------------+---------+---------+----------+-----------+-----------+------+----------+

============================================================
+ Verbose Summary: Synthesis Manager
============================================================
InlineROM: 1
ExposeGlobal: 0
============================================================
+ Verbose Summary: CDFG Model
============================================================
IsTopModel: 0
ResetActiveHigh: 1
IsCombinational: 0
IsDatapathOnly: 0
HasWiredReturn: 1
HasMFsm: 2
HasVarLatency: 1
IsPipeline: 0
IsRtlPipelined: 0
IsInstanceOverlapped: 0
IsDontTouch: 0
HasImplIP: 0
IsGatedGlobalClock: 0

+ Individual pipeline summary: 
  * Pipeline-0: initiation interval (II) = 1, depth = 2


============================================================
+ Verbose Summary: Schedule
============================================================
* Number of FSM states : 2
* Pipeline : 1
  Pipeline-0 : II = 1, D = 2, States = { 1 2 }
* Dataflow Pipeline: 0

* FSM state transitions: 
1 --> 2 
2 --> 

* FSM state operations: 

State 1 <SV = 0> <Delay = 3.36>
ST_1 : Operation 5 [1/1] (0.00ns)   --->   "%i_6 = alloca i32 1"   --->   Operation 5 'alloca' 'i_6' <Predicate = true> <Delay = 0.00>
ST_1 : Operation 6 [1/1] (1.58ns)   --->   "%store_ln0 = store i5 0, i5 %i_6"   --->   Operation 6 'store' 'store_ln0' <Predicate = true> <Delay = 1.58>
ST_1 : Operation 7 [1/1] (0.00ns)   --->   "%br_ln0 = br void %for.body216"   --->   Operation 7 'br' 'br_ln0' <Predicate = true> <Delay = 0.00>
ST_1 : Operation 8 [1/1] (0.00ns)   --->   "%i = load i5 %i_6" [receiver.cpp:108]   --->   Operation 8 'load' 'i' <Predicate = true> <Delay = 0.00>
ST_1 : Operation 9 [1/1] (0.00ns)   --->   "%specpipeline_ln0 = specpipeline void @_ssdm_op_SpecPipeline, i32 4294967295, i32 0, i32 1, i32 0, void @p_str"   --->   Operation 9 'specpipeline' 'specpipeline_ln0' <Predicate = true> <Delay = 0.00>
ST_1 : Operation 10 [1/1] (1.78ns)   --->   "%icmp_ln108 = icmp_ult  i5 %i, i5 24" [receiver.cpp:108]   --->   Operation 10 'icmp' 'icmp_ln108' <Predicate = true> <Delay = 1.78> <CoreInst = "Cmp">   --->   Core 9 'Cmp' <Latency = 0> <II = 1> <Delay = 1.78> <FuncUnit> <Opcode : 'icmp'> <InPorts = 2> <OutPorts = 1>
ST_1 : Operation 11 [1/1] (0.00ns)   --->   "%br_ln108 = br i1 %icmp_ln108, void %for.end239.exitStub, void %for.body216.split" [receiver.cpp:108]   --->   Operation 11 'br' 'br_ln108' <Predicate = true> <Delay = 0.00>
ST_1 : Operation 12 [1/1] (0.00ns)   --->   "%i_6_cast15 = zext i5 %i" [receiver.cpp:108]   --->   Operation 12 'zext' 'i_6_cast15' <Predicate = (icmp_ln108)> <Delay = 0.00>
ST_1 : Operation 13 [1/1] (0.00ns)   --->   "%or_ln109 = or i5 %i, i5 1" [receiver.cpp:109]   --->   Operation 13 'or' 'or_ln109' <Predicate = (icmp_ln108)> <Delay = 0.00>
ST_1 : Operation 14 [1/1] (0.00ns)   --->   "%zext_ln109 = zext i5 %or_ln109" [receiver.cpp:109]   --->   Operation 14 'zext' 'zext_ln109' <Predicate = (icmp_ln108)> <Delay = 0.00>
ST_1 : Operation 15 [1/1] (0.00ns)   --->   "%filt_3_I_addr = getelementptr i18 %filt_3_I, i64 0, i64 %i_6_cast15" [receiver.cpp:109]   --->   Operation 15 'getelementptr' 'filt_3_I_addr' <Predicate = (icmp_ln108)> <Delay = 0.00>
ST_1 : Operation 16 [2/2] (2.32ns)   --->   "%filt_3_I_load = load i5 %filt_3_I_addr" [receiver.cpp:109]   --->   Operation 16 'load' 'filt_3_I_load' <Predicate = (icmp_ln108)> <Delay = 2.32> <CoreInst = "RAM">   --->   Core 82 'RAM' <Latency = 1> <II = 1> <Delay = 2.32> <Storage> <Opcode : 'load' 'store'> <Ports = 2> <Width = 18> <Depth = 24> <RAM>
ST_1 : Operation 17 [1/1] (0.00ns)   --->   "%filt_3_I_addr_1 = getelementptr i18 %filt_3_I, i64 0, i64 %zext_ln109" [receiver.cpp:109]   --->   Operation 17 'getelementptr' 'filt_3_I_addr_1' <Predicate = (icmp_ln108)> <Delay = 0.00>
ST_1 : Operation 18 [2/2] (2.32ns)   --->   "%filt_3_I_load_1 = load i5 %filt_3_I_addr_1" [receiver.cpp:109]   --->   Operation 18 'load' 'filt_3_I_load_1' <Predicate = (icmp_ln108)> <Delay = 2.32> <CoreInst = "RAM">   --->   Core 82 'RAM' <Latency = 1> <II = 1> <Delay = 2.32> <Storage> <Opcode : 'load' 'store'> <Ports = 2> <Width = 18> <Depth = 24> <RAM>
ST_1 : Operation 19 [1/1] (0.00ns)   --->   "%lshr_ln = partselect i4 @_ssdm_op_PartSelect.i4.i5.i32.i32, i5 %i, i32 1, i32 4" [receiver.cpp:109]   --->   Operation 19 'partselect' 'lshr_ln' <Predicate = (icmp_ln108)> <Delay = 0.00>
ST_1 : Operation 20 [1/1] (0.00ns)   --->   "%filt_3_Q_addr = getelementptr i18 %filt_3_Q, i64 0, i64 %i_6_cast15" [receiver.cpp:110]   --->   Operation 20 'getelementptr' 'filt_3_Q_addr' <Predicate = (icmp_ln108)> <Delay = 0.00>
ST_1 : Operation 21 [2/2] (2.32ns)   --->   "%filt_3_Q_load = load i5 %filt_3_Q_addr" [receiver.cpp:110]   --->   Operation 21 'load' 'filt_3_Q_load' <Predicate = (icmp_ln108)> <Delay = 2.32> <CoreInst = "RAM">   --->   Core 82 'RAM' <Latency = 1> <II = 1> <Delay = 2.32> <Storage> <Opcode : 'load' 'store'> <Ports = 2> <Width = 18> <Depth = 24> <RAM>
ST_1 : Operation 22 [1/1] (0.00ns)   --->   "%filt_3_Q_addr_1 = getelementptr i18 %filt_3_Q, i64 0, i64 %zext_ln109" [receiver.cpp:110]   --->   Operation 22 'getelementptr' 'filt_3_Q_addr_1' <Predicate = (icmp_ln108)> <Delay = 0.00>
ST_1 : Operation 23 [2/2] (2.32ns)   --->   "%filt_3_Q_load_1 = load i5 %filt_3_Q_addr_1" [receiver.cpp:110]   --->   Operation 23 'load' 'filt_3_Q_load_1' <Predicate = (icmp_ln108)> <Delay = 2.32> <CoreInst = "RAM">   --->   Core 82 'RAM' <Latency = 1> <II = 1> <Delay = 2.32> <Storage> <Opcode : 'load' 'store'> <Ports = 2> <Width = 18> <Depth = 24> <RAM>
ST_1 : Operation 24 [1/1] (1.78ns)   --->   "%add_ln108 = add i5 %i, i5 2" [receiver.cpp:108]   --->   Operation 24 'add' 'add_ln108' <Predicate = (icmp_ln108)> <Delay = 1.78> <CoreInst = "Adder">   --->   Core 1 'Adder' <Latency = 0> <II = 1> <Delay = 1.78> <FuncUnit> <Opcode : 'add' 'sub'> <InPorts = 2> <OutPorts = 1>
ST_1 : Operation 25 [1/1] (1.58ns)   --->   "%store_ln108 = store i5 %add_ln108, i5 %i_6" [receiver.cpp:108]   --->   Operation 25 'store' 'store_ln108' <Predicate = (icmp_ln108)> <Delay = 1.58>
ST_1 : Operation 40 [1/1] (0.00ns)   --->   "%ret_ln0 = ret"   --->   Operation 40 'ret' 'ret_ln0' <Predicate = (!icmp_ln108)> <Delay = 0.00>

State 2 <SV = 1> <Delay = 6.78>
ST_2 : Operation 26 [1/1] (0.00ns)   --->   "%speclooptripcount_ln108 = speclooptripcount void @_ssdm_op_SpecLoopTripCount, i64 12, i64 12, i64 12" [receiver.cpp:108]   --->   Operation 26 'speclooptripcount' 'speclooptripcount_ln108' <Predicate = true> <Delay = 0.00>
ST_2 : Operation 27 [1/1] (0.00ns)   --->   "%specloopname_ln108 = specloopname void @_ssdm_op_SpecLoopName, void @empty_16" [receiver.cpp:108]   --->   Operation 27 'specloopname' 'specloopname_ln108' <Predicate = true> <Delay = 0.00>
ST_2 : Operation 28 [1/2] (2.32ns)   --->   "%filt_3_I_load = load i5 %filt_3_I_addr" [receiver.cpp:109]   --->   Operation 28 'load' 'filt_3_I_load' <Predicate = true> <Delay = 2.32> <CoreInst = "RAM">   --->   Core 82 'RAM' <Latency = 1> <II = 1> <Delay = 2.32> <Storage> <Opcode : 'load' 'store'> <Ports = 2> <Width = 18> <Depth = 24> <RAM>
ST_2 : Operation 29 [1/2] (2.32ns)   --->   "%filt_3_I_load_1 = load i5 %filt_3_I_addr_1" [receiver.cpp:109]   --->   Operation 29 'load' 'filt_3_I_load_1' <Predicate = true> <Delay = 2.32> <CoreInst = "RAM">   --->   Core 82 'RAM' <Latency = 1> <II = 1> <Delay = 2.32> <Storage> <Opcode : 'load' 'store'> <Ports = 2> <Width = 18> <Depth = 24> <RAM>
ST_2 : Operation 30 [1/1] (2.13ns)   --->   "%add_ln109 = add i18 %filt_3_I_load_1, i18 %filt_3_I_load" [receiver.cpp:109]   --->   Operation 30 'add' 'add_ln109' <Predicate = true> <Delay = 2.13> <CoreInst = "Adder">   --->   Core 1 'Adder' <Latency = 0> <II = 1> <Delay = 2.13> <FuncUnit> <Opcode : 'add' 'sub'> <InPorts = 2> <OutPorts = 1>
ST_2 : Operation 31 [1/1] (0.00ns)   --->   "%zext_ln109_1 = zext i4 %lshr_ln" [receiver.cpp:109]   --->   Operation 31 'zext' 'zext_ln109_1' <Predicate = true> <Delay = 0.00>
ST_2 : Operation 32 [1/1] (0.00ns)   --->   "%filt_4_I_addr_1 = getelementptr i18 %filt_4_I, i64 0, i64 %zext_ln109_1" [receiver.cpp:109]   --->   Operation 32 'getelementptr' 'filt_4_I_addr_1' <Predicate = true> <Delay = 0.00>
ST_2 : Operation 33 [1/1] (2.32ns)   --->   "%store_ln109 = store i18 %add_ln109, i4 %filt_4_I_addr_1" [receiver.cpp:109]   --->   Operation 33 'store' 'store_ln109' <Predicate = true> <Delay = 2.32> <CoreInst = "RAM">   --->   Core 82 'RAM' <Latency = 1> <II = 1> <Delay = 2.32> <Storage> <Opcode : 'load' 'store'> <Ports = 2> <Width = 18> <Depth = 12> <RAM>
ST_2 : Operation 34 [1/2] (2.32ns)   --->   "%filt_3_Q_load = load i5 %filt_3_Q_addr" [receiver.cpp:110]   --->   Operation 34 'load' 'filt_3_Q_load' <Predicate = true> <Delay = 2.32> <CoreInst = "RAM">   --->   Core 82 'RAM' <Latency = 1> <II = 1> <Delay = 2.32> <Storage> <Opcode : 'load' 'store'> <Ports = 2> <Width = 18> <Depth = 24> <RAM>
ST_2 : Operation 35 [1/2] (2.32ns)   --->   "%filt_3_Q_load_1 = load i5 %filt_3_Q_addr_1" [receiver.cpp:110]   --->   Operation 35 'load' 'filt_3_Q_load_1' <Predicate = true> <Delay = 2.32> <CoreInst = "RAM">   --->   Core 82 'RAM' <Latency = 1> <II = 1> <Delay = 2.32> <Storage> <Opcode : 'load' 'store'> <Ports = 2> <Width = 18> <Depth = 24> <RAM>
ST_2 : Operation 36 [1/1] (2.13ns)   --->   "%add_ln110 = add i18 %filt_3_Q_load_1, i18 %filt_3_Q_load" [receiver.cpp:110]   --->   Operation 36 'add' 'add_ln110' <Predicate = true> <Delay = 2.13> <CoreInst = "Adder">   --->   Core 1 'Adder' <Latency = 0> <II = 1> <Delay = 2.13> <FuncUnit> <Opcode : 'add' 'sub'> <InPorts = 2> <OutPorts = 1>
ST_2 : Operation 37 [1/1] (0.00ns)   --->   "%filt_4_Q_addr_1 = getelementptr i18 %filt_4_Q, i64 0, i64 %zext_ln109_1" [receiver.cpp:110]   --->   Operation 37 'getelementptr' 'filt_4_Q_addr_1' <Predicate = true> <Delay = 0.00>
ST_2 : Operation 38 [1/1] (2.32ns)   --->   "%store_ln110 = store i18 %add_ln110, i4 %filt_4_Q_addr_1" [receiver.cpp:110]   --->   Operation 38 'store' 'store_ln110' <Predicate = true> <Delay = 2.32> <CoreInst = "RAM">   --->   Core 82 'RAM' <Latency = 1> <II = 1> <Delay = 2.32> <Storage> <Opcode : 'load' 'store'> <Ports = 2> <Width = 18> <Depth = 12> <RAM>
ST_2 : Operation 39 [1/1] (0.00ns)   --->   "%br_ln108 = br void %for.body216" [receiver.cpp:108]   --->   Operation 39 'br' 'br_ln108' <Predicate = true> <Delay = 0.00>


============================================================
+ Verbose Summary: Timing violations
============================================================
Target clock period: 10.000ns, clock uncertainty: 2.700ns.

 <State 1>: 3.368ns
The critical path consists of the following:
	'alloca' operation ('i') [5]  (0.000 ns)
	'load' operation ('i', receiver.cpp:108) on local variable 'i' [9]  (0.000 ns)
	'add' operation ('add_ln108', receiver.cpp:108) [35]  (1.780 ns)
	'store' operation ('store_ln108', receiver.cpp:108) of variable 'add_ln108', receiver.cpp:108 on local variable 'i' [36]  (1.588 ns)

 <State 2>: 6.780ns
The critical path consists of the following:
	'load' operation ('filt_3_I_load', receiver.cpp:109) on array 'filt_3_I' [20]  (2.322 ns)
	'add' operation ('add_ln109', receiver.cpp:109) [23]  (2.136 ns)
	'store' operation ('store_ln109', receiver.cpp:109) of variable 'add_ln109', receiver.cpp:109 on array 'filt_4_I' [27]  (2.322 ns)


============================================================
+ Verbose Summary: Binding
============================================================
N/A
* FSMD analyzer results:
  - Output states:
 - Input state : 
  - Chain level:
	State 1
	State 2


============================================================
+ Verbose Summary: Datapath Resource usage 
============================================================
N/A
