

================================================================
== Vitis HLS Report for 'receiver_Pipeline_VITIS_LOOP_171_13'
================================================================
* Date:           Thu May  2 23:57:33 2024

* Version:        2023.1 (Build 3854077 on May  4 2023)
* Project:        receiver
* Solution:       solution1 (Vivado IP Flow Target)
* Product family: zynq
* Target device:  xc7z020-clg400-1


================================================================
== Performance Estimates
================================================================
+ Timing: 
    * Summary: 
    +--------+----------+----------+------------+
    |  Clock |  Target  | Estimated| Uncertainty|
    +--------+----------+----------+------------+
    |ap_clk  |  10.00 ns|  6.780 ns|     2.70 ns|
    +--------+----------+----------+------------+

+ Latency: 
    * Summary: 
    +---------+---------+----------+----------+-----+-----+---------+
    |  Latency (cycles) |  Latency (absolute) |  Interval | Pipeline|
    |   min   |   max   |    min   |    max   | min | max |   Type  |
    +---------+---------+----------+----------+-----+-----+---------+
    |       20|       20|  0.200 us|  0.200 us|   20|   20|       no|
    +---------+---------+----------+----------+-----+-----+---------+

    + Detail: 
        * Instance: 
        N/A

        * Loop: 
        +---------------------+---------+---------+----------+-----------+-----------+------+----------+
        |                     |  Latency (cycles) | Iteration|  Initiation Interval  | Trip |          |
        |      Loop Name      |   min   |   max   |  Latency |  achieved |   target  | Count| Pipelined|
        +---------------------+---------+---------+----------+-----------+-----------+------+----------+
        |- VITIS_LOOP_171_13  |       18|       18|         2|          1|          1|    17|       yes|
        +---------------------+---------+---------+----------+-----------+-----------+------+----------+



================================================================
== Utilization Estimates
================================================================
* Summary: 
+-----------------+---------+-----+--------+-------+-----+
|       Name      | BRAM_18K| DSP |   FF   |  LUT  | URAM|
+-----------------+---------+-----+--------+-------+-----+
|DSP              |        -|    -|       -|      -|    -|
|Expression       |        -|    -|       0|   1707|    -|
|FIFO             |        -|    -|       -|      -|    -|
|Instance         |        -|    -|       -|      -|    -|
|Memory           |        -|    -|       -|      -|    -|
|Multiplexer      |        -|    -|       -|     36|    -|
|Register         |        -|    -|      21|      -|    -|
+-----------------+---------+-----+--------+-------+-----+
|Total            |        0|    0|      21|   1743|    0|
+-----------------+---------+-----+--------+-------+-----+
|Available        |      280|  220|  106400|  53200|    0|
+-----------------+---------+-----+--------+-------+-----+
|Utilization (%)  |        0|    0|      ~0|      3|    0|
+-----------------+---------+-----+--------+-------+-----+

+ Detail: 
    * Instance: 
    N/A

    * DSP: 
    N/A

    * Memory: 
    N/A

    * FIFO: 
    N/A

    * Expression: 
    +-------------------------+----------+----+---+----+------------+------------+
    |      Variable Name      | Operation| DSP| FF| LUT| Bitwidth P0| Bitwidth P1|
    +-------------------------+----------+----+---+----+------------+------------+
    |add_ln171_fu_2918_p2     |         +|   0|  0|  12|          11|           7|
    |add_ln173_10_fu_3234_p2  |         +|   0|  0|  26|          19|          19|
    |add_ln173_11_fu_3257_p2  |         +|   0|  0|  26|          19|          19|
    |add_ln173_12_fu_3280_p2  |         +|   0|  0|  26|          19|          19|
    |add_ln173_13_fu_3303_p2  |         +|   0|  0|  26|          19|          19|
    |add_ln173_14_fu_3326_p2  |         +|   0|  0|  26|          19|          19|
    |add_ln173_15_fu_3349_p2  |         +|   0|  0|  26|          19|          19|
    |add_ln173_16_fu_3740_p2  |         +|   0|  0|  26|          19|          19|
    |add_ln173_17_fu_3763_p2  |         +|   0|  0|  26|          19|          19|
    |add_ln173_18_fu_3786_p2  |         +|   0|  0|  26|          19|          19|
    |add_ln173_19_fu_3809_p2  |         +|   0|  0|  26|          19|          19|
    |add_ln173_1_fu_3027_p2   |         +|   0|  0|  26|          19|          19|
    |add_ln173_20_fu_3832_p2  |         +|   0|  0|  26|          19|          19|
    |add_ln173_21_fu_3855_p2  |         +|   0|  0|  26|          19|          19|
    |add_ln173_22_fu_3878_p2  |         +|   0|  0|  26|          19|          19|
    |add_ln173_23_fu_3901_p2  |         +|   0|  0|  26|          19|          19|
    |add_ln173_24_fu_3924_p2  |         +|   0|  0|  26|          19|          19|
    |add_ln173_25_fu_3947_p2  |         +|   0|  0|  26|          19|          19|
    |add_ln173_26_fu_3970_p2  |         +|   0|  0|  26|          19|          19|
    |add_ln173_27_fu_3993_p2  |         +|   0|  0|  26|          19|          19|
    |add_ln173_28_fu_4016_p2  |         +|   0|  0|  26|          19|          19|
    |add_ln173_29_fu_4039_p2  |         +|   0|  0|  26|          19|          19|
    |add_ln173_2_fu_3050_p2   |         +|   0|  0|  26|          19|          19|
    |add_ln173_30_fu_4062_p2  |         +|   0|  0|  26|          19|          19|
    |add_ln173_31_fu_4085_p2  |         +|   0|  0|  26|          19|          19|
    |add_ln173_3_fu_3073_p2   |         +|   0|  0|  26|          19|          19|
    |add_ln173_4_fu_3096_p2   |         +|   0|  0|  26|          19|          19|
    |add_ln173_5_fu_3119_p2   |         +|   0|  0|  26|          19|          19|
    |add_ln173_6_fu_3142_p2   |         +|   0|  0|  26|          19|          19|
    |add_ln173_7_fu_3165_p2   |         +|   0|  0|  26|          19|          19|
    |add_ln173_8_fu_3188_p2   |         +|   0|  0|  26|          19|          19|
    |add_ln173_9_fu_3211_p2   |         +|   0|  0|  26|          19|          19|
    |add_ln173_fu_2937_p2     |         +|   0|  0|  26|          19|          19|
    |add_ln174_10_fu_3602_p2  |         +|   0|  0|  26|          19|          19|
    |add_ln174_11_fu_3625_p2  |         +|   0|  0|  26|          19|          19|
    |add_ln174_12_fu_3648_p2  |         +|   0|  0|  26|          19|          19|
    |add_ln174_13_fu_3671_p2  |         +|   0|  0|  26|          19|          19|
    |add_ln174_14_fu_3694_p2  |         +|   0|  0|  26|          19|          19|
    |add_ln174_15_fu_3717_p2  |         +|   0|  0|  26|          19|          19|
    |add_ln174_16_fu_4108_p2  |         +|   0|  0|  26|          19|          19|
    |add_ln174_17_fu_4131_p2  |         +|   0|  0|  26|          19|          19|
    |add_ln174_18_fu_4154_p2  |         +|   0|  0|  26|          19|          19|
    |add_ln174_19_fu_4177_p2  |         +|   0|  0|  26|          19|          19|
    |add_ln174_1_fu_3395_p2   |         +|   0|  0|  26|          19|          19|
    |add_ln174_20_fu_4200_p2  |         +|   0|  0|  26|          19|          19|
    |add_ln174_21_fu_4223_p2  |         +|   0|  0|  26|          19|          19|
    |add_ln174_22_fu_4246_p2  |         +|   0|  0|  26|          19|          19|
    |add_ln174_23_fu_4269_p2  |         +|   0|  0|  26|          19|          19|
    |add_ln174_24_fu_4292_p2  |         +|   0|  0|  26|          19|          19|
    |add_ln174_25_fu_4315_p2  |         +|   0|  0|  26|          19|          19|
    |add_ln174_26_fu_4338_p2  |         +|   0|  0|  26|          19|          19|
    |add_ln174_27_fu_4361_p2  |         +|   0|  0|  26|          19|          19|
    |add_ln174_28_fu_4384_p2  |         +|   0|  0|  26|          19|          19|
    |add_ln174_29_fu_4407_p2  |         +|   0|  0|  26|          19|          19|
    |add_ln174_2_fu_3418_p2   |         +|   0|  0|  26|          19|          19|
    |add_ln174_30_fu_4430_p2  |         +|   0|  0|  26|          19|          19|
    |add_ln174_31_fu_4453_p2  |         +|   0|  0|  26|          19|          19|
    |add_ln174_3_fu_3441_p2   |         +|   0|  0|  26|          19|          19|
    |add_ln174_4_fu_3464_p2   |         +|   0|  0|  26|          19|          19|
    |add_ln174_5_fu_3487_p2   |         +|   0|  0|  26|          19|          19|
    |add_ln174_6_fu_3510_p2   |         +|   0|  0|  26|          19|          19|
    |add_ln174_7_fu_3533_p2   |         +|   0|  0|  26|          19|          19|
    |add_ln174_8_fu_3556_p2   |         +|   0|  0|  26|          19|          19|
    |add_ln174_9_fu_3579_p2   |         +|   0|  0|  26|          19|          19|
    |add_ln174_fu_3372_p2     |         +|   0|  0|  26|          19|          19|
    |icmp_ln171_fu_2838_p2    |      icmp|   0|  0|  12|          11|          11|
    |or_ln171_1_fu_2844_p2    |        or|   0|  0|   6|           6|           1|
    |or_ln171_fu_2832_p2      |        or|   0|  0|  11|          11|           6|
    |ap_enable_pp0            |       xor|   0|  0|   2|           1|           2|
    +-------------------------+----------+----+---+----+------------+------------+
    |Total                    |          |   0|  0|1707|        1256|        1243|
    +-------------------------+----------+----+---+----+------------+------------+

    * Multiplexer: 
    +----------------------------------+----+-----------+-----+-----------+
    |               Name               | LUT| Input Size| Bits| Total Bits|
    +----------------------------------+----+-----------+-----+-----------+
    |ap_done_int                       |   9|          2|    1|          2|
    |ap_loop_exit_ready_pp0_iter1_reg  |   9|          2|    1|          2|
    |ap_sig_allocacmp_i_12             |   9|          2|   11|         22|
    |i_fu_300                          |   9|          2|   11|         22|
    +----------------------------------+----+-----------+-----+-----------+
    |Total                             |  36|          8|   24|         48|
    +----------------------------------+----+-----------+-----+-----------+

    * Register: 
    +----------------------------------+----+----+-----+-----------+
    |               Name               | FF | LUT| Bits| Const Bits|
    +----------------------------------+----+----+-----+-----------+
    |ap_CS_fsm                         |   1|   0|    1|          0|
    |ap_done_reg                       |   1|   0|    1|          0|
    |ap_enable_reg_pp0_iter1           |   1|   0|    1|          0|
    |ap_loop_exit_ready_pp0_iter1_reg  |   1|   0|    1|          0|
    |i_fu_300                          |  11|   0|   11|          0|
    |icmp_ln171_reg_4800               |   1|   0|    1|          0|
    |lshr_ln3_reg_4485                 |   5|   0|    5|          0|
    +----------------------------------+----+----+-----+-----------+
    |Total                             |  21|   0|   21|          0|
    +----------------------------------+----+----+-----+-----------+



================================================================
== Interface
================================================================
* Summary: 
+---------------------+-----+-----+------------+-------------------------------------+--------------+
|      RTL Ports      | Dir | Bits|  Protocol  |            Source Object            |    C Type    |
+---------------------+-----+-----+------------+-------------------------------------+--------------+
|ap_clk               |   in|    1|  ap_ctrl_hs|  receiver_Pipeline_VITIS_LOOP_171_13|  return value|
|ap_rst               |   in|    1|  ap_ctrl_hs|  receiver_Pipeline_VITIS_LOOP_171_13|  return value|
|ap_start             |   in|    1|  ap_ctrl_hs|  receiver_Pipeline_VITIS_LOOP_171_13|  return value|
|ap_done              |  out|    1|  ap_ctrl_hs|  receiver_Pipeline_VITIS_LOOP_171_13|  return value|
|ap_idle              |  out|    1|  ap_ctrl_hs|  receiver_Pipeline_VITIS_LOOP_171_13|  return value|
|ap_ready             |  out|    1|  ap_ctrl_hs|  receiver_Pipeline_VITIS_LOOP_171_13|  return value|
|arr_1_I_address0     |  out|    6|   ap_memory|                              arr_1_I|         array|
|arr_1_I_ce0          |  out|    1|   ap_memory|                              arr_1_I|         array|
|arr_1_I_q0           |   in|   18|   ap_memory|                              arr_1_I|         array|
|arr_1_I_address1     |  out|    6|   ap_memory|                              arr_1_I|         array|
|arr_1_I_ce1          |  out|    1|   ap_memory|                              arr_1_I|         array|
|arr_1_I_q1           |   in|   18|   ap_memory|                              arr_1_I|         array|
|arr_1_I_1_address0   |  out|    6|   ap_memory|                            arr_1_I_1|         array|
|arr_1_I_1_ce0        |  out|    1|   ap_memory|                            arr_1_I_1|         array|
|arr_1_I_1_q0         |   in|   18|   ap_memory|                            arr_1_I_1|         array|
|arr_1_I_1_address1   |  out|    6|   ap_memory|                            arr_1_I_1|         array|
|arr_1_I_1_ce1        |  out|    1|   ap_memory|                            arr_1_I_1|         array|
|arr_1_I_1_q1         |   in|   18|   ap_memory|                            arr_1_I_1|         array|
|arr_2_I_address0     |  out|    5|   ap_memory|                              arr_2_I|         array|
|arr_2_I_ce0          |  out|    1|   ap_memory|                              arr_2_I|         array|
|arr_2_I_we0          |  out|    1|   ap_memory|                              arr_2_I|         array|
|arr_2_I_d0           |  out|   25|   ap_memory|                              arr_2_I|         array|
|arr_1_Q_address0     |  out|    6|   ap_memory|                              arr_1_Q|         array|
|arr_1_Q_ce0          |  out|    1|   ap_memory|                              arr_1_Q|         array|
|arr_1_Q_q0           |   in|   18|   ap_memory|                              arr_1_Q|         array|
|arr_1_Q_address1     |  out|    6|   ap_memory|                              arr_1_Q|         array|
|arr_1_Q_ce1          |  out|    1|   ap_memory|                              arr_1_Q|         array|
|arr_1_Q_q1           |   in|   18|   ap_memory|                              arr_1_Q|         array|
|arr_1_Q_1_address0   |  out|    6|   ap_memory|                            arr_1_Q_1|         array|
|arr_1_Q_1_ce0        |  out|    1|   ap_memory|                            arr_1_Q_1|         array|
|arr_1_Q_1_q0         |   in|   18|   ap_memory|                            arr_1_Q_1|         array|
|arr_1_Q_1_address1   |  out|    6|   ap_memory|                            arr_1_Q_1|         array|
|arr_1_Q_1_ce1        |  out|    1|   ap_memory|                            arr_1_Q_1|         array|
|arr_1_Q_1_q1         |   in|   18|   ap_memory|                            arr_1_Q_1|         array|
|arr_2_Q_address0     |  out|    5|   ap_memory|                              arr_2_Q|         array|
|arr_2_Q_ce0          |  out|    1|   ap_memory|                              arr_2_Q|         array|
|arr_2_Q_we0          |  out|    1|   ap_memory|                              arr_2_Q|         array|
|arr_2_Q_d0           |  out|   25|   ap_memory|                              arr_2_Q|         array|
|arr_1_I_2_address0   |  out|    6|   ap_memory|                            arr_1_I_2|         array|
|arr_1_I_2_ce0        |  out|    1|   ap_memory|                            arr_1_I_2|         array|
|arr_1_I_2_q0         |   in|   18|   ap_memory|                            arr_1_I_2|         array|
|arr_1_I_2_address1   |  out|    6|   ap_memory|                            arr_1_I_2|         array|
|arr_1_I_2_ce1        |  out|    1|   ap_memory|                            arr_1_I_2|         array|
|arr_1_I_2_q1         |   in|   18|   ap_memory|                            arr_1_I_2|         array|
|arr_1_I_3_address0   |  out|    6|   ap_memory|                            arr_1_I_3|         array|
|arr_1_I_3_ce0        |  out|    1|   ap_memory|                            arr_1_I_3|         array|
|arr_1_I_3_q0         |   in|   18|   ap_memory|                            arr_1_I_3|         array|
|arr_1_I_3_address1   |  out|    6|   ap_memory|                            arr_1_I_3|         array|
|arr_1_I_3_ce1        |  out|    1|   ap_memory|                            arr_1_I_3|         array|
|arr_1_I_3_q1         |   in|   18|   ap_memory|                            arr_1_I_3|         array|
|arr_2_I_1_address0   |  out|    5|   ap_memory|                            arr_2_I_1|         array|
|arr_2_I_1_ce0        |  out|    1|   ap_memory|                            arr_2_I_1|         array|
|arr_2_I_1_we0        |  out|    1|   ap_memory|                            arr_2_I_1|         array|
|arr_2_I_1_d0         |  out|   25|   ap_memory|                            arr_2_I_1|         array|
|arr_1_Q_2_address0   |  out|    6|   ap_memory|                            arr_1_Q_2|         array|
|arr_1_Q_2_ce0        |  out|    1|   ap_memory|                            arr_1_Q_2|         array|
|arr_1_Q_2_q0         |   in|   18|   ap_memory|                            arr_1_Q_2|         array|
|arr_1_Q_2_address1   |  out|    6|   ap_memory|                            arr_1_Q_2|         array|
|arr_1_Q_2_ce1        |  out|    1|   ap_memory|                            arr_1_Q_2|         array|
|arr_1_Q_2_q1         |   in|   18|   ap_memory|                            arr_1_Q_2|         array|
|arr_1_Q_3_address0   |  out|    6|   ap_memory|                            arr_1_Q_3|         array|
|arr_1_Q_3_ce0        |  out|    1|   ap_memory|                            arr_1_Q_3|         array|
|arr_1_Q_3_q0         |   in|   18|   ap_memory|                            arr_1_Q_3|         array|
|arr_1_Q_3_address1   |  out|    6|   ap_memory|                            arr_1_Q_3|         array|
|arr_1_Q_3_ce1        |  out|    1|   ap_memory|                            arr_1_Q_3|         array|
|arr_1_Q_3_q1         |   in|   18|   ap_memory|                            arr_1_Q_3|         array|
|arr_2_Q_1_address0   |  out|    5|   ap_memory|                            arr_2_Q_1|         array|
|arr_2_Q_1_ce0        |  out|    1|   ap_memory|                            arr_2_Q_1|         array|
|arr_2_Q_1_we0        |  out|    1|   ap_memory|                            arr_2_Q_1|         array|
|arr_2_Q_1_d0         |  out|   25|   ap_memory|                            arr_2_Q_1|         array|
|arr_1_I_4_address0   |  out|    6|   ap_memory|                            arr_1_I_4|         array|
|arr_1_I_4_ce0        |  out|    1|   ap_memory|                            arr_1_I_4|         array|
|arr_1_I_4_q0         |   in|   18|   ap_memory|                            arr_1_I_4|         array|
|arr_1_I_4_address1   |  out|    6|   ap_memory|                            arr_1_I_4|         array|
|arr_1_I_4_ce1        |  out|    1|   ap_memory|                            arr_1_I_4|         array|
|arr_1_I_4_q1         |   in|   18|   ap_memory|                            arr_1_I_4|         array|
|arr_1_I_5_address0   |  out|    6|   ap_memory|                            arr_1_I_5|         array|
|arr_1_I_5_ce0        |  out|    1|   ap_memory|                            arr_1_I_5|         array|
|arr_1_I_5_q0         |   in|   18|   ap_memory|                            arr_1_I_5|         array|
|arr_1_I_5_address1   |  out|    6|   ap_memory|                            arr_1_I_5|         array|
|arr_1_I_5_ce1        |  out|    1|   ap_memory|                            arr_1_I_5|         array|
|arr_1_I_5_q1         |   in|   18|   ap_memory|                            arr_1_I_5|         array|
|arr_2_I_2_address0   |  out|    5|   ap_memory|                            arr_2_I_2|         array|
|arr_2_I_2_ce0        |  out|    1|   ap_memory|                            arr_2_I_2|         array|
|arr_2_I_2_we0        |  out|    1|   ap_memory|                            arr_2_I_2|         array|
|arr_2_I_2_d0         |  out|   25|   ap_memory|                            arr_2_I_2|         array|
|arr_1_Q_4_address0   |  out|    6|   ap_memory|                            arr_1_Q_4|         array|
|arr_1_Q_4_ce0        |  out|    1|   ap_memory|                            arr_1_Q_4|         array|
|arr_1_Q_4_q0         |   in|   18|   ap_memory|                            arr_1_Q_4|         array|
|arr_1_Q_4_address1   |  out|    6|   ap_memory|                            arr_1_Q_4|         array|
|arr_1_Q_4_ce1        |  out|    1|   ap_memory|                            arr_1_Q_4|         array|
|arr_1_Q_4_q1         |   in|   18|   ap_memory|                            arr_1_Q_4|         array|
|arr_1_Q_5_address0   |  out|    6|   ap_memory|                            arr_1_Q_5|         array|
|arr_1_Q_5_ce0        |  out|    1|   ap_memory|                            arr_1_Q_5|         array|
|arr_1_Q_5_q0         |   in|   18|   ap_memory|                            arr_1_Q_5|         array|
|arr_1_Q_5_address1   |  out|    6|   ap_memory|                            arr_1_Q_5|         array|
|arr_1_Q_5_ce1        |  out|    1|   ap_memory|                            arr_1_Q_5|         array|
|arr_1_Q_5_q1         |   in|   18|   ap_memory|                            arr_1_Q_5|         array|
|arr_2_Q_2_address0   |  out|    5|   ap_memory|                            arr_2_Q_2|         array|
|arr_2_Q_2_ce0        |  out|    1|   ap_memory|                            arr_2_Q_2|         array|
|arr_2_Q_2_we0        |  out|    1|   ap_memory|                            arr_2_Q_2|         array|
|arr_2_Q_2_d0         |  out|   25|   ap_memory|                            arr_2_Q_2|         array|
|arr_1_I_6_address0   |  out|    6|   ap_memory|                            arr_1_I_6|         array|
|arr_1_I_6_ce0        |  out|    1|   ap_memory|                            arr_1_I_6|         array|
|arr_1_I_6_q0         |   in|   18|   ap_memory|                            arr_1_I_6|         array|
|arr_1_I_6_address1   |  out|    6|   ap_memory|                            arr_1_I_6|         array|
|arr_1_I_6_ce1        |  out|    1|   ap_memory|                            arr_1_I_6|         array|
|arr_1_I_6_q1         |   in|   18|   ap_memory|                            arr_1_I_6|         array|
|arr_1_I_7_address0   |  out|    6|   ap_memory|                            arr_1_I_7|         array|
|arr_1_I_7_ce0        |  out|    1|   ap_memory|                            arr_1_I_7|         array|
|arr_1_I_7_q0         |   in|   18|   ap_memory|                            arr_1_I_7|         array|
|arr_1_I_7_address1   |  out|    6|   ap_memory|                            arr_1_I_7|         array|
|arr_1_I_7_ce1        |  out|    1|   ap_memory|                            arr_1_I_7|         array|
|arr_1_I_7_q1         |   in|   18|   ap_memory|                            arr_1_I_7|         array|
|arr_2_I_3_address0   |  out|    5|   ap_memory|                            arr_2_I_3|         array|
|arr_2_I_3_ce0        |  out|    1|   ap_memory|                            arr_2_I_3|         array|
|arr_2_I_3_we0        |  out|    1|   ap_memory|                            arr_2_I_3|         array|
|arr_2_I_3_d0         |  out|   25|   ap_memory|                            arr_2_I_3|         array|
|arr_1_Q_6_address0   |  out|    6|   ap_memory|                            arr_1_Q_6|         array|
|arr_1_Q_6_ce0        |  out|    1|   ap_memory|                            arr_1_Q_6|         array|
|arr_1_Q_6_q0         |   in|   18|   ap_memory|                            arr_1_Q_6|         array|
|arr_1_Q_6_address1   |  out|    6|   ap_memory|                            arr_1_Q_6|         array|
|arr_1_Q_6_ce1        |  out|    1|   ap_memory|                            arr_1_Q_6|         array|
|arr_1_Q_6_q1         |   in|   18|   ap_memory|                            arr_1_Q_6|         array|
|arr_1_Q_7_address0   |  out|    6|   ap_memory|                            arr_1_Q_7|         array|
|arr_1_Q_7_ce0        |  out|    1|   ap_memory|                            arr_1_Q_7|         array|
|arr_1_Q_7_q0         |   in|   18|   ap_memory|                            arr_1_Q_7|         array|
|arr_1_Q_7_address1   |  out|    6|   ap_memory|                            arr_1_Q_7|         array|
|arr_1_Q_7_ce1        |  out|    1|   ap_memory|                            arr_1_Q_7|         array|
|arr_1_Q_7_q1         |   in|   18|   ap_memory|                            arr_1_Q_7|         array|
|arr_2_Q_3_address0   |  out|    5|   ap_memory|                            arr_2_Q_3|         array|
|arr_2_Q_3_ce0        |  out|    1|   ap_memory|                            arr_2_Q_3|         array|
|arr_2_Q_3_we0        |  out|    1|   ap_memory|                            arr_2_Q_3|         array|
|arr_2_Q_3_d0         |  out|   25|   ap_memory|                            arr_2_Q_3|         array|
|arr_1_I_8_address0   |  out|    6|   ap_memory|                            arr_1_I_8|         array|
|arr_1_I_8_ce0        |  out|    1|   ap_memory|                            arr_1_I_8|         array|
|arr_1_I_8_q0         |   in|   18|   ap_memory|                            arr_1_I_8|         array|
|arr_1_I_8_address1   |  out|    6|   ap_memory|                            arr_1_I_8|         array|
|arr_1_I_8_ce1        |  out|    1|   ap_memory|                            arr_1_I_8|         array|
|arr_1_I_8_q1         |   in|   18|   ap_memory|                            arr_1_I_8|         array|
|arr_1_I_9_address0   |  out|    6|   ap_memory|                            arr_1_I_9|         array|
|arr_1_I_9_ce0        |  out|    1|   ap_memory|                            arr_1_I_9|         array|
|arr_1_I_9_q0         |   in|   18|   ap_memory|                            arr_1_I_9|         array|
|arr_1_I_9_address1   |  out|    6|   ap_memory|                            arr_1_I_9|         array|
|arr_1_I_9_ce1        |  out|    1|   ap_memory|                            arr_1_I_9|         array|
|arr_1_I_9_q1         |   in|   18|   ap_memory|                            arr_1_I_9|         array|
|arr_2_I_4_address0   |  out|    5|   ap_memory|                            arr_2_I_4|         array|
|arr_2_I_4_ce0        |  out|    1|   ap_memory|                            arr_2_I_4|         array|
|arr_2_I_4_we0        |  out|    1|   ap_memory|                            arr_2_I_4|         array|
|arr_2_I_4_d0         |  out|   25|   ap_memory|                            arr_2_I_4|         array|
|arr_1_Q_8_address0   |  out|    6|   ap_memory|                            arr_1_Q_8|         array|
|arr_1_Q_8_ce0        |  out|    1|   ap_memory|                            arr_1_Q_8|         array|
|arr_1_Q_8_q0         |   in|   18|   ap_memory|                            arr_1_Q_8|         array|
|arr_1_Q_8_address1   |  out|    6|   ap_memory|                            arr_1_Q_8|         array|
|arr_1_Q_8_ce1        |  out|    1|   ap_memory|                            arr_1_Q_8|         array|
|arr_1_Q_8_q1         |   in|   18|   ap_memory|                            arr_1_Q_8|         array|
|arr_1_Q_9_address0   |  out|    6|   ap_memory|                            arr_1_Q_9|         array|
|arr_1_Q_9_ce0        |  out|    1|   ap_memory|                            arr_1_Q_9|         array|
|arr_1_Q_9_q0         |   in|   18|   ap_memory|                            arr_1_Q_9|         array|
|arr_1_Q_9_address1   |  out|    6|   ap_memory|                            arr_1_Q_9|         array|
|arr_1_Q_9_ce1        |  out|    1|   ap_memory|                            arr_1_Q_9|         array|
|arr_1_Q_9_q1         |   in|   18|   ap_memory|                            arr_1_Q_9|         array|
|arr_2_Q_4_address0   |  out|    5|   ap_memory|                            arr_2_Q_4|         array|
|arr_2_Q_4_ce0        |  out|    1|   ap_memory|                            arr_2_Q_4|         array|
|arr_2_Q_4_we0        |  out|    1|   ap_memory|                            arr_2_Q_4|         array|
|arr_2_Q_4_d0         |  out|   25|   ap_memory|                            arr_2_Q_4|         array|
|arr_1_I_10_address0  |  out|    6|   ap_memory|                           arr_1_I_10|         array|
|arr_1_I_10_ce0       |  out|    1|   ap_memory|                           arr_1_I_10|         array|
|arr_1_I_10_q0        |   in|   18|   ap_memory|                           arr_1_I_10|         array|
|arr_1_I_10_address1  |  out|    6|   ap_memory|                           arr_1_I_10|         array|
|arr_1_I_10_ce1       |  out|    1|   ap_memory|                           arr_1_I_10|         array|
|arr_1_I_10_q1        |   in|   18|   ap_memory|                           arr_1_I_10|         array|
|arr_1_I_11_address0  |  out|    6|   ap_memory|                           arr_1_I_11|         array|
|arr_1_I_11_ce0       |  out|    1|   ap_memory|                           arr_1_I_11|         array|
|arr_1_I_11_q0        |   in|   18|   ap_memory|                           arr_1_I_11|         array|
|arr_1_I_11_address1  |  out|    6|   ap_memory|                           arr_1_I_11|         array|
|arr_1_I_11_ce1       |  out|    1|   ap_memory|                           arr_1_I_11|         array|
|arr_1_I_11_q1        |   in|   18|   ap_memory|                           arr_1_I_11|         array|
|arr_2_I_5_address0   |  out|    5|   ap_memory|                            arr_2_I_5|         array|
|arr_2_I_5_ce0        |  out|    1|   ap_memory|                            arr_2_I_5|         array|
|arr_2_I_5_we0        |  out|    1|   ap_memory|                            arr_2_I_5|         array|
|arr_2_I_5_d0         |  out|   25|   ap_memory|                            arr_2_I_5|         array|
|arr_1_Q_10_address0  |  out|    6|   ap_memory|                           arr_1_Q_10|         array|
|arr_1_Q_10_ce0       |  out|    1|   ap_memory|                           arr_1_Q_10|         array|
|arr_1_Q_10_q0        |   in|   18|   ap_memory|                           arr_1_Q_10|         array|
|arr_1_Q_10_address1  |  out|    6|   ap_memory|                           arr_1_Q_10|         array|
|arr_1_Q_10_ce1       |  out|    1|   ap_memory|                           arr_1_Q_10|         array|
|arr_1_Q_10_q1        |   in|   18|   ap_memory|                           arr_1_Q_10|         array|
|arr_1_Q_11_address0  |  out|    6|   ap_memory|                           arr_1_Q_11|         array|
|arr_1_Q_11_ce0       |  out|    1|   ap_memory|                           arr_1_Q_11|         array|
|arr_1_Q_11_q0        |   in|   18|   ap_memory|                           arr_1_Q_11|         array|
|arr_1_Q_11_address1  |  out|    6|   ap_memory|                           arr_1_Q_11|         array|
|arr_1_Q_11_ce1       |  out|    1|   ap_memory|                           arr_1_Q_11|         array|
|arr_1_Q_11_q1        |   in|   18|   ap_memory|                           arr_1_Q_11|         array|
|arr_2_Q_5_address0   |  out|    5|   ap_memory|                            arr_2_Q_5|         array|
|arr_2_Q_5_ce0        |  out|    1|   ap_memory|                            arr_2_Q_5|         array|
|arr_2_Q_5_we0        |  out|    1|   ap_memory|                            arr_2_Q_5|         array|
|arr_2_Q_5_d0         |  out|   25|   ap_memory|                            arr_2_Q_5|         array|
|arr_1_I_12_address0  |  out|    6|   ap_memory|                           arr_1_I_12|         array|
|arr_1_I_12_ce0       |  out|    1|   ap_memory|                           arr_1_I_12|         array|
|arr_1_I_12_q0        |   in|   18|   ap_memory|                           arr_1_I_12|         array|
|arr_1_I_12_address1  |  out|    6|   ap_memory|                           arr_1_I_12|         array|
|arr_1_I_12_ce1       |  out|    1|   ap_memory|                           arr_1_I_12|         array|
|arr_1_I_12_q1        |   in|   18|   ap_memory|                           arr_1_I_12|         array|
|arr_1_I_13_address0  |  out|    6|   ap_memory|                           arr_1_I_13|         array|
|arr_1_I_13_ce0       |  out|    1|   ap_memory|                           arr_1_I_13|         array|
|arr_1_I_13_q0        |   in|   18|   ap_memory|                           arr_1_I_13|         array|
|arr_1_I_13_address1  |  out|    6|   ap_memory|                           arr_1_I_13|         array|
|arr_1_I_13_ce1       |  out|    1|   ap_memory|                           arr_1_I_13|         array|
|arr_1_I_13_q1        |   in|   18|   ap_memory|                           arr_1_I_13|         array|
|arr_2_I_6_address0   |  out|    5|   ap_memory|                            arr_2_I_6|         array|
|arr_2_I_6_ce0        |  out|    1|   ap_memory|                            arr_2_I_6|         array|
|arr_2_I_6_we0        |  out|    1|   ap_memory|                            arr_2_I_6|         array|
|arr_2_I_6_d0         |  out|   25|   ap_memory|                            arr_2_I_6|         array|
|arr_1_Q_12_address0  |  out|    6|   ap_memory|                           arr_1_Q_12|         array|
|arr_1_Q_12_ce0       |  out|    1|   ap_memory|                           arr_1_Q_12|         array|
|arr_1_Q_12_q0        |   in|   18|   ap_memory|                           arr_1_Q_12|         array|
|arr_1_Q_12_address1  |  out|    6|   ap_memory|                           arr_1_Q_12|         array|
|arr_1_Q_12_ce1       |  out|    1|   ap_memory|                           arr_1_Q_12|         array|
|arr_1_Q_12_q1        |   in|   18|   ap_memory|                           arr_1_Q_12|         array|
|arr_1_Q_13_address0  |  out|    6|   ap_memory|                           arr_1_Q_13|         array|
|arr_1_Q_13_ce0       |  out|    1|   ap_memory|                           arr_1_Q_13|         array|
|arr_1_Q_13_q0        |   in|   18|   ap_memory|                           arr_1_Q_13|         array|
|arr_1_Q_13_address1  |  out|    6|   ap_memory|                           arr_1_Q_13|         array|
|arr_1_Q_13_ce1       |  out|    1|   ap_memory|                           arr_1_Q_13|         array|
|arr_1_Q_13_q1        |   in|   18|   ap_memory|                           arr_1_Q_13|         array|
|arr_2_Q_6_address0   |  out|    5|   ap_memory|                            arr_2_Q_6|         array|
|arr_2_Q_6_ce0        |  out|    1|   ap_memory|                            arr_2_Q_6|         array|
|arr_2_Q_6_we0        |  out|    1|   ap_memory|                            arr_2_Q_6|         array|
|arr_2_Q_6_d0         |  out|   25|   ap_memory|                            arr_2_Q_6|         array|
|arr_1_I_14_address0  |  out|    6|   ap_memory|                           arr_1_I_14|         array|
|arr_1_I_14_ce0       |  out|    1|   ap_memory|                           arr_1_I_14|         array|
|arr_1_I_14_q0        |   in|   18|   ap_memory|                           arr_1_I_14|         array|
|arr_1_I_14_address1  |  out|    6|   ap_memory|                           arr_1_I_14|         array|
|arr_1_I_14_ce1       |  out|    1|   ap_memory|                           arr_1_I_14|         array|
|arr_1_I_14_q1        |   in|   18|   ap_memory|                           arr_1_I_14|         array|
|arr_1_I_15_address0  |  out|    6|   ap_memory|                           arr_1_I_15|         array|
|arr_1_I_15_ce0       |  out|    1|   ap_memory|                           arr_1_I_15|         array|
|arr_1_I_15_q0        |   in|   18|   ap_memory|                           arr_1_I_15|         array|
|arr_1_I_15_address1  |  out|    6|   ap_memory|                           arr_1_I_15|         array|
|arr_1_I_15_ce1       |  out|    1|   ap_memory|                           arr_1_I_15|         array|
|arr_1_I_15_q1        |   in|   18|   ap_memory|                           arr_1_I_15|         array|
|arr_2_I_7_address0   |  out|    5|   ap_memory|                            arr_2_I_7|         array|
|arr_2_I_7_ce0        |  out|    1|   ap_memory|                            arr_2_I_7|         array|
|arr_2_I_7_we0        |  out|    1|   ap_memory|                            arr_2_I_7|         array|
|arr_2_I_7_d0         |  out|   25|   ap_memory|                            arr_2_I_7|         array|
|arr_1_Q_14_address0  |  out|    6|   ap_memory|                           arr_1_Q_14|         array|
|arr_1_Q_14_ce0       |  out|    1|   ap_memory|                           arr_1_Q_14|         array|
|arr_1_Q_14_q0        |   in|   18|   ap_memory|                           arr_1_Q_14|         array|
|arr_1_Q_14_address1  |  out|    6|   ap_memory|                           arr_1_Q_14|         array|
|arr_1_Q_14_ce1       |  out|    1|   ap_memory|                           arr_1_Q_14|         array|
|arr_1_Q_14_q1        |   in|   18|   ap_memory|                           arr_1_Q_14|         array|
|arr_1_Q_15_address0  |  out|    6|   ap_memory|                           arr_1_Q_15|         array|
|arr_1_Q_15_ce0       |  out|    1|   ap_memory|                           arr_1_Q_15|         array|
|arr_1_Q_15_q0        |   in|   18|   ap_memory|                           arr_1_Q_15|         array|
|arr_1_Q_15_address1  |  out|    6|   ap_memory|                           arr_1_Q_15|         array|
|arr_1_Q_15_ce1       |  out|    1|   ap_memory|                           arr_1_Q_15|         array|
|arr_1_Q_15_q1        |   in|   18|   ap_memory|                           arr_1_Q_15|         array|
|arr_2_Q_7_address0   |  out|    5|   ap_memory|                            arr_2_Q_7|         array|
|arr_2_Q_7_ce0        |  out|    1|   ap_memory|                            arr_2_Q_7|         array|
|arr_2_Q_7_we0        |  out|    1|   ap_memory|                            arr_2_Q_7|         array|
|arr_2_Q_7_d0         |  out|   25|   ap_memory|                            arr_2_Q_7|         array|
|arr_1_I_16_address0  |  out|    6|   ap_memory|                           arr_1_I_16|         array|
|arr_1_I_16_ce0       |  out|    1|   ap_memory|                           arr_1_I_16|         array|
|arr_1_I_16_q0        |   in|   18|   ap_memory|                           arr_1_I_16|         array|
|arr_1_I_16_address1  |  out|    6|   ap_memory|                           arr_1_I_16|         array|
|arr_1_I_16_ce1       |  out|    1|   ap_memory|                           arr_1_I_16|         array|
|arr_1_I_16_q1        |   in|   18|   ap_memory|                           arr_1_I_16|         array|
|arr_1_I_17_address0  |  out|    6|   ap_memory|                           arr_1_I_17|         array|
|arr_1_I_17_ce0       |  out|    1|   ap_memory|                           arr_1_I_17|         array|
|arr_1_I_17_q0        |   in|   18|   ap_memory|                           arr_1_I_17|         array|
|arr_1_I_17_address1  |  out|    6|   ap_memory|                           arr_1_I_17|         array|
|arr_1_I_17_ce1       |  out|    1|   ap_memory|                           arr_1_I_17|         array|
|arr_1_I_17_q1        |   in|   18|   ap_memory|                           arr_1_I_17|         array|
|arr_2_I_8_address0   |  out|    5|   ap_memory|                            arr_2_I_8|         array|
|arr_2_I_8_ce0        |  out|    1|   ap_memory|                            arr_2_I_8|         array|
|arr_2_I_8_we0        |  out|    1|   ap_memory|                            arr_2_I_8|         array|
|arr_2_I_8_d0         |  out|   25|   ap_memory|                            arr_2_I_8|         array|
|arr_1_Q_16_address0  |  out|    6|   ap_memory|                           arr_1_Q_16|         array|
|arr_1_Q_16_ce0       |  out|    1|   ap_memory|                           arr_1_Q_16|         array|
|arr_1_Q_16_q0        |   in|   18|   ap_memory|                           arr_1_Q_16|         array|
|arr_1_Q_16_address1  |  out|    6|   ap_memory|                           arr_1_Q_16|         array|
|arr_1_Q_16_ce1       |  out|    1|   ap_memory|                           arr_1_Q_16|         array|
|arr_1_Q_16_q1        |   in|   18|   ap_memory|                           arr_1_Q_16|         array|
|arr_1_Q_17_address0  |  out|    6|   ap_memory|                           arr_1_Q_17|         array|
|arr_1_Q_17_ce0       |  out|    1|   ap_memory|                           arr_1_Q_17|         array|
|arr_1_Q_17_q0        |   in|   18|   ap_memory|                           arr_1_Q_17|         array|
|arr_1_Q_17_address1  |  out|    6|   ap_memory|                           arr_1_Q_17|         array|
|arr_1_Q_17_ce1       |  out|    1|   ap_memory|                           arr_1_Q_17|         array|
|arr_1_Q_17_q1        |   in|   18|   ap_memory|                           arr_1_Q_17|         array|
|arr_2_Q_8_address0   |  out|    5|   ap_memory|                            arr_2_Q_8|         array|
|arr_2_Q_8_ce0        |  out|    1|   ap_memory|                            arr_2_Q_8|         array|
|arr_2_Q_8_we0        |  out|    1|   ap_memory|                            arr_2_Q_8|         array|
|arr_2_Q_8_d0         |  out|   25|   ap_memory|                            arr_2_Q_8|         array|
|arr_1_I_18_address0  |  out|    6|   ap_memory|                           arr_1_I_18|         array|
|arr_1_I_18_ce0       |  out|    1|   ap_memory|                           arr_1_I_18|         array|
|arr_1_I_18_q0        |   in|   18|   ap_memory|                           arr_1_I_18|         array|
|arr_1_I_18_address1  |  out|    6|   ap_memory|                           arr_1_I_18|         array|
|arr_1_I_18_ce1       |  out|    1|   ap_memory|                           arr_1_I_18|         array|
|arr_1_I_18_q1        |   in|   18|   ap_memory|                           arr_1_I_18|         array|
|arr_1_I_19_address0  |  out|    6|   ap_memory|                           arr_1_I_19|         array|
|arr_1_I_19_ce0       |  out|    1|   ap_memory|                           arr_1_I_19|         array|
|arr_1_I_19_q0        |   in|   18|   ap_memory|                           arr_1_I_19|         array|
|arr_1_I_19_address1  |  out|    6|   ap_memory|                           arr_1_I_19|         array|
|arr_1_I_19_ce1       |  out|    1|   ap_memory|                           arr_1_I_19|         array|
|arr_1_I_19_q1        |   in|   18|   ap_memory|                           arr_1_I_19|         array|
|arr_2_I_9_address0   |  out|    5|   ap_memory|                            arr_2_I_9|         array|
|arr_2_I_9_ce0        |  out|    1|   ap_memory|                            arr_2_I_9|         array|
|arr_2_I_9_we0        |  out|    1|   ap_memory|                            arr_2_I_9|         array|
|arr_2_I_9_d0         |  out|   25|   ap_memory|                            arr_2_I_9|         array|
|arr_1_Q_18_address0  |  out|    6|   ap_memory|                           arr_1_Q_18|         array|
|arr_1_Q_18_ce0       |  out|    1|   ap_memory|                           arr_1_Q_18|         array|
|arr_1_Q_18_q0        |   in|   18|   ap_memory|                           arr_1_Q_18|         array|
|arr_1_Q_18_address1  |  out|    6|   ap_memory|                           arr_1_Q_18|         array|
|arr_1_Q_18_ce1       |  out|    1|   ap_memory|                           arr_1_Q_18|         array|
|arr_1_Q_18_q1        |   in|   18|   ap_memory|                           arr_1_Q_18|         array|
|arr_1_Q_19_address0  |  out|    6|   ap_memory|                           arr_1_Q_19|         array|
|arr_1_Q_19_ce0       |  out|    1|   ap_memory|                           arr_1_Q_19|         array|
|arr_1_Q_19_q0        |   in|   18|   ap_memory|                           arr_1_Q_19|         array|
|arr_1_Q_19_address1  |  out|    6|   ap_memory|                           arr_1_Q_19|         array|
|arr_1_Q_19_ce1       |  out|    1|   ap_memory|                           arr_1_Q_19|         array|
|arr_1_Q_19_q1        |   in|   18|   ap_memory|                           arr_1_Q_19|         array|
|arr_2_Q_9_address0   |  out|    5|   ap_memory|                            arr_2_Q_9|         array|
|arr_2_Q_9_ce0        |  out|    1|   ap_memory|                            arr_2_Q_9|         array|
|arr_2_Q_9_we0        |  out|    1|   ap_memory|                            arr_2_Q_9|         array|
|arr_2_Q_9_d0         |  out|   25|   ap_memory|                            arr_2_Q_9|         array|
|arr_1_I_20_address0  |  out|    6|   ap_memory|                           arr_1_I_20|         array|
|arr_1_I_20_ce0       |  out|    1|   ap_memory|                           arr_1_I_20|         array|
|arr_1_I_20_q0        |   in|   18|   ap_memory|                           arr_1_I_20|         array|
|arr_1_I_20_address1  |  out|    6|   ap_memory|                           arr_1_I_20|         array|
|arr_1_I_20_ce1       |  out|    1|   ap_memory|                           arr_1_I_20|         array|
|arr_1_I_20_q1        |   in|   18|   ap_memory|                           arr_1_I_20|         array|
|arr_1_I_21_address0  |  out|    6|   ap_memory|                           arr_1_I_21|         array|
|arr_1_I_21_ce0       |  out|    1|   ap_memory|                           arr_1_I_21|         array|
|arr_1_I_21_q0        |   in|   18|   ap_memory|                           arr_1_I_21|         array|
|arr_1_I_21_address1  |  out|    6|   ap_memory|                           arr_1_I_21|         array|
|arr_1_I_21_ce1       |  out|    1|   ap_memory|                           arr_1_I_21|         array|
|arr_1_I_21_q1        |   in|   18|   ap_memory|                           arr_1_I_21|         array|
|arr_2_I_10_address0  |  out|    5|   ap_memory|                           arr_2_I_10|         array|
|arr_2_I_10_ce0       |  out|    1|   ap_memory|                           arr_2_I_10|         array|
|arr_2_I_10_we0       |  out|    1|   ap_memory|                           arr_2_I_10|         array|
|arr_2_I_10_d0        |  out|   25|   ap_memory|                           arr_2_I_10|         array|
|arr_1_Q_20_address0  |  out|    6|   ap_memory|                           arr_1_Q_20|         array|
|arr_1_Q_20_ce0       |  out|    1|   ap_memory|                           arr_1_Q_20|         array|
|arr_1_Q_20_q0        |   in|   18|   ap_memory|                           arr_1_Q_20|         array|
|arr_1_Q_20_address1  |  out|    6|   ap_memory|                           arr_1_Q_20|         array|
|arr_1_Q_20_ce1       |  out|    1|   ap_memory|                           arr_1_Q_20|         array|
|arr_1_Q_20_q1        |   in|   18|   ap_memory|                           arr_1_Q_20|         array|
|arr_1_Q_21_address0  |  out|    6|   ap_memory|                           arr_1_Q_21|         array|
|arr_1_Q_21_ce0       |  out|    1|   ap_memory|                           arr_1_Q_21|         array|
|arr_1_Q_21_q0        |   in|   18|   ap_memory|                           arr_1_Q_21|         array|
|arr_1_Q_21_address1  |  out|    6|   ap_memory|                           arr_1_Q_21|         array|
|arr_1_Q_21_ce1       |  out|    1|   ap_memory|                           arr_1_Q_21|         array|
|arr_1_Q_21_q1        |   in|   18|   ap_memory|                           arr_1_Q_21|         array|
|arr_2_Q_10_address0  |  out|    5|   ap_memory|                           arr_2_Q_10|         array|
|arr_2_Q_10_ce0       |  out|    1|   ap_memory|                           arr_2_Q_10|         array|
|arr_2_Q_10_we0       |  out|    1|   ap_memory|                           arr_2_Q_10|         array|
|arr_2_Q_10_d0        |  out|   25|   ap_memory|                           arr_2_Q_10|         array|
|arr_1_I_22_address0  |  out|    6|   ap_memory|                           arr_1_I_22|         array|
|arr_1_I_22_ce0       |  out|    1|   ap_memory|                           arr_1_I_22|         array|
|arr_1_I_22_q0        |   in|   18|   ap_memory|                           arr_1_I_22|         array|
|arr_1_I_22_address1  |  out|    6|   ap_memory|                           arr_1_I_22|         array|
|arr_1_I_22_ce1       |  out|    1|   ap_memory|                           arr_1_I_22|         array|
|arr_1_I_22_q1        |   in|   18|   ap_memory|                           arr_1_I_22|         array|
|arr_1_I_23_address0  |  out|    6|   ap_memory|                           arr_1_I_23|         array|
|arr_1_I_23_ce0       |  out|    1|   ap_memory|                           arr_1_I_23|         array|
|arr_1_I_23_q0        |   in|   18|   ap_memory|                           arr_1_I_23|         array|
|arr_1_I_23_address1  |  out|    6|   ap_memory|                           arr_1_I_23|         array|
|arr_1_I_23_ce1       |  out|    1|   ap_memory|                           arr_1_I_23|         array|
|arr_1_I_23_q1        |   in|   18|   ap_memory|                           arr_1_I_23|         array|
|arr_2_I_11_address0  |  out|    5|   ap_memory|                           arr_2_I_11|         array|
|arr_2_I_11_ce0       |  out|    1|   ap_memory|                           arr_2_I_11|         array|
|arr_2_I_11_we0       |  out|    1|   ap_memory|                           arr_2_I_11|         array|
|arr_2_I_11_d0        |  out|   25|   ap_memory|                           arr_2_I_11|         array|
|arr_1_Q_22_address0  |  out|    6|   ap_memory|                           arr_1_Q_22|         array|
|arr_1_Q_22_ce0       |  out|    1|   ap_memory|                           arr_1_Q_22|         array|
|arr_1_Q_22_q0        |   in|   18|   ap_memory|                           arr_1_Q_22|         array|
|arr_1_Q_22_address1  |  out|    6|   ap_memory|                           arr_1_Q_22|         array|
|arr_1_Q_22_ce1       |  out|    1|   ap_memory|                           arr_1_Q_22|         array|
|arr_1_Q_22_q1        |   in|   18|   ap_memory|                           arr_1_Q_22|         array|
|arr_1_Q_23_address0  |  out|    6|   ap_memory|                           arr_1_Q_23|         array|
|arr_1_Q_23_ce0       |  out|    1|   ap_memory|                           arr_1_Q_23|         array|
|arr_1_Q_23_q0        |   in|   18|   ap_memory|                           arr_1_Q_23|         array|
|arr_1_Q_23_address1  |  out|    6|   ap_memory|                           arr_1_Q_23|         array|
|arr_1_Q_23_ce1       |  out|    1|   ap_memory|                           arr_1_Q_23|         array|
|arr_1_Q_23_q1        |   in|   18|   ap_memory|                           arr_1_Q_23|         array|
|arr_2_Q_11_address0  |  out|    5|   ap_memory|                           arr_2_Q_11|         array|
|arr_2_Q_11_ce0       |  out|    1|   ap_memory|                           arr_2_Q_11|         array|
|arr_2_Q_11_we0       |  out|    1|   ap_memory|                           arr_2_Q_11|         array|
|arr_2_Q_11_d0        |  out|   25|   ap_memory|                           arr_2_Q_11|         array|
|arr_1_I_24_address0  |  out|    6|   ap_memory|                           arr_1_I_24|         array|
|arr_1_I_24_ce0       |  out|    1|   ap_memory|                           arr_1_I_24|         array|
|arr_1_I_24_q0        |   in|   18|   ap_memory|                           arr_1_I_24|         array|
|arr_1_I_24_address1  |  out|    6|   ap_memory|                           arr_1_I_24|         array|
|arr_1_I_24_ce1       |  out|    1|   ap_memory|                           arr_1_I_24|         array|
|arr_1_I_24_q1        |   in|   18|   ap_memory|                           arr_1_I_24|         array|
|arr_1_I_25_address0  |  out|    6|   ap_memory|                           arr_1_I_25|         array|
|arr_1_I_25_ce0       |  out|    1|   ap_memory|                           arr_1_I_25|         array|
|arr_1_I_25_q0        |   in|   18|   ap_memory|                           arr_1_I_25|         array|
|arr_1_I_25_address1  |  out|    6|   ap_memory|                           arr_1_I_25|         array|
|arr_1_I_25_ce1       |  out|    1|   ap_memory|                           arr_1_I_25|         array|
|arr_1_I_25_q1        |   in|   18|   ap_memory|                           arr_1_I_25|         array|
|arr_2_I_12_address0  |  out|    5|   ap_memory|                           arr_2_I_12|         array|
|arr_2_I_12_ce0       |  out|    1|   ap_memory|                           arr_2_I_12|         array|
|arr_2_I_12_we0       |  out|    1|   ap_memory|                           arr_2_I_12|         array|
|arr_2_I_12_d0        |  out|   25|   ap_memory|                           arr_2_I_12|         array|
|arr_1_Q_24_address0  |  out|    6|   ap_memory|                           arr_1_Q_24|         array|
|arr_1_Q_24_ce0       |  out|    1|   ap_memory|                           arr_1_Q_24|         array|
|arr_1_Q_24_q0        |   in|   18|   ap_memory|                           arr_1_Q_24|         array|
|arr_1_Q_24_address1  |  out|    6|   ap_memory|                           arr_1_Q_24|         array|
|arr_1_Q_24_ce1       |  out|    1|   ap_memory|                           arr_1_Q_24|         array|
|arr_1_Q_24_q1        |   in|   18|   ap_memory|                           arr_1_Q_24|         array|
|arr_1_Q_25_address0  |  out|    6|   ap_memory|                           arr_1_Q_25|         array|
|arr_1_Q_25_ce0       |  out|    1|   ap_memory|                           arr_1_Q_25|         array|
|arr_1_Q_25_q0        |   in|   18|   ap_memory|                           arr_1_Q_25|         array|
|arr_1_Q_25_address1  |  out|    6|   ap_memory|                           arr_1_Q_25|         array|
|arr_1_Q_25_ce1       |  out|    1|   ap_memory|                           arr_1_Q_25|         array|
|arr_1_Q_25_q1        |   in|   18|   ap_memory|                           arr_1_Q_25|         array|
|arr_2_Q_12_address0  |  out|    5|   ap_memory|                           arr_2_Q_12|         array|
|arr_2_Q_12_ce0       |  out|    1|   ap_memory|                           arr_2_Q_12|         array|
|arr_2_Q_12_we0       |  out|    1|   ap_memory|                           arr_2_Q_12|         array|
|arr_2_Q_12_d0        |  out|   25|   ap_memory|                           arr_2_Q_12|         array|
|arr_1_I_26_address0  |  out|    6|   ap_memory|                           arr_1_I_26|         array|
|arr_1_I_26_ce0       |  out|    1|   ap_memory|                           arr_1_I_26|         array|
|arr_1_I_26_q0        |   in|   18|   ap_memory|                           arr_1_I_26|         array|
|arr_1_I_26_address1  |  out|    6|   ap_memory|                           arr_1_I_26|         array|
|arr_1_I_26_ce1       |  out|    1|   ap_memory|                           arr_1_I_26|         array|
|arr_1_I_26_q1        |   in|   18|   ap_memory|                           arr_1_I_26|         array|
|arr_1_I_27_address0  |  out|    6|   ap_memory|                           arr_1_I_27|         array|
|arr_1_I_27_ce0       |  out|    1|   ap_memory|                           arr_1_I_27|         array|
|arr_1_I_27_q0        |   in|   18|   ap_memory|                           arr_1_I_27|         array|
|arr_1_I_27_address1  |  out|    6|   ap_memory|                           arr_1_I_27|         array|
|arr_1_I_27_ce1       |  out|    1|   ap_memory|                           arr_1_I_27|         array|
|arr_1_I_27_q1        |   in|   18|   ap_memory|                           arr_1_I_27|         array|
|arr_2_I_13_address0  |  out|    5|   ap_memory|                           arr_2_I_13|         array|
|arr_2_I_13_ce0       |  out|    1|   ap_memory|                           arr_2_I_13|         array|
|arr_2_I_13_we0       |  out|    1|   ap_memory|                           arr_2_I_13|         array|
|arr_2_I_13_d0        |  out|   25|   ap_memory|                           arr_2_I_13|         array|
|arr_1_Q_26_address0  |  out|    6|   ap_memory|                           arr_1_Q_26|         array|
|arr_1_Q_26_ce0       |  out|    1|   ap_memory|                           arr_1_Q_26|         array|
|arr_1_Q_26_q0        |   in|   18|   ap_memory|                           arr_1_Q_26|         array|
|arr_1_Q_26_address1  |  out|    6|   ap_memory|                           arr_1_Q_26|         array|
|arr_1_Q_26_ce1       |  out|    1|   ap_memory|                           arr_1_Q_26|         array|
|arr_1_Q_26_q1        |   in|   18|   ap_memory|                           arr_1_Q_26|         array|
|arr_1_Q_27_address0  |  out|    6|   ap_memory|                           arr_1_Q_27|         array|
|arr_1_Q_27_ce0       |  out|    1|   ap_memory|                           arr_1_Q_27|         array|
|arr_1_Q_27_q0        |   in|   18|   ap_memory|                           arr_1_Q_27|         array|
|arr_1_Q_27_address1  |  out|    6|   ap_memory|                           arr_1_Q_27|         array|
|arr_1_Q_27_ce1       |  out|    1|   ap_memory|                           arr_1_Q_27|         array|
|arr_1_Q_27_q1        |   in|   18|   ap_memory|                           arr_1_Q_27|         array|
|arr_2_Q_13_address0  |  out|    5|   ap_memory|                           arr_2_Q_13|         array|
|arr_2_Q_13_ce0       |  out|    1|   ap_memory|                           arr_2_Q_13|         array|
|arr_2_Q_13_we0       |  out|    1|   ap_memory|                           arr_2_Q_13|         array|
|arr_2_Q_13_d0        |  out|   25|   ap_memory|                           arr_2_Q_13|         array|
|arr_1_I_28_address0  |  out|    6|   ap_memory|                           arr_1_I_28|         array|
|arr_1_I_28_ce0       |  out|    1|   ap_memory|                           arr_1_I_28|         array|
|arr_1_I_28_q0        |   in|   18|   ap_memory|                           arr_1_I_28|         array|
|arr_1_I_28_address1  |  out|    6|   ap_memory|                           arr_1_I_28|         array|
|arr_1_I_28_ce1       |  out|    1|   ap_memory|                           arr_1_I_28|         array|
|arr_1_I_28_q1        |   in|   18|   ap_memory|                           arr_1_I_28|         array|
|arr_1_I_29_address0  |  out|    6|   ap_memory|                           arr_1_I_29|         array|
|arr_1_I_29_ce0       |  out|    1|   ap_memory|                           arr_1_I_29|         array|
|arr_1_I_29_q0        |   in|   18|   ap_memory|                           arr_1_I_29|         array|
|arr_1_I_29_address1  |  out|    6|   ap_memory|                           arr_1_I_29|         array|
|arr_1_I_29_ce1       |  out|    1|   ap_memory|                           arr_1_I_29|         array|
|arr_1_I_29_q1        |   in|   18|   ap_memory|                           arr_1_I_29|         array|
|arr_2_I_14_address0  |  out|    5|   ap_memory|                           arr_2_I_14|         array|
|arr_2_I_14_ce0       |  out|    1|   ap_memory|                           arr_2_I_14|         array|
|arr_2_I_14_we0       |  out|    1|   ap_memory|                           arr_2_I_14|         array|
|arr_2_I_14_d0        |  out|   25|   ap_memory|                           arr_2_I_14|         array|
|arr_1_Q_28_address0  |  out|    6|   ap_memory|                           arr_1_Q_28|         array|
|arr_1_Q_28_ce0       |  out|    1|   ap_memory|                           arr_1_Q_28|         array|
|arr_1_Q_28_q0        |   in|   18|   ap_memory|                           arr_1_Q_28|         array|
|arr_1_Q_28_address1  |  out|    6|   ap_memory|                           arr_1_Q_28|         array|
|arr_1_Q_28_ce1       |  out|    1|   ap_memory|                           arr_1_Q_28|         array|
|arr_1_Q_28_q1        |   in|   18|   ap_memory|                           arr_1_Q_28|         array|
|arr_1_Q_29_address0  |  out|    6|   ap_memory|                           arr_1_Q_29|         array|
|arr_1_Q_29_ce0       |  out|    1|   ap_memory|                           arr_1_Q_29|         array|
|arr_1_Q_29_q0        |   in|   18|   ap_memory|                           arr_1_Q_29|         array|
|arr_1_Q_29_address1  |  out|    6|   ap_memory|                           arr_1_Q_29|         array|
|arr_1_Q_29_ce1       |  out|    1|   ap_memory|                           arr_1_Q_29|         array|
|arr_1_Q_29_q1        |   in|   18|   ap_memory|                           arr_1_Q_29|         array|
|arr_2_Q_14_address0  |  out|    5|   ap_memory|                           arr_2_Q_14|         array|
|arr_2_Q_14_ce0       |  out|    1|   ap_memory|                           arr_2_Q_14|         array|
|arr_2_Q_14_we0       |  out|    1|   ap_memory|                           arr_2_Q_14|         array|
|arr_2_Q_14_d0        |  out|   25|   ap_memory|                           arr_2_Q_14|         array|
|arr_1_I_30_address0  |  out|    6|   ap_memory|                           arr_1_I_30|         array|
|arr_1_I_30_ce0       |  out|    1|   ap_memory|                           arr_1_I_30|         array|
|arr_1_I_30_q0        |   in|   18|   ap_memory|                           arr_1_I_30|         array|
|arr_1_I_30_address1  |  out|    6|   ap_memory|                           arr_1_I_30|         array|
|arr_1_I_30_ce1       |  out|    1|   ap_memory|                           arr_1_I_30|         array|
|arr_1_I_30_q1        |   in|   18|   ap_memory|                           arr_1_I_30|         array|
|arr_1_I_31_address0  |  out|    6|   ap_memory|                           arr_1_I_31|         array|
|arr_1_I_31_ce0       |  out|    1|   ap_memory|                           arr_1_I_31|         array|
|arr_1_I_31_q0        |   in|   18|   ap_memory|                           arr_1_I_31|         array|
|arr_1_I_31_address1  |  out|    6|   ap_memory|                           arr_1_I_31|         array|
|arr_1_I_31_ce1       |  out|    1|   ap_memory|                           arr_1_I_31|         array|
|arr_1_I_31_q1        |   in|   18|   ap_memory|                           arr_1_I_31|         array|
|arr_2_I_15_address0  |  out|    5|   ap_memory|                           arr_2_I_15|         array|
|arr_2_I_15_ce0       |  out|    1|   ap_memory|                           arr_2_I_15|         array|
|arr_2_I_15_we0       |  out|    1|   ap_memory|                           arr_2_I_15|         array|
|arr_2_I_15_d0        |  out|   25|   ap_memory|                           arr_2_I_15|         array|
|arr_1_Q_30_address0  |  out|    6|   ap_memory|                           arr_1_Q_30|         array|
|arr_1_Q_30_ce0       |  out|    1|   ap_memory|                           arr_1_Q_30|         array|
|arr_1_Q_30_q0        |   in|   18|   ap_memory|                           arr_1_Q_30|         array|
|arr_1_Q_30_address1  |  out|    6|   ap_memory|                           arr_1_Q_30|         array|
|arr_1_Q_30_ce1       |  out|    1|   ap_memory|                           arr_1_Q_30|         array|
|arr_1_Q_30_q1        |   in|   18|   ap_memory|                           arr_1_Q_30|         array|
|arr_1_Q_31_address0  |  out|    6|   ap_memory|                           arr_1_Q_31|         array|
|arr_1_Q_31_ce0       |  out|    1|   ap_memory|                           arr_1_Q_31|         array|
|arr_1_Q_31_q0        |   in|   18|   ap_memory|                           arr_1_Q_31|         array|
|arr_1_Q_31_address1  |  out|    6|   ap_memory|                           arr_1_Q_31|         array|
|arr_1_Q_31_ce1       |  out|    1|   ap_memory|                           arr_1_Q_31|         array|
|arr_1_Q_31_q1        |   in|   18|   ap_memory|                           arr_1_Q_31|         array|
|arr_2_Q_15_address0  |  out|    5|   ap_memory|                           arr_2_Q_15|         array|
|arr_2_Q_15_ce0       |  out|    1|   ap_memory|                           arr_2_Q_15|         array|
|arr_2_Q_15_we0       |  out|    1|   ap_memory|                           arr_2_Q_15|         array|
|arr_2_Q_15_d0        |  out|   25|   ap_memory|                           arr_2_Q_15|         array|
|arr_2_I_16_address0  |  out|    5|   ap_memory|                           arr_2_I_16|         array|
|arr_2_I_16_ce0       |  out|    1|   ap_memory|                           arr_2_I_16|         array|
|arr_2_I_16_we0       |  out|    1|   ap_memory|                           arr_2_I_16|         array|
|arr_2_I_16_d0        |  out|   25|   ap_memory|                           arr_2_I_16|         array|
|arr_2_Q_16_address0  |  out|    5|   ap_memory|                           arr_2_Q_16|         array|
|arr_2_Q_16_ce0       |  out|    1|   ap_memory|                           arr_2_Q_16|         array|
|arr_2_Q_16_we0       |  out|    1|   ap_memory|                           arr_2_Q_16|         array|
|arr_2_Q_16_d0        |  out|   25|   ap_memory|                           arr_2_Q_16|         array|
|arr_2_I_17_address0  |  out|    5|   ap_memory|                           arr_2_I_17|         array|
|arr_2_I_17_ce0       |  out|    1|   ap_memory|                           arr_2_I_17|         array|
|arr_2_I_17_we0       |  out|    1|   ap_memory|                           arr_2_I_17|         array|
|arr_2_I_17_d0        |  out|   25|   ap_memory|                           arr_2_I_17|         array|
|arr_2_Q_17_address0  |  out|    5|   ap_memory|                           arr_2_Q_17|         array|
|arr_2_Q_17_ce0       |  out|    1|   ap_memory|                           arr_2_Q_17|         array|
|arr_2_Q_17_we0       |  out|    1|   ap_memory|                           arr_2_Q_17|         array|
|arr_2_Q_17_d0        |  out|   25|   ap_memory|                           arr_2_Q_17|         array|
|arr_2_I_18_address0  |  out|    5|   ap_memory|                           arr_2_I_18|         array|
|arr_2_I_18_ce0       |  out|    1|   ap_memory|                           arr_2_I_18|         array|
|arr_2_I_18_we0       |  out|    1|   ap_memory|                           arr_2_I_18|         array|
|arr_2_I_18_d0        |  out|   25|   ap_memory|                           arr_2_I_18|         array|
|arr_2_Q_18_address0  |  out|    5|   ap_memory|                           arr_2_Q_18|         array|
|arr_2_Q_18_ce0       |  out|    1|   ap_memory|                           arr_2_Q_18|         array|
|arr_2_Q_18_we0       |  out|    1|   ap_memory|                           arr_2_Q_18|         array|
|arr_2_Q_18_d0        |  out|   25|   ap_memory|                           arr_2_Q_18|         array|
|arr_2_I_19_address0  |  out|    5|   ap_memory|                           arr_2_I_19|         array|
|arr_2_I_19_ce0       |  out|    1|   ap_memory|                           arr_2_I_19|         array|
|arr_2_I_19_we0       |  out|    1|   ap_memory|                           arr_2_I_19|         array|
|arr_2_I_19_d0        |  out|   25|   ap_memory|                           arr_2_I_19|         array|
|arr_2_Q_19_address0  |  out|    5|   ap_memory|                           arr_2_Q_19|         array|
|arr_2_Q_19_ce0       |  out|    1|   ap_memory|                           arr_2_Q_19|         array|
|arr_2_Q_19_we0       |  out|    1|   ap_memory|                           arr_2_Q_19|         array|
|arr_2_Q_19_d0        |  out|   25|   ap_memory|                           arr_2_Q_19|         array|
|arr_2_I_20_address0  |  out|    5|   ap_memory|                           arr_2_I_20|         array|
|arr_2_I_20_ce0       |  out|    1|   ap_memory|                           arr_2_I_20|         array|
|arr_2_I_20_we0       |  out|    1|   ap_memory|                           arr_2_I_20|         array|
|arr_2_I_20_d0        |  out|   25|   ap_memory|                           arr_2_I_20|         array|
|arr_2_Q_20_address0  |  out|    5|   ap_memory|                           arr_2_Q_20|         array|
|arr_2_Q_20_ce0       |  out|    1|   ap_memory|                           arr_2_Q_20|         array|
|arr_2_Q_20_we0       |  out|    1|   ap_memory|                           arr_2_Q_20|         array|
|arr_2_Q_20_d0        |  out|   25|   ap_memory|                           arr_2_Q_20|         array|
|arr_2_I_21_address0  |  out|    5|   ap_memory|                           arr_2_I_21|         array|
|arr_2_I_21_ce0       |  out|    1|   ap_memory|                           arr_2_I_21|         array|
|arr_2_I_21_we0       |  out|    1|   ap_memory|                           arr_2_I_21|         array|
|arr_2_I_21_d0        |  out|   25|   ap_memory|                           arr_2_I_21|         array|
|arr_2_Q_21_address0  |  out|    5|   ap_memory|                           arr_2_Q_21|         array|
|arr_2_Q_21_ce0       |  out|    1|   ap_memory|                           arr_2_Q_21|         array|
|arr_2_Q_21_we0       |  out|    1|   ap_memory|                           arr_2_Q_21|         array|
|arr_2_Q_21_d0        |  out|   25|   ap_memory|                           arr_2_Q_21|         array|
|arr_2_I_22_address0  |  out|    5|   ap_memory|                           arr_2_I_22|         array|
|arr_2_I_22_ce0       |  out|    1|   ap_memory|                           arr_2_I_22|         array|
|arr_2_I_22_we0       |  out|    1|   ap_memory|                           arr_2_I_22|         array|
|arr_2_I_22_d0        |  out|   25|   ap_memory|                           arr_2_I_22|         array|
|arr_2_Q_22_address0  |  out|    5|   ap_memory|                           arr_2_Q_22|         array|
|arr_2_Q_22_ce0       |  out|    1|   ap_memory|                           arr_2_Q_22|         array|
|arr_2_Q_22_we0       |  out|    1|   ap_memory|                           arr_2_Q_22|         array|
|arr_2_Q_22_d0        |  out|   25|   ap_memory|                           arr_2_Q_22|         array|
|arr_2_I_23_address0  |  out|    5|   ap_memory|                           arr_2_I_23|         array|
|arr_2_I_23_ce0       |  out|    1|   ap_memory|                           arr_2_I_23|         array|
|arr_2_I_23_we0       |  out|    1|   ap_memory|                           arr_2_I_23|         array|
|arr_2_I_23_d0        |  out|   25|   ap_memory|                           arr_2_I_23|         array|
|arr_2_Q_23_address0  |  out|    5|   ap_memory|                           arr_2_Q_23|         array|
|arr_2_Q_23_ce0       |  out|    1|   ap_memory|                           arr_2_Q_23|         array|
|arr_2_Q_23_we0       |  out|    1|   ap_memory|                           arr_2_Q_23|         array|
|arr_2_Q_23_d0        |  out|   25|   ap_memory|                           arr_2_Q_23|         array|
|arr_2_I_24_address0  |  out|    5|   ap_memory|                           arr_2_I_24|         array|
|arr_2_I_24_ce0       |  out|    1|   ap_memory|                           arr_2_I_24|         array|
|arr_2_I_24_we0       |  out|    1|   ap_memory|                           arr_2_I_24|         array|
|arr_2_I_24_d0        |  out|   25|   ap_memory|                           arr_2_I_24|         array|
|arr_2_Q_24_address0  |  out|    5|   ap_memory|                           arr_2_Q_24|         array|
|arr_2_Q_24_ce0       |  out|    1|   ap_memory|                           arr_2_Q_24|         array|
|arr_2_Q_24_we0       |  out|    1|   ap_memory|                           arr_2_Q_24|         array|
|arr_2_Q_24_d0        |  out|   25|   ap_memory|                           arr_2_Q_24|         array|
|arr_2_I_25_address0  |  out|    5|   ap_memory|                           arr_2_I_25|         array|
|arr_2_I_25_ce0       |  out|    1|   ap_memory|                           arr_2_I_25|         array|
|arr_2_I_25_we0       |  out|    1|   ap_memory|                           arr_2_I_25|         array|
|arr_2_I_25_d0        |  out|   25|   ap_memory|                           arr_2_I_25|         array|
|arr_2_Q_25_address0  |  out|    5|   ap_memory|                           arr_2_Q_25|         array|
|arr_2_Q_25_ce0       |  out|    1|   ap_memory|                           arr_2_Q_25|         array|
|arr_2_Q_25_we0       |  out|    1|   ap_memory|                           arr_2_Q_25|         array|
|arr_2_Q_25_d0        |  out|   25|   ap_memory|                           arr_2_Q_25|         array|
|arr_2_I_26_address0  |  out|    5|   ap_memory|                           arr_2_I_26|         array|
|arr_2_I_26_ce0       |  out|    1|   ap_memory|                           arr_2_I_26|         array|
|arr_2_I_26_we0       |  out|    1|   ap_memory|                           arr_2_I_26|         array|
|arr_2_I_26_d0        |  out|   25|   ap_memory|                           arr_2_I_26|         array|
|arr_2_Q_26_address0  |  out|    5|   ap_memory|                           arr_2_Q_26|         array|
|arr_2_Q_26_ce0       |  out|    1|   ap_memory|                           arr_2_Q_26|         array|
|arr_2_Q_26_we0       |  out|    1|   ap_memory|                           arr_2_Q_26|         array|
|arr_2_Q_26_d0        |  out|   25|   ap_memory|                           arr_2_Q_26|         array|
|arr_2_I_27_address0  |  out|    5|   ap_memory|                           arr_2_I_27|         array|
|arr_2_I_27_ce0       |  out|    1|   ap_memory|                           arr_2_I_27|         array|
|arr_2_I_27_we0       |  out|    1|   ap_memory|                           arr_2_I_27|         array|
|arr_2_I_27_d0        |  out|   25|   ap_memory|                           arr_2_I_27|         array|
|arr_2_Q_27_address0  |  out|    5|   ap_memory|                           arr_2_Q_27|         array|
|arr_2_Q_27_ce0       |  out|    1|   ap_memory|                           arr_2_Q_27|         array|
|arr_2_Q_27_we0       |  out|    1|   ap_memory|                           arr_2_Q_27|         array|
|arr_2_Q_27_d0        |  out|   25|   ap_memory|                           arr_2_Q_27|         array|
|arr_2_I_28_address0  |  out|    5|   ap_memory|                           arr_2_I_28|         array|
|arr_2_I_28_ce0       |  out|    1|   ap_memory|                           arr_2_I_28|         array|
|arr_2_I_28_we0       |  out|    1|   ap_memory|                           arr_2_I_28|         array|
|arr_2_I_28_d0        |  out|   25|   ap_memory|                           arr_2_I_28|         array|
|arr_2_Q_28_address0  |  out|    5|   ap_memory|                           arr_2_Q_28|         array|
|arr_2_Q_28_ce0       |  out|    1|   ap_memory|                           arr_2_Q_28|         array|
|arr_2_Q_28_we0       |  out|    1|   ap_memory|                           arr_2_Q_28|         array|
|arr_2_Q_28_d0        |  out|   25|   ap_memory|                           arr_2_Q_28|         array|
|arr_2_I_29_address0  |  out|    5|   ap_memory|                           arr_2_I_29|         array|
|arr_2_I_29_ce0       |  out|    1|   ap_memory|                           arr_2_I_29|         array|
|arr_2_I_29_we0       |  out|    1|   ap_memory|                           arr_2_I_29|         array|
|arr_2_I_29_d0        |  out|   25|   ap_memory|                           arr_2_I_29|         array|
|arr_2_Q_29_address0  |  out|    5|   ap_memory|                           arr_2_Q_29|         array|
|arr_2_Q_29_ce0       |  out|    1|   ap_memory|                           arr_2_Q_29|         array|
|arr_2_Q_29_we0       |  out|    1|   ap_memory|                           arr_2_Q_29|         array|
|arr_2_Q_29_d0        |  out|   25|   ap_memory|                           arr_2_Q_29|         array|
|arr_2_I_30_address0  |  out|    5|   ap_memory|                           arr_2_I_30|         array|
|arr_2_I_30_ce0       |  out|    1|   ap_memory|                           arr_2_I_30|         array|
|arr_2_I_30_we0       |  out|    1|   ap_memory|                           arr_2_I_30|         array|
|arr_2_I_30_d0        |  out|   25|   ap_memory|                           arr_2_I_30|         array|
|arr_2_Q_30_address0  |  out|    5|   ap_memory|                           arr_2_Q_30|         array|
|arr_2_Q_30_ce0       |  out|    1|   ap_memory|                           arr_2_Q_30|         array|
|arr_2_Q_30_we0       |  out|    1|   ap_memory|                           arr_2_Q_30|         array|
|arr_2_Q_30_d0        |  out|   25|   ap_memory|                           arr_2_Q_30|         array|
|arr_2_I_31_address0  |  out|    5|   ap_memory|                           arr_2_I_31|         array|
|arr_2_I_31_ce0       |  out|    1|   ap_memory|                           arr_2_I_31|         array|
|arr_2_I_31_we0       |  out|    1|   ap_memory|                           arr_2_I_31|         array|
|arr_2_I_31_d0        |  out|   25|   ap_memory|                           arr_2_I_31|         array|
|arr_2_Q_31_address0  |  out|    5|   ap_memory|                           arr_2_Q_31|         array|
|arr_2_Q_31_ce0       |  out|    1|   ap_memory|                           arr_2_Q_31|         array|
|arr_2_Q_31_we0       |  out|    1|   ap_memory|                           arr_2_Q_31|         array|
|arr_2_Q_31_d0        |  out|   25|   ap_memory|                           arr_2_Q_31|         array|
+---------------------+-----+-----+------------+-------------------------------------+--------------+

