

================================================================
== Vitis HLS Report for 'receiver_Pipeline_VITIS_LOOP_237_18'
================================================================
* Date:           Mon May 13 18:48:24 2024

* Version:        2023.1 (Build 3854077 on May  4 2023)
* Project:        receiver
* Solution:       solution1 (Vivado IP Flow Target)
* Product family: zynq
* Target device:  xc7z020-clg400-1


================================================================
== Performance Estimates
================================================================
+ Timing: 
    * Summary: 
    +--------+---------+----------+------------+
    |  Clock |  Target | Estimated| Uncertainty|
    +--------+---------+----------+------------+
    |ap_clk  |  8.00 ns|  4.844 ns|     2.16 ns|
    +--------+---------+----------+------------+

+ Latency: 
    * Summary: 
    +---------+---------+-----------+-----------+-----+-----+---------+
    |  Latency (cycles) |   Latency (absolute)  |  Interval | Pipeline|
    |   min   |   max   |    min    |    max    | min | max |   Type  |
    +---------+---------+-----------+-----------+-----+-----+---------+
    |        7|        7|  56.000 ns|  56.000 ns|    7|    7|       no|
    +---------+---------+-----------+-----------+-----+-----+---------+

    + Detail: 
        * Instance: 
        N/A

        * Loop: 
        +---------------------+---------+---------+----------+-----------+-----------+------+----------+
        |                     |  Latency (cycles) | Iteration|  Initiation Interval  | Trip |          |
        |      Loop Name      |   min   |   max   |  Latency |  achieved |   target  | Count| Pipelined|
        +---------------------+---------+---------+----------+-----------+-----------+------+----------+
        |- VITIS_LOOP_237_18  |        5|        5|         3|          1|          1|     4|       yes|
        +---------------------+---------+---------+----------+-----------+-----------+------+----------+



================================================================
== Utilization Estimates
================================================================
* Summary: 
+-----------------+---------+-----+--------+-------+-----+
|       Name      | BRAM_18K| DSP |   FF   |  LUT  | URAM|
+-----------------+---------+-----+--------+-------+-----+
|DSP              |        -|    -|       -|      -|    -|
|Expression       |        -|    -|       0|     96|    -|
|FIFO             |        -|    -|       -|      -|    -|
|Instance         |        -|    -|       -|      -|    -|
|Memory           |        -|    -|       -|      -|    -|
|Multiplexer      |        -|    -|       -|     54|    -|
|Register         |        -|    -|     254|      -|    -|
+-----------------+---------+-----+--------+-------+-----+
|Total            |        0|    0|     254|    150|    0|
+-----------------+---------+-----+--------+-------+-----+
|Available        |      280|  220|  106400|  53200|    0|
+-----------------+---------+-----+--------+-------+-----+
|Utilization (%)  |        0|    0|      ~0|     ~0|    0|
+-----------------+---------+-----+--------+-------+-----+

+ Detail: 
    * Instance: 
    N/A

    * DSP: 
    N/A

    * Memory: 
    N/A

    * FIFO: 
    N/A

    * Expression: 
    +---------------------+----------+----+---+----+------------+------------+
    |    Variable Name    | Operation| DSP| FF| LUT| Bitwidth P0| Bitwidth P1|
    +---------------------+----------+----+---+----+------------+------------+
    |add_ln237_fu_270_p2  |         +|   0|  0|  13|           4|           2|
    |add_ln238_fu_289_p2  |         +|   0|  0|  39|          32|          32|
    |add_ln239_fu_328_p2  |         +|   0|  0|  39|          32|          32|
    |or_ln238_fu_248_p2   |        or|   0|  0|   3|           3|           1|
    |ap_enable_pp0        |       xor|   0|  0|   2|           1|           2|
    +---------------------+----------+----+---+----+------------+------------+
    |Total                |          |   0|  0|  96|          72|          69|
    +---------------------+----------+----+---+----+------------+------------+

    * Multiplexer: 
    +-------------------------+----+-----------+-----+-----------+
    |           Name          | LUT| Input Size| Bits| Total Bits|
    +-------------------------+----+-----------+-----+-----------+
    |ap_done_int              |   9|          2|    1|          2|
    |ap_enable_reg_pp0_iter1  |   9|          2|    1|          2|
    |ap_sig_allocacmp_i_6     |   9|          2|    4|          8|
    |arr_8_I_1_fu_74          |   9|          2|   24|         48|
    |arr_8_Q_1_fu_90          |   9|          2|   24|         48|
    |i_fu_70                  |   9|          2|    4|          8|
    +-------------------------+----+-----------+-----+-----------+
    |Total                    |  54|         12|   58|        116|
    +-------------------------+----+-----------+-----+-----------+

    * Register: 
    +----------------------------------+----+----+-----+-----------+
    |               Name               | FF | LUT| Bits| Const Bits|
    +----------------------------------+----+----+-----+-----------+
    |ap_CS_fsm                         |   1|   0|    1|          0|
    |ap_done_reg                       |   1|   0|    1|          0|
    |ap_enable_reg_pp0_iter1           |   1|   0|    1|          0|
    |ap_enable_reg_pp0_iter2           |   1|   0|    1|          0|
    |ap_loop_exit_ready_pp0_iter1_reg  |   1|   0|    1|          0|
    |arr_8_I_1_1_fu_78                 |  24|   0|   24|          0|
    |arr_8_I_1_2_fu_82                 |  24|   0|   24|          0|
    |arr_8_I_1_3_fu_86                 |  24|   0|   24|          0|
    |arr_8_I_1_5_reg_484               |  24|   0|   24|          0|
    |arr_8_I_1_fu_74                   |  24|   0|   24|          0|
    |arr_8_Q_1_1_fu_94                 |  24|   0|   24|          0|
    |arr_8_Q_1_2_fu_98                 |  24|   0|   24|          0|
    |arr_8_Q_1_3_fu_102                |  24|   0|   24|          0|
    |arr_8_Q_1_5_reg_489               |  24|   0|   24|          0|
    |arr_8_Q_1_fu_90                   |  24|   0|   24|          0|
    |i_fu_70                           |   4|   0|    4|          0|
    |tmp_reg_456                       |   1|   0|    1|          0|
    |trunc_ln_reg_470                  |   2|   0|    2|          0|
    |trunc_ln_reg_470_pp0_iter1_reg    |   2|   0|    2|          0|
    +----------------------------------+----+----+-----+-----------+
    |Total                             | 254|   0|  254|          0|
    +----------------------------------+----+----+-----+-----------+



================================================================
== Interface
================================================================
* Summary: 
+---------------------------+-----+-----+------------+-------------------------------------+--------------+
|         RTL Ports         | Dir | Bits|  Protocol  |            Source Object            |    C Type    |
+---------------------------+-----+-----+------------+-------------------------------------+--------------+
|ap_clk                     |   in|    1|  ap_ctrl_hs|  receiver_Pipeline_VITIS_LOOP_237_18|  return value|
|ap_rst                     |   in|    1|  ap_ctrl_hs|  receiver_Pipeline_VITIS_LOOP_237_18|  return value|
|ap_start                   |   in|    1|  ap_ctrl_hs|  receiver_Pipeline_VITIS_LOOP_237_18|  return value|
|ap_done                    |  out|    1|  ap_ctrl_hs|  receiver_Pipeline_VITIS_LOOP_237_18|  return value|
|ap_idle                    |  out|    1|  ap_ctrl_hs|  receiver_Pipeline_VITIS_LOOP_237_18|  return value|
|ap_ready                   |  out|    1|  ap_ctrl_hs|  receiver_Pipeline_VITIS_LOOP_237_18|  return value|
|arr_7_Q_address0           |  out|    3|   ap_memory|                              arr_7_Q|         array|
|arr_7_Q_ce0                |  out|    1|   ap_memory|                              arr_7_Q|         array|
|arr_7_Q_q0                 |   in|   31|   ap_memory|                              arr_7_Q|         array|
|arr_7_Q_address1           |  out|    3|   ap_memory|                              arr_7_Q|         array|
|arr_7_Q_ce1                |  out|    1|   ap_memory|                              arr_7_Q|         array|
|arr_7_Q_q1                 |   in|   31|   ap_memory|                              arr_7_Q|         array|
|arr_7_I_address0           |  out|    3|   ap_memory|                              arr_7_I|         array|
|arr_7_I_ce0                |  out|    1|   ap_memory|                              arr_7_I|         array|
|arr_7_I_q0                 |   in|   31|   ap_memory|                              arr_7_I|         array|
|arr_7_I_address1           |  out|    3|   ap_memory|                              arr_7_I|         array|
|arr_7_I_ce1                |  out|    1|   ap_memory|                              arr_7_I|         array|
|arr_7_I_q1                 |   in|   31|   ap_memory|                              arr_7_I|         array|
|arr_8_Q_3_0279_out         |  out|   24|      ap_vld|                   arr_8_Q_3_0279_out|       pointer|
|arr_8_Q_3_0279_out_ap_vld  |  out|    1|      ap_vld|                   arr_8_Q_3_0279_out|       pointer|
|arr_8_Q_2_0278_out         |  out|   24|      ap_vld|                   arr_8_Q_2_0278_out|       pointer|
|arr_8_Q_2_0278_out_ap_vld  |  out|    1|      ap_vld|                   arr_8_Q_2_0278_out|       pointer|
|arr_8_Q_1_0277_out         |  out|   24|      ap_vld|                   arr_8_Q_1_0277_out|       pointer|
|arr_8_Q_1_0277_out_ap_vld  |  out|    1|      ap_vld|                   arr_8_Q_1_0277_out|       pointer|
|arr_8_Q_0_0_out            |  out|   24|      ap_vld|                      arr_8_Q_0_0_out|       pointer|
|arr_8_Q_0_0_out_ap_vld     |  out|    1|      ap_vld|                      arr_8_Q_0_0_out|       pointer|
|arr_8_I_3_0276_out         |  out|   24|      ap_vld|                   arr_8_I_3_0276_out|       pointer|
|arr_8_I_3_0276_out_ap_vld  |  out|    1|      ap_vld|                   arr_8_I_3_0276_out|       pointer|
|arr_8_I_2_0275_out         |  out|   24|      ap_vld|                   arr_8_I_2_0275_out|       pointer|
|arr_8_I_2_0275_out_ap_vld  |  out|    1|      ap_vld|                   arr_8_I_2_0275_out|       pointer|
|arr_8_I_1_0274_out         |  out|   24|      ap_vld|                   arr_8_I_1_0274_out|       pointer|
|arr_8_I_1_0274_out_ap_vld  |  out|    1|      ap_vld|                   arr_8_I_1_0274_out|       pointer|
|arr_8_I_0_0_out            |  out|   24|      ap_vld|                      arr_8_I_0_0_out|       pointer|
|arr_8_I_0_0_out_ap_vld     |  out|    1|      ap_vld|                      arr_8_I_0_0_out|       pointer|
+---------------------------+-----+-----+------------+-------------------------------------+--------------+

