

================================================================
== Vitis HLS Report for 'receiver_Pipeline_VITIS_LOOP_161_12'
================================================================
* Date:           Thu May  2 23:57:31 2024

* Version:        2023.1 (Build 3854077 on May  4 2023)
* Project:        receiver
* Solution:       solution1 (Vivado IP Flow Target)
* Product family: zynq
* Target device:  xc7z020-clg400-1


================================================================
== Performance Estimates
================================================================
+ Timing: 
    * Summary: 
    +--------+----------+----------+------------+
    |  Clock |  Target  | Estimated| Uncertainty|
    +--------+----------+----------+------------+
    |ap_clk  |  10.00 ns|  6.780 ns|     2.70 ns|
    +--------+----------+----------+------------+

+ Latency: 
    * Summary: 
    +---------+---------+----------+----------+-----+-----+---------+
    |  Latency (cycles) |  Latency (absolute) |  Interval | Pipeline|
    |   min   |   max   |    min   |    max   | min | max |   Type  |
    +---------+---------+----------+----------+-----+-----+---------+
    |       37|       37|  0.370 us|  0.370 us|   37|   37|       no|
    +---------+---------+----------+----------+-----+-----+---------+

    + Detail: 
        * Instance: 
        N/A

        * Loop: 
        +---------------------+---------+---------+----------+-----------+-----------+------+----------+
        |                     |  Latency (cycles) | Iteration|  Initiation Interval  | Trip |          |
        |      Loop Name      |   min   |   max   |  Latency |  achieved |   target  | Count| Pipelined|
        +---------------------+---------+---------+----------+-----------+-----------+------+----------+
        |- VITIS_LOOP_161_12  |       35|       35|         2|          1|          1|    35|       yes|
        +---------------------+---------+---------+----------+-----------+-----------+------+----------+



================================================================
== Utilization Estimates
================================================================
* Summary: 
+-----------------+---------+-----+--------+-------+-----+
|       Name      | BRAM_18K| DSP |   FF   |  LUT  | URAM|
+-----------------+---------+-----+--------+-------+-----+
|DSP              |        -|    -|       -|      -|    -|
|Expression       |        -|    -|       0|   1626|    -|
|FIFO             |        -|    -|       -|      -|    -|
|Instance         |        -|    -|       -|      -|    -|
|Memory           |        -|    -|       -|      -|    -|
|Multiplexer      |        -|    -|       -|     36|    -|
|Register         |        -|    -|      21|      -|    -|
+-----------------+---------+-----+--------+-------+-----+
|Total            |        0|    0|      21|   1662|    0|
+-----------------+---------+-----+--------+-------+-----+
|Available        |      280|  220|  106400|  53200|    0|
+-----------------+---------+-----+--------+-------+-----+
|Utilization (%)  |        0|    0|      ~0|      3|    0|
+-----------------+---------+-----+--------+-------+-----+

+ Detail: 
    * Instance: 
    N/A

    * DSP: 
    N/A

    * Memory: 
    N/A

    * FIFO: 
    N/A

    * Expression: 
    +-----------------------+----------+----+---+----+------------+------------+
    |     Variable Name     | Operation| DSP| FF| LUT| Bitwidth P0| Bitwidth P1|
    +-----------------------+----------+----+---+----+------------+------------+
    |add_ln161_fu_3072_p2   |         +|   0|  0|  12|          12|           7|
    |arr_1_I_10_d0          |         +|   0|  0|  25|          18|          18|
    |arr_1_I_11_d0          |         +|   0|  0|  25|          18|          18|
    |arr_1_I_12_d0          |         +|   0|  0|  25|          18|          18|
    |arr_1_I_13_d0          |         +|   0|  0|  25|          18|          18|
    |arr_1_I_14_d0          |         +|   0|  0|  25|          18|          18|
    |arr_1_I_15_d0          |         +|   0|  0|  25|          18|          18|
    |arr_1_I_16_d0          |         +|   0|  0|  25|          18|          18|
    |arr_1_I_17_d0          |         +|   0|  0|  25|          18|          18|
    |arr_1_I_18_d0          |         +|   0|  0|  25|          18|          18|
    |arr_1_I_19_d0          |         +|   0|  0|  25|          18|          18|
    |arr_1_I_1_d0           |         +|   0|  0|  25|          18|          18|
    |arr_1_I_20_d0          |         +|   0|  0|  25|          18|          18|
    |arr_1_I_21_d0          |         +|   0|  0|  25|          18|          18|
    |arr_1_I_22_d0          |         +|   0|  0|  25|          18|          18|
    |arr_1_I_23_d0          |         +|   0|  0|  25|          18|          18|
    |arr_1_I_24_d0          |         +|   0|  0|  25|          18|          18|
    |arr_1_I_25_d0          |         +|   0|  0|  25|          18|          18|
    |arr_1_I_26_d0          |         +|   0|  0|  25|          18|          18|
    |arr_1_I_27_d0          |         +|   0|  0|  25|          18|          18|
    |arr_1_I_28_d0          |         +|   0|  0|  25|          18|          18|
    |arr_1_I_29_d0          |         +|   0|  0|  25|          18|          18|
    |arr_1_I_2_d0           |         +|   0|  0|  25|          18|          18|
    |arr_1_I_30_d0          |         +|   0|  0|  25|          18|          18|
    |arr_1_I_31_d0          |         +|   0|  0|  25|          18|          18|
    |arr_1_I_3_d0           |         +|   0|  0|  25|          18|          18|
    |arr_1_I_4_d0           |         +|   0|  0|  25|          18|          18|
    |arr_1_I_5_d0           |         +|   0|  0|  25|          18|          18|
    |arr_1_I_6_d0           |         +|   0|  0|  25|          18|          18|
    |arr_1_I_7_d0           |         +|   0|  0|  25|          18|          18|
    |arr_1_I_8_d0           |         +|   0|  0|  25|          18|          18|
    |arr_1_I_9_d0           |         +|   0|  0|  25|          18|          18|
    |arr_1_I_d0             |         +|   0|  0|  25|          18|          18|
    |arr_1_Q_10_d0          |         +|   0|  0|  25|          18|          18|
    |arr_1_Q_11_d0          |         +|   0|  0|  25|          18|          18|
    |arr_1_Q_12_d0          |         +|   0|  0|  25|          18|          18|
    |arr_1_Q_13_d0          |         +|   0|  0|  25|          18|          18|
    |arr_1_Q_14_d0          |         +|   0|  0|  25|          18|          18|
    |arr_1_Q_15_d0          |         +|   0|  0|  25|          18|          18|
    |arr_1_Q_16_d0          |         +|   0|  0|  25|          18|          18|
    |arr_1_Q_17_d0          |         +|   0|  0|  25|          18|          18|
    |arr_1_Q_18_d0          |         +|   0|  0|  25|          18|          18|
    |arr_1_Q_19_d0          |         +|   0|  0|  25|          18|          18|
    |arr_1_Q_1_d0           |         +|   0|  0|  25|          18|          18|
    |arr_1_Q_20_d0          |         +|   0|  0|  25|          18|          18|
    |arr_1_Q_21_d0          |         +|   0|  0|  25|          18|          18|
    |arr_1_Q_22_d0          |         +|   0|  0|  25|          18|          18|
    |arr_1_Q_23_d0          |         +|   0|  0|  25|          18|          18|
    |arr_1_Q_24_d0          |         +|   0|  0|  25|          18|          18|
    |arr_1_Q_25_d0          |         +|   0|  0|  25|          18|          18|
    |arr_1_Q_26_d0          |         +|   0|  0|  25|          18|          18|
    |arr_1_Q_27_d0          |         +|   0|  0|  25|          18|          18|
    |arr_1_Q_28_d0          |         +|   0|  0|  25|          18|          18|
    |arr_1_Q_29_d0          |         +|   0|  0|  25|          18|          18|
    |arr_1_Q_2_d0           |         +|   0|  0|  25|          18|          18|
    |arr_1_Q_30_d0          |         +|   0|  0|  25|          18|          18|
    |arr_1_Q_31_d0          |         +|   0|  0|  25|          18|          18|
    |arr_1_Q_3_d0           |         +|   0|  0|  25|          18|          18|
    |arr_1_Q_4_d0           |         +|   0|  0|  25|          18|          18|
    |arr_1_Q_5_d0           |         +|   0|  0|  25|          18|          18|
    |arr_1_Q_6_d0           |         +|   0|  0|  25|          18|          18|
    |arr_1_Q_7_d0           |         +|   0|  0|  25|          18|          18|
    |arr_1_Q_8_d0           |         +|   0|  0|  25|          18|          18|
    |arr_1_Q_9_d0           |         +|   0|  0|  25|          18|          18|
    |arr_1_Q_d0             |         +|   0|  0|  25|          18|          18|
    |icmp_ln161_fu_2924_p2  |      icmp|   0|  0|  12|          12|          12|
    |ap_enable_pp0          |       xor|   0|  0|   2|           1|           2|
    +-----------------------+----------+----+---+----+------------+------------+
    |Total                  |          |   0|  0|1626|        1177|        1173|
    +-----------------------+----------+----+---+----+------------+------------+

    * Multiplexer: 
    +-------------------------+----+-----------+-----+-----------+
    |           Name          | LUT| Input Size| Bits| Total Bits|
    +-------------------------+----+-----------+-----+-----------+
    |ap_done_int              |   9|          2|    1|          2|
    |ap_enable_reg_pp0_iter1  |   9|          2|    1|          2|
    |ap_sig_allocacmp_i       |   9|          2|   12|         24|
    |i_11_fu_416              |   9|          2|   12|         24|
    +-------------------------+----+-----------+-----+-----------+
    |Total                    |  36|          8|   26|         52|
    +-------------------------+----+-----------+-----+-----------+

    * Register: 
    +-------------------------+----+----+-----+-----------+
    |           Name          | FF | LUT| Bits| Const Bits|
    +-------------------------+----+----+-----+-----------+
    |ap_CS_fsm                |   1|   0|    1|          0|
    |ap_done_reg              |   1|   0|    1|          0|
    |ap_enable_reg_pp0_iter1  |   1|   0|    1|          0|
    |i_11_fu_416              |  12|   0|   12|          0|
    |zext_ln161_reg_3541      |   6|   0|   64|         58|
    +-------------------------+----+----+-----+-----------+
    |Total                    |  21|   0|   79|         58|
    +-------------------------+----+----+-----+-----------+



================================================================
== Interface
================================================================
* Summary: 
+---------------------+-----+-----+------------+-------------------------------------+--------------+
|      RTL Ports      | Dir | Bits|  Protocol  |            Source Object            |    C Type    |
+---------------------+-----+-----+------------+-------------------------------------+--------------+
|ap_clk               |   in|    1|  ap_ctrl_hs|  receiver_Pipeline_VITIS_LOOP_161_12|  return value|
|ap_rst               |   in|    1|  ap_ctrl_hs|  receiver_Pipeline_VITIS_LOOP_161_12|  return value|
|ap_start             |   in|    1|  ap_ctrl_hs|  receiver_Pipeline_VITIS_LOOP_161_12|  return value|
|ap_done              |  out|    1|  ap_ctrl_hs|  receiver_Pipeline_VITIS_LOOP_161_12|  return value|
|ap_idle              |  out|    1|  ap_ctrl_hs|  receiver_Pipeline_VITIS_LOOP_161_12|  return value|
|ap_ready             |  out|    1|  ap_ctrl_hs|  receiver_Pipeline_VITIS_LOOP_161_12|  return value|
|arr_I_address0       |  out|    6|   ap_memory|                                arr_I|         array|
|arr_I_ce0            |  out|    1|   ap_memory|                                arr_I|         array|
|arr_I_q0             |   in|   18|   ap_memory|                                arr_I|         array|
|arr_I_1_address0     |  out|    6|   ap_memory|                              arr_I_1|         array|
|arr_I_1_ce0          |  out|    1|   ap_memory|                              arr_I_1|         array|
|arr_I_1_q0           |   in|   18|   ap_memory|                              arr_I_1|         array|
|arr_1_I_address0     |  out|    6|   ap_memory|                              arr_1_I|         array|
|arr_1_I_ce0          |  out|    1|   ap_memory|                              arr_1_I|         array|
|arr_1_I_we0          |  out|    1|   ap_memory|                              arr_1_I|         array|
|arr_1_I_d0           |  out|   18|   ap_memory|                              arr_1_I|         array|
|arr_Q_address0       |  out|    6|   ap_memory|                                arr_Q|         array|
|arr_Q_ce0            |  out|    1|   ap_memory|                                arr_Q|         array|
|arr_Q_q0             |   in|   18|   ap_memory|                                arr_Q|         array|
|arr_Q_1_address0     |  out|    6|   ap_memory|                              arr_Q_1|         array|
|arr_Q_1_ce0          |  out|    1|   ap_memory|                              arr_Q_1|         array|
|arr_Q_1_q0           |   in|   18|   ap_memory|                              arr_Q_1|         array|
|arr_1_Q_address0     |  out|    6|   ap_memory|                              arr_1_Q|         array|
|arr_1_Q_ce0          |  out|    1|   ap_memory|                              arr_1_Q|         array|
|arr_1_Q_we0          |  out|    1|   ap_memory|                              arr_1_Q|         array|
|arr_1_Q_d0           |  out|   18|   ap_memory|                              arr_1_Q|         array|
|arr_I_2_address0     |  out|    6|   ap_memory|                              arr_I_2|         array|
|arr_I_2_ce0          |  out|    1|   ap_memory|                              arr_I_2|         array|
|arr_I_2_q0           |   in|   18|   ap_memory|                              arr_I_2|         array|
|arr_I_3_address0     |  out|    6|   ap_memory|                              arr_I_3|         array|
|arr_I_3_ce0          |  out|    1|   ap_memory|                              arr_I_3|         array|
|arr_I_3_q0           |   in|   18|   ap_memory|                              arr_I_3|         array|
|arr_1_I_1_address0   |  out|    6|   ap_memory|                            arr_1_I_1|         array|
|arr_1_I_1_ce0        |  out|    1|   ap_memory|                            arr_1_I_1|         array|
|arr_1_I_1_we0        |  out|    1|   ap_memory|                            arr_1_I_1|         array|
|arr_1_I_1_d0         |  out|   18|   ap_memory|                            arr_1_I_1|         array|
|arr_Q_2_address0     |  out|    6|   ap_memory|                              arr_Q_2|         array|
|arr_Q_2_ce0          |  out|    1|   ap_memory|                              arr_Q_2|         array|
|arr_Q_2_q0           |   in|   18|   ap_memory|                              arr_Q_2|         array|
|arr_Q_3_address0     |  out|    6|   ap_memory|                              arr_Q_3|         array|
|arr_Q_3_ce0          |  out|    1|   ap_memory|                              arr_Q_3|         array|
|arr_Q_3_q0           |   in|   18|   ap_memory|                              arr_Q_3|         array|
|arr_1_Q_1_address0   |  out|    6|   ap_memory|                            arr_1_Q_1|         array|
|arr_1_Q_1_ce0        |  out|    1|   ap_memory|                            arr_1_Q_1|         array|
|arr_1_Q_1_we0        |  out|    1|   ap_memory|                            arr_1_Q_1|         array|
|arr_1_Q_1_d0         |  out|   18|   ap_memory|                            arr_1_Q_1|         array|
|arr_I_4_address0     |  out|    6|   ap_memory|                              arr_I_4|         array|
|arr_I_4_ce0          |  out|    1|   ap_memory|                              arr_I_4|         array|
|arr_I_4_q0           |   in|   18|   ap_memory|                              arr_I_4|         array|
|arr_I_5_address0     |  out|    6|   ap_memory|                              arr_I_5|         array|
|arr_I_5_ce0          |  out|    1|   ap_memory|                              arr_I_5|         array|
|arr_I_5_q0           |   in|   18|   ap_memory|                              arr_I_5|         array|
|arr_1_I_2_address0   |  out|    6|   ap_memory|                            arr_1_I_2|         array|
|arr_1_I_2_ce0        |  out|    1|   ap_memory|                            arr_1_I_2|         array|
|arr_1_I_2_we0        |  out|    1|   ap_memory|                            arr_1_I_2|         array|
|arr_1_I_2_d0         |  out|   18|   ap_memory|                            arr_1_I_2|         array|
|arr_Q_4_address0     |  out|    6|   ap_memory|                              arr_Q_4|         array|
|arr_Q_4_ce0          |  out|    1|   ap_memory|                              arr_Q_4|         array|
|arr_Q_4_q0           |   in|   18|   ap_memory|                              arr_Q_4|         array|
|arr_Q_5_address0     |  out|    6|   ap_memory|                              arr_Q_5|         array|
|arr_Q_5_ce0          |  out|    1|   ap_memory|                              arr_Q_5|         array|
|arr_Q_5_q0           |   in|   18|   ap_memory|                              arr_Q_5|         array|
|arr_1_Q_2_address0   |  out|    6|   ap_memory|                            arr_1_Q_2|         array|
|arr_1_Q_2_ce0        |  out|    1|   ap_memory|                            arr_1_Q_2|         array|
|arr_1_Q_2_we0        |  out|    1|   ap_memory|                            arr_1_Q_2|         array|
|arr_1_Q_2_d0         |  out|   18|   ap_memory|                            arr_1_Q_2|         array|
|arr_I_6_address0     |  out|    6|   ap_memory|                              arr_I_6|         array|
|arr_I_6_ce0          |  out|    1|   ap_memory|                              arr_I_6|         array|
|arr_I_6_q0           |   in|   18|   ap_memory|                              arr_I_6|         array|
|arr_I_7_address0     |  out|    6|   ap_memory|                              arr_I_7|         array|
|arr_I_7_ce0          |  out|    1|   ap_memory|                              arr_I_7|         array|
|arr_I_7_q0           |   in|   18|   ap_memory|                              arr_I_7|         array|
|arr_1_I_3_address0   |  out|    6|   ap_memory|                            arr_1_I_3|         array|
|arr_1_I_3_ce0        |  out|    1|   ap_memory|                            arr_1_I_3|         array|
|arr_1_I_3_we0        |  out|    1|   ap_memory|                            arr_1_I_3|         array|
|arr_1_I_3_d0         |  out|   18|   ap_memory|                            arr_1_I_3|         array|
|arr_Q_6_address0     |  out|    6|   ap_memory|                              arr_Q_6|         array|
|arr_Q_6_ce0          |  out|    1|   ap_memory|                              arr_Q_6|         array|
|arr_Q_6_q0           |   in|   18|   ap_memory|                              arr_Q_6|         array|
|arr_Q_7_address0     |  out|    6|   ap_memory|                              arr_Q_7|         array|
|arr_Q_7_ce0          |  out|    1|   ap_memory|                              arr_Q_7|         array|
|arr_Q_7_q0           |   in|   18|   ap_memory|                              arr_Q_7|         array|
|arr_1_Q_3_address0   |  out|    6|   ap_memory|                            arr_1_Q_3|         array|
|arr_1_Q_3_ce0        |  out|    1|   ap_memory|                            arr_1_Q_3|         array|
|arr_1_Q_3_we0        |  out|    1|   ap_memory|                            arr_1_Q_3|         array|
|arr_1_Q_3_d0         |  out|   18|   ap_memory|                            arr_1_Q_3|         array|
|arr_I_8_address0     |  out|    6|   ap_memory|                              arr_I_8|         array|
|arr_I_8_ce0          |  out|    1|   ap_memory|                              arr_I_8|         array|
|arr_I_8_q0           |   in|   18|   ap_memory|                              arr_I_8|         array|
|arr_I_9_address0     |  out|    6|   ap_memory|                              arr_I_9|         array|
|arr_I_9_ce0          |  out|    1|   ap_memory|                              arr_I_9|         array|
|arr_I_9_q0           |   in|   18|   ap_memory|                              arr_I_9|         array|
|arr_1_I_4_address0   |  out|    6|   ap_memory|                            arr_1_I_4|         array|
|arr_1_I_4_ce0        |  out|    1|   ap_memory|                            arr_1_I_4|         array|
|arr_1_I_4_we0        |  out|    1|   ap_memory|                            arr_1_I_4|         array|
|arr_1_I_4_d0         |  out|   18|   ap_memory|                            arr_1_I_4|         array|
|arr_Q_8_address0     |  out|    6|   ap_memory|                              arr_Q_8|         array|
|arr_Q_8_ce0          |  out|    1|   ap_memory|                              arr_Q_8|         array|
|arr_Q_8_q0           |   in|   18|   ap_memory|                              arr_Q_8|         array|
|arr_Q_9_address0     |  out|    6|   ap_memory|                              arr_Q_9|         array|
|arr_Q_9_ce0          |  out|    1|   ap_memory|                              arr_Q_9|         array|
|arr_Q_9_q0           |   in|   18|   ap_memory|                              arr_Q_9|         array|
|arr_1_Q_4_address0   |  out|    6|   ap_memory|                            arr_1_Q_4|         array|
|arr_1_Q_4_ce0        |  out|    1|   ap_memory|                            arr_1_Q_4|         array|
|arr_1_Q_4_we0        |  out|    1|   ap_memory|                            arr_1_Q_4|         array|
|arr_1_Q_4_d0         |  out|   18|   ap_memory|                            arr_1_Q_4|         array|
|arr_I_10_address0    |  out|    6|   ap_memory|                             arr_I_10|         array|
|arr_I_10_ce0         |  out|    1|   ap_memory|                             arr_I_10|         array|
|arr_I_10_q0          |   in|   18|   ap_memory|                             arr_I_10|         array|
|arr_I_11_address0    |  out|    6|   ap_memory|                             arr_I_11|         array|
|arr_I_11_ce0         |  out|    1|   ap_memory|                             arr_I_11|         array|
|arr_I_11_q0          |   in|   18|   ap_memory|                             arr_I_11|         array|
|arr_1_I_5_address0   |  out|    6|   ap_memory|                            arr_1_I_5|         array|
|arr_1_I_5_ce0        |  out|    1|   ap_memory|                            arr_1_I_5|         array|
|arr_1_I_5_we0        |  out|    1|   ap_memory|                            arr_1_I_5|         array|
|arr_1_I_5_d0         |  out|   18|   ap_memory|                            arr_1_I_5|         array|
|arr_Q_10_address0    |  out|    6|   ap_memory|                             arr_Q_10|         array|
|arr_Q_10_ce0         |  out|    1|   ap_memory|                             arr_Q_10|         array|
|arr_Q_10_q0          |   in|   18|   ap_memory|                             arr_Q_10|         array|
|arr_Q_11_address0    |  out|    6|   ap_memory|                             arr_Q_11|         array|
|arr_Q_11_ce0         |  out|    1|   ap_memory|                             arr_Q_11|         array|
|arr_Q_11_q0          |   in|   18|   ap_memory|                             arr_Q_11|         array|
|arr_1_Q_5_address0   |  out|    6|   ap_memory|                            arr_1_Q_5|         array|
|arr_1_Q_5_ce0        |  out|    1|   ap_memory|                            arr_1_Q_5|         array|
|arr_1_Q_5_we0        |  out|    1|   ap_memory|                            arr_1_Q_5|         array|
|arr_1_Q_5_d0         |  out|   18|   ap_memory|                            arr_1_Q_5|         array|
|arr_I_12_address0    |  out|    6|   ap_memory|                             arr_I_12|         array|
|arr_I_12_ce0         |  out|    1|   ap_memory|                             arr_I_12|         array|
|arr_I_12_q0          |   in|   18|   ap_memory|                             arr_I_12|         array|
|arr_I_13_address0    |  out|    6|   ap_memory|                             arr_I_13|         array|
|arr_I_13_ce0         |  out|    1|   ap_memory|                             arr_I_13|         array|
|arr_I_13_q0          |   in|   18|   ap_memory|                             arr_I_13|         array|
|arr_1_I_6_address0   |  out|    6|   ap_memory|                            arr_1_I_6|         array|
|arr_1_I_6_ce0        |  out|    1|   ap_memory|                            arr_1_I_6|         array|
|arr_1_I_6_we0        |  out|    1|   ap_memory|                            arr_1_I_6|         array|
|arr_1_I_6_d0         |  out|   18|   ap_memory|                            arr_1_I_6|         array|
|arr_Q_12_address0    |  out|    6|   ap_memory|                             arr_Q_12|         array|
|arr_Q_12_ce0         |  out|    1|   ap_memory|                             arr_Q_12|         array|
|arr_Q_12_q0          |   in|   18|   ap_memory|                             arr_Q_12|         array|
|arr_Q_13_address0    |  out|    6|   ap_memory|                             arr_Q_13|         array|
|arr_Q_13_ce0         |  out|    1|   ap_memory|                             arr_Q_13|         array|
|arr_Q_13_q0          |   in|   18|   ap_memory|                             arr_Q_13|         array|
|arr_1_Q_6_address0   |  out|    6|   ap_memory|                            arr_1_Q_6|         array|
|arr_1_Q_6_ce0        |  out|    1|   ap_memory|                            arr_1_Q_6|         array|
|arr_1_Q_6_we0        |  out|    1|   ap_memory|                            arr_1_Q_6|         array|
|arr_1_Q_6_d0         |  out|   18|   ap_memory|                            arr_1_Q_6|         array|
|arr_I_14_address0    |  out|    6|   ap_memory|                             arr_I_14|         array|
|arr_I_14_ce0         |  out|    1|   ap_memory|                             arr_I_14|         array|
|arr_I_14_q0          |   in|   18|   ap_memory|                             arr_I_14|         array|
|arr_I_15_address0    |  out|    6|   ap_memory|                             arr_I_15|         array|
|arr_I_15_ce0         |  out|    1|   ap_memory|                             arr_I_15|         array|
|arr_I_15_q0          |   in|   18|   ap_memory|                             arr_I_15|         array|
|arr_1_I_7_address0   |  out|    6|   ap_memory|                            arr_1_I_7|         array|
|arr_1_I_7_ce0        |  out|    1|   ap_memory|                            arr_1_I_7|         array|
|arr_1_I_7_we0        |  out|    1|   ap_memory|                            arr_1_I_7|         array|
|arr_1_I_7_d0         |  out|   18|   ap_memory|                            arr_1_I_7|         array|
|arr_Q_14_address0    |  out|    6|   ap_memory|                             arr_Q_14|         array|
|arr_Q_14_ce0         |  out|    1|   ap_memory|                             arr_Q_14|         array|
|arr_Q_14_q0          |   in|   18|   ap_memory|                             arr_Q_14|         array|
|arr_Q_15_address0    |  out|    6|   ap_memory|                             arr_Q_15|         array|
|arr_Q_15_ce0         |  out|    1|   ap_memory|                             arr_Q_15|         array|
|arr_Q_15_q0          |   in|   18|   ap_memory|                             arr_Q_15|         array|
|arr_1_Q_7_address0   |  out|    6|   ap_memory|                            arr_1_Q_7|         array|
|arr_1_Q_7_ce0        |  out|    1|   ap_memory|                            arr_1_Q_7|         array|
|arr_1_Q_7_we0        |  out|    1|   ap_memory|                            arr_1_Q_7|         array|
|arr_1_Q_7_d0         |  out|   18|   ap_memory|                            arr_1_Q_7|         array|
|arr_I_16_address0    |  out|    6|   ap_memory|                             arr_I_16|         array|
|arr_I_16_ce0         |  out|    1|   ap_memory|                             arr_I_16|         array|
|arr_I_16_q0          |   in|   18|   ap_memory|                             arr_I_16|         array|
|arr_I_17_address0    |  out|    6|   ap_memory|                             arr_I_17|         array|
|arr_I_17_ce0         |  out|    1|   ap_memory|                             arr_I_17|         array|
|arr_I_17_q0          |   in|   18|   ap_memory|                             arr_I_17|         array|
|arr_1_I_8_address0   |  out|    6|   ap_memory|                            arr_1_I_8|         array|
|arr_1_I_8_ce0        |  out|    1|   ap_memory|                            arr_1_I_8|         array|
|arr_1_I_8_we0        |  out|    1|   ap_memory|                            arr_1_I_8|         array|
|arr_1_I_8_d0         |  out|   18|   ap_memory|                            arr_1_I_8|         array|
|arr_Q_16_address0    |  out|    6|   ap_memory|                             arr_Q_16|         array|
|arr_Q_16_ce0         |  out|    1|   ap_memory|                             arr_Q_16|         array|
|arr_Q_16_q0          |   in|   18|   ap_memory|                             arr_Q_16|         array|
|arr_Q_17_address0    |  out|    6|   ap_memory|                             arr_Q_17|         array|
|arr_Q_17_ce0         |  out|    1|   ap_memory|                             arr_Q_17|         array|
|arr_Q_17_q0          |   in|   18|   ap_memory|                             arr_Q_17|         array|
|arr_1_Q_8_address0   |  out|    6|   ap_memory|                            arr_1_Q_8|         array|
|arr_1_Q_8_ce0        |  out|    1|   ap_memory|                            arr_1_Q_8|         array|
|arr_1_Q_8_we0        |  out|    1|   ap_memory|                            arr_1_Q_8|         array|
|arr_1_Q_8_d0         |  out|   18|   ap_memory|                            arr_1_Q_8|         array|
|arr_I_18_address0    |  out|    6|   ap_memory|                             arr_I_18|         array|
|arr_I_18_ce0         |  out|    1|   ap_memory|                             arr_I_18|         array|
|arr_I_18_q0          |   in|   18|   ap_memory|                             arr_I_18|         array|
|arr_I_19_address0    |  out|    6|   ap_memory|                             arr_I_19|         array|
|arr_I_19_ce0         |  out|    1|   ap_memory|                             arr_I_19|         array|
|arr_I_19_q0          |   in|   18|   ap_memory|                             arr_I_19|         array|
|arr_1_I_9_address0   |  out|    6|   ap_memory|                            arr_1_I_9|         array|
|arr_1_I_9_ce0        |  out|    1|   ap_memory|                            arr_1_I_9|         array|
|arr_1_I_9_we0        |  out|    1|   ap_memory|                            arr_1_I_9|         array|
|arr_1_I_9_d0         |  out|   18|   ap_memory|                            arr_1_I_9|         array|
|arr_Q_18_address0    |  out|    6|   ap_memory|                             arr_Q_18|         array|
|arr_Q_18_ce0         |  out|    1|   ap_memory|                             arr_Q_18|         array|
|arr_Q_18_q0          |   in|   18|   ap_memory|                             arr_Q_18|         array|
|arr_Q_19_address0    |  out|    6|   ap_memory|                             arr_Q_19|         array|
|arr_Q_19_ce0         |  out|    1|   ap_memory|                             arr_Q_19|         array|
|arr_Q_19_q0          |   in|   18|   ap_memory|                             arr_Q_19|         array|
|arr_1_Q_9_address0   |  out|    6|   ap_memory|                            arr_1_Q_9|         array|
|arr_1_Q_9_ce0        |  out|    1|   ap_memory|                            arr_1_Q_9|         array|
|arr_1_Q_9_we0        |  out|    1|   ap_memory|                            arr_1_Q_9|         array|
|arr_1_Q_9_d0         |  out|   18|   ap_memory|                            arr_1_Q_9|         array|
|arr_I_20_address0    |  out|    6|   ap_memory|                             arr_I_20|         array|
|arr_I_20_ce0         |  out|    1|   ap_memory|                             arr_I_20|         array|
|arr_I_20_q0          |   in|   18|   ap_memory|                             arr_I_20|         array|
|arr_I_21_address0    |  out|    6|   ap_memory|                             arr_I_21|         array|
|arr_I_21_ce0         |  out|    1|   ap_memory|                             arr_I_21|         array|
|arr_I_21_q0          |   in|   18|   ap_memory|                             arr_I_21|         array|
|arr_1_I_10_address0  |  out|    6|   ap_memory|                           arr_1_I_10|         array|
|arr_1_I_10_ce0       |  out|    1|   ap_memory|                           arr_1_I_10|         array|
|arr_1_I_10_we0       |  out|    1|   ap_memory|                           arr_1_I_10|         array|
|arr_1_I_10_d0        |  out|   18|   ap_memory|                           arr_1_I_10|         array|
|arr_Q_20_address0    |  out|    6|   ap_memory|                             arr_Q_20|         array|
|arr_Q_20_ce0         |  out|    1|   ap_memory|                             arr_Q_20|         array|
|arr_Q_20_q0          |   in|   18|   ap_memory|                             arr_Q_20|         array|
|arr_Q_21_address0    |  out|    6|   ap_memory|                             arr_Q_21|         array|
|arr_Q_21_ce0         |  out|    1|   ap_memory|                             arr_Q_21|         array|
|arr_Q_21_q0          |   in|   18|   ap_memory|                             arr_Q_21|         array|
|arr_1_Q_10_address0  |  out|    6|   ap_memory|                           arr_1_Q_10|         array|
|arr_1_Q_10_ce0       |  out|    1|   ap_memory|                           arr_1_Q_10|         array|
|arr_1_Q_10_we0       |  out|    1|   ap_memory|                           arr_1_Q_10|         array|
|arr_1_Q_10_d0        |  out|   18|   ap_memory|                           arr_1_Q_10|         array|
|arr_I_22_address0    |  out|    6|   ap_memory|                             arr_I_22|         array|
|arr_I_22_ce0         |  out|    1|   ap_memory|                             arr_I_22|         array|
|arr_I_22_q0          |   in|   18|   ap_memory|                             arr_I_22|         array|
|arr_I_23_address0    |  out|    6|   ap_memory|                             arr_I_23|         array|
|arr_I_23_ce0         |  out|    1|   ap_memory|                             arr_I_23|         array|
|arr_I_23_q0          |   in|   18|   ap_memory|                             arr_I_23|         array|
|arr_1_I_11_address0  |  out|    6|   ap_memory|                           arr_1_I_11|         array|
|arr_1_I_11_ce0       |  out|    1|   ap_memory|                           arr_1_I_11|         array|
|arr_1_I_11_we0       |  out|    1|   ap_memory|                           arr_1_I_11|         array|
|arr_1_I_11_d0        |  out|   18|   ap_memory|                           arr_1_I_11|         array|
|arr_Q_22_address0    |  out|    6|   ap_memory|                             arr_Q_22|         array|
|arr_Q_22_ce0         |  out|    1|   ap_memory|                             arr_Q_22|         array|
|arr_Q_22_q0          |   in|   18|   ap_memory|                             arr_Q_22|         array|
|arr_Q_23_address0    |  out|    6|   ap_memory|                             arr_Q_23|         array|
|arr_Q_23_ce0         |  out|    1|   ap_memory|                             arr_Q_23|         array|
|arr_Q_23_q0          |   in|   18|   ap_memory|                             arr_Q_23|         array|
|arr_1_Q_11_address0  |  out|    6|   ap_memory|                           arr_1_Q_11|         array|
|arr_1_Q_11_ce0       |  out|    1|   ap_memory|                           arr_1_Q_11|         array|
|arr_1_Q_11_we0       |  out|    1|   ap_memory|                           arr_1_Q_11|         array|
|arr_1_Q_11_d0        |  out|   18|   ap_memory|                           arr_1_Q_11|         array|
|arr_I_24_address0    |  out|    6|   ap_memory|                             arr_I_24|         array|
|arr_I_24_ce0         |  out|    1|   ap_memory|                             arr_I_24|         array|
|arr_I_24_q0          |   in|   18|   ap_memory|                             arr_I_24|         array|
|arr_I_25_address0    |  out|    6|   ap_memory|                             arr_I_25|         array|
|arr_I_25_ce0         |  out|    1|   ap_memory|                             arr_I_25|         array|
|arr_I_25_q0          |   in|   18|   ap_memory|                             arr_I_25|         array|
|arr_1_I_12_address0  |  out|    6|   ap_memory|                           arr_1_I_12|         array|
|arr_1_I_12_ce0       |  out|    1|   ap_memory|                           arr_1_I_12|         array|
|arr_1_I_12_we0       |  out|    1|   ap_memory|                           arr_1_I_12|         array|
|arr_1_I_12_d0        |  out|   18|   ap_memory|                           arr_1_I_12|         array|
|arr_Q_24_address0    |  out|    6|   ap_memory|                             arr_Q_24|         array|
|arr_Q_24_ce0         |  out|    1|   ap_memory|                             arr_Q_24|         array|
|arr_Q_24_q0          |   in|   18|   ap_memory|                             arr_Q_24|         array|
|arr_Q_25_address0    |  out|    6|   ap_memory|                             arr_Q_25|         array|
|arr_Q_25_ce0         |  out|    1|   ap_memory|                             arr_Q_25|         array|
|arr_Q_25_q0          |   in|   18|   ap_memory|                             arr_Q_25|         array|
|arr_1_Q_12_address0  |  out|    6|   ap_memory|                           arr_1_Q_12|         array|
|arr_1_Q_12_ce0       |  out|    1|   ap_memory|                           arr_1_Q_12|         array|
|arr_1_Q_12_we0       |  out|    1|   ap_memory|                           arr_1_Q_12|         array|
|arr_1_Q_12_d0        |  out|   18|   ap_memory|                           arr_1_Q_12|         array|
|arr_I_26_address0    |  out|    6|   ap_memory|                             arr_I_26|         array|
|arr_I_26_ce0         |  out|    1|   ap_memory|                             arr_I_26|         array|
|arr_I_26_q0          |   in|   18|   ap_memory|                             arr_I_26|         array|
|arr_I_27_address0    |  out|    6|   ap_memory|                             arr_I_27|         array|
|arr_I_27_ce0         |  out|    1|   ap_memory|                             arr_I_27|         array|
|arr_I_27_q0          |   in|   18|   ap_memory|                             arr_I_27|         array|
|arr_1_I_13_address0  |  out|    6|   ap_memory|                           arr_1_I_13|         array|
|arr_1_I_13_ce0       |  out|    1|   ap_memory|                           arr_1_I_13|         array|
|arr_1_I_13_we0       |  out|    1|   ap_memory|                           arr_1_I_13|         array|
|arr_1_I_13_d0        |  out|   18|   ap_memory|                           arr_1_I_13|         array|
|arr_Q_26_address0    |  out|    6|   ap_memory|                             arr_Q_26|         array|
|arr_Q_26_ce0         |  out|    1|   ap_memory|                             arr_Q_26|         array|
|arr_Q_26_q0          |   in|   18|   ap_memory|                             arr_Q_26|         array|
|arr_Q_27_address0    |  out|    6|   ap_memory|                             arr_Q_27|         array|
|arr_Q_27_ce0         |  out|    1|   ap_memory|                             arr_Q_27|         array|
|arr_Q_27_q0          |   in|   18|   ap_memory|                             arr_Q_27|         array|
|arr_1_Q_13_address0  |  out|    6|   ap_memory|                           arr_1_Q_13|         array|
|arr_1_Q_13_ce0       |  out|    1|   ap_memory|                           arr_1_Q_13|         array|
|arr_1_Q_13_we0       |  out|    1|   ap_memory|                           arr_1_Q_13|         array|
|arr_1_Q_13_d0        |  out|   18|   ap_memory|                           arr_1_Q_13|         array|
|arr_I_28_address0    |  out|    6|   ap_memory|                             arr_I_28|         array|
|arr_I_28_ce0         |  out|    1|   ap_memory|                             arr_I_28|         array|
|arr_I_28_q0          |   in|   18|   ap_memory|                             arr_I_28|         array|
|arr_I_29_address0    |  out|    6|   ap_memory|                             arr_I_29|         array|
|arr_I_29_ce0         |  out|    1|   ap_memory|                             arr_I_29|         array|
|arr_I_29_q0          |   in|   18|   ap_memory|                             arr_I_29|         array|
|arr_1_I_14_address0  |  out|    6|   ap_memory|                           arr_1_I_14|         array|
|arr_1_I_14_ce0       |  out|    1|   ap_memory|                           arr_1_I_14|         array|
|arr_1_I_14_we0       |  out|    1|   ap_memory|                           arr_1_I_14|         array|
|arr_1_I_14_d0        |  out|   18|   ap_memory|                           arr_1_I_14|         array|
|arr_Q_28_address0    |  out|    6|   ap_memory|                             arr_Q_28|         array|
|arr_Q_28_ce0         |  out|    1|   ap_memory|                             arr_Q_28|         array|
|arr_Q_28_q0          |   in|   18|   ap_memory|                             arr_Q_28|         array|
|arr_Q_29_address0    |  out|    6|   ap_memory|                             arr_Q_29|         array|
|arr_Q_29_ce0         |  out|    1|   ap_memory|                             arr_Q_29|         array|
|arr_Q_29_q0          |   in|   18|   ap_memory|                             arr_Q_29|         array|
|arr_1_Q_14_address0  |  out|    6|   ap_memory|                           arr_1_Q_14|         array|
|arr_1_Q_14_ce0       |  out|    1|   ap_memory|                           arr_1_Q_14|         array|
|arr_1_Q_14_we0       |  out|    1|   ap_memory|                           arr_1_Q_14|         array|
|arr_1_Q_14_d0        |  out|   18|   ap_memory|                           arr_1_Q_14|         array|
|arr_I_30_address0    |  out|    6|   ap_memory|                             arr_I_30|         array|
|arr_I_30_ce0         |  out|    1|   ap_memory|                             arr_I_30|         array|
|arr_I_30_q0          |   in|   18|   ap_memory|                             arr_I_30|         array|
|arr_I_31_address0    |  out|    6|   ap_memory|                             arr_I_31|         array|
|arr_I_31_ce0         |  out|    1|   ap_memory|                             arr_I_31|         array|
|arr_I_31_q0          |   in|   18|   ap_memory|                             arr_I_31|         array|
|arr_1_I_15_address0  |  out|    6|   ap_memory|                           arr_1_I_15|         array|
|arr_1_I_15_ce0       |  out|    1|   ap_memory|                           arr_1_I_15|         array|
|arr_1_I_15_we0       |  out|    1|   ap_memory|                           arr_1_I_15|         array|
|arr_1_I_15_d0        |  out|   18|   ap_memory|                           arr_1_I_15|         array|
|arr_Q_30_address0    |  out|    6|   ap_memory|                             arr_Q_30|         array|
|arr_Q_30_ce0         |  out|    1|   ap_memory|                             arr_Q_30|         array|
|arr_Q_30_q0          |   in|   18|   ap_memory|                             arr_Q_30|         array|
|arr_Q_31_address0    |  out|    6|   ap_memory|                             arr_Q_31|         array|
|arr_Q_31_ce0         |  out|    1|   ap_memory|                             arr_Q_31|         array|
|arr_Q_31_q0          |   in|   18|   ap_memory|                             arr_Q_31|         array|
|arr_1_Q_15_address0  |  out|    6|   ap_memory|                           arr_1_Q_15|         array|
|arr_1_Q_15_ce0       |  out|    1|   ap_memory|                           arr_1_Q_15|         array|
|arr_1_Q_15_we0       |  out|    1|   ap_memory|                           arr_1_Q_15|         array|
|arr_1_Q_15_d0        |  out|   18|   ap_memory|                           arr_1_Q_15|         array|
|arr_I_32_address0    |  out|    6|   ap_memory|                             arr_I_32|         array|
|arr_I_32_ce0         |  out|    1|   ap_memory|                             arr_I_32|         array|
|arr_I_32_q0          |   in|   18|   ap_memory|                             arr_I_32|         array|
|arr_I_33_address0    |  out|    6|   ap_memory|                             arr_I_33|         array|
|arr_I_33_ce0         |  out|    1|   ap_memory|                             arr_I_33|         array|
|arr_I_33_q0          |   in|   18|   ap_memory|                             arr_I_33|         array|
|arr_1_I_16_address0  |  out|    6|   ap_memory|                           arr_1_I_16|         array|
|arr_1_I_16_ce0       |  out|    1|   ap_memory|                           arr_1_I_16|         array|
|arr_1_I_16_we0       |  out|    1|   ap_memory|                           arr_1_I_16|         array|
|arr_1_I_16_d0        |  out|   18|   ap_memory|                           arr_1_I_16|         array|
|arr_Q_32_address0    |  out|    6|   ap_memory|                             arr_Q_32|         array|
|arr_Q_32_ce0         |  out|    1|   ap_memory|                             arr_Q_32|         array|
|arr_Q_32_q0          |   in|   18|   ap_memory|                             arr_Q_32|         array|
|arr_Q_33_address0    |  out|    6|   ap_memory|                             arr_Q_33|         array|
|arr_Q_33_ce0         |  out|    1|   ap_memory|                             arr_Q_33|         array|
|arr_Q_33_q0          |   in|   18|   ap_memory|                             arr_Q_33|         array|
|arr_1_Q_16_address0  |  out|    6|   ap_memory|                           arr_1_Q_16|         array|
|arr_1_Q_16_ce0       |  out|    1|   ap_memory|                           arr_1_Q_16|         array|
|arr_1_Q_16_we0       |  out|    1|   ap_memory|                           arr_1_Q_16|         array|
|arr_1_Q_16_d0        |  out|   18|   ap_memory|                           arr_1_Q_16|         array|
|arr_I_34_address0    |  out|    6|   ap_memory|                             arr_I_34|         array|
|arr_I_34_ce0         |  out|    1|   ap_memory|                             arr_I_34|         array|
|arr_I_34_q0          |   in|   18|   ap_memory|                             arr_I_34|         array|
|arr_I_35_address0    |  out|    6|   ap_memory|                             arr_I_35|         array|
|arr_I_35_ce0         |  out|    1|   ap_memory|                             arr_I_35|         array|
|arr_I_35_q0          |   in|   18|   ap_memory|                             arr_I_35|         array|
|arr_1_I_17_address0  |  out|    6|   ap_memory|                           arr_1_I_17|         array|
|arr_1_I_17_ce0       |  out|    1|   ap_memory|                           arr_1_I_17|         array|
|arr_1_I_17_we0       |  out|    1|   ap_memory|                           arr_1_I_17|         array|
|arr_1_I_17_d0        |  out|   18|   ap_memory|                           arr_1_I_17|         array|
|arr_Q_34_address0    |  out|    6|   ap_memory|                             arr_Q_34|         array|
|arr_Q_34_ce0         |  out|    1|   ap_memory|                             arr_Q_34|         array|
|arr_Q_34_q0          |   in|   18|   ap_memory|                             arr_Q_34|         array|
|arr_Q_35_address0    |  out|    6|   ap_memory|                             arr_Q_35|         array|
|arr_Q_35_ce0         |  out|    1|   ap_memory|                             arr_Q_35|         array|
|arr_Q_35_q0          |   in|   18|   ap_memory|                             arr_Q_35|         array|
|arr_1_Q_17_address0  |  out|    6|   ap_memory|                           arr_1_Q_17|         array|
|arr_1_Q_17_ce0       |  out|    1|   ap_memory|                           arr_1_Q_17|         array|
|arr_1_Q_17_we0       |  out|    1|   ap_memory|                           arr_1_Q_17|         array|
|arr_1_Q_17_d0        |  out|   18|   ap_memory|                           arr_1_Q_17|         array|
|arr_I_36_address0    |  out|    6|   ap_memory|                             arr_I_36|         array|
|arr_I_36_ce0         |  out|    1|   ap_memory|                             arr_I_36|         array|
|arr_I_36_q0          |   in|   18|   ap_memory|                             arr_I_36|         array|
|arr_I_37_address0    |  out|    6|   ap_memory|                             arr_I_37|         array|
|arr_I_37_ce0         |  out|    1|   ap_memory|                             arr_I_37|         array|
|arr_I_37_q0          |   in|   18|   ap_memory|                             arr_I_37|         array|
|arr_1_I_18_address0  |  out|    6|   ap_memory|                           arr_1_I_18|         array|
|arr_1_I_18_ce0       |  out|    1|   ap_memory|                           arr_1_I_18|         array|
|arr_1_I_18_we0       |  out|    1|   ap_memory|                           arr_1_I_18|         array|
|arr_1_I_18_d0        |  out|   18|   ap_memory|                           arr_1_I_18|         array|
|arr_Q_36_address0    |  out|    6|   ap_memory|                             arr_Q_36|         array|
|arr_Q_36_ce0         |  out|    1|   ap_memory|                             arr_Q_36|         array|
|arr_Q_36_q0          |   in|   18|   ap_memory|                             arr_Q_36|         array|
|arr_Q_37_address0    |  out|    6|   ap_memory|                             arr_Q_37|         array|
|arr_Q_37_ce0         |  out|    1|   ap_memory|                             arr_Q_37|         array|
|arr_Q_37_q0          |   in|   18|   ap_memory|                             arr_Q_37|         array|
|arr_1_Q_18_address0  |  out|    6|   ap_memory|                           arr_1_Q_18|         array|
|arr_1_Q_18_ce0       |  out|    1|   ap_memory|                           arr_1_Q_18|         array|
|arr_1_Q_18_we0       |  out|    1|   ap_memory|                           arr_1_Q_18|         array|
|arr_1_Q_18_d0        |  out|   18|   ap_memory|                           arr_1_Q_18|         array|
|arr_I_38_address0    |  out|    6|   ap_memory|                             arr_I_38|         array|
|arr_I_38_ce0         |  out|    1|   ap_memory|                             arr_I_38|         array|
|arr_I_38_q0          |   in|   18|   ap_memory|                             arr_I_38|         array|
|arr_I_39_address0    |  out|    6|   ap_memory|                             arr_I_39|         array|
|arr_I_39_ce0         |  out|    1|   ap_memory|                             arr_I_39|         array|
|arr_I_39_q0          |   in|   18|   ap_memory|                             arr_I_39|         array|
|arr_1_I_19_address0  |  out|    6|   ap_memory|                           arr_1_I_19|         array|
|arr_1_I_19_ce0       |  out|    1|   ap_memory|                           arr_1_I_19|         array|
|arr_1_I_19_we0       |  out|    1|   ap_memory|                           arr_1_I_19|         array|
|arr_1_I_19_d0        |  out|   18|   ap_memory|                           arr_1_I_19|         array|
|arr_Q_38_address0    |  out|    6|   ap_memory|                             arr_Q_38|         array|
|arr_Q_38_ce0         |  out|    1|   ap_memory|                             arr_Q_38|         array|
|arr_Q_38_q0          |   in|   18|   ap_memory|                             arr_Q_38|         array|
|arr_Q_39_address0    |  out|    6|   ap_memory|                             arr_Q_39|         array|
|arr_Q_39_ce0         |  out|    1|   ap_memory|                             arr_Q_39|         array|
|arr_Q_39_q0          |   in|   18|   ap_memory|                             arr_Q_39|         array|
|arr_1_Q_19_address0  |  out|    6|   ap_memory|                           arr_1_Q_19|         array|
|arr_1_Q_19_ce0       |  out|    1|   ap_memory|                           arr_1_Q_19|         array|
|arr_1_Q_19_we0       |  out|    1|   ap_memory|                           arr_1_Q_19|         array|
|arr_1_Q_19_d0        |  out|   18|   ap_memory|                           arr_1_Q_19|         array|
|arr_I_40_address0    |  out|    6|   ap_memory|                             arr_I_40|         array|
|arr_I_40_ce0         |  out|    1|   ap_memory|                             arr_I_40|         array|
|arr_I_40_q0          |   in|   18|   ap_memory|                             arr_I_40|         array|
|arr_I_41_address0    |  out|    6|   ap_memory|                             arr_I_41|         array|
|arr_I_41_ce0         |  out|    1|   ap_memory|                             arr_I_41|         array|
|arr_I_41_q0          |   in|   18|   ap_memory|                             arr_I_41|         array|
|arr_1_I_20_address0  |  out|    6|   ap_memory|                           arr_1_I_20|         array|
|arr_1_I_20_ce0       |  out|    1|   ap_memory|                           arr_1_I_20|         array|
|arr_1_I_20_we0       |  out|    1|   ap_memory|                           arr_1_I_20|         array|
|arr_1_I_20_d0        |  out|   18|   ap_memory|                           arr_1_I_20|         array|
|arr_Q_40_address0    |  out|    6|   ap_memory|                             arr_Q_40|         array|
|arr_Q_40_ce0         |  out|    1|   ap_memory|                             arr_Q_40|         array|
|arr_Q_40_q0          |   in|   18|   ap_memory|                             arr_Q_40|         array|
|arr_Q_41_address0    |  out|    6|   ap_memory|                             arr_Q_41|         array|
|arr_Q_41_ce0         |  out|    1|   ap_memory|                             arr_Q_41|         array|
|arr_Q_41_q0          |   in|   18|   ap_memory|                             arr_Q_41|         array|
|arr_1_Q_20_address0  |  out|    6|   ap_memory|                           arr_1_Q_20|         array|
|arr_1_Q_20_ce0       |  out|    1|   ap_memory|                           arr_1_Q_20|         array|
|arr_1_Q_20_we0       |  out|    1|   ap_memory|                           arr_1_Q_20|         array|
|arr_1_Q_20_d0        |  out|   18|   ap_memory|                           arr_1_Q_20|         array|
|arr_I_42_address0    |  out|    6|   ap_memory|                             arr_I_42|         array|
|arr_I_42_ce0         |  out|    1|   ap_memory|                             arr_I_42|         array|
|arr_I_42_q0          |   in|   18|   ap_memory|                             arr_I_42|         array|
|arr_I_43_address0    |  out|    6|   ap_memory|                             arr_I_43|         array|
|arr_I_43_ce0         |  out|    1|   ap_memory|                             arr_I_43|         array|
|arr_I_43_q0          |   in|   18|   ap_memory|                             arr_I_43|         array|
|arr_1_I_21_address0  |  out|    6|   ap_memory|                           arr_1_I_21|         array|
|arr_1_I_21_ce0       |  out|    1|   ap_memory|                           arr_1_I_21|         array|
|arr_1_I_21_we0       |  out|    1|   ap_memory|                           arr_1_I_21|         array|
|arr_1_I_21_d0        |  out|   18|   ap_memory|                           arr_1_I_21|         array|
|arr_Q_42_address0    |  out|    6|   ap_memory|                             arr_Q_42|         array|
|arr_Q_42_ce0         |  out|    1|   ap_memory|                             arr_Q_42|         array|
|arr_Q_42_q0          |   in|   18|   ap_memory|                             arr_Q_42|         array|
|arr_Q_43_address0    |  out|    6|   ap_memory|                             arr_Q_43|         array|
|arr_Q_43_ce0         |  out|    1|   ap_memory|                             arr_Q_43|         array|
|arr_Q_43_q0          |   in|   18|   ap_memory|                             arr_Q_43|         array|
|arr_1_Q_21_address0  |  out|    6|   ap_memory|                           arr_1_Q_21|         array|
|arr_1_Q_21_ce0       |  out|    1|   ap_memory|                           arr_1_Q_21|         array|
|arr_1_Q_21_we0       |  out|    1|   ap_memory|                           arr_1_Q_21|         array|
|arr_1_Q_21_d0        |  out|   18|   ap_memory|                           arr_1_Q_21|         array|
|arr_I_44_address0    |  out|    6|   ap_memory|                             arr_I_44|         array|
|arr_I_44_ce0         |  out|    1|   ap_memory|                             arr_I_44|         array|
|arr_I_44_q0          |   in|   18|   ap_memory|                             arr_I_44|         array|
|arr_I_45_address0    |  out|    6|   ap_memory|                             arr_I_45|         array|
|arr_I_45_ce0         |  out|    1|   ap_memory|                             arr_I_45|         array|
|arr_I_45_q0          |   in|   18|   ap_memory|                             arr_I_45|         array|
|arr_1_I_22_address0  |  out|    6|   ap_memory|                           arr_1_I_22|         array|
|arr_1_I_22_ce0       |  out|    1|   ap_memory|                           arr_1_I_22|         array|
|arr_1_I_22_we0       |  out|    1|   ap_memory|                           arr_1_I_22|         array|
|arr_1_I_22_d0        |  out|   18|   ap_memory|                           arr_1_I_22|         array|
|arr_Q_44_address0    |  out|    6|   ap_memory|                             arr_Q_44|         array|
|arr_Q_44_ce0         |  out|    1|   ap_memory|                             arr_Q_44|         array|
|arr_Q_44_q0          |   in|   18|   ap_memory|                             arr_Q_44|         array|
|arr_Q_45_address0    |  out|    6|   ap_memory|                             arr_Q_45|         array|
|arr_Q_45_ce0         |  out|    1|   ap_memory|                             arr_Q_45|         array|
|arr_Q_45_q0          |   in|   18|   ap_memory|                             arr_Q_45|         array|
|arr_1_Q_22_address0  |  out|    6|   ap_memory|                           arr_1_Q_22|         array|
|arr_1_Q_22_ce0       |  out|    1|   ap_memory|                           arr_1_Q_22|         array|
|arr_1_Q_22_we0       |  out|    1|   ap_memory|                           arr_1_Q_22|         array|
|arr_1_Q_22_d0        |  out|   18|   ap_memory|                           arr_1_Q_22|         array|
|arr_I_46_address0    |  out|    6|   ap_memory|                             arr_I_46|         array|
|arr_I_46_ce0         |  out|    1|   ap_memory|                             arr_I_46|         array|
|arr_I_46_q0          |   in|   18|   ap_memory|                             arr_I_46|         array|
|arr_I_47_address0    |  out|    6|   ap_memory|                             arr_I_47|         array|
|arr_I_47_ce0         |  out|    1|   ap_memory|                             arr_I_47|         array|
|arr_I_47_q0          |   in|   18|   ap_memory|                             arr_I_47|         array|
|arr_1_I_23_address0  |  out|    6|   ap_memory|                           arr_1_I_23|         array|
|arr_1_I_23_ce0       |  out|    1|   ap_memory|                           arr_1_I_23|         array|
|arr_1_I_23_we0       |  out|    1|   ap_memory|                           arr_1_I_23|         array|
|arr_1_I_23_d0        |  out|   18|   ap_memory|                           arr_1_I_23|         array|
|arr_Q_46_address0    |  out|    6|   ap_memory|                             arr_Q_46|         array|
|arr_Q_46_ce0         |  out|    1|   ap_memory|                             arr_Q_46|         array|
|arr_Q_46_q0          |   in|   18|   ap_memory|                             arr_Q_46|         array|
|arr_Q_47_address0    |  out|    6|   ap_memory|                             arr_Q_47|         array|
|arr_Q_47_ce0         |  out|    1|   ap_memory|                             arr_Q_47|         array|
|arr_Q_47_q0          |   in|   18|   ap_memory|                             arr_Q_47|         array|
|arr_1_Q_23_address0  |  out|    6|   ap_memory|                           arr_1_Q_23|         array|
|arr_1_Q_23_ce0       |  out|    1|   ap_memory|                           arr_1_Q_23|         array|
|arr_1_Q_23_we0       |  out|    1|   ap_memory|                           arr_1_Q_23|         array|
|arr_1_Q_23_d0        |  out|   18|   ap_memory|                           arr_1_Q_23|         array|
|arr_I_48_address0    |  out|    6|   ap_memory|                             arr_I_48|         array|
|arr_I_48_ce0         |  out|    1|   ap_memory|                             arr_I_48|         array|
|arr_I_48_q0          |   in|   18|   ap_memory|                             arr_I_48|         array|
|arr_I_49_address0    |  out|    6|   ap_memory|                             arr_I_49|         array|
|arr_I_49_ce0         |  out|    1|   ap_memory|                             arr_I_49|         array|
|arr_I_49_q0          |   in|   18|   ap_memory|                             arr_I_49|         array|
|arr_1_I_24_address0  |  out|    6|   ap_memory|                           arr_1_I_24|         array|
|arr_1_I_24_ce0       |  out|    1|   ap_memory|                           arr_1_I_24|         array|
|arr_1_I_24_we0       |  out|    1|   ap_memory|                           arr_1_I_24|         array|
|arr_1_I_24_d0        |  out|   18|   ap_memory|                           arr_1_I_24|         array|
|arr_Q_48_address0    |  out|    6|   ap_memory|                             arr_Q_48|         array|
|arr_Q_48_ce0         |  out|    1|   ap_memory|                             arr_Q_48|         array|
|arr_Q_48_q0          |   in|   18|   ap_memory|                             arr_Q_48|         array|
|arr_Q_49_address0    |  out|    6|   ap_memory|                             arr_Q_49|         array|
|arr_Q_49_ce0         |  out|    1|   ap_memory|                             arr_Q_49|         array|
|arr_Q_49_q0          |   in|   18|   ap_memory|                             arr_Q_49|         array|
|arr_1_Q_24_address0  |  out|    6|   ap_memory|                           arr_1_Q_24|         array|
|arr_1_Q_24_ce0       |  out|    1|   ap_memory|                           arr_1_Q_24|         array|
|arr_1_Q_24_we0       |  out|    1|   ap_memory|                           arr_1_Q_24|         array|
|arr_1_Q_24_d0        |  out|   18|   ap_memory|                           arr_1_Q_24|         array|
|arr_I_50_address0    |  out|    6|   ap_memory|                             arr_I_50|         array|
|arr_I_50_ce0         |  out|    1|   ap_memory|                             arr_I_50|         array|
|arr_I_50_q0          |   in|   18|   ap_memory|                             arr_I_50|         array|
|arr_I_51_address0    |  out|    6|   ap_memory|                             arr_I_51|         array|
|arr_I_51_ce0         |  out|    1|   ap_memory|                             arr_I_51|         array|
|arr_I_51_q0          |   in|   18|   ap_memory|                             arr_I_51|         array|
|arr_1_I_25_address0  |  out|    6|   ap_memory|                           arr_1_I_25|         array|
|arr_1_I_25_ce0       |  out|    1|   ap_memory|                           arr_1_I_25|         array|
|arr_1_I_25_we0       |  out|    1|   ap_memory|                           arr_1_I_25|         array|
|arr_1_I_25_d0        |  out|   18|   ap_memory|                           arr_1_I_25|         array|
|arr_Q_50_address0    |  out|    6|   ap_memory|                             arr_Q_50|         array|
|arr_Q_50_ce0         |  out|    1|   ap_memory|                             arr_Q_50|         array|
|arr_Q_50_q0          |   in|   18|   ap_memory|                             arr_Q_50|         array|
|arr_Q_51_address0    |  out|    6|   ap_memory|                             arr_Q_51|         array|
|arr_Q_51_ce0         |  out|    1|   ap_memory|                             arr_Q_51|         array|
|arr_Q_51_q0          |   in|   18|   ap_memory|                             arr_Q_51|         array|
|arr_1_Q_25_address0  |  out|    6|   ap_memory|                           arr_1_Q_25|         array|
|arr_1_Q_25_ce0       |  out|    1|   ap_memory|                           arr_1_Q_25|         array|
|arr_1_Q_25_we0       |  out|    1|   ap_memory|                           arr_1_Q_25|         array|
|arr_1_Q_25_d0        |  out|   18|   ap_memory|                           arr_1_Q_25|         array|
|arr_I_52_address0    |  out|    6|   ap_memory|                             arr_I_52|         array|
|arr_I_52_ce0         |  out|    1|   ap_memory|                             arr_I_52|         array|
|arr_I_52_q0          |   in|   18|   ap_memory|                             arr_I_52|         array|
|arr_I_53_address0    |  out|    6|   ap_memory|                             arr_I_53|         array|
|arr_I_53_ce0         |  out|    1|   ap_memory|                             arr_I_53|         array|
|arr_I_53_q0          |   in|   18|   ap_memory|                             arr_I_53|         array|
|arr_1_I_26_address0  |  out|    6|   ap_memory|                           arr_1_I_26|         array|
|arr_1_I_26_ce0       |  out|    1|   ap_memory|                           arr_1_I_26|         array|
|arr_1_I_26_we0       |  out|    1|   ap_memory|                           arr_1_I_26|         array|
|arr_1_I_26_d0        |  out|   18|   ap_memory|                           arr_1_I_26|         array|
|arr_Q_52_address0    |  out|    6|   ap_memory|                             arr_Q_52|         array|
|arr_Q_52_ce0         |  out|    1|   ap_memory|                             arr_Q_52|         array|
|arr_Q_52_q0          |   in|   18|   ap_memory|                             arr_Q_52|         array|
|arr_Q_53_address0    |  out|    6|   ap_memory|                             arr_Q_53|         array|
|arr_Q_53_ce0         |  out|    1|   ap_memory|                             arr_Q_53|         array|
|arr_Q_53_q0          |   in|   18|   ap_memory|                             arr_Q_53|         array|
|arr_1_Q_26_address0  |  out|    6|   ap_memory|                           arr_1_Q_26|         array|
|arr_1_Q_26_ce0       |  out|    1|   ap_memory|                           arr_1_Q_26|         array|
|arr_1_Q_26_we0       |  out|    1|   ap_memory|                           arr_1_Q_26|         array|
|arr_1_Q_26_d0        |  out|   18|   ap_memory|                           arr_1_Q_26|         array|
|arr_I_54_address0    |  out|    6|   ap_memory|                             arr_I_54|         array|
|arr_I_54_ce0         |  out|    1|   ap_memory|                             arr_I_54|         array|
|arr_I_54_q0          |   in|   18|   ap_memory|                             arr_I_54|         array|
|arr_I_55_address0    |  out|    6|   ap_memory|                             arr_I_55|         array|
|arr_I_55_ce0         |  out|    1|   ap_memory|                             arr_I_55|         array|
|arr_I_55_q0          |   in|   18|   ap_memory|                             arr_I_55|         array|
|arr_1_I_27_address0  |  out|    6|   ap_memory|                           arr_1_I_27|         array|
|arr_1_I_27_ce0       |  out|    1|   ap_memory|                           arr_1_I_27|         array|
|arr_1_I_27_we0       |  out|    1|   ap_memory|                           arr_1_I_27|         array|
|arr_1_I_27_d0        |  out|   18|   ap_memory|                           arr_1_I_27|         array|
|arr_Q_54_address0    |  out|    6|   ap_memory|                             arr_Q_54|         array|
|arr_Q_54_ce0         |  out|    1|   ap_memory|                             arr_Q_54|         array|
|arr_Q_54_q0          |   in|   18|   ap_memory|                             arr_Q_54|         array|
|arr_Q_55_address0    |  out|    6|   ap_memory|                             arr_Q_55|         array|
|arr_Q_55_ce0         |  out|    1|   ap_memory|                             arr_Q_55|         array|
|arr_Q_55_q0          |   in|   18|   ap_memory|                             arr_Q_55|         array|
|arr_1_Q_27_address0  |  out|    6|   ap_memory|                           arr_1_Q_27|         array|
|arr_1_Q_27_ce0       |  out|    1|   ap_memory|                           arr_1_Q_27|         array|
|arr_1_Q_27_we0       |  out|    1|   ap_memory|                           arr_1_Q_27|         array|
|arr_1_Q_27_d0        |  out|   18|   ap_memory|                           arr_1_Q_27|         array|
|arr_I_56_address0    |  out|    6|   ap_memory|                             arr_I_56|         array|
|arr_I_56_ce0         |  out|    1|   ap_memory|                             arr_I_56|         array|
|arr_I_56_q0          |   in|   18|   ap_memory|                             arr_I_56|         array|
|arr_I_57_address0    |  out|    6|   ap_memory|                             arr_I_57|         array|
|arr_I_57_ce0         |  out|    1|   ap_memory|                             arr_I_57|         array|
|arr_I_57_q0          |   in|   18|   ap_memory|                             arr_I_57|         array|
|arr_1_I_28_address0  |  out|    6|   ap_memory|                           arr_1_I_28|         array|
|arr_1_I_28_ce0       |  out|    1|   ap_memory|                           arr_1_I_28|         array|
|arr_1_I_28_we0       |  out|    1|   ap_memory|                           arr_1_I_28|         array|
|arr_1_I_28_d0        |  out|   18|   ap_memory|                           arr_1_I_28|         array|
|arr_Q_56_address0    |  out|    6|   ap_memory|                             arr_Q_56|         array|
|arr_Q_56_ce0         |  out|    1|   ap_memory|                             arr_Q_56|         array|
|arr_Q_56_q0          |   in|   18|   ap_memory|                             arr_Q_56|         array|
|arr_Q_57_address0    |  out|    6|   ap_memory|                             arr_Q_57|         array|
|arr_Q_57_ce0         |  out|    1|   ap_memory|                             arr_Q_57|         array|
|arr_Q_57_q0          |   in|   18|   ap_memory|                             arr_Q_57|         array|
|arr_1_Q_28_address0  |  out|    6|   ap_memory|                           arr_1_Q_28|         array|
|arr_1_Q_28_ce0       |  out|    1|   ap_memory|                           arr_1_Q_28|         array|
|arr_1_Q_28_we0       |  out|    1|   ap_memory|                           arr_1_Q_28|         array|
|arr_1_Q_28_d0        |  out|   18|   ap_memory|                           arr_1_Q_28|         array|
|arr_I_58_address0    |  out|    6|   ap_memory|                             arr_I_58|         array|
|arr_I_58_ce0         |  out|    1|   ap_memory|                             arr_I_58|         array|
|arr_I_58_q0          |   in|   18|   ap_memory|                             arr_I_58|         array|
|arr_I_59_address0    |  out|    6|   ap_memory|                             arr_I_59|         array|
|arr_I_59_ce0         |  out|    1|   ap_memory|                             arr_I_59|         array|
|arr_I_59_q0          |   in|   18|   ap_memory|                             arr_I_59|         array|
|arr_1_I_29_address0  |  out|    6|   ap_memory|                           arr_1_I_29|         array|
|arr_1_I_29_ce0       |  out|    1|   ap_memory|                           arr_1_I_29|         array|
|arr_1_I_29_we0       |  out|    1|   ap_memory|                           arr_1_I_29|         array|
|arr_1_I_29_d0        |  out|   18|   ap_memory|                           arr_1_I_29|         array|
|arr_Q_58_address0    |  out|    6|   ap_memory|                             arr_Q_58|         array|
|arr_Q_58_ce0         |  out|    1|   ap_memory|                             arr_Q_58|         array|
|arr_Q_58_q0          |   in|   18|   ap_memory|                             arr_Q_58|         array|
|arr_Q_59_address0    |  out|    6|   ap_memory|                             arr_Q_59|         array|
|arr_Q_59_ce0         |  out|    1|   ap_memory|                             arr_Q_59|         array|
|arr_Q_59_q0          |   in|   18|   ap_memory|                             arr_Q_59|         array|
|arr_1_Q_29_address0  |  out|    6|   ap_memory|                           arr_1_Q_29|         array|
|arr_1_Q_29_ce0       |  out|    1|   ap_memory|                           arr_1_Q_29|         array|
|arr_1_Q_29_we0       |  out|    1|   ap_memory|                           arr_1_Q_29|         array|
|arr_1_Q_29_d0        |  out|   18|   ap_memory|                           arr_1_Q_29|         array|
|arr_I_60_address0    |  out|    6|   ap_memory|                             arr_I_60|         array|
|arr_I_60_ce0         |  out|    1|   ap_memory|                             arr_I_60|         array|
|arr_I_60_q0          |   in|   18|   ap_memory|                             arr_I_60|         array|
|arr_I_61_address0    |  out|    6|   ap_memory|                             arr_I_61|         array|
|arr_I_61_ce0         |  out|    1|   ap_memory|                             arr_I_61|         array|
|arr_I_61_q0          |   in|   18|   ap_memory|                             arr_I_61|         array|
|arr_1_I_30_address0  |  out|    6|   ap_memory|                           arr_1_I_30|         array|
|arr_1_I_30_ce0       |  out|    1|   ap_memory|                           arr_1_I_30|         array|
|arr_1_I_30_we0       |  out|    1|   ap_memory|                           arr_1_I_30|         array|
|arr_1_I_30_d0        |  out|   18|   ap_memory|                           arr_1_I_30|         array|
|arr_Q_60_address0    |  out|    6|   ap_memory|                             arr_Q_60|         array|
|arr_Q_60_ce0         |  out|    1|   ap_memory|                             arr_Q_60|         array|
|arr_Q_60_q0          |   in|   18|   ap_memory|                             arr_Q_60|         array|
|arr_Q_61_address0    |  out|    6|   ap_memory|                             arr_Q_61|         array|
|arr_Q_61_ce0         |  out|    1|   ap_memory|                             arr_Q_61|         array|
|arr_Q_61_q0          |   in|   18|   ap_memory|                             arr_Q_61|         array|
|arr_1_Q_30_address0  |  out|    6|   ap_memory|                           arr_1_Q_30|         array|
|arr_1_Q_30_ce0       |  out|    1|   ap_memory|                           arr_1_Q_30|         array|
|arr_1_Q_30_we0       |  out|    1|   ap_memory|                           arr_1_Q_30|         array|
|arr_1_Q_30_d0        |  out|   18|   ap_memory|                           arr_1_Q_30|         array|
|arr_I_62_address0    |  out|    6|   ap_memory|                             arr_I_62|         array|
|arr_I_62_ce0         |  out|    1|   ap_memory|                             arr_I_62|         array|
|arr_I_62_q0          |   in|   18|   ap_memory|                             arr_I_62|         array|
|arr_I_63_address0    |  out|    6|   ap_memory|                             arr_I_63|         array|
|arr_I_63_ce0         |  out|    1|   ap_memory|                             arr_I_63|         array|
|arr_I_63_q0          |   in|   18|   ap_memory|                             arr_I_63|         array|
|arr_1_I_31_address0  |  out|    6|   ap_memory|                           arr_1_I_31|         array|
|arr_1_I_31_ce0       |  out|    1|   ap_memory|                           arr_1_I_31|         array|
|arr_1_I_31_we0       |  out|    1|   ap_memory|                           arr_1_I_31|         array|
|arr_1_I_31_d0        |  out|   18|   ap_memory|                           arr_1_I_31|         array|
|arr_Q_62_address0    |  out|    6|   ap_memory|                             arr_Q_62|         array|
|arr_Q_62_ce0         |  out|    1|   ap_memory|                             arr_Q_62|         array|
|arr_Q_62_q0          |   in|   18|   ap_memory|                             arr_Q_62|         array|
|arr_Q_63_address0    |  out|    6|   ap_memory|                             arr_Q_63|         array|
|arr_Q_63_ce0         |  out|    1|   ap_memory|                             arr_Q_63|         array|
|arr_Q_63_q0          |   in|   18|   ap_memory|                             arr_Q_63|         array|
|arr_1_Q_31_address0  |  out|    6|   ap_memory|                           arr_1_Q_31|         array|
|arr_1_Q_31_ce0       |  out|    1|   ap_memory|                           arr_1_Q_31|         array|
|arr_1_Q_31_we0       |  out|    1|   ap_memory|                           arr_1_Q_31|         array|
|arr_1_Q_31_d0        |  out|   18|   ap_memory|                           arr_1_Q_31|         array|
+---------------------+-----+-----+------------+-------------------------------------+--------------+

