

================================================================
== Vitis HLS Report for 'receiver_Pipeline_VITIS_LOOP_177_12'
================================================================
* Date:           Sat May 11 11:31:37 2024

* Version:        2022.2 (Build 3670227 on Oct 13 2022)
* Project:        receiver
* Solution:       solution1 (Vivado IP Flow Target)
* Product family: zynq
* Target device:  xc7z020-clg400-1


================================================================
== Performance Estimates
================================================================
+ Timing: 
    * Summary: 
    +--------+---------+----------+------------+
    |  Clock |  Target | Estimated| Uncertainty|
    +--------+---------+----------+------------+
    |ap_clk  |  8.00 ns|  4.458 ns|     2.16 ns|
    +--------+---------+----------+------------+

+ Latency: 
    * Summary: 
    +---------+---------+----------+----------+-----+-----+---------+
    |  Latency (cycles) |  Latency (absolute) |  Interval | Pipeline|
    |   min   |   max   |    min   |    max   | min | max |   Type  |
    +---------+---------+----------+----------+-----+-----+---------+
    |       38|       38|  0.304 us|  0.304 us|   38|   38|       no|
    +---------+---------+----------+----------+-----+-----+---------+

    + Detail: 
        * Instance: 
        N/A

        * Loop: 
        +---------------------+---------+---------+----------+-----------+-----------+------+----------+
        |                     |  Latency (cycles) | Iteration|  Initiation Interval  | Trip |          |
        |      Loop Name      |   min   |   max   |  Latency |  achieved |   target  | Count| Pipelined|
        +---------------------+---------+---------+----------+-----------+-----------+------+----------+
        |- VITIS_LOOP_177_12  |       36|       36|         3|          1|          1|    35|       yes|
        +---------------------+---------+---------+----------+-----------+-----------+------+----------+



================================================================
== Utilization Estimates
================================================================
* Summary: 
+-----------------+---------+-----+--------+-------+-----+
|       Name      | BRAM_18K| DSP |   FF   |  LUT  | URAM|
+-----------------+---------+-----+--------+-------+-----+
|DSP              |        -|    -|       -|      -|    -|
|Expression       |        -|    -|       0|   1626|    -|
|FIFO             |        -|    -|       -|      -|    -|
|Instance         |        -|    -|       -|      -|    -|
|Memory           |        -|    -|       -|      -|    -|
|Multiplexer      |        -|    -|       -|     36|    -|
|Register         |        -|    -|    1181|      -|    -|
+-----------------+---------+-----+--------+-------+-----+
|Total            |        0|    0|    1181|   1662|    0|
+-----------------+---------+-----+--------+-------+-----+
|Available        |      280|  220|  106400|  53200|    0|
+-----------------+---------+-----+--------+-------+-----+
|Utilization (%)  |        0|    0|       1|      3|    0|
+-----------------+---------+-----+--------+-------+-----+

+ Detail: 
    * Instance: 
    N/A

    * DSP: 
    N/A

    * Memory: 
    N/A

    * FIFO: 
    N/A

    * Expression: 
    +-------------------------+----------+----+---+----+------------+------------+
    |      Variable Name      | Operation| DSP| FF| LUT| Bitwidth P0| Bitwidth P1|
    +-------------------------+----------+----+---+----+------------+------------+
    |add_ln177_fu_3072_p2     |         +|   0|  0|  12|          12|           7|
    |add_ln813_10_fu_3143_p2  |         +|   0|  0|  25|          18|          18|
    |add_ln813_11_fu_3149_p2  |         +|   0|  0|  25|          18|          18|
    |add_ln813_12_fu_3155_p2  |         +|   0|  0|  25|          18|          18|
    |add_ln813_13_fu_3161_p2  |         +|   0|  0|  25|          18|          18|
    |add_ln813_14_fu_3167_p2  |         +|   0|  0|  25|          18|          18|
    |add_ln813_15_fu_3173_p2  |         +|   0|  0|  25|          18|          18|
    |add_ln813_16_fu_3179_p2  |         +|   0|  0|  25|          18|          18|
    |add_ln813_17_fu_3185_p2  |         +|   0|  0|  25|          18|          18|
    |add_ln813_18_fu_3191_p2  |         +|   0|  0|  25|          18|          18|
    |add_ln813_19_fu_3197_p2  |         +|   0|  0|  25|          18|          18|
    |add_ln813_1_fu_3089_p2   |         +|   0|  0|  25|          18|          18|
    |add_ln813_20_fu_3203_p2  |         +|   0|  0|  25|          18|          18|
    |add_ln813_21_fu_3209_p2  |         +|   0|  0|  25|          18|          18|
    |add_ln813_22_fu_3215_p2  |         +|   0|  0|  25|          18|          18|
    |add_ln813_23_fu_3221_p2  |         +|   0|  0|  25|          18|          18|
    |add_ln813_24_fu_3227_p2  |         +|   0|  0|  25|          18|          18|
    |add_ln813_25_fu_3233_p2  |         +|   0|  0|  25|          18|          18|
    |add_ln813_26_fu_3239_p2  |         +|   0|  0|  25|          18|          18|
    |add_ln813_27_fu_3245_p2  |         +|   0|  0|  25|          18|          18|
    |add_ln813_28_fu_3251_p2  |         +|   0|  0|  25|          18|          18|
    |add_ln813_29_fu_3257_p2  |         +|   0|  0|  25|          18|          18|
    |add_ln813_2_fu_3095_p2   |         +|   0|  0|  25|          18|          18|
    |add_ln813_30_fu_3263_p2  |         +|   0|  0|  25|          18|          18|
    |add_ln813_31_fu_3269_p2  |         +|   0|  0|  25|          18|          18|
    |add_ln813_32_fu_3275_p2  |         +|   0|  0|  25|          18|          18|
    |add_ln813_33_fu_3281_p2  |         +|   0|  0|  25|          18|          18|
    |add_ln813_34_fu_3287_p2  |         +|   0|  0|  25|          18|          18|
    |add_ln813_35_fu_3293_p2  |         +|   0|  0|  25|          18|          18|
    |add_ln813_36_fu_3299_p2  |         +|   0|  0|  25|          18|          18|
    |add_ln813_37_fu_3305_p2  |         +|   0|  0|  25|          18|          18|
    |add_ln813_38_fu_3311_p2  |         +|   0|  0|  25|          18|          18|
    |add_ln813_39_fu_3317_p2  |         +|   0|  0|  25|          18|          18|
    |add_ln813_3_fu_3101_p2   |         +|   0|  0|  25|          18|          18|
    |add_ln813_40_fu_3323_p2  |         +|   0|  0|  25|          18|          18|
    |add_ln813_41_fu_3329_p2  |         +|   0|  0|  25|          18|          18|
    |add_ln813_42_fu_3335_p2  |         +|   0|  0|  25|          18|          18|
    |add_ln813_43_fu_3341_p2  |         +|   0|  0|  25|          18|          18|
    |add_ln813_44_fu_3347_p2  |         +|   0|  0|  25|          18|          18|
    |add_ln813_45_fu_3353_p2  |         +|   0|  0|  25|          18|          18|
    |add_ln813_46_fu_3359_p2  |         +|   0|  0|  25|          18|          18|
    |add_ln813_47_fu_3365_p2  |         +|   0|  0|  25|          18|          18|
    |add_ln813_48_fu_3371_p2  |         +|   0|  0|  25|          18|          18|
    |add_ln813_49_fu_3377_p2  |         +|   0|  0|  25|          18|          18|
    |add_ln813_4_fu_3107_p2   |         +|   0|  0|  25|          18|          18|
    |add_ln813_50_fu_3383_p2  |         +|   0|  0|  25|          18|          18|
    |add_ln813_51_fu_3389_p2  |         +|   0|  0|  25|          18|          18|
    |add_ln813_52_fu_3395_p2  |         +|   0|  0|  25|          18|          18|
    |add_ln813_53_fu_3401_p2  |         +|   0|  0|  25|          18|          18|
    |add_ln813_54_fu_3407_p2  |         +|   0|  0|  25|          18|          18|
    |add_ln813_55_fu_3413_p2  |         +|   0|  0|  25|          18|          18|
    |add_ln813_56_fu_3419_p2  |         +|   0|  0|  25|          18|          18|
    |add_ln813_57_fu_3425_p2  |         +|   0|  0|  25|          18|          18|
    |add_ln813_58_fu_3431_p2  |         +|   0|  0|  25|          18|          18|
    |add_ln813_59_fu_3437_p2  |         +|   0|  0|  25|          18|          18|
    |add_ln813_5_fu_3113_p2   |         +|   0|  0|  25|          18|          18|
    |add_ln813_60_fu_3443_p2  |         +|   0|  0|  25|          18|          18|
    |add_ln813_61_fu_3449_p2  |         +|   0|  0|  25|          18|          18|
    |add_ln813_62_fu_3455_p2  |         +|   0|  0|  25|          18|          18|
    |add_ln813_63_fu_3461_p2  |         +|   0|  0|  25|          18|          18|
    |add_ln813_6_fu_3119_p2   |         +|   0|  0|  25|          18|          18|
    |add_ln813_7_fu_3125_p2   |         +|   0|  0|  25|          18|          18|
    |add_ln813_8_fu_3131_p2   |         +|   0|  0|  25|          18|          18|
    |add_ln813_9_fu_3137_p2   |         +|   0|  0|  25|          18|          18|
    |add_ln813_fu_3083_p2     |         +|   0|  0|  25|          18|          18|
    |icmp_ln177_fu_2924_p2    |      icmp|   0|  0|  12|          12|          12|
    |ap_enable_pp0            |       xor|   0|  0|   2|           1|           2|
    +-------------------------+----------+----+---+----+------------+------------+
    |Total                    |          |   0|  0|1626|        1177|        1173|
    +-------------------------+----------+----+---+----+------------+------------+

    * Multiplexer: 
    +-------------------------+----+-----------+-----+-----------+
    |           Name          | LUT| Input Size| Bits| Total Bits|
    +-------------------------+----+-----------+-----+-----------+
    |ap_done_int              |   9|          2|    1|          2|
    |ap_enable_reg_pp0_iter1  |   9|          2|    1|          2|
    |ap_sig_allocacmp_i       |   9|          2|   12|         24|
    |i_11_fu_416              |   9|          2|   12|         24|
    +-------------------------+----+-----------+-----+-----------+
    |Total                    |  36|          8|   26|         52|
    +-------------------------+----+-----------+-----+-----------+

    * Register: 
    +-----------------------------------+----+----+-----+-----------+
    |                Name               | FF | LUT| Bits| Const Bits|
    +-----------------------------------+----+----+-----+-----------+
    |add_ln813_10_reg_4236              |  18|   0|   18|          0|
    |add_ln813_11_reg_4241              |  18|   0|   18|          0|
    |add_ln813_12_reg_4246              |  18|   0|   18|          0|
    |add_ln813_13_reg_4251              |  18|   0|   18|          0|
    |add_ln813_14_reg_4256              |  18|   0|   18|          0|
    |add_ln813_15_reg_4261              |  18|   0|   18|          0|
    |add_ln813_16_reg_4266              |  18|   0|   18|          0|
    |add_ln813_17_reg_4271              |  18|   0|   18|          0|
    |add_ln813_18_reg_4276              |  18|   0|   18|          0|
    |add_ln813_19_reg_4281              |  18|   0|   18|          0|
    |add_ln813_1_reg_4191               |  18|   0|   18|          0|
    |add_ln813_20_reg_4286              |  18|   0|   18|          0|
    |add_ln813_21_reg_4291              |  18|   0|   18|          0|
    |add_ln813_22_reg_4296              |  18|   0|   18|          0|
    |add_ln813_23_reg_4301              |  18|   0|   18|          0|
    |add_ln813_24_reg_4306              |  18|   0|   18|          0|
    |add_ln813_25_reg_4311              |  18|   0|   18|          0|
    |add_ln813_26_reg_4316              |  18|   0|   18|          0|
    |add_ln813_27_reg_4321              |  18|   0|   18|          0|
    |add_ln813_28_reg_4326              |  18|   0|   18|          0|
    |add_ln813_29_reg_4331              |  18|   0|   18|          0|
    |add_ln813_2_reg_4196               |  18|   0|   18|          0|
    |add_ln813_30_reg_4336              |  18|   0|   18|          0|
    |add_ln813_31_reg_4341              |  18|   0|   18|          0|
    |add_ln813_32_reg_4346              |  18|   0|   18|          0|
    |add_ln813_33_reg_4351              |  18|   0|   18|          0|
    |add_ln813_34_reg_4356              |  18|   0|   18|          0|
    |add_ln813_35_reg_4361              |  18|   0|   18|          0|
    |add_ln813_36_reg_4366              |  18|   0|   18|          0|
    |add_ln813_37_reg_4371              |  18|   0|   18|          0|
    |add_ln813_38_reg_4376              |  18|   0|   18|          0|
    |add_ln813_39_reg_4381              |  18|   0|   18|          0|
    |add_ln813_3_reg_4201               |  18|   0|   18|          0|
    |add_ln813_40_reg_4386              |  18|   0|   18|          0|
    |add_ln813_41_reg_4391              |  18|   0|   18|          0|
    |add_ln813_42_reg_4396              |  18|   0|   18|          0|
    |add_ln813_43_reg_4401              |  18|   0|   18|          0|
    |add_ln813_44_reg_4406              |  18|   0|   18|          0|
    |add_ln813_45_reg_4411              |  18|   0|   18|          0|
    |add_ln813_46_reg_4416              |  18|   0|   18|          0|
    |add_ln813_47_reg_4421              |  18|   0|   18|          0|
    |add_ln813_48_reg_4426              |  18|   0|   18|          0|
    |add_ln813_49_reg_4431              |  18|   0|   18|          0|
    |add_ln813_4_reg_4206               |  18|   0|   18|          0|
    |add_ln813_50_reg_4436              |  18|   0|   18|          0|
    |add_ln813_51_reg_4441              |  18|   0|   18|          0|
    |add_ln813_52_reg_4446              |  18|   0|   18|          0|
    |add_ln813_53_reg_4451              |  18|   0|   18|          0|
    |add_ln813_54_reg_4456              |  18|   0|   18|          0|
    |add_ln813_55_reg_4461              |  18|   0|   18|          0|
    |add_ln813_56_reg_4466              |  18|   0|   18|          0|
    |add_ln813_57_reg_4471              |  18|   0|   18|          0|
    |add_ln813_58_reg_4476              |  18|   0|   18|          0|
    |add_ln813_59_reg_4481              |  18|   0|   18|          0|
    |add_ln813_5_reg_4211               |  18|   0|   18|          0|
    |add_ln813_60_reg_4486              |  18|   0|   18|          0|
    |add_ln813_61_reg_4491              |  18|   0|   18|          0|
    |add_ln813_62_reg_4496              |  18|   0|   18|          0|
    |add_ln813_63_reg_4501              |  18|   0|   18|          0|
    |add_ln813_6_reg_4216               |  18|   0|   18|          0|
    |add_ln813_7_reg_4221               |  18|   0|   18|          0|
    |add_ln813_8_reg_4226               |  18|   0|   18|          0|
    |add_ln813_9_reg_4231               |  18|   0|   18|          0|
    |add_ln813_reg_4186                 |  18|   0|   18|          0|
    |ap_CS_fsm                          |   1|   0|    1|          0|
    |ap_done_reg                        |   1|   0|    1|          0|
    |ap_enable_reg_pp0_iter1            |   1|   0|    1|          0|
    |ap_enable_reg_pp0_iter2            |   1|   0|    1|          0|
    |ap_loop_exit_ready_pp0_iter1_reg   |   1|   0|    1|          0|
    |i_11_fu_416                        |  12|   0|   12|          0|
    |zext_ln813_reg_3478                |   6|   0|   64|         58|
    |zext_ln813_reg_3478_pp0_iter1_reg  |   6|   0|   64|         58|
    +-----------------------------------+----+----+-----+-----------+
    |Total                              |1181|   0| 1297|        116|
    +-----------------------------------+----+----+-----+-----------+



================================================================
== Interface
================================================================
* Summary: 
+-----------------------+-----+-----+------------+-------------------------------------+--------------+
|       RTL Ports       | Dir | Bits|  Protocol  |            Source Object            |    C Type    |
+-----------------------+-----+-----+------------+-------------------------------------+--------------+
|ap_clk                 |   in|    1|  ap_ctrl_hs|  receiver_Pipeline_VITIS_LOOP_177_12|  return value|
|ap_rst                 |   in|    1|  ap_ctrl_hs|  receiver_Pipeline_VITIS_LOOP_177_12|  return value|
|ap_start               |   in|    1|  ap_ctrl_hs|  receiver_Pipeline_VITIS_LOOP_177_12|  return value|
|ap_done                |  out|    1|  ap_ctrl_hs|  receiver_Pipeline_VITIS_LOOP_177_12|  return value|
|ap_idle                |  out|    1|  ap_ctrl_hs|  receiver_Pipeline_VITIS_LOOP_177_12|  return value|
|ap_ready               |  out|    1|  ap_ctrl_hs|  receiver_Pipeline_VITIS_LOOP_177_12|  return value|
|arr_I_V_address0       |  out|    6|   ap_memory|                              arr_I_V|         array|
|arr_I_V_ce0            |  out|    1|   ap_memory|                              arr_I_V|         array|
|arr_I_V_q0             |   in|   18|   ap_memory|                              arr_I_V|         array|
|arr_I_V_1_address0     |  out|    6|   ap_memory|                            arr_I_V_1|         array|
|arr_I_V_1_ce0          |  out|    1|   ap_memory|                            arr_I_V_1|         array|
|arr_I_V_1_q0           |   in|   18|   ap_memory|                            arr_I_V_1|         array|
|arr_1_I_V_address0     |  out|    6|   ap_memory|                            arr_1_I_V|         array|
|arr_1_I_V_ce0          |  out|    1|   ap_memory|                            arr_1_I_V|         array|
|arr_1_I_V_we0          |  out|    1|   ap_memory|                            arr_1_I_V|         array|
|arr_1_I_V_d0           |  out|   18|   ap_memory|                            arr_1_I_V|         array|
|arr_Q_V_address0       |  out|    6|   ap_memory|                              arr_Q_V|         array|
|arr_Q_V_ce0            |  out|    1|   ap_memory|                              arr_Q_V|         array|
|arr_Q_V_q0             |   in|   18|   ap_memory|                              arr_Q_V|         array|
|arr_Q_V_1_address0     |  out|    6|   ap_memory|                            arr_Q_V_1|         array|
|arr_Q_V_1_ce0          |  out|    1|   ap_memory|                            arr_Q_V_1|         array|
|arr_Q_V_1_q0           |   in|   18|   ap_memory|                            arr_Q_V_1|         array|
|arr_1_Q_V_address0     |  out|    6|   ap_memory|                            arr_1_Q_V|         array|
|arr_1_Q_V_ce0          |  out|    1|   ap_memory|                            arr_1_Q_V|         array|
|arr_1_Q_V_we0          |  out|    1|   ap_memory|                            arr_1_Q_V|         array|
|arr_1_Q_V_d0           |  out|   18|   ap_memory|                            arr_1_Q_V|         array|
|arr_I_V_2_address0     |  out|    6|   ap_memory|                            arr_I_V_2|         array|
|arr_I_V_2_ce0          |  out|    1|   ap_memory|                            arr_I_V_2|         array|
|arr_I_V_2_q0           |   in|   18|   ap_memory|                            arr_I_V_2|         array|
|arr_I_V_3_address0     |  out|    6|   ap_memory|                            arr_I_V_3|         array|
|arr_I_V_3_ce0          |  out|    1|   ap_memory|                            arr_I_V_3|         array|
|arr_I_V_3_q0           |   in|   18|   ap_memory|                            arr_I_V_3|         array|
|arr_1_I_V_1_address0   |  out|    6|   ap_memory|                          arr_1_I_V_1|         array|
|arr_1_I_V_1_ce0        |  out|    1|   ap_memory|                          arr_1_I_V_1|         array|
|arr_1_I_V_1_we0        |  out|    1|   ap_memory|                          arr_1_I_V_1|         array|
|arr_1_I_V_1_d0         |  out|   18|   ap_memory|                          arr_1_I_V_1|         array|
|arr_Q_V_2_address0     |  out|    6|   ap_memory|                            arr_Q_V_2|         array|
|arr_Q_V_2_ce0          |  out|    1|   ap_memory|                            arr_Q_V_2|         array|
|arr_Q_V_2_q0           |   in|   18|   ap_memory|                            arr_Q_V_2|         array|
|arr_Q_V_3_address0     |  out|    6|   ap_memory|                            arr_Q_V_3|         array|
|arr_Q_V_3_ce0          |  out|    1|   ap_memory|                            arr_Q_V_3|         array|
|arr_Q_V_3_q0           |   in|   18|   ap_memory|                            arr_Q_V_3|         array|
|arr_1_Q_V_1_address0   |  out|    6|   ap_memory|                          arr_1_Q_V_1|         array|
|arr_1_Q_V_1_ce0        |  out|    1|   ap_memory|                          arr_1_Q_V_1|         array|
|arr_1_Q_V_1_we0        |  out|    1|   ap_memory|                          arr_1_Q_V_1|         array|
|arr_1_Q_V_1_d0         |  out|   18|   ap_memory|                          arr_1_Q_V_1|         array|
|arr_I_V_4_address0     |  out|    6|   ap_memory|                            arr_I_V_4|         array|
|arr_I_V_4_ce0          |  out|    1|   ap_memory|                            arr_I_V_4|         array|
|arr_I_V_4_q0           |   in|   18|   ap_memory|                            arr_I_V_4|         array|
|arr_I_V_5_address0     |  out|    6|   ap_memory|                            arr_I_V_5|         array|
|arr_I_V_5_ce0          |  out|    1|   ap_memory|                            arr_I_V_5|         array|
|arr_I_V_5_q0           |   in|   18|   ap_memory|                            arr_I_V_5|         array|
|arr_1_I_V_2_address0   |  out|    6|   ap_memory|                          arr_1_I_V_2|         array|
|arr_1_I_V_2_ce0        |  out|    1|   ap_memory|                          arr_1_I_V_2|         array|
|arr_1_I_V_2_we0        |  out|    1|   ap_memory|                          arr_1_I_V_2|         array|
|arr_1_I_V_2_d0         |  out|   18|   ap_memory|                          arr_1_I_V_2|         array|
|arr_Q_V_4_address0     |  out|    6|   ap_memory|                            arr_Q_V_4|         array|
|arr_Q_V_4_ce0          |  out|    1|   ap_memory|                            arr_Q_V_4|         array|
|arr_Q_V_4_q0           |   in|   18|   ap_memory|                            arr_Q_V_4|         array|
|arr_Q_V_5_address0     |  out|    6|   ap_memory|                            arr_Q_V_5|         array|
|arr_Q_V_5_ce0          |  out|    1|   ap_memory|                            arr_Q_V_5|         array|
|arr_Q_V_5_q0           |   in|   18|   ap_memory|                            arr_Q_V_5|         array|
|arr_1_Q_V_2_address0   |  out|    6|   ap_memory|                          arr_1_Q_V_2|         array|
|arr_1_Q_V_2_ce0        |  out|    1|   ap_memory|                          arr_1_Q_V_2|         array|
|arr_1_Q_V_2_we0        |  out|    1|   ap_memory|                          arr_1_Q_V_2|         array|
|arr_1_Q_V_2_d0         |  out|   18|   ap_memory|                          arr_1_Q_V_2|         array|
|arr_I_V_6_address0     |  out|    6|   ap_memory|                            arr_I_V_6|         array|
|arr_I_V_6_ce0          |  out|    1|   ap_memory|                            arr_I_V_6|         array|
|arr_I_V_6_q0           |   in|   18|   ap_memory|                            arr_I_V_6|         array|
|arr_I_V_7_address0     |  out|    6|   ap_memory|                            arr_I_V_7|         array|
|arr_I_V_7_ce0          |  out|    1|   ap_memory|                            arr_I_V_7|         array|
|arr_I_V_7_q0           |   in|   18|   ap_memory|                            arr_I_V_7|         array|
|arr_1_I_V_3_address0   |  out|    6|   ap_memory|                          arr_1_I_V_3|         array|
|arr_1_I_V_3_ce0        |  out|    1|   ap_memory|                          arr_1_I_V_3|         array|
|arr_1_I_V_3_we0        |  out|    1|   ap_memory|                          arr_1_I_V_3|         array|
|arr_1_I_V_3_d0         |  out|   18|   ap_memory|                          arr_1_I_V_3|         array|
|arr_Q_V_6_address0     |  out|    6|   ap_memory|                            arr_Q_V_6|         array|
|arr_Q_V_6_ce0          |  out|    1|   ap_memory|                            arr_Q_V_6|         array|
|arr_Q_V_6_q0           |   in|   18|   ap_memory|                            arr_Q_V_6|         array|
|arr_Q_V_7_address0     |  out|    6|   ap_memory|                            arr_Q_V_7|         array|
|arr_Q_V_7_ce0          |  out|    1|   ap_memory|                            arr_Q_V_7|         array|
|arr_Q_V_7_q0           |   in|   18|   ap_memory|                            arr_Q_V_7|         array|
|arr_1_Q_V_3_address0   |  out|    6|   ap_memory|                          arr_1_Q_V_3|         array|
|arr_1_Q_V_3_ce0        |  out|    1|   ap_memory|                          arr_1_Q_V_3|         array|
|arr_1_Q_V_3_we0        |  out|    1|   ap_memory|                          arr_1_Q_V_3|         array|
|arr_1_Q_V_3_d0         |  out|   18|   ap_memory|                          arr_1_Q_V_3|         array|
|arr_I_V_8_address0     |  out|    6|   ap_memory|                            arr_I_V_8|         array|
|arr_I_V_8_ce0          |  out|    1|   ap_memory|                            arr_I_V_8|         array|
|arr_I_V_8_q0           |   in|   18|   ap_memory|                            arr_I_V_8|         array|
|arr_I_V_9_address0     |  out|    6|   ap_memory|                            arr_I_V_9|         array|
|arr_I_V_9_ce0          |  out|    1|   ap_memory|                            arr_I_V_9|         array|
|arr_I_V_9_q0           |   in|   18|   ap_memory|                            arr_I_V_9|         array|
|arr_1_I_V_4_address0   |  out|    6|   ap_memory|                          arr_1_I_V_4|         array|
|arr_1_I_V_4_ce0        |  out|    1|   ap_memory|                          arr_1_I_V_4|         array|
|arr_1_I_V_4_we0        |  out|    1|   ap_memory|                          arr_1_I_V_4|         array|
|arr_1_I_V_4_d0         |  out|   18|   ap_memory|                          arr_1_I_V_4|         array|
|arr_Q_V_8_address0     |  out|    6|   ap_memory|                            arr_Q_V_8|         array|
|arr_Q_V_8_ce0          |  out|    1|   ap_memory|                            arr_Q_V_8|         array|
|arr_Q_V_8_q0           |   in|   18|   ap_memory|                            arr_Q_V_8|         array|
|arr_Q_V_9_address0     |  out|    6|   ap_memory|                            arr_Q_V_9|         array|
|arr_Q_V_9_ce0          |  out|    1|   ap_memory|                            arr_Q_V_9|         array|
|arr_Q_V_9_q0           |   in|   18|   ap_memory|                            arr_Q_V_9|         array|
|arr_1_Q_V_4_address0   |  out|    6|   ap_memory|                          arr_1_Q_V_4|         array|
|arr_1_Q_V_4_ce0        |  out|    1|   ap_memory|                          arr_1_Q_V_4|         array|
|arr_1_Q_V_4_we0        |  out|    1|   ap_memory|                          arr_1_Q_V_4|         array|
|arr_1_Q_V_4_d0         |  out|   18|   ap_memory|                          arr_1_Q_V_4|         array|
|arr_I_V_10_address0    |  out|    6|   ap_memory|                           arr_I_V_10|         array|
|arr_I_V_10_ce0         |  out|    1|   ap_memory|                           arr_I_V_10|         array|
|arr_I_V_10_q0          |   in|   18|   ap_memory|                           arr_I_V_10|         array|
|arr_I_V_11_address0    |  out|    6|   ap_memory|                           arr_I_V_11|         array|
|arr_I_V_11_ce0         |  out|    1|   ap_memory|                           arr_I_V_11|         array|
|arr_I_V_11_q0          |   in|   18|   ap_memory|                           arr_I_V_11|         array|
|arr_1_I_V_5_address0   |  out|    6|   ap_memory|                          arr_1_I_V_5|         array|
|arr_1_I_V_5_ce0        |  out|    1|   ap_memory|                          arr_1_I_V_5|         array|
|arr_1_I_V_5_we0        |  out|    1|   ap_memory|                          arr_1_I_V_5|         array|
|arr_1_I_V_5_d0         |  out|   18|   ap_memory|                          arr_1_I_V_5|         array|
|arr_Q_V_10_address0    |  out|    6|   ap_memory|                           arr_Q_V_10|         array|
|arr_Q_V_10_ce0         |  out|    1|   ap_memory|                           arr_Q_V_10|         array|
|arr_Q_V_10_q0          |   in|   18|   ap_memory|                           arr_Q_V_10|         array|
|arr_Q_V_11_address0    |  out|    6|   ap_memory|                           arr_Q_V_11|         array|
|arr_Q_V_11_ce0         |  out|    1|   ap_memory|                           arr_Q_V_11|         array|
|arr_Q_V_11_q0          |   in|   18|   ap_memory|                           arr_Q_V_11|         array|
|arr_1_Q_V_5_address0   |  out|    6|   ap_memory|                          arr_1_Q_V_5|         array|
|arr_1_Q_V_5_ce0        |  out|    1|   ap_memory|                          arr_1_Q_V_5|         array|
|arr_1_Q_V_5_we0        |  out|    1|   ap_memory|                          arr_1_Q_V_5|         array|
|arr_1_Q_V_5_d0         |  out|   18|   ap_memory|                          arr_1_Q_V_5|         array|
|arr_I_V_12_address0    |  out|    6|   ap_memory|                           arr_I_V_12|         array|
|arr_I_V_12_ce0         |  out|    1|   ap_memory|                           arr_I_V_12|         array|
|arr_I_V_12_q0          |   in|   18|   ap_memory|                           arr_I_V_12|         array|
|arr_I_V_13_address0    |  out|    6|   ap_memory|                           arr_I_V_13|         array|
|arr_I_V_13_ce0         |  out|    1|   ap_memory|                           arr_I_V_13|         array|
|arr_I_V_13_q0          |   in|   18|   ap_memory|                           arr_I_V_13|         array|
|arr_1_I_V_6_address0   |  out|    6|   ap_memory|                          arr_1_I_V_6|         array|
|arr_1_I_V_6_ce0        |  out|    1|   ap_memory|                          arr_1_I_V_6|         array|
|arr_1_I_V_6_we0        |  out|    1|   ap_memory|                          arr_1_I_V_6|         array|
|arr_1_I_V_6_d0         |  out|   18|   ap_memory|                          arr_1_I_V_6|         array|
|arr_Q_V_12_address0    |  out|    6|   ap_memory|                           arr_Q_V_12|         array|
|arr_Q_V_12_ce0         |  out|    1|   ap_memory|                           arr_Q_V_12|         array|
|arr_Q_V_12_q0          |   in|   18|   ap_memory|                           arr_Q_V_12|         array|
|arr_Q_V_13_address0    |  out|    6|   ap_memory|                           arr_Q_V_13|         array|
|arr_Q_V_13_ce0         |  out|    1|   ap_memory|                           arr_Q_V_13|         array|
|arr_Q_V_13_q0          |   in|   18|   ap_memory|                           arr_Q_V_13|         array|
|arr_1_Q_V_6_address0   |  out|    6|   ap_memory|                          arr_1_Q_V_6|         array|
|arr_1_Q_V_6_ce0        |  out|    1|   ap_memory|                          arr_1_Q_V_6|         array|
|arr_1_Q_V_6_we0        |  out|    1|   ap_memory|                          arr_1_Q_V_6|         array|
|arr_1_Q_V_6_d0         |  out|   18|   ap_memory|                          arr_1_Q_V_6|         array|
|arr_I_V_14_address0    |  out|    6|   ap_memory|                           arr_I_V_14|         array|
|arr_I_V_14_ce0         |  out|    1|   ap_memory|                           arr_I_V_14|         array|
|arr_I_V_14_q0          |   in|   18|   ap_memory|                           arr_I_V_14|         array|
|arr_I_V_15_address0    |  out|    6|   ap_memory|                           arr_I_V_15|         array|
|arr_I_V_15_ce0         |  out|    1|   ap_memory|                           arr_I_V_15|         array|
|arr_I_V_15_q0          |   in|   18|   ap_memory|                           arr_I_V_15|         array|
|arr_1_I_V_7_address0   |  out|    6|   ap_memory|                          arr_1_I_V_7|         array|
|arr_1_I_V_7_ce0        |  out|    1|   ap_memory|                          arr_1_I_V_7|         array|
|arr_1_I_V_7_we0        |  out|    1|   ap_memory|                          arr_1_I_V_7|         array|
|arr_1_I_V_7_d0         |  out|   18|   ap_memory|                          arr_1_I_V_7|         array|
|arr_Q_V_14_address0    |  out|    6|   ap_memory|                           arr_Q_V_14|         array|
|arr_Q_V_14_ce0         |  out|    1|   ap_memory|                           arr_Q_V_14|         array|
|arr_Q_V_14_q0          |   in|   18|   ap_memory|                           arr_Q_V_14|         array|
|arr_Q_V_15_address0    |  out|    6|   ap_memory|                           arr_Q_V_15|         array|
|arr_Q_V_15_ce0         |  out|    1|   ap_memory|                           arr_Q_V_15|         array|
|arr_Q_V_15_q0          |   in|   18|   ap_memory|                           arr_Q_V_15|         array|
|arr_1_Q_V_7_address0   |  out|    6|   ap_memory|                          arr_1_Q_V_7|         array|
|arr_1_Q_V_7_ce0        |  out|    1|   ap_memory|                          arr_1_Q_V_7|         array|
|arr_1_Q_V_7_we0        |  out|    1|   ap_memory|                          arr_1_Q_V_7|         array|
|arr_1_Q_V_7_d0         |  out|   18|   ap_memory|                          arr_1_Q_V_7|         array|
|arr_I_V_16_address0    |  out|    6|   ap_memory|                           arr_I_V_16|         array|
|arr_I_V_16_ce0         |  out|    1|   ap_memory|                           arr_I_V_16|         array|
|arr_I_V_16_q0          |   in|   18|   ap_memory|                           arr_I_V_16|         array|
|arr_I_V_17_address0    |  out|    6|   ap_memory|                           arr_I_V_17|         array|
|arr_I_V_17_ce0         |  out|    1|   ap_memory|                           arr_I_V_17|         array|
|arr_I_V_17_q0          |   in|   18|   ap_memory|                           arr_I_V_17|         array|
|arr_1_I_V_8_address0   |  out|    6|   ap_memory|                          arr_1_I_V_8|         array|
|arr_1_I_V_8_ce0        |  out|    1|   ap_memory|                          arr_1_I_V_8|         array|
|arr_1_I_V_8_we0        |  out|    1|   ap_memory|                          arr_1_I_V_8|         array|
|arr_1_I_V_8_d0         |  out|   18|   ap_memory|                          arr_1_I_V_8|         array|
|arr_Q_V_16_address0    |  out|    6|   ap_memory|                           arr_Q_V_16|         array|
|arr_Q_V_16_ce0         |  out|    1|   ap_memory|                           arr_Q_V_16|         array|
|arr_Q_V_16_q0          |   in|   18|   ap_memory|                           arr_Q_V_16|         array|
|arr_Q_V_17_address0    |  out|    6|   ap_memory|                           arr_Q_V_17|         array|
|arr_Q_V_17_ce0         |  out|    1|   ap_memory|                           arr_Q_V_17|         array|
|arr_Q_V_17_q0          |   in|   18|   ap_memory|                           arr_Q_V_17|         array|
|arr_1_Q_V_8_address0   |  out|    6|   ap_memory|                          arr_1_Q_V_8|         array|
|arr_1_Q_V_8_ce0        |  out|    1|   ap_memory|                          arr_1_Q_V_8|         array|
|arr_1_Q_V_8_we0        |  out|    1|   ap_memory|                          arr_1_Q_V_8|         array|
|arr_1_Q_V_8_d0         |  out|   18|   ap_memory|                          arr_1_Q_V_8|         array|
|arr_I_V_18_address0    |  out|    6|   ap_memory|                           arr_I_V_18|         array|
|arr_I_V_18_ce0         |  out|    1|   ap_memory|                           arr_I_V_18|         array|
|arr_I_V_18_q0          |   in|   18|   ap_memory|                           arr_I_V_18|         array|
|arr_I_V_19_address0    |  out|    6|   ap_memory|                           arr_I_V_19|         array|
|arr_I_V_19_ce0         |  out|    1|   ap_memory|                           arr_I_V_19|         array|
|arr_I_V_19_q0          |   in|   18|   ap_memory|                           arr_I_V_19|         array|
|arr_1_I_V_9_address0   |  out|    6|   ap_memory|                          arr_1_I_V_9|         array|
|arr_1_I_V_9_ce0        |  out|    1|   ap_memory|                          arr_1_I_V_9|         array|
|arr_1_I_V_9_we0        |  out|    1|   ap_memory|                          arr_1_I_V_9|         array|
|arr_1_I_V_9_d0         |  out|   18|   ap_memory|                          arr_1_I_V_9|         array|
|arr_Q_V_18_address0    |  out|    6|   ap_memory|                           arr_Q_V_18|         array|
|arr_Q_V_18_ce0         |  out|    1|   ap_memory|                           arr_Q_V_18|         array|
|arr_Q_V_18_q0          |   in|   18|   ap_memory|                           arr_Q_V_18|         array|
|arr_Q_V_19_address0    |  out|    6|   ap_memory|                           arr_Q_V_19|         array|
|arr_Q_V_19_ce0         |  out|    1|   ap_memory|                           arr_Q_V_19|         array|
|arr_Q_V_19_q0          |   in|   18|   ap_memory|                           arr_Q_V_19|         array|
|arr_1_Q_V_9_address0   |  out|    6|   ap_memory|                          arr_1_Q_V_9|         array|
|arr_1_Q_V_9_ce0        |  out|    1|   ap_memory|                          arr_1_Q_V_9|         array|
|arr_1_Q_V_9_we0        |  out|    1|   ap_memory|                          arr_1_Q_V_9|         array|
|arr_1_Q_V_9_d0         |  out|   18|   ap_memory|                          arr_1_Q_V_9|         array|
|arr_I_V_20_address0    |  out|    6|   ap_memory|                           arr_I_V_20|         array|
|arr_I_V_20_ce0         |  out|    1|   ap_memory|                           arr_I_V_20|         array|
|arr_I_V_20_q0          |   in|   18|   ap_memory|                           arr_I_V_20|         array|
|arr_I_V_21_address0    |  out|    6|   ap_memory|                           arr_I_V_21|         array|
|arr_I_V_21_ce0         |  out|    1|   ap_memory|                           arr_I_V_21|         array|
|arr_I_V_21_q0          |   in|   18|   ap_memory|                           arr_I_V_21|         array|
|arr_1_I_V_10_address0  |  out|    6|   ap_memory|                         arr_1_I_V_10|         array|
|arr_1_I_V_10_ce0       |  out|    1|   ap_memory|                         arr_1_I_V_10|         array|
|arr_1_I_V_10_we0       |  out|    1|   ap_memory|                         arr_1_I_V_10|         array|
|arr_1_I_V_10_d0        |  out|   18|   ap_memory|                         arr_1_I_V_10|         array|
|arr_Q_V_20_address0    |  out|    6|   ap_memory|                           arr_Q_V_20|         array|
|arr_Q_V_20_ce0         |  out|    1|   ap_memory|                           arr_Q_V_20|         array|
|arr_Q_V_20_q0          |   in|   18|   ap_memory|                           arr_Q_V_20|         array|
|arr_Q_V_21_address0    |  out|    6|   ap_memory|                           arr_Q_V_21|         array|
|arr_Q_V_21_ce0         |  out|    1|   ap_memory|                           arr_Q_V_21|         array|
|arr_Q_V_21_q0          |   in|   18|   ap_memory|                           arr_Q_V_21|         array|
|arr_1_Q_V_10_address0  |  out|    6|   ap_memory|                         arr_1_Q_V_10|         array|
|arr_1_Q_V_10_ce0       |  out|    1|   ap_memory|                         arr_1_Q_V_10|         array|
|arr_1_Q_V_10_we0       |  out|    1|   ap_memory|                         arr_1_Q_V_10|         array|
|arr_1_Q_V_10_d0        |  out|   18|   ap_memory|                         arr_1_Q_V_10|         array|
|arr_I_V_22_address0    |  out|    6|   ap_memory|                           arr_I_V_22|         array|
|arr_I_V_22_ce0         |  out|    1|   ap_memory|                           arr_I_V_22|         array|
|arr_I_V_22_q0          |   in|   18|   ap_memory|                           arr_I_V_22|         array|
|arr_I_V_23_address0    |  out|    6|   ap_memory|                           arr_I_V_23|         array|
|arr_I_V_23_ce0         |  out|    1|   ap_memory|                           arr_I_V_23|         array|
|arr_I_V_23_q0          |   in|   18|   ap_memory|                           arr_I_V_23|         array|
|arr_1_I_V_11_address0  |  out|    6|   ap_memory|                         arr_1_I_V_11|         array|
|arr_1_I_V_11_ce0       |  out|    1|   ap_memory|                         arr_1_I_V_11|         array|
|arr_1_I_V_11_we0       |  out|    1|   ap_memory|                         arr_1_I_V_11|         array|
|arr_1_I_V_11_d0        |  out|   18|   ap_memory|                         arr_1_I_V_11|         array|
|arr_Q_V_22_address0    |  out|    6|   ap_memory|                           arr_Q_V_22|         array|
|arr_Q_V_22_ce0         |  out|    1|   ap_memory|                           arr_Q_V_22|         array|
|arr_Q_V_22_q0          |   in|   18|   ap_memory|                           arr_Q_V_22|         array|
|arr_Q_V_23_address0    |  out|    6|   ap_memory|                           arr_Q_V_23|         array|
|arr_Q_V_23_ce0         |  out|    1|   ap_memory|                           arr_Q_V_23|         array|
|arr_Q_V_23_q0          |   in|   18|   ap_memory|                           arr_Q_V_23|         array|
|arr_1_Q_V_11_address0  |  out|    6|   ap_memory|                         arr_1_Q_V_11|         array|
|arr_1_Q_V_11_ce0       |  out|    1|   ap_memory|                         arr_1_Q_V_11|         array|
|arr_1_Q_V_11_we0       |  out|    1|   ap_memory|                         arr_1_Q_V_11|         array|
|arr_1_Q_V_11_d0        |  out|   18|   ap_memory|                         arr_1_Q_V_11|         array|
|arr_I_V_24_address0    |  out|    6|   ap_memory|                           arr_I_V_24|         array|
|arr_I_V_24_ce0         |  out|    1|   ap_memory|                           arr_I_V_24|         array|
|arr_I_V_24_q0          |   in|   18|   ap_memory|                           arr_I_V_24|         array|
|arr_I_V_25_address0    |  out|    6|   ap_memory|                           arr_I_V_25|         array|
|arr_I_V_25_ce0         |  out|    1|   ap_memory|                           arr_I_V_25|         array|
|arr_I_V_25_q0          |   in|   18|   ap_memory|                           arr_I_V_25|         array|
|arr_1_I_V_12_address0  |  out|    6|   ap_memory|                         arr_1_I_V_12|         array|
|arr_1_I_V_12_ce0       |  out|    1|   ap_memory|                         arr_1_I_V_12|         array|
|arr_1_I_V_12_we0       |  out|    1|   ap_memory|                         arr_1_I_V_12|         array|
|arr_1_I_V_12_d0        |  out|   18|   ap_memory|                         arr_1_I_V_12|         array|
|arr_Q_V_24_address0    |  out|    6|   ap_memory|                           arr_Q_V_24|         array|
|arr_Q_V_24_ce0         |  out|    1|   ap_memory|                           arr_Q_V_24|         array|
|arr_Q_V_24_q0          |   in|   18|   ap_memory|                           arr_Q_V_24|         array|
|arr_Q_V_25_address0    |  out|    6|   ap_memory|                           arr_Q_V_25|         array|
|arr_Q_V_25_ce0         |  out|    1|   ap_memory|                           arr_Q_V_25|         array|
|arr_Q_V_25_q0          |   in|   18|   ap_memory|                           arr_Q_V_25|         array|
|arr_1_Q_V_12_address0  |  out|    6|   ap_memory|                         arr_1_Q_V_12|         array|
|arr_1_Q_V_12_ce0       |  out|    1|   ap_memory|                         arr_1_Q_V_12|         array|
|arr_1_Q_V_12_we0       |  out|    1|   ap_memory|                         arr_1_Q_V_12|         array|
|arr_1_Q_V_12_d0        |  out|   18|   ap_memory|                         arr_1_Q_V_12|         array|
|arr_I_V_26_address0    |  out|    6|   ap_memory|                           arr_I_V_26|         array|
|arr_I_V_26_ce0         |  out|    1|   ap_memory|                           arr_I_V_26|         array|
|arr_I_V_26_q0          |   in|   18|   ap_memory|                           arr_I_V_26|         array|
|arr_I_V_27_address0    |  out|    6|   ap_memory|                           arr_I_V_27|         array|
|arr_I_V_27_ce0         |  out|    1|   ap_memory|                           arr_I_V_27|         array|
|arr_I_V_27_q0          |   in|   18|   ap_memory|                           arr_I_V_27|         array|
|arr_1_I_V_13_address0  |  out|    6|   ap_memory|                         arr_1_I_V_13|         array|
|arr_1_I_V_13_ce0       |  out|    1|   ap_memory|                         arr_1_I_V_13|         array|
|arr_1_I_V_13_we0       |  out|    1|   ap_memory|                         arr_1_I_V_13|         array|
|arr_1_I_V_13_d0        |  out|   18|   ap_memory|                         arr_1_I_V_13|         array|
|arr_Q_V_26_address0    |  out|    6|   ap_memory|                           arr_Q_V_26|         array|
|arr_Q_V_26_ce0         |  out|    1|   ap_memory|                           arr_Q_V_26|         array|
|arr_Q_V_26_q0          |   in|   18|   ap_memory|                           arr_Q_V_26|         array|
|arr_Q_V_27_address0    |  out|    6|   ap_memory|                           arr_Q_V_27|         array|
|arr_Q_V_27_ce0         |  out|    1|   ap_memory|                           arr_Q_V_27|         array|
|arr_Q_V_27_q0          |   in|   18|   ap_memory|                           arr_Q_V_27|         array|
|arr_1_Q_V_13_address0  |  out|    6|   ap_memory|                         arr_1_Q_V_13|         array|
|arr_1_Q_V_13_ce0       |  out|    1|   ap_memory|                         arr_1_Q_V_13|         array|
|arr_1_Q_V_13_we0       |  out|    1|   ap_memory|                         arr_1_Q_V_13|         array|
|arr_1_Q_V_13_d0        |  out|   18|   ap_memory|                         arr_1_Q_V_13|         array|
|arr_I_V_28_address0    |  out|    6|   ap_memory|                           arr_I_V_28|         array|
|arr_I_V_28_ce0         |  out|    1|   ap_memory|                           arr_I_V_28|         array|
|arr_I_V_28_q0          |   in|   18|   ap_memory|                           arr_I_V_28|         array|
|arr_I_V_29_address0    |  out|    6|   ap_memory|                           arr_I_V_29|         array|
|arr_I_V_29_ce0         |  out|    1|   ap_memory|                           arr_I_V_29|         array|
|arr_I_V_29_q0          |   in|   18|   ap_memory|                           arr_I_V_29|         array|
|arr_1_I_V_14_address0  |  out|    6|   ap_memory|                         arr_1_I_V_14|         array|
|arr_1_I_V_14_ce0       |  out|    1|   ap_memory|                         arr_1_I_V_14|         array|
|arr_1_I_V_14_we0       |  out|    1|   ap_memory|                         arr_1_I_V_14|         array|
|arr_1_I_V_14_d0        |  out|   18|   ap_memory|                         arr_1_I_V_14|         array|
|arr_Q_V_28_address0    |  out|    6|   ap_memory|                           arr_Q_V_28|         array|
|arr_Q_V_28_ce0         |  out|    1|   ap_memory|                           arr_Q_V_28|         array|
|arr_Q_V_28_q0          |   in|   18|   ap_memory|                           arr_Q_V_28|         array|
|arr_Q_V_29_address0    |  out|    6|   ap_memory|                           arr_Q_V_29|         array|
|arr_Q_V_29_ce0         |  out|    1|   ap_memory|                           arr_Q_V_29|         array|
|arr_Q_V_29_q0          |   in|   18|   ap_memory|                           arr_Q_V_29|         array|
|arr_1_Q_V_14_address0  |  out|    6|   ap_memory|                         arr_1_Q_V_14|         array|
|arr_1_Q_V_14_ce0       |  out|    1|   ap_memory|                         arr_1_Q_V_14|         array|
|arr_1_Q_V_14_we0       |  out|    1|   ap_memory|                         arr_1_Q_V_14|         array|
|arr_1_Q_V_14_d0        |  out|   18|   ap_memory|                         arr_1_Q_V_14|         array|
|arr_I_V_30_address0    |  out|    6|   ap_memory|                           arr_I_V_30|         array|
|arr_I_V_30_ce0         |  out|    1|   ap_memory|                           arr_I_V_30|         array|
|arr_I_V_30_q0          |   in|   18|   ap_memory|                           arr_I_V_30|         array|
|arr_I_V_31_address0    |  out|    6|   ap_memory|                           arr_I_V_31|         array|
|arr_I_V_31_ce0         |  out|    1|   ap_memory|                           arr_I_V_31|         array|
|arr_I_V_31_q0          |   in|   18|   ap_memory|                           arr_I_V_31|         array|
|arr_1_I_V_15_address0  |  out|    6|   ap_memory|                         arr_1_I_V_15|         array|
|arr_1_I_V_15_ce0       |  out|    1|   ap_memory|                         arr_1_I_V_15|         array|
|arr_1_I_V_15_we0       |  out|    1|   ap_memory|                         arr_1_I_V_15|         array|
|arr_1_I_V_15_d0        |  out|   18|   ap_memory|                         arr_1_I_V_15|         array|
|arr_Q_V_30_address0    |  out|    6|   ap_memory|                           arr_Q_V_30|         array|
|arr_Q_V_30_ce0         |  out|    1|   ap_memory|                           arr_Q_V_30|         array|
|arr_Q_V_30_q0          |   in|   18|   ap_memory|                           arr_Q_V_30|         array|
|arr_Q_V_31_address0    |  out|    6|   ap_memory|                           arr_Q_V_31|         array|
|arr_Q_V_31_ce0         |  out|    1|   ap_memory|                           arr_Q_V_31|         array|
|arr_Q_V_31_q0          |   in|   18|   ap_memory|                           arr_Q_V_31|         array|
|arr_1_Q_V_15_address0  |  out|    6|   ap_memory|                         arr_1_Q_V_15|         array|
|arr_1_Q_V_15_ce0       |  out|    1|   ap_memory|                         arr_1_Q_V_15|         array|
|arr_1_Q_V_15_we0       |  out|    1|   ap_memory|                         arr_1_Q_V_15|         array|
|arr_1_Q_V_15_d0        |  out|   18|   ap_memory|                         arr_1_Q_V_15|         array|
|arr_I_V_32_address0    |  out|    6|   ap_memory|                           arr_I_V_32|         array|
|arr_I_V_32_ce0         |  out|    1|   ap_memory|                           arr_I_V_32|         array|
|arr_I_V_32_q0          |   in|   18|   ap_memory|                           arr_I_V_32|         array|
|arr_I_V_33_address0    |  out|    6|   ap_memory|                           arr_I_V_33|         array|
|arr_I_V_33_ce0         |  out|    1|   ap_memory|                           arr_I_V_33|         array|
|arr_I_V_33_q0          |   in|   18|   ap_memory|                           arr_I_V_33|         array|
|arr_1_I_V_16_address0  |  out|    6|   ap_memory|                         arr_1_I_V_16|         array|
|arr_1_I_V_16_ce0       |  out|    1|   ap_memory|                         arr_1_I_V_16|         array|
|arr_1_I_V_16_we0       |  out|    1|   ap_memory|                         arr_1_I_V_16|         array|
|arr_1_I_V_16_d0        |  out|   18|   ap_memory|                         arr_1_I_V_16|         array|
|arr_Q_V_32_address0    |  out|    6|   ap_memory|                           arr_Q_V_32|         array|
|arr_Q_V_32_ce0         |  out|    1|   ap_memory|                           arr_Q_V_32|         array|
|arr_Q_V_32_q0          |   in|   18|   ap_memory|                           arr_Q_V_32|         array|
|arr_Q_V_33_address0    |  out|    6|   ap_memory|                           arr_Q_V_33|         array|
|arr_Q_V_33_ce0         |  out|    1|   ap_memory|                           arr_Q_V_33|         array|
|arr_Q_V_33_q0          |   in|   18|   ap_memory|                           arr_Q_V_33|         array|
|arr_1_Q_V_16_address0  |  out|    6|   ap_memory|                         arr_1_Q_V_16|         array|
|arr_1_Q_V_16_ce0       |  out|    1|   ap_memory|                         arr_1_Q_V_16|         array|
|arr_1_Q_V_16_we0       |  out|    1|   ap_memory|                         arr_1_Q_V_16|         array|
|arr_1_Q_V_16_d0        |  out|   18|   ap_memory|                         arr_1_Q_V_16|         array|
|arr_I_V_34_address0    |  out|    6|   ap_memory|                           arr_I_V_34|         array|
|arr_I_V_34_ce0         |  out|    1|   ap_memory|                           arr_I_V_34|         array|
|arr_I_V_34_q0          |   in|   18|   ap_memory|                           arr_I_V_34|         array|
|arr_I_V_35_address0    |  out|    6|   ap_memory|                           arr_I_V_35|         array|
|arr_I_V_35_ce0         |  out|    1|   ap_memory|                           arr_I_V_35|         array|
|arr_I_V_35_q0          |   in|   18|   ap_memory|                           arr_I_V_35|         array|
|arr_1_I_V_17_address0  |  out|    6|   ap_memory|                         arr_1_I_V_17|         array|
|arr_1_I_V_17_ce0       |  out|    1|   ap_memory|                         arr_1_I_V_17|         array|
|arr_1_I_V_17_we0       |  out|    1|   ap_memory|                         arr_1_I_V_17|         array|
|arr_1_I_V_17_d0        |  out|   18|   ap_memory|                         arr_1_I_V_17|         array|
|arr_Q_V_34_address0    |  out|    6|   ap_memory|                           arr_Q_V_34|         array|
|arr_Q_V_34_ce0         |  out|    1|   ap_memory|                           arr_Q_V_34|         array|
|arr_Q_V_34_q0          |   in|   18|   ap_memory|                           arr_Q_V_34|         array|
|arr_Q_V_35_address0    |  out|    6|   ap_memory|                           arr_Q_V_35|         array|
|arr_Q_V_35_ce0         |  out|    1|   ap_memory|                           arr_Q_V_35|         array|
|arr_Q_V_35_q0          |   in|   18|   ap_memory|                           arr_Q_V_35|         array|
|arr_1_Q_V_17_address0  |  out|    6|   ap_memory|                         arr_1_Q_V_17|         array|
|arr_1_Q_V_17_ce0       |  out|    1|   ap_memory|                         arr_1_Q_V_17|         array|
|arr_1_Q_V_17_we0       |  out|    1|   ap_memory|                         arr_1_Q_V_17|         array|
|arr_1_Q_V_17_d0        |  out|   18|   ap_memory|                         arr_1_Q_V_17|         array|
|arr_I_V_36_address0    |  out|    6|   ap_memory|                           arr_I_V_36|         array|
|arr_I_V_36_ce0         |  out|    1|   ap_memory|                           arr_I_V_36|         array|
|arr_I_V_36_q0          |   in|   18|   ap_memory|                           arr_I_V_36|         array|
|arr_I_V_37_address0    |  out|    6|   ap_memory|                           arr_I_V_37|         array|
|arr_I_V_37_ce0         |  out|    1|   ap_memory|                           arr_I_V_37|         array|
|arr_I_V_37_q0          |   in|   18|   ap_memory|                           arr_I_V_37|         array|
|arr_1_I_V_18_address0  |  out|    6|   ap_memory|                         arr_1_I_V_18|         array|
|arr_1_I_V_18_ce0       |  out|    1|   ap_memory|                         arr_1_I_V_18|         array|
|arr_1_I_V_18_we0       |  out|    1|   ap_memory|                         arr_1_I_V_18|         array|
|arr_1_I_V_18_d0        |  out|   18|   ap_memory|                         arr_1_I_V_18|         array|
|arr_Q_V_36_address0    |  out|    6|   ap_memory|                           arr_Q_V_36|         array|
|arr_Q_V_36_ce0         |  out|    1|   ap_memory|                           arr_Q_V_36|         array|
|arr_Q_V_36_q0          |   in|   18|   ap_memory|                           arr_Q_V_36|         array|
|arr_Q_V_37_address0    |  out|    6|   ap_memory|                           arr_Q_V_37|         array|
|arr_Q_V_37_ce0         |  out|    1|   ap_memory|                           arr_Q_V_37|         array|
|arr_Q_V_37_q0          |   in|   18|   ap_memory|                           arr_Q_V_37|         array|
|arr_1_Q_V_18_address0  |  out|    6|   ap_memory|                         arr_1_Q_V_18|         array|
|arr_1_Q_V_18_ce0       |  out|    1|   ap_memory|                         arr_1_Q_V_18|         array|
|arr_1_Q_V_18_we0       |  out|    1|   ap_memory|                         arr_1_Q_V_18|         array|
|arr_1_Q_V_18_d0        |  out|   18|   ap_memory|                         arr_1_Q_V_18|         array|
|arr_I_V_38_address0    |  out|    6|   ap_memory|                           arr_I_V_38|         array|
|arr_I_V_38_ce0         |  out|    1|   ap_memory|                           arr_I_V_38|         array|
|arr_I_V_38_q0          |   in|   18|   ap_memory|                           arr_I_V_38|         array|
|arr_I_V_39_address0    |  out|    6|   ap_memory|                           arr_I_V_39|         array|
|arr_I_V_39_ce0         |  out|    1|   ap_memory|                           arr_I_V_39|         array|
|arr_I_V_39_q0          |   in|   18|   ap_memory|                           arr_I_V_39|         array|
|arr_1_I_V_19_address0  |  out|    6|   ap_memory|                         arr_1_I_V_19|         array|
|arr_1_I_V_19_ce0       |  out|    1|   ap_memory|                         arr_1_I_V_19|         array|
|arr_1_I_V_19_we0       |  out|    1|   ap_memory|                         arr_1_I_V_19|         array|
|arr_1_I_V_19_d0        |  out|   18|   ap_memory|                         arr_1_I_V_19|         array|
|arr_Q_V_38_address0    |  out|    6|   ap_memory|                           arr_Q_V_38|         array|
|arr_Q_V_38_ce0         |  out|    1|   ap_memory|                           arr_Q_V_38|         array|
|arr_Q_V_38_q0          |   in|   18|   ap_memory|                           arr_Q_V_38|         array|
|arr_Q_V_39_address0    |  out|    6|   ap_memory|                           arr_Q_V_39|         array|
|arr_Q_V_39_ce0         |  out|    1|   ap_memory|                           arr_Q_V_39|         array|
|arr_Q_V_39_q0          |   in|   18|   ap_memory|                           arr_Q_V_39|         array|
|arr_1_Q_V_19_address0  |  out|    6|   ap_memory|                         arr_1_Q_V_19|         array|
|arr_1_Q_V_19_ce0       |  out|    1|   ap_memory|                         arr_1_Q_V_19|         array|
|arr_1_Q_V_19_we0       |  out|    1|   ap_memory|                         arr_1_Q_V_19|         array|
|arr_1_Q_V_19_d0        |  out|   18|   ap_memory|                         arr_1_Q_V_19|         array|
|arr_I_V_40_address0    |  out|    6|   ap_memory|                           arr_I_V_40|         array|
|arr_I_V_40_ce0         |  out|    1|   ap_memory|                           arr_I_V_40|         array|
|arr_I_V_40_q0          |   in|   18|   ap_memory|                           arr_I_V_40|         array|
|arr_I_V_41_address0    |  out|    6|   ap_memory|                           arr_I_V_41|         array|
|arr_I_V_41_ce0         |  out|    1|   ap_memory|                           arr_I_V_41|         array|
|arr_I_V_41_q0          |   in|   18|   ap_memory|                           arr_I_V_41|         array|
|arr_1_I_V_20_address0  |  out|    6|   ap_memory|                         arr_1_I_V_20|         array|
|arr_1_I_V_20_ce0       |  out|    1|   ap_memory|                         arr_1_I_V_20|         array|
|arr_1_I_V_20_we0       |  out|    1|   ap_memory|                         arr_1_I_V_20|         array|
|arr_1_I_V_20_d0        |  out|   18|   ap_memory|                         arr_1_I_V_20|         array|
|arr_Q_V_40_address0    |  out|    6|   ap_memory|                           arr_Q_V_40|         array|
|arr_Q_V_40_ce0         |  out|    1|   ap_memory|                           arr_Q_V_40|         array|
|arr_Q_V_40_q0          |   in|   18|   ap_memory|                           arr_Q_V_40|         array|
|arr_Q_V_41_address0    |  out|    6|   ap_memory|                           arr_Q_V_41|         array|
|arr_Q_V_41_ce0         |  out|    1|   ap_memory|                           arr_Q_V_41|         array|
|arr_Q_V_41_q0          |   in|   18|   ap_memory|                           arr_Q_V_41|         array|
|arr_1_Q_V_20_address0  |  out|    6|   ap_memory|                         arr_1_Q_V_20|         array|
|arr_1_Q_V_20_ce0       |  out|    1|   ap_memory|                         arr_1_Q_V_20|         array|
|arr_1_Q_V_20_we0       |  out|    1|   ap_memory|                         arr_1_Q_V_20|         array|
|arr_1_Q_V_20_d0        |  out|   18|   ap_memory|                         arr_1_Q_V_20|         array|
|arr_I_V_42_address0    |  out|    6|   ap_memory|                           arr_I_V_42|         array|
|arr_I_V_42_ce0         |  out|    1|   ap_memory|                           arr_I_V_42|         array|
|arr_I_V_42_q0          |   in|   18|   ap_memory|                           arr_I_V_42|         array|
|arr_I_V_43_address0    |  out|    6|   ap_memory|                           arr_I_V_43|         array|
|arr_I_V_43_ce0         |  out|    1|   ap_memory|                           arr_I_V_43|         array|
|arr_I_V_43_q0          |   in|   18|   ap_memory|                           arr_I_V_43|         array|
|arr_1_I_V_21_address0  |  out|    6|   ap_memory|                         arr_1_I_V_21|         array|
|arr_1_I_V_21_ce0       |  out|    1|   ap_memory|                         arr_1_I_V_21|         array|
|arr_1_I_V_21_we0       |  out|    1|   ap_memory|                         arr_1_I_V_21|         array|
|arr_1_I_V_21_d0        |  out|   18|   ap_memory|                         arr_1_I_V_21|         array|
|arr_Q_V_42_address0    |  out|    6|   ap_memory|                           arr_Q_V_42|         array|
|arr_Q_V_42_ce0         |  out|    1|   ap_memory|                           arr_Q_V_42|         array|
|arr_Q_V_42_q0          |   in|   18|   ap_memory|                           arr_Q_V_42|         array|
|arr_Q_V_43_address0    |  out|    6|   ap_memory|                           arr_Q_V_43|         array|
|arr_Q_V_43_ce0         |  out|    1|   ap_memory|                           arr_Q_V_43|         array|
|arr_Q_V_43_q0          |   in|   18|   ap_memory|                           arr_Q_V_43|         array|
|arr_1_Q_V_21_address0  |  out|    6|   ap_memory|                         arr_1_Q_V_21|         array|
|arr_1_Q_V_21_ce0       |  out|    1|   ap_memory|                         arr_1_Q_V_21|         array|
|arr_1_Q_V_21_we0       |  out|    1|   ap_memory|                         arr_1_Q_V_21|         array|
|arr_1_Q_V_21_d0        |  out|   18|   ap_memory|                         arr_1_Q_V_21|         array|
|arr_I_V_44_address0    |  out|    6|   ap_memory|                           arr_I_V_44|         array|
|arr_I_V_44_ce0         |  out|    1|   ap_memory|                           arr_I_V_44|         array|
|arr_I_V_44_q0          |   in|   18|   ap_memory|                           arr_I_V_44|         array|
|arr_I_V_45_address0    |  out|    6|   ap_memory|                           arr_I_V_45|         array|
|arr_I_V_45_ce0         |  out|    1|   ap_memory|                           arr_I_V_45|         array|
|arr_I_V_45_q0          |   in|   18|   ap_memory|                           arr_I_V_45|         array|
|arr_1_I_V_22_address0  |  out|    6|   ap_memory|                         arr_1_I_V_22|         array|
|arr_1_I_V_22_ce0       |  out|    1|   ap_memory|                         arr_1_I_V_22|         array|
|arr_1_I_V_22_we0       |  out|    1|   ap_memory|                         arr_1_I_V_22|         array|
|arr_1_I_V_22_d0        |  out|   18|   ap_memory|                         arr_1_I_V_22|         array|
|arr_Q_V_44_address0    |  out|    6|   ap_memory|                           arr_Q_V_44|         array|
|arr_Q_V_44_ce0         |  out|    1|   ap_memory|                           arr_Q_V_44|         array|
|arr_Q_V_44_q0          |   in|   18|   ap_memory|                           arr_Q_V_44|         array|
|arr_Q_V_45_address0    |  out|    6|   ap_memory|                           arr_Q_V_45|         array|
|arr_Q_V_45_ce0         |  out|    1|   ap_memory|                           arr_Q_V_45|         array|
|arr_Q_V_45_q0          |   in|   18|   ap_memory|                           arr_Q_V_45|         array|
|arr_1_Q_V_22_address0  |  out|    6|   ap_memory|                         arr_1_Q_V_22|         array|
|arr_1_Q_V_22_ce0       |  out|    1|   ap_memory|                         arr_1_Q_V_22|         array|
|arr_1_Q_V_22_we0       |  out|    1|   ap_memory|                         arr_1_Q_V_22|         array|
|arr_1_Q_V_22_d0        |  out|   18|   ap_memory|                         arr_1_Q_V_22|         array|
|arr_I_V_46_address0    |  out|    6|   ap_memory|                           arr_I_V_46|         array|
|arr_I_V_46_ce0         |  out|    1|   ap_memory|                           arr_I_V_46|         array|
|arr_I_V_46_q0          |   in|   18|   ap_memory|                           arr_I_V_46|         array|
|arr_I_V_47_address0    |  out|    6|   ap_memory|                           arr_I_V_47|         array|
|arr_I_V_47_ce0         |  out|    1|   ap_memory|                           arr_I_V_47|         array|
|arr_I_V_47_q0          |   in|   18|   ap_memory|                           arr_I_V_47|         array|
|arr_1_I_V_23_address0  |  out|    6|   ap_memory|                         arr_1_I_V_23|         array|
|arr_1_I_V_23_ce0       |  out|    1|   ap_memory|                         arr_1_I_V_23|         array|
|arr_1_I_V_23_we0       |  out|    1|   ap_memory|                         arr_1_I_V_23|         array|
|arr_1_I_V_23_d0        |  out|   18|   ap_memory|                         arr_1_I_V_23|         array|
|arr_Q_V_46_address0    |  out|    6|   ap_memory|                           arr_Q_V_46|         array|
|arr_Q_V_46_ce0         |  out|    1|   ap_memory|                           arr_Q_V_46|         array|
|arr_Q_V_46_q0          |   in|   18|   ap_memory|                           arr_Q_V_46|         array|
|arr_Q_V_47_address0    |  out|    6|   ap_memory|                           arr_Q_V_47|         array|
|arr_Q_V_47_ce0         |  out|    1|   ap_memory|                           arr_Q_V_47|         array|
|arr_Q_V_47_q0          |   in|   18|   ap_memory|                           arr_Q_V_47|         array|
|arr_1_Q_V_23_address0  |  out|    6|   ap_memory|                         arr_1_Q_V_23|         array|
|arr_1_Q_V_23_ce0       |  out|    1|   ap_memory|                         arr_1_Q_V_23|         array|
|arr_1_Q_V_23_we0       |  out|    1|   ap_memory|                         arr_1_Q_V_23|         array|
|arr_1_Q_V_23_d0        |  out|   18|   ap_memory|                         arr_1_Q_V_23|         array|
|arr_I_V_48_address0    |  out|    6|   ap_memory|                           arr_I_V_48|         array|
|arr_I_V_48_ce0         |  out|    1|   ap_memory|                           arr_I_V_48|         array|
|arr_I_V_48_q0          |   in|   18|   ap_memory|                           arr_I_V_48|         array|
|arr_I_V_49_address0    |  out|    6|   ap_memory|                           arr_I_V_49|         array|
|arr_I_V_49_ce0         |  out|    1|   ap_memory|                           arr_I_V_49|         array|
|arr_I_V_49_q0          |   in|   18|   ap_memory|                           arr_I_V_49|         array|
|arr_1_I_V_24_address0  |  out|    6|   ap_memory|                         arr_1_I_V_24|         array|
|arr_1_I_V_24_ce0       |  out|    1|   ap_memory|                         arr_1_I_V_24|         array|
|arr_1_I_V_24_we0       |  out|    1|   ap_memory|                         arr_1_I_V_24|         array|
|arr_1_I_V_24_d0        |  out|   18|   ap_memory|                         arr_1_I_V_24|         array|
|arr_Q_V_48_address0    |  out|    6|   ap_memory|                           arr_Q_V_48|         array|
|arr_Q_V_48_ce0         |  out|    1|   ap_memory|                           arr_Q_V_48|         array|
|arr_Q_V_48_q0          |   in|   18|   ap_memory|                           arr_Q_V_48|         array|
|arr_Q_V_49_address0    |  out|    6|   ap_memory|                           arr_Q_V_49|         array|
|arr_Q_V_49_ce0         |  out|    1|   ap_memory|                           arr_Q_V_49|         array|
|arr_Q_V_49_q0          |   in|   18|   ap_memory|                           arr_Q_V_49|         array|
|arr_1_Q_V_24_address0  |  out|    6|   ap_memory|                         arr_1_Q_V_24|         array|
|arr_1_Q_V_24_ce0       |  out|    1|   ap_memory|                         arr_1_Q_V_24|         array|
|arr_1_Q_V_24_we0       |  out|    1|   ap_memory|                         arr_1_Q_V_24|         array|
|arr_1_Q_V_24_d0        |  out|   18|   ap_memory|                         arr_1_Q_V_24|         array|
|arr_I_V_50_address0    |  out|    6|   ap_memory|                           arr_I_V_50|         array|
|arr_I_V_50_ce0         |  out|    1|   ap_memory|                           arr_I_V_50|         array|
|arr_I_V_50_q0          |   in|   18|   ap_memory|                           arr_I_V_50|         array|
|arr_I_V_51_address0    |  out|    6|   ap_memory|                           arr_I_V_51|         array|
|arr_I_V_51_ce0         |  out|    1|   ap_memory|                           arr_I_V_51|         array|
|arr_I_V_51_q0          |   in|   18|   ap_memory|                           arr_I_V_51|         array|
|arr_1_I_V_25_address0  |  out|    6|   ap_memory|                         arr_1_I_V_25|         array|
|arr_1_I_V_25_ce0       |  out|    1|   ap_memory|                         arr_1_I_V_25|         array|
|arr_1_I_V_25_we0       |  out|    1|   ap_memory|                         arr_1_I_V_25|         array|
|arr_1_I_V_25_d0        |  out|   18|   ap_memory|                         arr_1_I_V_25|         array|
|arr_Q_V_50_address0    |  out|    6|   ap_memory|                           arr_Q_V_50|         array|
|arr_Q_V_50_ce0         |  out|    1|   ap_memory|                           arr_Q_V_50|         array|
|arr_Q_V_50_q0          |   in|   18|   ap_memory|                           arr_Q_V_50|         array|
|arr_Q_V_51_address0    |  out|    6|   ap_memory|                           arr_Q_V_51|         array|
|arr_Q_V_51_ce0         |  out|    1|   ap_memory|                           arr_Q_V_51|         array|
|arr_Q_V_51_q0          |   in|   18|   ap_memory|                           arr_Q_V_51|         array|
|arr_1_Q_V_25_address0  |  out|    6|   ap_memory|                         arr_1_Q_V_25|         array|
|arr_1_Q_V_25_ce0       |  out|    1|   ap_memory|                         arr_1_Q_V_25|         array|
|arr_1_Q_V_25_we0       |  out|    1|   ap_memory|                         arr_1_Q_V_25|         array|
|arr_1_Q_V_25_d0        |  out|   18|   ap_memory|                         arr_1_Q_V_25|         array|
|arr_I_V_52_address0    |  out|    6|   ap_memory|                           arr_I_V_52|         array|
|arr_I_V_52_ce0         |  out|    1|   ap_memory|                           arr_I_V_52|         array|
|arr_I_V_52_q0          |   in|   18|   ap_memory|                           arr_I_V_52|         array|
|arr_I_V_53_address0    |  out|    6|   ap_memory|                           arr_I_V_53|         array|
|arr_I_V_53_ce0         |  out|    1|   ap_memory|                           arr_I_V_53|         array|
|arr_I_V_53_q0          |   in|   18|   ap_memory|                           arr_I_V_53|         array|
|arr_1_I_V_26_address0  |  out|    6|   ap_memory|                         arr_1_I_V_26|         array|
|arr_1_I_V_26_ce0       |  out|    1|   ap_memory|                         arr_1_I_V_26|         array|
|arr_1_I_V_26_we0       |  out|    1|   ap_memory|                         arr_1_I_V_26|         array|
|arr_1_I_V_26_d0        |  out|   18|   ap_memory|                         arr_1_I_V_26|         array|
|arr_Q_V_52_address0    |  out|    6|   ap_memory|                           arr_Q_V_52|         array|
|arr_Q_V_52_ce0         |  out|    1|   ap_memory|                           arr_Q_V_52|         array|
|arr_Q_V_52_q0          |   in|   18|   ap_memory|                           arr_Q_V_52|         array|
|arr_Q_V_53_address0    |  out|    6|   ap_memory|                           arr_Q_V_53|         array|
|arr_Q_V_53_ce0         |  out|    1|   ap_memory|                           arr_Q_V_53|         array|
|arr_Q_V_53_q0          |   in|   18|   ap_memory|                           arr_Q_V_53|         array|
|arr_1_Q_V_26_address0  |  out|    6|   ap_memory|                         arr_1_Q_V_26|         array|
|arr_1_Q_V_26_ce0       |  out|    1|   ap_memory|                         arr_1_Q_V_26|         array|
|arr_1_Q_V_26_we0       |  out|    1|   ap_memory|                         arr_1_Q_V_26|         array|
|arr_1_Q_V_26_d0        |  out|   18|   ap_memory|                         arr_1_Q_V_26|         array|
|arr_I_V_54_address0    |  out|    6|   ap_memory|                           arr_I_V_54|         array|
|arr_I_V_54_ce0         |  out|    1|   ap_memory|                           arr_I_V_54|         array|
|arr_I_V_54_q0          |   in|   18|   ap_memory|                           arr_I_V_54|         array|
|arr_I_V_55_address0    |  out|    6|   ap_memory|                           arr_I_V_55|         array|
|arr_I_V_55_ce0         |  out|    1|   ap_memory|                           arr_I_V_55|         array|
|arr_I_V_55_q0          |   in|   18|   ap_memory|                           arr_I_V_55|         array|
|arr_1_I_V_27_address0  |  out|    6|   ap_memory|                         arr_1_I_V_27|         array|
|arr_1_I_V_27_ce0       |  out|    1|   ap_memory|                         arr_1_I_V_27|         array|
|arr_1_I_V_27_we0       |  out|    1|   ap_memory|                         arr_1_I_V_27|         array|
|arr_1_I_V_27_d0        |  out|   18|   ap_memory|                         arr_1_I_V_27|         array|
|arr_Q_V_54_address0    |  out|    6|   ap_memory|                           arr_Q_V_54|         array|
|arr_Q_V_54_ce0         |  out|    1|   ap_memory|                           arr_Q_V_54|         array|
|arr_Q_V_54_q0          |   in|   18|   ap_memory|                           arr_Q_V_54|         array|
|arr_Q_V_55_address0    |  out|    6|   ap_memory|                           arr_Q_V_55|         array|
|arr_Q_V_55_ce0         |  out|    1|   ap_memory|                           arr_Q_V_55|         array|
|arr_Q_V_55_q0          |   in|   18|   ap_memory|                           arr_Q_V_55|         array|
|arr_1_Q_V_27_address0  |  out|    6|   ap_memory|                         arr_1_Q_V_27|         array|
|arr_1_Q_V_27_ce0       |  out|    1|   ap_memory|                         arr_1_Q_V_27|         array|
|arr_1_Q_V_27_we0       |  out|    1|   ap_memory|                         arr_1_Q_V_27|         array|
|arr_1_Q_V_27_d0        |  out|   18|   ap_memory|                         arr_1_Q_V_27|         array|
|arr_I_V_56_address0    |  out|    6|   ap_memory|                           arr_I_V_56|         array|
|arr_I_V_56_ce0         |  out|    1|   ap_memory|                           arr_I_V_56|         array|
|arr_I_V_56_q0          |   in|   18|   ap_memory|                           arr_I_V_56|         array|
|arr_I_V_57_address0    |  out|    6|   ap_memory|                           arr_I_V_57|         array|
|arr_I_V_57_ce0         |  out|    1|   ap_memory|                           arr_I_V_57|         array|
|arr_I_V_57_q0          |   in|   18|   ap_memory|                           arr_I_V_57|         array|
|arr_1_I_V_28_address0  |  out|    6|   ap_memory|                         arr_1_I_V_28|         array|
|arr_1_I_V_28_ce0       |  out|    1|   ap_memory|                         arr_1_I_V_28|         array|
|arr_1_I_V_28_we0       |  out|    1|   ap_memory|                         arr_1_I_V_28|         array|
|arr_1_I_V_28_d0        |  out|   18|   ap_memory|                         arr_1_I_V_28|         array|
|arr_Q_V_56_address0    |  out|    6|   ap_memory|                           arr_Q_V_56|         array|
|arr_Q_V_56_ce0         |  out|    1|   ap_memory|                           arr_Q_V_56|         array|
|arr_Q_V_56_q0          |   in|   18|   ap_memory|                           arr_Q_V_56|         array|
|arr_Q_V_57_address0    |  out|    6|   ap_memory|                           arr_Q_V_57|         array|
|arr_Q_V_57_ce0         |  out|    1|   ap_memory|                           arr_Q_V_57|         array|
|arr_Q_V_57_q0          |   in|   18|   ap_memory|                           arr_Q_V_57|         array|
|arr_1_Q_V_28_address0  |  out|    6|   ap_memory|                         arr_1_Q_V_28|         array|
|arr_1_Q_V_28_ce0       |  out|    1|   ap_memory|                         arr_1_Q_V_28|         array|
|arr_1_Q_V_28_we0       |  out|    1|   ap_memory|                         arr_1_Q_V_28|         array|
|arr_1_Q_V_28_d0        |  out|   18|   ap_memory|                         arr_1_Q_V_28|         array|
|arr_I_V_58_address0    |  out|    6|   ap_memory|                           arr_I_V_58|         array|
|arr_I_V_58_ce0         |  out|    1|   ap_memory|                           arr_I_V_58|         array|
|arr_I_V_58_q0          |   in|   18|   ap_memory|                           arr_I_V_58|         array|
|arr_I_V_59_address0    |  out|    6|   ap_memory|                           arr_I_V_59|         array|
|arr_I_V_59_ce0         |  out|    1|   ap_memory|                           arr_I_V_59|         array|
|arr_I_V_59_q0          |   in|   18|   ap_memory|                           arr_I_V_59|         array|
|arr_1_I_V_29_address0  |  out|    6|   ap_memory|                         arr_1_I_V_29|         array|
|arr_1_I_V_29_ce0       |  out|    1|   ap_memory|                         arr_1_I_V_29|         array|
|arr_1_I_V_29_we0       |  out|    1|   ap_memory|                         arr_1_I_V_29|         array|
|arr_1_I_V_29_d0        |  out|   18|   ap_memory|                         arr_1_I_V_29|         array|
|arr_Q_V_58_address0    |  out|    6|   ap_memory|                           arr_Q_V_58|         array|
|arr_Q_V_58_ce0         |  out|    1|   ap_memory|                           arr_Q_V_58|         array|
|arr_Q_V_58_q0          |   in|   18|   ap_memory|                           arr_Q_V_58|         array|
|arr_Q_V_59_address0    |  out|    6|   ap_memory|                           arr_Q_V_59|         array|
|arr_Q_V_59_ce0         |  out|    1|   ap_memory|                           arr_Q_V_59|         array|
|arr_Q_V_59_q0          |   in|   18|   ap_memory|                           arr_Q_V_59|         array|
|arr_1_Q_V_29_address0  |  out|    6|   ap_memory|                         arr_1_Q_V_29|         array|
|arr_1_Q_V_29_ce0       |  out|    1|   ap_memory|                         arr_1_Q_V_29|         array|
|arr_1_Q_V_29_we0       |  out|    1|   ap_memory|                         arr_1_Q_V_29|         array|
|arr_1_Q_V_29_d0        |  out|   18|   ap_memory|                         arr_1_Q_V_29|         array|
|arr_I_V_60_address0    |  out|    6|   ap_memory|                           arr_I_V_60|         array|
|arr_I_V_60_ce0         |  out|    1|   ap_memory|                           arr_I_V_60|         array|
|arr_I_V_60_q0          |   in|   18|   ap_memory|                           arr_I_V_60|         array|
|arr_I_V_61_address0    |  out|    6|   ap_memory|                           arr_I_V_61|         array|
|arr_I_V_61_ce0         |  out|    1|   ap_memory|                           arr_I_V_61|         array|
|arr_I_V_61_q0          |   in|   18|   ap_memory|                           arr_I_V_61|         array|
|arr_1_I_V_30_address0  |  out|    6|   ap_memory|                         arr_1_I_V_30|         array|
|arr_1_I_V_30_ce0       |  out|    1|   ap_memory|                         arr_1_I_V_30|         array|
|arr_1_I_V_30_we0       |  out|    1|   ap_memory|                         arr_1_I_V_30|         array|
|arr_1_I_V_30_d0        |  out|   18|   ap_memory|                         arr_1_I_V_30|         array|
|arr_Q_V_60_address0    |  out|    6|   ap_memory|                           arr_Q_V_60|         array|
|arr_Q_V_60_ce0         |  out|    1|   ap_memory|                           arr_Q_V_60|         array|
|arr_Q_V_60_q0          |   in|   18|   ap_memory|                           arr_Q_V_60|         array|
|arr_Q_V_61_address0    |  out|    6|   ap_memory|                           arr_Q_V_61|         array|
|arr_Q_V_61_ce0         |  out|    1|   ap_memory|                           arr_Q_V_61|         array|
|arr_Q_V_61_q0          |   in|   18|   ap_memory|                           arr_Q_V_61|         array|
|arr_1_Q_V_30_address0  |  out|    6|   ap_memory|                         arr_1_Q_V_30|         array|
|arr_1_Q_V_30_ce0       |  out|    1|   ap_memory|                         arr_1_Q_V_30|         array|
|arr_1_Q_V_30_we0       |  out|    1|   ap_memory|                         arr_1_Q_V_30|         array|
|arr_1_Q_V_30_d0        |  out|   18|   ap_memory|                         arr_1_Q_V_30|         array|
|arr_I_V_62_address0    |  out|    6|   ap_memory|                           arr_I_V_62|         array|
|arr_I_V_62_ce0         |  out|    1|   ap_memory|                           arr_I_V_62|         array|
|arr_I_V_62_q0          |   in|   18|   ap_memory|                           arr_I_V_62|         array|
|arr_I_V_63_address0    |  out|    6|   ap_memory|                           arr_I_V_63|         array|
|arr_I_V_63_ce0         |  out|    1|   ap_memory|                           arr_I_V_63|         array|
|arr_I_V_63_q0          |   in|   18|   ap_memory|                           arr_I_V_63|         array|
|arr_1_I_V_31_address0  |  out|    6|   ap_memory|                         arr_1_I_V_31|         array|
|arr_1_I_V_31_ce0       |  out|    1|   ap_memory|                         arr_1_I_V_31|         array|
|arr_1_I_V_31_we0       |  out|    1|   ap_memory|                         arr_1_I_V_31|         array|
|arr_1_I_V_31_d0        |  out|   18|   ap_memory|                         arr_1_I_V_31|         array|
|arr_Q_V_62_address0    |  out|    6|   ap_memory|                           arr_Q_V_62|         array|
|arr_Q_V_62_ce0         |  out|    1|   ap_memory|                           arr_Q_V_62|         array|
|arr_Q_V_62_q0          |   in|   18|   ap_memory|                           arr_Q_V_62|         array|
|arr_Q_V_63_address0    |  out|    6|   ap_memory|                           arr_Q_V_63|         array|
|arr_Q_V_63_ce0         |  out|    1|   ap_memory|                           arr_Q_V_63|         array|
|arr_Q_V_63_q0          |   in|   18|   ap_memory|                           arr_Q_V_63|         array|
|arr_1_Q_V_31_address0  |  out|    6|   ap_memory|                         arr_1_Q_V_31|         array|
|arr_1_Q_V_31_ce0       |  out|    1|   ap_memory|                         arr_1_Q_V_31|         array|
|arr_1_Q_V_31_we0       |  out|    1|   ap_memory|                         arr_1_Q_V_31|         array|
|arr_1_Q_V_31_d0        |  out|   18|   ap_memory|                         arr_1_Q_V_31|         array|
+-----------------------+-----+-----+------------+-------------------------------------+--------------+

