

================================================================
== Vitis HLS Report for 'receiver_Pipeline_VITIS_LOOP_211_17'
================================================================
* Date:           Tue May  7 17:59:33 2024

* Version:        2023.1 (Build 3854077 on May  4 2023)
* Project:        receiver
* Solution:       solution1 (Vivado IP Flow Target)
* Product family: zynq
* Target device:  xc7z020-clg400-1


================================================================
== Performance Estimates
================================================================
+ Timing: 
    * Summary: 
    +--------+----------+----------+------------+
    |  Clock |  Target  | Estimated| Uncertainty|
    +--------+----------+----------+------------+
    |ap_clk  |  10.00 ns|  7.077 ns|     2.70 ns|
    +--------+----------+----------+------------+

+ Latency: 
    * Summary: 
    +---------+---------+----------+----------+-----+-----+---------+
    |  Latency (cycles) |  Latency (absolute) |  Interval | Pipeline|
    |   min   |   max   |    min   |    max   | min | max |   Type  |
    +---------+---------+----------+----------+-----+-----+---------+
    |       20|       20|  0.200 us|  0.200 us|   20|   20|       no|
    +---------+---------+----------+----------+-----+-----+---------+

    + Detail: 
        * Instance: 
        N/A

        * Loop: 
        +---------------------+---------+---------+----------+-----------+-----------+------+----------+
        |                     |  Latency (cycles) | Iteration|  Initiation Interval  | Trip |          |
        |      Loop Name      |   min   |   max   |  Latency |  achieved |   target  | Count| Pipelined|
        +---------------------+---------+---------+----------+-----------+-----------+------+----------+
        |- VITIS_LOOP_211_17  |       18|       18|         2|          1|          1|    17|       yes|
        +---------------------+---------+---------+----------+-----------+-----------+------+----------+



================================================================
== Utilization Estimates
================================================================
* Summary: 
+-----------------+---------+-----+--------+-------+-----+
|       Name      | BRAM_18K| DSP |   FF   |  LUT  | URAM|
+-----------------+---------+-----+--------+-------+-----+
|DSP              |        -|    -|       -|      -|    -|
|Expression       |        -|    -|       0|    181|    -|
|FIFO             |        -|    -|       -|      -|    -|
|Instance         |        -|    -|       -|      -|    -|
|Memory           |        -|    -|       -|      -|    -|
|Multiplexer      |        -|    -|       -|     36|    -|
|Register         |        -|    -|      17|      -|    -|
+-----------------+---------+-----+--------+-------+-----+
|Total            |        0|    0|      17|    217|    0|
+-----------------+---------+-----+--------+-------+-----+
|Available        |      280|  220|  106400|  53200|    0|
+-----------------+---------+-----+--------+-------+-----+
|Utilization (%)  |        0|    0|      ~0|     ~0|    0|
+-----------------+---------+-----+--------+-------+-----+

+ Detail: 
    * Instance: 
    N/A

    * DSP: 
    N/A

    * Memory: 
    N/A

    * FIFO: 
    N/A

    * Expression: 
    +----------------------+----------+----+---+----+------------+------------+
    |     Variable Name    | Operation| DSP| FF| LUT| Bitwidth P0| Bitwidth P1|
    +----------------------+----------+----+---+----+------------+------------+
    |add_ln211_fu_260_p2   |         +|   0|  0|  14|           7|           3|
    |arr_6_I_1_d0          |         +|   0|  0|  36|          29|          29|
    |arr_6_I_d0            |         +|   0|  0|  36|          29|          29|
    |arr_6_Q_1_d0          |         +|   0|  0|  36|          29|          29|
    |arr_6_Q_d0            |         +|   0|  0|  36|          29|          29|
    |icmp_ln211_fu_254_p2  |      icmp|   0|  0|  14|           7|           7|
    |or_ln211_fu_248_p2    |        or|   0|  0|   7|           7|           2|
    |ap_enable_pp0         |       xor|   0|  0|   2|           1|           2|
    +----------------------+----------+----+---+----+------------+------------+
    |Total                 |          |   0|  0| 181|         138|         130|
    +----------------------+----------+----+---+----+------------+------------+

    * Multiplexer: 
    +----------------------------------+----+-----------+-----+-----------+
    |               Name               | LUT| Input Size| Bits| Total Bits|
    +----------------------------------+----+-----------+-----+-----------+
    |ap_done_int                       |   9|          2|    1|          2|
    |ap_loop_exit_ready_pp0_iter1_reg  |   9|          2|    1|          2|
    |ap_sig_allocacmp_i_8              |   9|          2|    7|         14|
    |i_fu_58                           |   9|          2|    7|         14|
    +----------------------------------+----+-----------+-----+-----------+
    |Total                             |  36|          8|   16|         32|
    +----------------------------------+----+-----------+-----+-----------+

    * Register: 
    +----------------------------------+---+----+-----+-----------+
    |               Name               | FF| LUT| Bits| Const Bits|
    +----------------------------------+---+----+-----+-----------+
    |ap_CS_fsm                         |  1|   0|    1|          0|
    |ap_done_reg                       |  1|   0|    1|          0|
    |ap_enable_reg_pp0_iter1           |  1|   0|    1|          0|
    |ap_loop_exit_ready_pp0_iter1_reg  |  1|   0|    1|          0|
    |i_fu_58                           |  7|   0|    7|          0|
    |icmp_ln211_reg_366                |  1|   0|    1|          0|
    |zext_ln211_reg_338                |  5|   0|   64|         59|
    +----------------------------------+---+----+-----+-----------+
    |Total                             | 17|   0|   76|         59|
    +----------------------------------+---+----+-----+-----------+



================================================================
== Interface
================================================================
* Summary: 
+--------------------+-----+-----+------------+-------------------------------------+--------------+
|      RTL Ports     | Dir | Bits|  Protocol  |            Source Object            |    C Type    |
+--------------------+-----+-----+------------+-------------------------------------+--------------+
|ap_clk              |   in|    1|  ap_ctrl_hs|  receiver_Pipeline_VITIS_LOOP_211_17|  return value|
|ap_rst              |   in|    1|  ap_ctrl_hs|  receiver_Pipeline_VITIS_LOOP_211_17|  return value|
|ap_start            |   in|    1|  ap_ctrl_hs|  receiver_Pipeline_VITIS_LOOP_211_17|  return value|
|ap_done             |  out|    1|  ap_ctrl_hs|  receiver_Pipeline_VITIS_LOOP_211_17|  return value|
|ap_idle             |  out|    1|  ap_ctrl_hs|  receiver_Pipeline_VITIS_LOOP_211_17|  return value|
|ap_ready            |  out|    1|  ap_ctrl_hs|  receiver_Pipeline_VITIS_LOOP_211_17|  return value|
|arr_5_I_address0    |  out|    5|   ap_memory|                              arr_5_I|         array|
|arr_5_I_ce0         |  out|    1|   ap_memory|                              arr_5_I|         array|
|arr_5_I_q0          |   in|   28|   ap_memory|                              arr_5_I|         array|
|arr_5_I_1_address0  |  out|    5|   ap_memory|                            arr_5_I_1|         array|
|arr_5_I_1_ce0       |  out|    1|   ap_memory|                            arr_5_I_1|         array|
|arr_5_I_1_q0        |   in|   28|   ap_memory|                            arr_5_I_1|         array|
|arr_6_I_address0    |  out|    5|   ap_memory|                              arr_6_I|         array|
|arr_6_I_ce0         |  out|    1|   ap_memory|                              arr_6_I|         array|
|arr_6_I_we0         |  out|    1|   ap_memory|                              arr_6_I|         array|
|arr_6_I_d0          |  out|   29|   ap_memory|                              arr_6_I|         array|
|arr_5_Q_address0    |  out|    5|   ap_memory|                              arr_5_Q|         array|
|arr_5_Q_ce0         |  out|    1|   ap_memory|                              arr_5_Q|         array|
|arr_5_Q_q0          |   in|   28|   ap_memory|                              arr_5_Q|         array|
|arr_5_Q_1_address0  |  out|    5|   ap_memory|                            arr_5_Q_1|         array|
|arr_5_Q_1_ce0       |  out|    1|   ap_memory|                            arr_5_Q_1|         array|
|arr_5_Q_1_q0        |   in|   28|   ap_memory|                            arr_5_Q_1|         array|
|arr_6_Q_address0    |  out|    5|   ap_memory|                              arr_6_Q|         array|
|arr_6_Q_ce0         |  out|    1|   ap_memory|                              arr_6_Q|         array|
|arr_6_Q_we0         |  out|    1|   ap_memory|                              arr_6_Q|         array|
|arr_6_Q_d0          |  out|   29|   ap_memory|                              arr_6_Q|         array|
|arr_5_I_2_address0  |  out|    5|   ap_memory|                            arr_5_I_2|         array|
|arr_5_I_2_ce0       |  out|    1|   ap_memory|                            arr_5_I_2|         array|
|arr_5_I_2_q0        |   in|   28|   ap_memory|                            arr_5_I_2|         array|
|arr_5_I_3_address0  |  out|    5|   ap_memory|                            arr_5_I_3|         array|
|arr_5_I_3_ce0       |  out|    1|   ap_memory|                            arr_5_I_3|         array|
|arr_5_I_3_q0        |   in|   28|   ap_memory|                            arr_5_I_3|         array|
|arr_6_I_1_address0  |  out|    5|   ap_memory|                            arr_6_I_1|         array|
|arr_6_I_1_ce0       |  out|    1|   ap_memory|                            arr_6_I_1|         array|
|arr_6_I_1_we0       |  out|    1|   ap_memory|                            arr_6_I_1|         array|
|arr_6_I_1_d0        |  out|   29|   ap_memory|                            arr_6_I_1|         array|
|arr_5_Q_2_address0  |  out|    5|   ap_memory|                            arr_5_Q_2|         array|
|arr_5_Q_2_ce0       |  out|    1|   ap_memory|                            arr_5_Q_2|         array|
|arr_5_Q_2_q0        |   in|   28|   ap_memory|                            arr_5_Q_2|         array|
|arr_5_Q_3_address0  |  out|    5|   ap_memory|                            arr_5_Q_3|         array|
|arr_5_Q_3_ce0       |  out|    1|   ap_memory|                            arr_5_Q_3|         array|
|arr_5_Q_3_q0        |   in|   28|   ap_memory|                            arr_5_Q_3|         array|
|arr_6_Q_1_address0  |  out|    5|   ap_memory|                            arr_6_Q_1|         array|
|arr_6_Q_1_ce0       |  out|    1|   ap_memory|                            arr_6_Q_1|         array|
|arr_6_Q_1_we0       |  out|    1|   ap_memory|                            arr_6_Q_1|         array|
|arr_6_Q_1_d0        |  out|   29|   ap_memory|                            arr_6_Q_1|         array|
+--------------------+-----+-----+------------+-------------------------------------+--------------+

