

================================================================
== Vitis HLS Report for 'receiver_Pipeline_VITIS_LOOP_108_7'
================================================================
* Date:           Thu May  2 22:09:45 2024

* Version:        2023.1 (Build 3854077 on May  4 2023)
* Project:        receiver
* Solution:       solution1 (Vivado IP Flow Target)
* Product family: zynq
* Target device:  xc7z020-clg400-1


================================================================
== Performance Estimates
================================================================
+ Timing: 
    * Summary: 
    +--------+---------+----------+------------+
    |  Clock |  Target | Estimated| Uncertainty|
    +--------+---------+----------+------------+
    |ap_clk  |  8.00 ns|  4.458 ns|     2.16 ns|
    +--------+---------+----------+------------+

+ Latency: 
    * Summary: 
    +---------+---------+----------+----------+-----+-----+---------+
    |  Latency (cycles) |  Latency (absolute) |  Interval | Pipeline|
    |   min   |   max   |    min   |    max   | min | max |   Type  |
    +---------+---------+----------+----------+-----+-----+---------+
    |       15|       15|  0.120 us|  0.120 us|   15|   15|       no|
    +---------+---------+----------+----------+-----+-----+---------+

    + Detail: 
        * Instance: 
        N/A

        * Loop: 
        +--------------------+---------+---------+----------+-----------+-----------+------+----------+
        |                    |  Latency (cycles) | Iteration|  Initiation Interval  | Trip |          |
        |      Loop Name     |   min   |   max   |  Latency |  achieved |   target  | Count| Pipelined|
        +--------------------+---------+---------+----------+-----------+-----------+------+----------+
        |- VITIS_LOOP_108_7  |       13|       13|         3|          1|          1|    12|       yes|
        +--------------------+---------+---------+----------+-----------+-----------+------+----------+



================================================================
== Utilization Estimates
================================================================
* Summary: 
+-----------------+---------+-----+--------+-------+-----+
|       Name      | BRAM_18K| DSP |   FF   |  LUT  | URAM|
+-----------------+---------+-----+--------+-------+-----+
|DSP              |        -|    -|       -|      -|    -|
|Expression       |        -|    -|       0|     83|    -|
|FIFO             |        -|    -|       -|      -|    -|
|Instance         |        -|    -|       -|      -|    -|
|Memory           |        -|    -|       -|      -|    -|
|Multiplexer      |        -|    -|       -|     36|    -|
|Register         |        -|    -|      54|      -|    -|
+-----------------+---------+-----+--------+-------+-----+
|Total            |        0|    0|      54|    119|    0|
+-----------------+---------+-----+--------+-------+-----+
|Available        |      280|  220|  106400|  53200|    0|
+-----------------+---------+-----+--------+-------+-----+
|Utilization (%)  |        0|    0|      ~0|     ~0|    0|
+-----------------+---------+-----+--------+-------+-----+

+ Detail: 
    * Instance: 
    N/A

    * DSP: 
    N/A

    * Memory: 
    N/A

    * FIFO: 
    N/A

    * Expression: 
    +----------------------+----------+----+---+----+------------+------------+
    |     Variable Name    | Operation| DSP| FF| LUT| Bitwidth P0| Bitwidth P1|
    +----------------------+----------+----+---+----+------------+------------+
    |add_ln108_fu_162_p2   |         +|   0|  0|  13|           5|           2|
    |add_ln109_fu_173_p2   |         +|   0|  0|  25|          18|          18|
    |add_ln110_fu_179_p2   |         +|   0|  0|  25|          18|          18|
    |icmp_ln108_fu_128_p2  |      icmp|   0|  0|  13|           5|           5|
    |or_ln109_fu_140_p2    |        or|   0|  0|   5|           5|           1|
    |ap_enable_pp0         |       xor|   0|  0|   2|           1|           2|
    +----------------------+----------+----+---+----+------------+------------+
    |Total                 |          |   0|  0|  83|          52|          46|
    +----------------------+----------+----+---+----+------------+------------+

    * Multiplexer: 
    +-------------------------+----+-----------+-----+-----------+
    |           Name          | LUT| Input Size| Bits| Total Bits|
    +-------------------------+----+-----------+-----+-----------+
    |ap_done_int              |   9|          2|    1|          2|
    |ap_enable_reg_pp0_iter1  |   9|          2|    1|          2|
    |ap_sig_allocacmp_i       |   9|          2|    5|         10|
    |i_6_fu_40                |   9|          2|    5|         10|
    +-------------------------+----+-----------+-----+-----------+
    |Total                    |  36|          8|   12|         24|
    +-------------------------+----+-----------+-----+-----------+

    * Register: 
    +----------------------------------+----+----+-----+-----------+
    |               Name               | FF | LUT| Bits| Const Bits|
    +----------------------------------+----+----+-----+-----------+
    |add_ln109_reg_226                 |  18|   0|   18|          0|
    |add_ln110_reg_231                 |  18|   0|   18|          0|
    |ap_CS_fsm                         |   1|   0|    1|          0|
    |ap_done_reg                       |   1|   0|    1|          0|
    |ap_enable_reg_pp0_iter1           |   1|   0|    1|          0|
    |ap_enable_reg_pp0_iter2           |   1|   0|    1|          0|
    |ap_loop_exit_ready_pp0_iter1_reg  |   1|   0|    1|          0|
    |i_6_fu_40                         |   5|   0|    5|          0|
    |lshr_ln_reg_211                   |   4|   0|    4|          0|
    |lshr_ln_reg_211_pp0_iter1_reg     |   4|   0|    4|          0|
    +----------------------------------+----+----+-----+-----------+
    |Total                             |  54|   0|   54|          0|
    +----------------------------------+----+----+-----+-----------+



================================================================
== Interface
================================================================
* Summary: 
+-------------------+-----+-----+------------+------------------------------------+--------------+
|     RTL Ports     | Dir | Bits|  Protocol  |            Source Object           |    C Type    |
+-------------------+-----+-----+------------+------------------------------------+--------------+
|ap_clk             |   in|    1|  ap_ctrl_hs|  receiver_Pipeline_VITIS_LOOP_108_7|  return value|
|ap_rst             |   in|    1|  ap_ctrl_hs|  receiver_Pipeline_VITIS_LOOP_108_7|  return value|
|ap_start           |   in|    1|  ap_ctrl_hs|  receiver_Pipeline_VITIS_LOOP_108_7|  return value|
|ap_done            |  out|    1|  ap_ctrl_hs|  receiver_Pipeline_VITIS_LOOP_108_7|  return value|
|ap_idle            |  out|    1|  ap_ctrl_hs|  receiver_Pipeline_VITIS_LOOP_108_7|  return value|
|ap_ready           |  out|    1|  ap_ctrl_hs|  receiver_Pipeline_VITIS_LOOP_108_7|  return value|
|filt_3_I_address0  |  out|    5|   ap_memory|                            filt_3_I|         array|
|filt_3_I_ce0       |  out|    1|   ap_memory|                            filt_3_I|         array|
|filt_3_I_q0        |   in|   18|   ap_memory|                            filt_3_I|         array|
|filt_3_I_address1  |  out|    5|   ap_memory|                            filt_3_I|         array|
|filt_3_I_ce1       |  out|    1|   ap_memory|                            filt_3_I|         array|
|filt_3_I_q1        |   in|   18|   ap_memory|                            filt_3_I|         array|
|filt_4_I_address0  |  out|    4|   ap_memory|                            filt_4_I|         array|
|filt_4_I_ce0       |  out|    1|   ap_memory|                            filt_4_I|         array|
|filt_4_I_we0       |  out|    1|   ap_memory|                            filt_4_I|         array|
|filt_4_I_d0        |  out|   18|   ap_memory|                            filt_4_I|         array|
|filt_3_Q_address0  |  out|    5|   ap_memory|                            filt_3_Q|         array|
|filt_3_Q_ce0       |  out|    1|   ap_memory|                            filt_3_Q|         array|
|filt_3_Q_q0        |   in|   18|   ap_memory|                            filt_3_Q|         array|
|filt_3_Q_address1  |  out|    5|   ap_memory|                            filt_3_Q|         array|
|filt_3_Q_ce1       |  out|    1|   ap_memory|                            filt_3_Q|         array|
|filt_3_Q_q1        |   in|   18|   ap_memory|                            filt_3_Q|         array|
|filt_4_Q_address0  |  out|    4|   ap_memory|                            filt_4_Q|         array|
|filt_4_Q_ce0       |  out|    1|   ap_memory|                            filt_4_Q|         array|
|filt_4_Q_we0       |  out|    1|   ap_memory|                            filt_4_Q|         array|
|filt_4_Q_d0        |  out|   18|   ap_memory|                            filt_4_Q|         array|
+-------------------+-----+-----+------------+------------------------------------+--------------+

