

================================================================
== Vitis HLS Report for 'receiver_Pipeline_VITIS_LOOP_207_15'
================================================================
* Date:           Sat May 11 11:31:39 2024

* Version:        2022.2 (Build 3670227 on Oct 13 2022)
* Project:        receiver
* Solution:       solution1 (Vivado IP Flow Target)
* Product family: zynq
* Target device:  xc7z020-clg400-1


================================================================
== Performance Estimates
================================================================
+ Timing: 
    * Summary: 
    +--------+---------+----------+------------+
    |  Clock |  Target | Estimated| Uncertainty|
    +--------+---------+----------+------------+
    |ap_clk  |  8.00 ns|  4.696 ns|     2.16 ns|
    +--------+---------+----------+------------+

+ Latency: 
    * Summary: 
    +---------+---------+----------+----------+-----+-----+---------+
    |  Latency (cycles) |  Latency (absolute) |  Interval | Pipeline|
    |   min   |   max   |    min   |    max   | min | max |   Type  |
    +---------+---------+----------+----------+-----+-----+---------+
    |       21|       21|  0.168 us|  0.168 us|   21|   21|       no|
    +---------+---------+----------+----------+-----+-----+---------+

    + Detail: 
        * Instance: 
        N/A

        * Loop: 
        +---------------------+---------+---------+----------+-----------+-----------+------+----------+
        |                     |  Latency (cycles) | Iteration|  Initiation Interval  | Trip |          |
        |      Loop Name      |   min   |   max   |  Latency |  achieved |   target  | Count| Pipelined|
        +---------------------+---------+---------+----------+-----------+-----------+------+----------+
        |- VITIS_LOOP_207_15  |       19|       19|         3|          1|          1|    17|       yes|
        +---------------------+---------+---------+----------+-----------+-----------+------+----------+



================================================================
== Utilization Estimates
================================================================
* Summary: 
+-----------------+---------+-----+--------+-------+-----+
|       Name      | BRAM_18K| DSP |   FF   |  LUT  | URAM|
+-----------------+---------+-----+--------+-------+-----+
|DSP              |        -|    -|       -|      -|    -|
|Expression       |        -|    -|       0|    586|    -|
|FIFO             |        -|    -|       -|      -|    -|
|Instance         |        -|    -|       -|      -|    -|
|Memory           |        -|    -|       -|      -|    -|
|Multiplexer      |        -|    -|       -|     36|    -|
|Register         |        -|    -|     459|      -|    -|
+-----------------+---------+-----+--------+-------+-----+
|Total            |        0|    0|     459|    622|    0|
+-----------------+---------+-----+--------+-------+-----+
|Available        |      280|  220|  106400|  53200|    0|
+-----------------+---------+-----+--------+-------+-----+
|Utilization (%)  |        0|    0|      ~0|      1|    0|
+-----------------+---------+-----+--------+-------+-----+

+ Detail: 
    * Instance: 
    N/A

    * DSP: 
    N/A

    * Memory: 
    N/A

    * FIFO: 
    N/A

    * Expression: 
    +----------------------+----------+----+---+----+------------+------------+
    |     Variable Name    | Operation| DSP| FF| LUT| Bitwidth P0| Bitwidth P1|
    +----------------------+----------+----+---+----+------------+------------+
    |add_ln207_fu_802_p2   |         +|   0|  0|  14|           9|           5|
    |ret_V_45_fu_835_p2    |         +|   0|  0|  34|          27|          27|
    |ret_V_46_fu_849_p2    |         +|   0|  0|  34|          27|          27|
    |ret_V_47_fu_863_p2    |         +|   0|  0|  34|          27|          27|
    |ret_V_48_fu_877_p2    |         +|   0|  0|  34|          27|          27|
    |ret_V_49_fu_891_p2    |         +|   0|  0|  34|          27|          27|
    |ret_V_50_fu_905_p2    |         +|   0|  0|  34|          27|          27|
    |ret_V_51_fu_919_p2    |         +|   0|  0|  34|          27|          27|
    |ret_V_52_fu_933_p2    |         +|   0|  0|  34|          27|          27|
    |ret_V_53_fu_947_p2    |         +|   0|  0|  34|          27|          27|
    |ret_V_54_fu_961_p2    |         +|   0|  0|  34|          27|          27|
    |ret_V_55_fu_975_p2    |         +|   0|  0|  34|          27|          27|
    |ret_V_56_fu_989_p2    |         +|   0|  0|  34|          27|          27|
    |ret_V_57_fu_1003_p2   |         +|   0|  0|  34|          27|          27|
    |ret_V_58_fu_1017_p2   |         +|   0|  0|  34|          27|          27|
    |ret_V_59_fu_1031_p2   |         +|   0|  0|  34|          27|          27|
    |ret_V_fu_821_p2       |         +|   0|  0|  34|          27|          27|
    |icmp_ln207_fu_770_p2  |      icmp|   0|  0|  11|           9|           9|
    |or_ln207_fu_764_p2    |        or|   0|  0|   9|           9|           4|
    |or_ln813_fu_776_p2    |        or|   0|  0|   6|           6|           1|
    |ap_enable_pp0         |       xor|   0|  0|   2|           1|           2|
    +----------------------+----------+----+---+----+------------+------------+
    |Total                 |          |   0|  0| 586|         466|         453|
    +----------------------+----------+----+---+----+------------+------------+

    * Multiplexer: 
    +----------------------------------+----+-----------+-----+-----------+
    |               Name               | LUT| Input Size| Bits| Total Bits|
    +----------------------------------+----+-----------+-----+-----------+
    |ap_done_int                       |   9|          2|    1|          2|
    |ap_loop_exit_ready_pp0_iter2_reg  |   9|          2|    1|          2|
    |ap_sig_allocacmp_i_11             |   9|          2|    9|         18|
    |i_fu_104                          |   9|          2|    9|         18|
    +----------------------------------+----+-----------+-----+-----------+
    |Total                             |  36|          8|   20|         40|
    +----------------------------------+----+-----------+-----+-----------+

    * Register: 
    +-----------------------------------+----+----+-----+-----------+
    |                Name               | FF | LUT| Bits| Const Bits|
    +-----------------------------------+----+----+-----+-----------+
    |ap_CS_fsm                          |   1|   0|    1|          0|
    |ap_done_reg                        |   1|   0|    1|          0|
    |ap_enable_reg_pp0_iter1            |   1|   0|    1|          0|
    |ap_enable_reg_pp0_iter2            |   1|   0|    1|          0|
    |ap_loop_exit_ready_pp0_iter1_reg   |   1|   0|    1|          0|
    |ap_loop_exit_ready_pp0_iter2_reg   |   1|   0|    1|          0|
    |i_fu_104                           |   9|   0|    9|          0|
    |icmp_ln207_reg_1148                |   1|   0|    1|          0|
    |icmp_ln207_reg_1148_pp0_iter1_reg  |   1|   0|    1|          0|
    |lshr_ln_reg_1073                   |   5|   0|    5|          0|
    |lshr_ln_reg_1073_pp0_iter1_reg     |   5|   0|    5|          0|
    |ret_V_45_reg_1237                  |  27|   0|   27|          0|
    |ret_V_46_reg_1242                  |  27|   0|   27|          0|
    |ret_V_47_reg_1247                  |  27|   0|   27|          0|
    |ret_V_48_reg_1252                  |  27|   0|   27|          0|
    |ret_V_49_reg_1257                  |  27|   0|   27|          0|
    |ret_V_50_reg_1262                  |  27|   0|   27|          0|
    |ret_V_51_reg_1267                  |  27|   0|   27|          0|
    |ret_V_52_reg_1272                  |  27|   0|   27|          0|
    |ret_V_53_reg_1277                  |  27|   0|   27|          0|
    |ret_V_54_reg_1282                  |  27|   0|   27|          0|
    |ret_V_55_reg_1287                  |  27|   0|   27|          0|
    |ret_V_56_reg_1292                  |  27|   0|   27|          0|
    |ret_V_57_reg_1297                  |  27|   0|   27|          0|
    |ret_V_58_reg_1302                  |  27|   0|   27|          0|
    |ret_V_59_reg_1307                  |  27|   0|   27|          0|
    |ret_V_reg_1232                     |  27|   0|   27|          0|
    +-----------------------------------+----+----+-----+-----------+
    |Total                              | 459|   0|  459|          0|
    +-----------------------------------+----+----+-----+-----------+



================================================================
== Interface
================================================================
* Summary: 
+----------------------+-----+-----+------------+-------------------------------------+--------------+
|       RTL Ports      | Dir | Bits|  Protocol  |            Source Object            |    C Type    |
+----------------------+-----+-----+------------+-------------------------------------+--------------+
|ap_clk                |   in|    1|  ap_ctrl_hs|  receiver_Pipeline_VITIS_LOOP_207_15|  return value|
|ap_rst                |   in|    1|  ap_ctrl_hs|  receiver_Pipeline_VITIS_LOOP_207_15|  return value|
|ap_start              |   in|    1|  ap_ctrl_hs|  receiver_Pipeline_VITIS_LOOP_207_15|  return value|
|ap_done               |  out|    1|  ap_ctrl_hs|  receiver_Pipeline_VITIS_LOOP_207_15|  return value|
|ap_idle               |  out|    1|  ap_ctrl_hs|  receiver_Pipeline_VITIS_LOOP_207_15|  return value|
|ap_ready              |  out|    1|  ap_ctrl_hs|  receiver_Pipeline_VITIS_LOOP_207_15|  return value|
|arr_3_I_V_address0    |  out|    6|   ap_memory|                            arr_3_I_V|         array|
|arr_3_I_V_ce0         |  out|    1|   ap_memory|                            arr_3_I_V|         array|
|arr_3_I_V_q0          |   in|   26|   ap_memory|                            arr_3_I_V|         array|
|arr_3_I_V_address1    |  out|    6|   ap_memory|                            arr_3_I_V|         array|
|arr_3_I_V_ce1         |  out|    1|   ap_memory|                            arr_3_I_V|         array|
|arr_3_I_V_q1          |   in|   26|   ap_memory|                            arr_3_I_V|         array|
|arr_3_I_V_1_address0  |  out|    6|   ap_memory|                          arr_3_I_V_1|         array|
|arr_3_I_V_1_ce0       |  out|    1|   ap_memory|                          arr_3_I_V_1|         array|
|arr_3_I_V_1_q0        |   in|   26|   ap_memory|                          arr_3_I_V_1|         array|
|arr_3_I_V_1_address1  |  out|    6|   ap_memory|                          arr_3_I_V_1|         array|
|arr_3_I_V_1_ce1       |  out|    1|   ap_memory|                          arr_3_I_V_1|         array|
|arr_3_I_V_1_q1        |   in|   26|   ap_memory|                          arr_3_I_V_1|         array|
|arr_4_I_V_address0    |  out|    5|   ap_memory|                            arr_4_I_V|         array|
|arr_4_I_V_ce0         |  out|    1|   ap_memory|                            arr_4_I_V|         array|
|arr_4_I_V_we0         |  out|    1|   ap_memory|                            arr_4_I_V|         array|
|arr_4_I_V_d0          |  out|   27|   ap_memory|                            arr_4_I_V|         array|
|arr_3_Q_V_address0    |  out|    6|   ap_memory|                            arr_3_Q_V|         array|
|arr_3_Q_V_ce0         |  out|    1|   ap_memory|                            arr_3_Q_V|         array|
|arr_3_Q_V_q0          |   in|   26|   ap_memory|                            arr_3_Q_V|         array|
|arr_3_Q_V_address1    |  out|    6|   ap_memory|                            arr_3_Q_V|         array|
|arr_3_Q_V_ce1         |  out|    1|   ap_memory|                            arr_3_Q_V|         array|
|arr_3_Q_V_q1          |   in|   26|   ap_memory|                            arr_3_Q_V|         array|
|arr_3_Q_V_1_address0  |  out|    6|   ap_memory|                          arr_3_Q_V_1|         array|
|arr_3_Q_V_1_ce0       |  out|    1|   ap_memory|                          arr_3_Q_V_1|         array|
|arr_3_Q_V_1_q0        |   in|   26|   ap_memory|                          arr_3_Q_V_1|         array|
|arr_3_Q_V_1_address1  |  out|    6|   ap_memory|                          arr_3_Q_V_1|         array|
|arr_3_Q_V_1_ce1       |  out|    1|   ap_memory|                          arr_3_Q_V_1|         array|
|arr_3_Q_V_1_q1        |   in|   26|   ap_memory|                          arr_3_Q_V_1|         array|
|arr_4_Q_V_address0    |  out|    5|   ap_memory|                            arr_4_Q_V|         array|
|arr_4_Q_V_ce0         |  out|    1|   ap_memory|                            arr_4_Q_V|         array|
|arr_4_Q_V_we0         |  out|    1|   ap_memory|                            arr_4_Q_V|         array|
|arr_4_Q_V_d0          |  out|   27|   ap_memory|                            arr_4_Q_V|         array|
|arr_3_I_V_2_address0  |  out|    6|   ap_memory|                          arr_3_I_V_2|         array|
|arr_3_I_V_2_ce0       |  out|    1|   ap_memory|                          arr_3_I_V_2|         array|
|arr_3_I_V_2_q0        |   in|   26|   ap_memory|                          arr_3_I_V_2|         array|
|arr_3_I_V_2_address1  |  out|    6|   ap_memory|                          arr_3_I_V_2|         array|
|arr_3_I_V_2_ce1       |  out|    1|   ap_memory|                          arr_3_I_V_2|         array|
|arr_3_I_V_2_q1        |   in|   26|   ap_memory|                          arr_3_I_V_2|         array|
|arr_3_I_V_3_address0  |  out|    6|   ap_memory|                          arr_3_I_V_3|         array|
|arr_3_I_V_3_ce0       |  out|    1|   ap_memory|                          arr_3_I_V_3|         array|
|arr_3_I_V_3_q0        |   in|   26|   ap_memory|                          arr_3_I_V_3|         array|
|arr_3_I_V_3_address1  |  out|    6|   ap_memory|                          arr_3_I_V_3|         array|
|arr_3_I_V_3_ce1       |  out|    1|   ap_memory|                          arr_3_I_V_3|         array|
|arr_3_I_V_3_q1        |   in|   26|   ap_memory|                          arr_3_I_V_3|         array|
|arr_4_I_V_1_address0  |  out|    5|   ap_memory|                          arr_4_I_V_1|         array|
|arr_4_I_V_1_ce0       |  out|    1|   ap_memory|                          arr_4_I_V_1|         array|
|arr_4_I_V_1_we0       |  out|    1|   ap_memory|                          arr_4_I_V_1|         array|
|arr_4_I_V_1_d0        |  out|   27|   ap_memory|                          arr_4_I_V_1|         array|
|arr_3_Q_V_2_address0  |  out|    6|   ap_memory|                          arr_3_Q_V_2|         array|
|arr_3_Q_V_2_ce0       |  out|    1|   ap_memory|                          arr_3_Q_V_2|         array|
|arr_3_Q_V_2_q0        |   in|   26|   ap_memory|                          arr_3_Q_V_2|         array|
|arr_3_Q_V_2_address1  |  out|    6|   ap_memory|                          arr_3_Q_V_2|         array|
|arr_3_Q_V_2_ce1       |  out|    1|   ap_memory|                          arr_3_Q_V_2|         array|
|arr_3_Q_V_2_q1        |   in|   26|   ap_memory|                          arr_3_Q_V_2|         array|
|arr_3_Q_V_3_address0  |  out|    6|   ap_memory|                          arr_3_Q_V_3|         array|
|arr_3_Q_V_3_ce0       |  out|    1|   ap_memory|                          arr_3_Q_V_3|         array|
|arr_3_Q_V_3_q0        |   in|   26|   ap_memory|                          arr_3_Q_V_3|         array|
|arr_3_Q_V_3_address1  |  out|    6|   ap_memory|                          arr_3_Q_V_3|         array|
|arr_3_Q_V_3_ce1       |  out|    1|   ap_memory|                          arr_3_Q_V_3|         array|
|arr_3_Q_V_3_q1        |   in|   26|   ap_memory|                          arr_3_Q_V_3|         array|
|arr_4_Q_V_1_address0  |  out|    5|   ap_memory|                          arr_4_Q_V_1|         array|
|arr_4_Q_V_1_ce0       |  out|    1|   ap_memory|                          arr_4_Q_V_1|         array|
|arr_4_Q_V_1_we0       |  out|    1|   ap_memory|                          arr_4_Q_V_1|         array|
|arr_4_Q_V_1_d0        |  out|   27|   ap_memory|                          arr_4_Q_V_1|         array|
|arr_3_I_V_4_address0  |  out|    6|   ap_memory|                          arr_3_I_V_4|         array|
|arr_3_I_V_4_ce0       |  out|    1|   ap_memory|                          arr_3_I_V_4|         array|
|arr_3_I_V_4_q0        |   in|   26|   ap_memory|                          arr_3_I_V_4|         array|
|arr_3_I_V_4_address1  |  out|    6|   ap_memory|                          arr_3_I_V_4|         array|
|arr_3_I_V_4_ce1       |  out|    1|   ap_memory|                          arr_3_I_V_4|         array|
|arr_3_I_V_4_q1        |   in|   26|   ap_memory|                          arr_3_I_V_4|         array|
|arr_3_I_V_5_address0  |  out|    6|   ap_memory|                          arr_3_I_V_5|         array|
|arr_3_I_V_5_ce0       |  out|    1|   ap_memory|                          arr_3_I_V_5|         array|
|arr_3_I_V_5_q0        |   in|   26|   ap_memory|                          arr_3_I_V_5|         array|
|arr_3_I_V_5_address1  |  out|    6|   ap_memory|                          arr_3_I_V_5|         array|
|arr_3_I_V_5_ce1       |  out|    1|   ap_memory|                          arr_3_I_V_5|         array|
|arr_3_I_V_5_q1        |   in|   26|   ap_memory|                          arr_3_I_V_5|         array|
|arr_4_I_V_2_address0  |  out|    5|   ap_memory|                          arr_4_I_V_2|         array|
|arr_4_I_V_2_ce0       |  out|    1|   ap_memory|                          arr_4_I_V_2|         array|
|arr_4_I_V_2_we0       |  out|    1|   ap_memory|                          arr_4_I_V_2|         array|
|arr_4_I_V_2_d0        |  out|   27|   ap_memory|                          arr_4_I_V_2|         array|
|arr_3_Q_V_4_address0  |  out|    6|   ap_memory|                          arr_3_Q_V_4|         array|
|arr_3_Q_V_4_ce0       |  out|    1|   ap_memory|                          arr_3_Q_V_4|         array|
|arr_3_Q_V_4_q0        |   in|   26|   ap_memory|                          arr_3_Q_V_4|         array|
|arr_3_Q_V_4_address1  |  out|    6|   ap_memory|                          arr_3_Q_V_4|         array|
|arr_3_Q_V_4_ce1       |  out|    1|   ap_memory|                          arr_3_Q_V_4|         array|
|arr_3_Q_V_4_q1        |   in|   26|   ap_memory|                          arr_3_Q_V_4|         array|
|arr_3_Q_V_5_address0  |  out|    6|   ap_memory|                          arr_3_Q_V_5|         array|
|arr_3_Q_V_5_ce0       |  out|    1|   ap_memory|                          arr_3_Q_V_5|         array|
|arr_3_Q_V_5_q0        |   in|   26|   ap_memory|                          arr_3_Q_V_5|         array|
|arr_3_Q_V_5_address1  |  out|    6|   ap_memory|                          arr_3_Q_V_5|         array|
|arr_3_Q_V_5_ce1       |  out|    1|   ap_memory|                          arr_3_Q_V_5|         array|
|arr_3_Q_V_5_q1        |   in|   26|   ap_memory|                          arr_3_Q_V_5|         array|
|arr_4_Q_V_2_address0  |  out|    5|   ap_memory|                          arr_4_Q_V_2|         array|
|arr_4_Q_V_2_ce0       |  out|    1|   ap_memory|                          arr_4_Q_V_2|         array|
|arr_4_Q_V_2_we0       |  out|    1|   ap_memory|                          arr_4_Q_V_2|         array|
|arr_4_Q_V_2_d0        |  out|   27|   ap_memory|                          arr_4_Q_V_2|         array|
|arr_3_I_V_6_address0  |  out|    6|   ap_memory|                          arr_3_I_V_6|         array|
|arr_3_I_V_6_ce0       |  out|    1|   ap_memory|                          arr_3_I_V_6|         array|
|arr_3_I_V_6_q0        |   in|   26|   ap_memory|                          arr_3_I_V_6|         array|
|arr_3_I_V_6_address1  |  out|    6|   ap_memory|                          arr_3_I_V_6|         array|
|arr_3_I_V_6_ce1       |  out|    1|   ap_memory|                          arr_3_I_V_6|         array|
|arr_3_I_V_6_q1        |   in|   26|   ap_memory|                          arr_3_I_V_6|         array|
|arr_3_I_V_7_address0  |  out|    6|   ap_memory|                          arr_3_I_V_7|         array|
|arr_3_I_V_7_ce0       |  out|    1|   ap_memory|                          arr_3_I_V_7|         array|
|arr_3_I_V_7_q0        |   in|   26|   ap_memory|                          arr_3_I_V_7|         array|
|arr_3_I_V_7_address1  |  out|    6|   ap_memory|                          arr_3_I_V_7|         array|
|arr_3_I_V_7_ce1       |  out|    1|   ap_memory|                          arr_3_I_V_7|         array|
|arr_3_I_V_7_q1        |   in|   26|   ap_memory|                          arr_3_I_V_7|         array|
|arr_4_I_V_3_address0  |  out|    5|   ap_memory|                          arr_4_I_V_3|         array|
|arr_4_I_V_3_ce0       |  out|    1|   ap_memory|                          arr_4_I_V_3|         array|
|arr_4_I_V_3_we0       |  out|    1|   ap_memory|                          arr_4_I_V_3|         array|
|arr_4_I_V_3_d0        |  out|   27|   ap_memory|                          arr_4_I_V_3|         array|
|arr_3_Q_V_6_address0  |  out|    6|   ap_memory|                          arr_3_Q_V_6|         array|
|arr_3_Q_V_6_ce0       |  out|    1|   ap_memory|                          arr_3_Q_V_6|         array|
|arr_3_Q_V_6_q0        |   in|   26|   ap_memory|                          arr_3_Q_V_6|         array|
|arr_3_Q_V_6_address1  |  out|    6|   ap_memory|                          arr_3_Q_V_6|         array|
|arr_3_Q_V_6_ce1       |  out|    1|   ap_memory|                          arr_3_Q_V_6|         array|
|arr_3_Q_V_6_q1        |   in|   26|   ap_memory|                          arr_3_Q_V_6|         array|
|arr_3_Q_V_7_address0  |  out|    6|   ap_memory|                          arr_3_Q_V_7|         array|
|arr_3_Q_V_7_ce0       |  out|    1|   ap_memory|                          arr_3_Q_V_7|         array|
|arr_3_Q_V_7_q0        |   in|   26|   ap_memory|                          arr_3_Q_V_7|         array|
|arr_3_Q_V_7_address1  |  out|    6|   ap_memory|                          arr_3_Q_V_7|         array|
|arr_3_Q_V_7_ce1       |  out|    1|   ap_memory|                          arr_3_Q_V_7|         array|
|arr_3_Q_V_7_q1        |   in|   26|   ap_memory|                          arr_3_Q_V_7|         array|
|arr_4_Q_V_3_address0  |  out|    5|   ap_memory|                          arr_4_Q_V_3|         array|
|arr_4_Q_V_3_ce0       |  out|    1|   ap_memory|                          arr_4_Q_V_3|         array|
|arr_4_Q_V_3_we0       |  out|    1|   ap_memory|                          arr_4_Q_V_3|         array|
|arr_4_Q_V_3_d0        |  out|   27|   ap_memory|                          arr_4_Q_V_3|         array|
|arr_4_I_V_4_address0  |  out|    5|   ap_memory|                          arr_4_I_V_4|         array|
|arr_4_I_V_4_ce0       |  out|    1|   ap_memory|                          arr_4_I_V_4|         array|
|arr_4_I_V_4_we0       |  out|    1|   ap_memory|                          arr_4_I_V_4|         array|
|arr_4_I_V_4_d0        |  out|   27|   ap_memory|                          arr_4_I_V_4|         array|
|arr_4_Q_V_4_address0  |  out|    5|   ap_memory|                          arr_4_Q_V_4|         array|
|arr_4_Q_V_4_ce0       |  out|    1|   ap_memory|                          arr_4_Q_V_4|         array|
|arr_4_Q_V_4_we0       |  out|    1|   ap_memory|                          arr_4_Q_V_4|         array|
|arr_4_Q_V_4_d0        |  out|   27|   ap_memory|                          arr_4_Q_V_4|         array|
|arr_4_I_V_5_address0  |  out|    5|   ap_memory|                          arr_4_I_V_5|         array|
|arr_4_I_V_5_ce0       |  out|    1|   ap_memory|                          arr_4_I_V_5|         array|
|arr_4_I_V_5_we0       |  out|    1|   ap_memory|                          arr_4_I_V_5|         array|
|arr_4_I_V_5_d0        |  out|   27|   ap_memory|                          arr_4_I_V_5|         array|
|arr_4_Q_V_5_address0  |  out|    5|   ap_memory|                          arr_4_Q_V_5|         array|
|arr_4_Q_V_5_ce0       |  out|    1|   ap_memory|                          arr_4_Q_V_5|         array|
|arr_4_Q_V_5_we0       |  out|    1|   ap_memory|                          arr_4_Q_V_5|         array|
|arr_4_Q_V_5_d0        |  out|   27|   ap_memory|                          arr_4_Q_V_5|         array|
|arr_4_I_V_6_address0  |  out|    5|   ap_memory|                          arr_4_I_V_6|         array|
|arr_4_I_V_6_ce0       |  out|    1|   ap_memory|                          arr_4_I_V_6|         array|
|arr_4_I_V_6_we0       |  out|    1|   ap_memory|                          arr_4_I_V_6|         array|
|arr_4_I_V_6_d0        |  out|   27|   ap_memory|                          arr_4_I_V_6|         array|
|arr_4_Q_V_6_address0  |  out|    5|   ap_memory|                          arr_4_Q_V_6|         array|
|arr_4_Q_V_6_ce0       |  out|    1|   ap_memory|                          arr_4_Q_V_6|         array|
|arr_4_Q_V_6_we0       |  out|    1|   ap_memory|                          arr_4_Q_V_6|         array|
|arr_4_Q_V_6_d0        |  out|   27|   ap_memory|                          arr_4_Q_V_6|         array|
|arr_4_I_V_7_address0  |  out|    5|   ap_memory|                          arr_4_I_V_7|         array|
|arr_4_I_V_7_ce0       |  out|    1|   ap_memory|                          arr_4_I_V_7|         array|
|arr_4_I_V_7_we0       |  out|    1|   ap_memory|                          arr_4_I_V_7|         array|
|arr_4_I_V_7_d0        |  out|   27|   ap_memory|                          arr_4_I_V_7|         array|
|arr_4_Q_V_7_address0  |  out|    5|   ap_memory|                          arr_4_Q_V_7|         array|
|arr_4_Q_V_7_ce0       |  out|    1|   ap_memory|                          arr_4_Q_V_7|         array|
|arr_4_Q_V_7_we0       |  out|    1|   ap_memory|                          arr_4_Q_V_7|         array|
|arr_4_Q_V_7_d0        |  out|   27|   ap_memory|                          arr_4_Q_V_7|         array|
+----------------------+-----+-----+------------+-------------------------------------+--------------+

