

================================================================
== Vitis HLS Report for 'receiver_Pipeline_VITIS_LOOP_228_17'
================================================================
* Date:           Mon May 13 18:48:24 2024

* Version:        2023.1 (Build 3854077 on May  4 2023)
* Project:        receiver
* Solution:       solution1 (Vivado IP Flow Target)
* Product family: zynq
* Target device:  xc7z020-clg400-1


================================================================
== Performance Estimates
================================================================
+ Timing: 
    * Summary: 
    +--------+---------+----------+------------+
    |  Clock |  Target | Estimated| Uncertainty|
    +--------+---------+----------+------------+
    |ap_clk  |  8.00 ns|  4.785 ns|     2.16 ns|
    +--------+---------+----------+------------+

+ Latency: 
    * Summary: 
    +---------+---------+-----------+-----------+-----+-----+---------+
    |  Latency (cycles) |   Latency (absolute)  |  Interval | Pipeline|
    |   min   |   max   |    min    |    max    | min | max |   Type  |
    +---------+---------+-----------+-----------+-----+-----+---------+
    |       11|       11|  88.000 ns|  88.000 ns|   11|   11|       no|
    +---------+---------+-----------+-----------+-----+-----+---------+

    + Detail: 
        * Instance: 
        N/A

        * Loop: 
        +---------------------+---------+---------+----------+-----------+-----------+------+----------+
        |                     |  Latency (cycles) | Iteration|  Initiation Interval  | Trip |          |
        |      Loop Name      |   min   |   max   |  Latency |  achieved |   target  | Count| Pipelined|
        +---------------------+---------+---------+----------+-----------+-----------+------+----------+
        |- VITIS_LOOP_228_17  |        9|        9|         3|          1|          1|     8|       yes|
        +---------------------+---------+---------+----------+-----------+-----------+------+----------+



================================================================
== Utilization Estimates
================================================================
* Summary: 
+-----------------+---------+-----+--------+-------+-----+
|       Name      | BRAM_18K| DSP |   FF   |  LUT  | URAM|
+-----------------+---------+-----+--------+-------+-----+
|DSP              |        -|    -|       -|      -|    -|
|Expression       |        -|    -|       0|     93|    -|
|FIFO             |        -|    -|       -|      -|    -|
|Instance         |        -|    -|       -|      -|    -|
|Memory           |        -|    -|       -|      -|    -|
|Multiplexer      |        -|    -|       -|     36|    -|
|Register         |        -|    -|      76|      -|    -|
+-----------------+---------+-----+--------+-------+-----+
|Total            |        0|    0|      76|    129|    0|
+-----------------+---------+-----+--------+-------+-----+
|Available        |      280|  220|  106400|  53200|    0|
+-----------------+---------+-----+--------+-------+-----+
|Utilization (%)  |        0|    0|      ~0|     ~0|    0|
+-----------------+---------+-----+--------+-------+-----+

+ Detail: 
    * Instance: 
    N/A

    * DSP: 
    N/A

    * Memory: 
    N/A

    * FIFO: 
    N/A

    * Expression: 
    +---------------------+----------+----+---+----+------------+------------+
    |    Variable Name    | Operation| DSP| FF| LUT| Bitwidth P0| Bitwidth P1|
    +---------------------+----------+----+---+----+------------+------------+
    |add_ln228_fu_170_p2  |         +|   0|  0|  13|           5|           2|
    |add_ln229_fu_189_p2  |         +|   0|  0|  37|          30|          30|
    |add_ln230_fu_203_p2  |         +|   0|  0|  37|          30|          30|
    |or_ln229_fu_148_p2   |        or|   0|  0|   4|           4|           1|
    |ap_enable_pp0        |       xor|   0|  0|   2|           1|           2|
    +---------------------+----------+----+---+----+------------+------------+
    |Total                |          |   0|  0|  93|          70|          65|
    +---------------------+----------+----+---+----+------------+------------+

    * Multiplexer: 
    +-------------------------+----+-----------+-----+-----------+
    |           Name          | LUT| Input Size| Bits| Total Bits|
    +-------------------------+----+-----------+-----+-----------+
    |ap_done_int              |   9|          2|    1|          2|
    |ap_enable_reg_pp0_iter1  |   9|          2|    1|          2|
    |ap_sig_allocacmp_i_7     |   9|          2|    5|         10|
    |i_fu_42                  |   9|          2|    5|         10|
    +-------------------------+----+-----------+-----+-----------+
    |Total                    |  36|          8|   12|         24|
    +-------------------------+----+-----------+-----+-----------+

    * Register: 
    +----------------------------------+----+----+-----+-----------+
    |               Name               | FF | LUT| Bits| Const Bits|
    +----------------------------------+----+----+-----+-----------+
    |add_ln229_reg_258                 |  30|   0|   30|          0|
    |add_ln230_reg_263                 |  30|   0|   30|          0|
    |ap_CS_fsm                         |   1|   0|    1|          0|
    |ap_done_reg                       |   1|   0|    1|          0|
    |ap_enable_reg_pp0_iter1           |   1|   0|    1|          0|
    |ap_enable_reg_pp0_iter2           |   1|   0|    1|          0|
    |ap_loop_exit_ready_pp0_iter1_reg  |   1|   0|    1|          0|
    |i_fu_42                           |   5|   0|    5|          0|
    |lshr_ln_reg_243                   |   3|   0|    3|          0|
    |lshr_ln_reg_243_pp0_iter1_reg     |   3|   0|    3|          0|
    +----------------------------------+----+----+-----+-----------+
    |Total                             |  76|   0|   76|          0|
    +----------------------------------+----+----+-----+-----------+



================================================================
== Interface
================================================================
* Summary: 
+------------------+-----+-----+------------+-------------------------------------+--------------+
|     RTL Ports    | Dir | Bits|  Protocol  |            Source Object            |    C Type    |
+------------------+-----+-----+------------+-------------------------------------+--------------+
|ap_clk            |   in|    1|  ap_ctrl_hs|  receiver_Pipeline_VITIS_LOOP_228_17|  return value|
|ap_rst            |   in|    1|  ap_ctrl_hs|  receiver_Pipeline_VITIS_LOOP_228_17|  return value|
|ap_start          |   in|    1|  ap_ctrl_hs|  receiver_Pipeline_VITIS_LOOP_228_17|  return value|
|ap_done           |  out|    1|  ap_ctrl_hs|  receiver_Pipeline_VITIS_LOOP_228_17|  return value|
|ap_idle           |  out|    1|  ap_ctrl_hs|  receiver_Pipeline_VITIS_LOOP_228_17|  return value|
|ap_ready          |  out|    1|  ap_ctrl_hs|  receiver_Pipeline_VITIS_LOOP_228_17|  return value|
|arr_6_I_address0  |  out|    5|   ap_memory|                              arr_6_I|         array|
|arr_6_I_ce0       |  out|    1|   ap_memory|                              arr_6_I|         array|
|arr_6_I_q0        |   in|   29|   ap_memory|                              arr_6_I|         array|
|arr_6_I_address1  |  out|    5|   ap_memory|                              arr_6_I|         array|
|arr_6_I_ce1       |  out|    1|   ap_memory|                              arr_6_I|         array|
|arr_6_I_q1        |   in|   29|   ap_memory|                              arr_6_I|         array|
|arr_7_I_address0  |  out|    3|   ap_memory|                              arr_7_I|         array|
|arr_7_I_ce0       |  out|    1|   ap_memory|                              arr_7_I|         array|
|arr_7_I_we0       |  out|    1|   ap_memory|                              arr_7_I|         array|
|arr_7_I_d0        |  out|   31|   ap_memory|                              arr_7_I|         array|
|arr_6_Q_address0  |  out|    5|   ap_memory|                              arr_6_Q|         array|
|arr_6_Q_ce0       |  out|    1|   ap_memory|                              arr_6_Q|         array|
|arr_6_Q_q0        |   in|   29|   ap_memory|                              arr_6_Q|         array|
|arr_6_Q_address1  |  out|    5|   ap_memory|                              arr_6_Q|         array|
|arr_6_Q_ce1       |  out|    1|   ap_memory|                              arr_6_Q|         array|
|arr_6_Q_q1        |   in|   29|   ap_memory|                              arr_6_Q|         array|
|arr_7_Q_address0  |  out|    3|   ap_memory|                              arr_7_Q|         array|
|arr_7_Q_ce0       |  out|    1|   ap_memory|                              arr_7_Q|         array|
|arr_7_Q_we0       |  out|    1|   ap_memory|                              arr_7_Q|         array|
|arr_7_Q_d0        |  out|   31|   ap_memory|                              arr_7_Q|         array|
+------------------+-----+-----+------------+-------------------------------------+--------------+

