

================================================================
== Vitis HLS Report for 'receiver_Pipeline_2'
================================================================
* Date:           Mon May 13 18:48:15 2024

* Version:        2023.1 (Build 3854077 on May  4 2023)
* Project:        receiver
* Solution:       solution1 (Vivado IP Flow Target)
* Product family: zynq
* Target device:  xc7z020-clg400-1


================================================================
== Performance Estimates
================================================================
+ Timing: 
    * Summary: 
    +--------+---------+----------+------------+
    |  Clock |  Target | Estimated| Uncertainty|
    +--------+---------+----------+------------+
    |ap_clk  |  8.00 ns|  3.503 ns|     2.16 ns|
    +--------+---------+----------+------------+

+ Latency: 
    * Summary: 
    +---------+---------+----------+----------+-----+-----+---------+
    |  Latency (cycles) |  Latency (absolute) |  Interval | Pipeline|
    |   min   |   max   |    min   |    max   | min | max |   Type  |
    +---------+---------+----------+----------+-----+-----+---------+
    |      237|      237|  1.896 us|  1.896 us|  237|  237|       no|
    +---------+---------+----------+----------+-----+-----+---------+

    + Detail: 
        * Instance: 
        N/A

        * Loop: 
        +----------+---------+---------+----------+-----------+-----------+------+----------+
        |          |  Latency (cycles) | Iteration|  Initiation Interval  | Trip |          |
        | Loop Name|   min   |   max   |  Latency |  achieved |   target  | Count| Pipelined|
        +----------+---------+---------+----------+-----------+-----------+------+----------+
        |- Loop 1  |      235|      235|         1|          1|          1|   236|       yes|
        +----------+---------+---------+----------+-----------+-----------+------+----------+



================================================================
== Utilization Estimates
================================================================
* Summary: 
+-----------------+---------+-----+--------+-------+-----+
|       Name      | BRAM_18K| DSP |   FF   |  LUT  | URAM|
+-----------------+---------+-----+--------+-------+-----+
|DSP              |        -|    -|       -|      -|    -|
|Expression       |        -|    -|       0|     30|    -|
|FIFO             |        -|    -|       -|      -|    -|
|Instance         |        -|    -|       -|      -|    -|
|Memory           |        -|    -|       -|      -|    -|
|Multiplexer      |        -|    -|       -|     27|    -|
|Register         |        -|    -|      10|      -|    -|
+-----------------+---------+-----+--------+-------+-----+
|Total            |        0|    0|      10|     57|    0|
+-----------------+---------+-----+--------+-------+-----+
|Available        |      280|  220|  106400|  53200|    0|
+-----------------+---------+-----+--------+-------+-----+
|Utilization (%)  |        0|    0|      ~0|     ~0|    0|
+-----------------+---------+-----+--------+-------+-----+

+ Detail: 
    * Instance: 
    N/A

    * DSP: 
    N/A

    * Memory: 
    N/A

    * FIFO: 
    N/A

    * Expression: 
    +--------------------+----------+----+---+----+------------+------------+
    |    Variable Name   | Operation| DSP| FF| LUT| Bitwidth P0| Bitwidth P1|
    +--------------------+----------+----+---+----+------------+------------+
    |add_ln51_fu_55_p2   |         +|   0|  0|  15|           8|           1|
    |icmp_ln51_fu_61_p2  |      icmp|   0|  0|  15|           8|           6|
    +--------------------+----------+----+---+----+------------+------------+
    |Total               |          |   0|  0|  30|          16|           7|
    +--------------------+----------+----+---+----+------------+------------+

    * Multiplexer: 
    +--------------------------------------+----+-----------+-----+-----------+
    |                 Name                 | LUT| Input Size| Bits| Total Bits|
    +--------------------------------------+----+-----------+-----+-----------+
    |ap_done_int                           |   9|          2|    1|          2|
    |ap_sig_allocacmp_indvars_iv5834_load  |   9|          2|    8|         16|
    |indvars_iv5834_fu_24                  |   9|          2|    8|         16|
    +--------------------------------------+----+-----------+-----+-----------+
    |Total                                 |  27|          6|   17|         34|
    +--------------------------------------+----+-----------+-----+-----------+

    * Register: 
    +----------------------+---+----+-----+-----------+
    |         Name         | FF| LUT| Bits| Const Bits|
    +----------------------+---+----+-----+-----------+
    |ap_CS_fsm             |  1|   0|    1|          0|
    |ap_done_reg           |  1|   0|    1|          0|
    |indvars_iv5834_fu_24  |  8|   0|    8|          0|
    +----------------------+---+----+-----+-----------+
    |Total                 | 10|   0|   10|          0|
    +----------------------+---+----+-----+-----------+



================================================================
== Interface
================================================================
* Summary: 
+----------------------+-----+-----+------------+---------------------+--------------+
|       RTL Ports      | Dir | Bits|  Protocol  |    Source Object    |    C Type    |
+----------------------+-----+-----+------------+---------------------+--------------+
|ap_clk                |   in|    1|  ap_ctrl_hs|  receiver_Pipeline_2|  return value|
|ap_rst                |   in|    1|  ap_ctrl_hs|  receiver_Pipeline_2|  return value|
|ap_start              |   in|    1|  ap_ctrl_hs|  receiver_Pipeline_2|  return value|
|ap_done               |  out|    1|  ap_ctrl_hs|  receiver_Pipeline_2|  return value|
|ap_idle               |  out|    1|  ap_ctrl_hs|  receiver_Pipeline_2|  return value|
|ap_ready              |  out|    1|  ap_ctrl_hs|  receiver_Pipeline_2|  return value|
|imag_output_address0  |  out|    8|   ap_memory|          imag_output|         array|
|imag_output_ce0       |  out|    1|   ap_memory|          imag_output|         array|
|imag_output_we0       |  out|    1|   ap_memory|          imag_output|         array|
|imag_output_d0        |  out|   32|   ap_memory|          imag_output|         array|
+----------------------+-----+-----+------------+---------------------+--------------+

