

================================================================
== Vitis HLS Report for 'receiver_Pipeline_VITIS_LOOP_142_9'
================================================================
* Date:           Mon May 13 18:48:19 2024

* Version:        2023.1 (Build 3854077 on May  4 2023)
* Project:        receiver
* Solution:       solution1 (Vivado IP Flow Target)
* Product family: zynq
* Target device:  xc7z020-clg400-1


================================================================
== Performance Estimates
================================================================
+ Timing: 
    * Summary: 
    +--------+---------+----------+------------+
    |  Clock |  Target | Estimated| Uncertainty|
    +--------+---------+----------+------------+
    |ap_clk  |  8.00 ns|  5.169 ns|     2.16 ns|
    +--------+---------+----------+------------+

+ Latency: 
    * Summary: 
    +---------+---------+----------+----------+-----+-----+---------+
    |  Latency (cycles) |  Latency (absolute) |  Interval | Pipeline|
    |   min   |   max   |    min   |    max   | min | max |   Type  |
    +---------+---------+----------+----------+-----+-----+---------+
    |      248|      248|  1.984 us|  1.984 us|  248|  248|       no|
    +---------+---------+----------+----------+-----+-----+---------+

    + Detail: 
        * Instance: 
        N/A

        * Loop: 
        +--------------------+---------+---------+----------+-----------+-----------+------+----------+
        |                    |  Latency (cycles) | Iteration|  Initiation Interval  | Trip |          |
        |      Loop Name     |   min   |   max   |  Latency |  achieved |   target  | Count| Pipelined|
        +--------------------+---------+---------+----------+-----------+-----------+------+----------+
        |- VITIS_LOOP_142_9  |      246|      246|         3|          1|          1|   244|       yes|
        +--------------------+---------+---------+----------+-----------+-----------+------+----------+



================================================================
== Utilization Estimates
================================================================
* Summary: 
+-----------------+---------+-----+--------+-------+-----+
|       Name      | BRAM_18K| DSP |   FF   |  LUT  | URAM|
+-----------------+---------+-----+--------+-------+-----+
|DSP              |        -|    -|       -|      -|    -|
|Expression       |        -|    -|       0|     53|    -|
|FIFO             |        -|    -|       -|      -|    -|
|Instance         |        -|    -|       -|      -|    -|
|Memory           |        -|    -|       -|      -|    -|
|Multiplexer      |        -|    -|       -|     36|    -|
|Register         |        -|    -|    1092|      -|    -|
+-----------------+---------+-----+--------+-------+-----+
|Total            |        0|    0|    1092|     89|    0|
+-----------------+---------+-----+--------+-------+-----+
|Available        |      280|  220|  106400|  53200|    0|
+-----------------+---------+-----+--------+-------+-----+
|Utilization (%)  |        0|    0|       1|     ~0|    0|
+-----------------+---------+-----+--------+-------+-----+

+ Detail: 
    * Instance: 
    N/A

    * DSP: 
    N/A

    * Memory: 
    N/A

    * FIFO: 
    N/A

    * Expression: 
    +-----------------------+----------+----+---+----+------------+------------+
    |     Variable Name     | Operation| DSP| FF| LUT| Bitwidth P0| Bitwidth P1|
    +-----------------------+----------+----+---+----+------------+------------+
    |add_ln144_1_fu_734_p2  |         +|   0|  0|  15|           8|           1|
    |add_ln144_fu_728_p2    |         +|   0|  0|  12|          12|           5|
    |icmp_ln142_fu_722_p2   |      icmp|   0|  0|  12|          12|           9|
    |or_ln144_fu_716_p2     |        or|   0|  0|  12|          12|           4|
    |ap_enable_pp0          |       xor|   0|  0|   2|           1|           2|
    +-----------------------+----------+----+---+----+------------+------------+
    |Total                  |          |   0|  0|  53|          45|          21|
    +-----------------------+----------+----+---+----+------------+------------+

    * Multiplexer: 
    +----------------------------------+----+-----------+-----+-----------+
    |               Name               | LUT| Input Size| Bits| Total Bits|
    +----------------------------------+----+-----------+-----+-----------+
    |ap_done_int                       |   9|          2|    1|          2|
    |ap_loop_exit_ready_pp0_iter2_reg  |   9|          2|    1|          2|
    |ap_sig_allocacmp_i                |   9|          2|   12|         24|
    |i_8_fu_100                        |   9|          2|   12|         24|
    +----------------------------------+----+-----------+-----+-----------+
    |Total                             |  36|          8|   26|         52|
    +----------------------------------+----+-----------+-----+-----------+

    * Register: 
    +-----------------------------------------+----+----+-----+-----------+
    |                   Name                  | FF | LUT| Bits| Const Bits|
    +-----------------------------------------+----+----+-----+-----------+
    |ap_CS_fsm                                |   1|   0|    1|          0|
    |ap_done_reg                              |   1|   0|    1|          0|
    |ap_enable_reg_pp0_iter1                  |   1|   0|    1|          0|
    |ap_enable_reg_pp0_iter2                  |   1|   0|    1|          0|
    |ap_loop_exit_ready_pp0_iter1_reg         |   1|   0|    1|          0|
    |ap_loop_exit_ready_pp0_iter2_reg         |   1|   0|    1|          0|
    |i_8_fu_100                               |  12|   0|   12|          0|
    |icmp_ln142_reg_896                       |   1|   0|    1|          0|
    |icmp_ln142_reg_896_pp0_iter1_reg         |   1|   0|    1|          0|
    |matched_I_0_load_reg_1088                |  18|   0|   18|          0|
    |matched_I_10_addr_reg_872                |   8|   0|    8|          0|
    |matched_I_10_addr_reg_872_pp0_iter1_reg  |   8|   0|    8|          0|
    |matched_I_10_load_reg_1003               |  18|   0|   18|          0|
    |matched_I_11_addr_reg_884                |   8|   0|    8|          0|
    |matched_I_11_addr_reg_884_pp0_iter1_reg  |   8|   0|    8|          0|
    |matched_I_11_load_reg_1008               |  18|   0|   18|          0|
    |matched_I_12_addr_reg_900                |   8|   0|    8|          0|
    |matched_I_12_addr_reg_900_pp0_iter1_reg  |   8|   0|    8|          0|
    |matched_I_12_load_reg_1068               |  18|   0|   18|          0|
    |matched_I_13_addr_reg_912                |   8|   0|    8|          0|
    |matched_I_13_addr_reg_912_pp0_iter1_reg  |   8|   0|    8|          0|
    |matched_I_13_load_reg_1073               |  18|   0|   18|          0|
    |matched_I_14_addr_reg_924                |   8|   0|    8|          0|
    |matched_I_14_addr_reg_924_pp0_iter1_reg  |   8|   0|    8|          0|
    |matched_I_14_load_reg_1078               |  18|   0|   18|          0|
    |matched_I_15_addr_reg_936                |   8|   0|    8|          0|
    |matched_I_15_addr_reg_936_pp0_iter1_reg  |   8|   0|    8|          0|
    |matched_I_15_load_reg_1083               |  18|   0|   18|          0|
    |matched_I_1_addr_reg_764                 |   8|   0|    8|          0|
    |matched_I_1_addr_reg_764_pp0_iter1_reg   |   8|   0|    8|          0|
    |matched_I_1_load_reg_958                 |  18|   0|   18|          0|
    |matched_I_2_addr_reg_776                 |   8|   0|    8|          0|
    |matched_I_2_addr_reg_776_pp0_iter1_reg   |   8|   0|    8|          0|
    |matched_I_2_load_reg_963                 |  18|   0|   18|          0|
    |matched_I_3_addr_reg_788                 |   8|   0|    8|          0|
    |matched_I_3_addr_reg_788_pp0_iter1_reg   |   8|   0|    8|          0|
    |matched_I_3_load_reg_968                 |  18|   0|   18|          0|
    |matched_I_4_addr_reg_800                 |   8|   0|    8|          0|
    |matched_I_4_addr_reg_800_pp0_iter1_reg   |   8|   0|    8|          0|
    |matched_I_4_load_reg_973                 |  18|   0|   18|          0|
    |matched_I_5_addr_reg_812                 |   8|   0|    8|          0|
    |matched_I_5_addr_reg_812_pp0_iter1_reg   |   8|   0|    8|          0|
    |matched_I_5_load_reg_978                 |  18|   0|   18|          0|
    |matched_I_6_addr_reg_824                 |   8|   0|    8|          0|
    |matched_I_6_addr_reg_824_pp0_iter1_reg   |   8|   0|    8|          0|
    |matched_I_6_load_reg_983                 |  18|   0|   18|          0|
    |matched_I_7_addr_reg_836                 |   8|   0|    8|          0|
    |matched_I_7_addr_reg_836_pp0_iter1_reg   |   8|   0|    8|          0|
    |matched_I_7_load_reg_988                 |  18|   0|   18|          0|
    |matched_I_8_addr_reg_848                 |   8|   0|    8|          0|
    |matched_I_8_addr_reg_848_pp0_iter1_reg   |   8|   0|    8|          0|
    |matched_I_8_load_reg_993                 |  18|   0|   18|          0|
    |matched_I_9_addr_reg_860                 |   8|   0|    8|          0|
    |matched_I_9_addr_reg_860_pp0_iter1_reg   |   8|   0|    8|          0|
    |matched_I_9_load_reg_998                 |  18|   0|   18|          0|
    |matched_Q_0_load_reg_1093                |  18|   0|   18|          0|
    |matched_Q_10_addr_reg_878                |   8|   0|    8|          0|
    |matched_Q_10_addr_reg_878_pp0_iter1_reg  |   8|   0|    8|          0|
    |matched_Q_10_load_reg_1063               |  18|   0|   18|          0|
    |matched_Q_11_addr_reg_890                |   8|   0|    8|          0|
    |matched_Q_11_addr_reg_890_pp0_iter1_reg  |   8|   0|    8|          0|
    |matched_Q_11_load_reg_1013               |  18|   0|   18|          0|
    |matched_Q_12_addr_reg_906                |   8|   0|    8|          0|
    |matched_Q_12_addr_reg_906_pp0_iter1_reg  |   8|   0|    8|          0|
    |matched_Q_12_load_reg_1098               |  18|   0|   18|          0|
    |matched_Q_13_addr_reg_918                |   8|   0|    8|          0|
    |matched_Q_13_addr_reg_918_pp0_iter1_reg  |   8|   0|    8|          0|
    |matched_Q_13_load_reg_1103               |  18|   0|   18|          0|
    |matched_Q_14_addr_reg_930                |   8|   0|    8|          0|
    |matched_Q_14_addr_reg_930_pp0_iter1_reg  |   8|   0|    8|          0|
    |matched_Q_14_load_reg_1108               |  18|   0|   18|          0|
    |matched_Q_15_addr_reg_942                |   8|   0|    8|          0|
    |matched_Q_15_addr_reg_942_pp0_iter1_reg  |   8|   0|    8|          0|
    |matched_Q_15_load_reg_1113               |  18|   0|   18|          0|
    |matched_Q_1_addr_reg_770                 |   8|   0|    8|          0|
    |matched_Q_1_addr_reg_770_pp0_iter1_reg   |   8|   0|    8|          0|
    |matched_Q_1_load_reg_1018                |  18|   0|   18|          0|
    |matched_Q_2_addr_reg_782                 |   8|   0|    8|          0|
    |matched_Q_2_addr_reg_782_pp0_iter1_reg   |   8|   0|    8|          0|
    |matched_Q_2_load_reg_1023                |  18|   0|   18|          0|
    |matched_Q_3_addr_reg_794                 |   8|   0|    8|          0|
    |matched_Q_3_addr_reg_794_pp0_iter1_reg   |   8|   0|    8|          0|
    |matched_Q_3_load_reg_1028                |  18|   0|   18|          0|
    |matched_Q_4_addr_reg_806                 |   8|   0|    8|          0|
    |matched_Q_4_addr_reg_806_pp0_iter1_reg   |   8|   0|    8|          0|
    |matched_Q_4_load_reg_1033                |  18|   0|   18|          0|
    |matched_Q_5_addr_reg_818                 |   8|   0|    8|          0|
    |matched_Q_5_addr_reg_818_pp0_iter1_reg   |   8|   0|    8|          0|
    |matched_Q_5_load_reg_1038                |  18|   0|   18|          0|
    |matched_Q_6_addr_reg_830                 |   8|   0|    8|          0|
    |matched_Q_6_addr_reg_830_pp0_iter1_reg   |   8|   0|    8|          0|
    |matched_Q_6_load_reg_1043                |  18|   0|   18|          0|
    |matched_Q_7_addr_reg_842                 |   8|   0|    8|          0|
    |matched_Q_7_addr_reg_842_pp0_iter1_reg   |   8|   0|    8|          0|
    |matched_Q_7_load_reg_1048                |  18|   0|   18|          0|
    |matched_Q_8_addr_reg_854                 |   8|   0|    8|          0|
    |matched_Q_8_addr_reg_854_pp0_iter1_reg   |   8|   0|    8|          0|
    |matched_Q_8_load_reg_1053                |  18|   0|   18|          0|
    |matched_Q_9_addr_reg_866                 |   8|   0|    8|          0|
    |matched_Q_9_addr_reg_866_pp0_iter1_reg   |   8|   0|    8|          0|
    |matched_Q_9_load_reg_1058                |  18|   0|   18|          0|
    |zext_ln142_reg_758                       |   8|   0|   64|         56|
    |zext_ln142_reg_758_pp0_iter1_reg         |   8|   0|   64|         56|
    +-----------------------------------------+----+----+-----+-----------+
    |Total                                    |1092|   0| 1204|        112|
    +-----------------------------------------+----+----+-----+-----------+



================================================================
== Interface
================================================================
* Summary: 
+-----------------------+-----+-----+------------+------------------------------------+--------------+
|       RTL Ports       | Dir | Bits|  Protocol  |            Source Object           |    C Type    |
+-----------------------+-----+-----+------------+------------------------------------+--------------+
|ap_clk                 |   in|    1|  ap_ctrl_hs|  receiver_Pipeline_VITIS_LOOP_142_9|  return value|
|ap_rst                 |   in|    1|  ap_ctrl_hs|  receiver_Pipeline_VITIS_LOOP_142_9|  return value|
|ap_start               |   in|    1|  ap_ctrl_hs|  receiver_Pipeline_VITIS_LOOP_142_9|  return value|
|ap_done                |  out|    1|  ap_ctrl_hs|  receiver_Pipeline_VITIS_LOOP_142_9|  return value|
|ap_idle                |  out|    1|  ap_ctrl_hs|  receiver_Pipeline_VITIS_LOOP_142_9|  return value|
|ap_ready               |  out|    1|  ap_ctrl_hs|  receiver_Pipeline_VITIS_LOOP_142_9|  return value|
|matched_I_1_address0   |  out|    8|   ap_memory|                         matched_I_1|         array|
|matched_I_1_ce0        |  out|    1|   ap_memory|                         matched_I_1|         array|
|matched_I_1_we0        |  out|    1|   ap_memory|                         matched_I_1|         array|
|matched_I_1_d0         |  out|   18|   ap_memory|                         matched_I_1|         array|
|matched_I_1_address1   |  out|    8|   ap_memory|                         matched_I_1|         array|
|matched_I_1_ce1        |  out|    1|   ap_memory|                         matched_I_1|         array|
|matched_I_1_q1         |   in|   18|   ap_memory|                         matched_I_1|         array|
|matched_I_2_address0   |  out|    8|   ap_memory|                         matched_I_2|         array|
|matched_I_2_ce0        |  out|    1|   ap_memory|                         matched_I_2|         array|
|matched_I_2_we0        |  out|    1|   ap_memory|                         matched_I_2|         array|
|matched_I_2_d0         |  out|   18|   ap_memory|                         matched_I_2|         array|
|matched_I_2_address1   |  out|    8|   ap_memory|                         matched_I_2|         array|
|matched_I_2_ce1        |  out|    1|   ap_memory|                         matched_I_2|         array|
|matched_I_2_q1         |   in|   18|   ap_memory|                         matched_I_2|         array|
|matched_I_3_address0   |  out|    8|   ap_memory|                         matched_I_3|         array|
|matched_I_3_ce0        |  out|    1|   ap_memory|                         matched_I_3|         array|
|matched_I_3_we0        |  out|    1|   ap_memory|                         matched_I_3|         array|
|matched_I_3_d0         |  out|   18|   ap_memory|                         matched_I_3|         array|
|matched_I_3_address1   |  out|    8|   ap_memory|                         matched_I_3|         array|
|matched_I_3_ce1        |  out|    1|   ap_memory|                         matched_I_3|         array|
|matched_I_3_q1         |   in|   18|   ap_memory|                         matched_I_3|         array|
|matched_I_4_address0   |  out|    8|   ap_memory|                         matched_I_4|         array|
|matched_I_4_ce0        |  out|    1|   ap_memory|                         matched_I_4|         array|
|matched_I_4_we0        |  out|    1|   ap_memory|                         matched_I_4|         array|
|matched_I_4_d0         |  out|   18|   ap_memory|                         matched_I_4|         array|
|matched_I_4_address1   |  out|    8|   ap_memory|                         matched_I_4|         array|
|matched_I_4_ce1        |  out|    1|   ap_memory|                         matched_I_4|         array|
|matched_I_4_q1         |   in|   18|   ap_memory|                         matched_I_4|         array|
|matched_I_5_address0   |  out|    8|   ap_memory|                         matched_I_5|         array|
|matched_I_5_ce0        |  out|    1|   ap_memory|                         matched_I_5|         array|
|matched_I_5_we0        |  out|    1|   ap_memory|                         matched_I_5|         array|
|matched_I_5_d0         |  out|   18|   ap_memory|                         matched_I_5|         array|
|matched_I_5_address1   |  out|    8|   ap_memory|                         matched_I_5|         array|
|matched_I_5_ce1        |  out|    1|   ap_memory|                         matched_I_5|         array|
|matched_I_5_q1         |   in|   18|   ap_memory|                         matched_I_5|         array|
|matched_I_6_address0   |  out|    8|   ap_memory|                         matched_I_6|         array|
|matched_I_6_ce0        |  out|    1|   ap_memory|                         matched_I_6|         array|
|matched_I_6_we0        |  out|    1|   ap_memory|                         matched_I_6|         array|
|matched_I_6_d0         |  out|   18|   ap_memory|                         matched_I_6|         array|
|matched_I_6_address1   |  out|    8|   ap_memory|                         matched_I_6|         array|
|matched_I_6_ce1        |  out|    1|   ap_memory|                         matched_I_6|         array|
|matched_I_6_q1         |   in|   18|   ap_memory|                         matched_I_6|         array|
|matched_I_7_address0   |  out|    8|   ap_memory|                         matched_I_7|         array|
|matched_I_7_ce0        |  out|    1|   ap_memory|                         matched_I_7|         array|
|matched_I_7_we0        |  out|    1|   ap_memory|                         matched_I_7|         array|
|matched_I_7_d0         |  out|   18|   ap_memory|                         matched_I_7|         array|
|matched_I_7_address1   |  out|    8|   ap_memory|                         matched_I_7|         array|
|matched_I_7_ce1        |  out|    1|   ap_memory|                         matched_I_7|         array|
|matched_I_7_q1         |   in|   18|   ap_memory|                         matched_I_7|         array|
|matched_I_8_address0   |  out|    8|   ap_memory|                         matched_I_8|         array|
|matched_I_8_ce0        |  out|    1|   ap_memory|                         matched_I_8|         array|
|matched_I_8_we0        |  out|    1|   ap_memory|                         matched_I_8|         array|
|matched_I_8_d0         |  out|   18|   ap_memory|                         matched_I_8|         array|
|matched_I_8_address1   |  out|    8|   ap_memory|                         matched_I_8|         array|
|matched_I_8_ce1        |  out|    1|   ap_memory|                         matched_I_8|         array|
|matched_I_8_q1         |   in|   18|   ap_memory|                         matched_I_8|         array|
|matched_I_9_address0   |  out|    8|   ap_memory|                         matched_I_9|         array|
|matched_I_9_ce0        |  out|    1|   ap_memory|                         matched_I_9|         array|
|matched_I_9_we0        |  out|    1|   ap_memory|                         matched_I_9|         array|
|matched_I_9_d0         |  out|   18|   ap_memory|                         matched_I_9|         array|
|matched_I_9_address1   |  out|    8|   ap_memory|                         matched_I_9|         array|
|matched_I_9_ce1        |  out|    1|   ap_memory|                         matched_I_9|         array|
|matched_I_9_q1         |   in|   18|   ap_memory|                         matched_I_9|         array|
|matched_I_10_address0  |  out|    8|   ap_memory|                        matched_I_10|         array|
|matched_I_10_ce0       |  out|    1|   ap_memory|                        matched_I_10|         array|
|matched_I_10_we0       |  out|    1|   ap_memory|                        matched_I_10|         array|
|matched_I_10_d0        |  out|   18|   ap_memory|                        matched_I_10|         array|
|matched_I_10_address1  |  out|    8|   ap_memory|                        matched_I_10|         array|
|matched_I_10_ce1       |  out|    1|   ap_memory|                        matched_I_10|         array|
|matched_I_10_q1        |   in|   18|   ap_memory|                        matched_I_10|         array|
|matched_I_11_address0  |  out|    8|   ap_memory|                        matched_I_11|         array|
|matched_I_11_ce0       |  out|    1|   ap_memory|                        matched_I_11|         array|
|matched_I_11_we0       |  out|    1|   ap_memory|                        matched_I_11|         array|
|matched_I_11_d0        |  out|   18|   ap_memory|                        matched_I_11|         array|
|matched_I_11_address1  |  out|    8|   ap_memory|                        matched_I_11|         array|
|matched_I_11_ce1       |  out|    1|   ap_memory|                        matched_I_11|         array|
|matched_I_11_q1        |   in|   18|   ap_memory|                        matched_I_11|         array|
|matched_I_0_address0   |  out|    8|   ap_memory|                         matched_I_0|         array|
|matched_I_0_ce0        |  out|    1|   ap_memory|                         matched_I_0|         array|
|matched_I_0_we0        |  out|    1|   ap_memory|                         matched_I_0|         array|
|matched_I_0_d0         |  out|   18|   ap_memory|                         matched_I_0|         array|
|matched_I_0_address1   |  out|    8|   ap_memory|                         matched_I_0|         array|
|matched_I_0_ce1        |  out|    1|   ap_memory|                         matched_I_0|         array|
|matched_I_0_q1         |   in|   18|   ap_memory|                         matched_I_0|         array|
|matched_Q_11_address0  |  out|    8|   ap_memory|                        matched_Q_11|         array|
|matched_Q_11_ce0       |  out|    1|   ap_memory|                        matched_Q_11|         array|
|matched_Q_11_we0       |  out|    1|   ap_memory|                        matched_Q_11|         array|
|matched_Q_11_d0        |  out|   18|   ap_memory|                        matched_Q_11|         array|
|matched_Q_11_address1  |  out|    8|   ap_memory|                        matched_Q_11|         array|
|matched_Q_11_ce1       |  out|    1|   ap_memory|                        matched_Q_11|         array|
|matched_Q_11_q1        |   in|   18|   ap_memory|                        matched_Q_11|         array|
|matched_Q_1_address0   |  out|    8|   ap_memory|                         matched_Q_1|         array|
|matched_Q_1_ce0        |  out|    1|   ap_memory|                         matched_Q_1|         array|
|matched_Q_1_we0        |  out|    1|   ap_memory|                         matched_Q_1|         array|
|matched_Q_1_d0         |  out|   18|   ap_memory|                         matched_Q_1|         array|
|matched_Q_1_address1   |  out|    8|   ap_memory|                         matched_Q_1|         array|
|matched_Q_1_ce1        |  out|    1|   ap_memory|                         matched_Q_1|         array|
|matched_Q_1_q1         |   in|   18|   ap_memory|                         matched_Q_1|         array|
|matched_Q_0_address0   |  out|    8|   ap_memory|                         matched_Q_0|         array|
|matched_Q_0_ce0        |  out|    1|   ap_memory|                         matched_Q_0|         array|
|matched_Q_0_we0        |  out|    1|   ap_memory|                         matched_Q_0|         array|
|matched_Q_0_d0         |  out|   18|   ap_memory|                         matched_Q_0|         array|
|matched_Q_0_address1   |  out|    8|   ap_memory|                         matched_Q_0|         array|
|matched_Q_0_ce1        |  out|    1|   ap_memory|                         matched_Q_0|         array|
|matched_Q_0_q1         |   in|   18|   ap_memory|                         matched_Q_0|         array|
|matched_Q_2_address0   |  out|    8|   ap_memory|                         matched_Q_2|         array|
|matched_Q_2_ce0        |  out|    1|   ap_memory|                         matched_Q_2|         array|
|matched_Q_2_we0        |  out|    1|   ap_memory|                         matched_Q_2|         array|
|matched_Q_2_d0         |  out|   18|   ap_memory|                         matched_Q_2|         array|
|matched_Q_2_address1   |  out|    8|   ap_memory|                         matched_Q_2|         array|
|matched_Q_2_ce1        |  out|    1|   ap_memory|                         matched_Q_2|         array|
|matched_Q_2_q1         |   in|   18|   ap_memory|                         matched_Q_2|         array|
|matched_Q_3_address0   |  out|    8|   ap_memory|                         matched_Q_3|         array|
|matched_Q_3_ce0        |  out|    1|   ap_memory|                         matched_Q_3|         array|
|matched_Q_3_we0        |  out|    1|   ap_memory|                         matched_Q_3|         array|
|matched_Q_3_d0         |  out|   18|   ap_memory|                         matched_Q_3|         array|
|matched_Q_3_address1   |  out|    8|   ap_memory|                         matched_Q_3|         array|
|matched_Q_3_ce1        |  out|    1|   ap_memory|                         matched_Q_3|         array|
|matched_Q_3_q1         |   in|   18|   ap_memory|                         matched_Q_3|         array|
|matched_Q_4_address0   |  out|    8|   ap_memory|                         matched_Q_4|         array|
|matched_Q_4_ce0        |  out|    1|   ap_memory|                         matched_Q_4|         array|
|matched_Q_4_we0        |  out|    1|   ap_memory|                         matched_Q_4|         array|
|matched_Q_4_d0         |  out|   18|   ap_memory|                         matched_Q_4|         array|
|matched_Q_4_address1   |  out|    8|   ap_memory|                         matched_Q_4|         array|
|matched_Q_4_ce1        |  out|    1|   ap_memory|                         matched_Q_4|         array|
|matched_Q_4_q1         |   in|   18|   ap_memory|                         matched_Q_4|         array|
|matched_Q_5_address0   |  out|    8|   ap_memory|                         matched_Q_5|         array|
|matched_Q_5_ce0        |  out|    1|   ap_memory|                         matched_Q_5|         array|
|matched_Q_5_we0        |  out|    1|   ap_memory|                         matched_Q_5|         array|
|matched_Q_5_d0         |  out|   18|   ap_memory|                         matched_Q_5|         array|
|matched_Q_5_address1   |  out|    8|   ap_memory|                         matched_Q_5|         array|
|matched_Q_5_ce1        |  out|    1|   ap_memory|                         matched_Q_5|         array|
|matched_Q_5_q1         |   in|   18|   ap_memory|                         matched_Q_5|         array|
|matched_Q_6_address0   |  out|    8|   ap_memory|                         matched_Q_6|         array|
|matched_Q_6_ce0        |  out|    1|   ap_memory|                         matched_Q_6|         array|
|matched_Q_6_we0        |  out|    1|   ap_memory|                         matched_Q_6|         array|
|matched_Q_6_d0         |  out|   18|   ap_memory|                         matched_Q_6|         array|
|matched_Q_6_address1   |  out|    8|   ap_memory|                         matched_Q_6|         array|
|matched_Q_6_ce1        |  out|    1|   ap_memory|                         matched_Q_6|         array|
|matched_Q_6_q1         |   in|   18|   ap_memory|                         matched_Q_6|         array|
|matched_Q_7_address0   |  out|    8|   ap_memory|                         matched_Q_7|         array|
|matched_Q_7_ce0        |  out|    1|   ap_memory|                         matched_Q_7|         array|
|matched_Q_7_we0        |  out|    1|   ap_memory|                         matched_Q_7|         array|
|matched_Q_7_d0         |  out|   18|   ap_memory|                         matched_Q_7|         array|
|matched_Q_7_address1   |  out|    8|   ap_memory|                         matched_Q_7|         array|
|matched_Q_7_ce1        |  out|    1|   ap_memory|                         matched_Q_7|         array|
|matched_Q_7_q1         |   in|   18|   ap_memory|                         matched_Q_7|         array|
|matched_Q_8_address0   |  out|    8|   ap_memory|                         matched_Q_8|         array|
|matched_Q_8_ce0        |  out|    1|   ap_memory|                         matched_Q_8|         array|
|matched_Q_8_we0        |  out|    1|   ap_memory|                         matched_Q_8|         array|
|matched_Q_8_d0         |  out|   18|   ap_memory|                         matched_Q_8|         array|
|matched_Q_8_address1   |  out|    8|   ap_memory|                         matched_Q_8|         array|
|matched_Q_8_ce1        |  out|    1|   ap_memory|                         matched_Q_8|         array|
|matched_Q_8_q1         |   in|   18|   ap_memory|                         matched_Q_8|         array|
|matched_Q_9_address0   |  out|    8|   ap_memory|                         matched_Q_9|         array|
|matched_Q_9_ce0        |  out|    1|   ap_memory|                         matched_Q_9|         array|
|matched_Q_9_we0        |  out|    1|   ap_memory|                         matched_Q_9|         array|
|matched_Q_9_d0         |  out|   18|   ap_memory|                         matched_Q_9|         array|
|matched_Q_9_address1   |  out|    8|   ap_memory|                         matched_Q_9|         array|
|matched_Q_9_ce1        |  out|    1|   ap_memory|                         matched_Q_9|         array|
|matched_Q_9_q1         |   in|   18|   ap_memory|                         matched_Q_9|         array|
|matched_Q_10_address0  |  out|    8|   ap_memory|                        matched_Q_10|         array|
|matched_Q_10_ce0       |  out|    1|   ap_memory|                        matched_Q_10|         array|
|matched_Q_10_we0       |  out|    1|   ap_memory|                        matched_Q_10|         array|
|matched_Q_10_d0        |  out|   18|   ap_memory|                        matched_Q_10|         array|
|matched_Q_10_address1  |  out|    8|   ap_memory|                        matched_Q_10|         array|
|matched_Q_10_ce1       |  out|    1|   ap_memory|                        matched_Q_10|         array|
|matched_Q_10_q1        |   in|   18|   ap_memory|                        matched_Q_10|         array|
|matched_I_12_address0  |  out|    8|   ap_memory|                        matched_I_12|         array|
|matched_I_12_ce0       |  out|    1|   ap_memory|                        matched_I_12|         array|
|matched_I_12_we0       |  out|    1|   ap_memory|                        matched_I_12|         array|
|matched_I_12_d0        |  out|   18|   ap_memory|                        matched_I_12|         array|
|matched_I_12_address1  |  out|    8|   ap_memory|                        matched_I_12|         array|
|matched_I_12_ce1       |  out|    1|   ap_memory|                        matched_I_12|         array|
|matched_I_12_q1        |   in|   18|   ap_memory|                        matched_I_12|         array|
|matched_I_13_address0  |  out|    8|   ap_memory|                        matched_I_13|         array|
|matched_I_13_ce0       |  out|    1|   ap_memory|                        matched_I_13|         array|
|matched_I_13_we0       |  out|    1|   ap_memory|                        matched_I_13|         array|
|matched_I_13_d0        |  out|   18|   ap_memory|                        matched_I_13|         array|
|matched_I_13_address1  |  out|    8|   ap_memory|                        matched_I_13|         array|
|matched_I_13_ce1       |  out|    1|   ap_memory|                        matched_I_13|         array|
|matched_I_13_q1        |   in|   18|   ap_memory|                        matched_I_13|         array|
|matched_I_14_address0  |  out|    8|   ap_memory|                        matched_I_14|         array|
|matched_I_14_ce0       |  out|    1|   ap_memory|                        matched_I_14|         array|
|matched_I_14_we0       |  out|    1|   ap_memory|                        matched_I_14|         array|
|matched_I_14_d0        |  out|   18|   ap_memory|                        matched_I_14|         array|
|matched_I_14_address1  |  out|    8|   ap_memory|                        matched_I_14|         array|
|matched_I_14_ce1       |  out|    1|   ap_memory|                        matched_I_14|         array|
|matched_I_14_q1        |   in|   18|   ap_memory|                        matched_I_14|         array|
|matched_I_15_address0  |  out|    8|   ap_memory|                        matched_I_15|         array|
|matched_I_15_ce0       |  out|    1|   ap_memory|                        matched_I_15|         array|
|matched_I_15_we0       |  out|    1|   ap_memory|                        matched_I_15|         array|
|matched_I_15_d0        |  out|   18|   ap_memory|                        matched_I_15|         array|
|matched_I_15_address1  |  out|    8|   ap_memory|                        matched_I_15|         array|
|matched_I_15_ce1       |  out|    1|   ap_memory|                        matched_I_15|         array|
|matched_I_15_q1        |   in|   18|   ap_memory|                        matched_I_15|         array|
|matched_Q_12_address0  |  out|    8|   ap_memory|                        matched_Q_12|         array|
|matched_Q_12_ce0       |  out|    1|   ap_memory|                        matched_Q_12|         array|
|matched_Q_12_we0       |  out|    1|   ap_memory|                        matched_Q_12|         array|
|matched_Q_12_d0        |  out|   18|   ap_memory|                        matched_Q_12|         array|
|matched_Q_12_address1  |  out|    8|   ap_memory|                        matched_Q_12|         array|
|matched_Q_12_ce1       |  out|    1|   ap_memory|                        matched_Q_12|         array|
|matched_Q_12_q1        |   in|   18|   ap_memory|                        matched_Q_12|         array|
|matched_Q_13_address0  |  out|    8|   ap_memory|                        matched_Q_13|         array|
|matched_Q_13_ce0       |  out|    1|   ap_memory|                        matched_Q_13|         array|
|matched_Q_13_we0       |  out|    1|   ap_memory|                        matched_Q_13|         array|
|matched_Q_13_d0        |  out|   18|   ap_memory|                        matched_Q_13|         array|
|matched_Q_13_address1  |  out|    8|   ap_memory|                        matched_Q_13|         array|
|matched_Q_13_ce1       |  out|    1|   ap_memory|                        matched_Q_13|         array|
|matched_Q_13_q1        |   in|   18|   ap_memory|                        matched_Q_13|         array|
|matched_Q_14_address0  |  out|    8|   ap_memory|                        matched_Q_14|         array|
|matched_Q_14_ce0       |  out|    1|   ap_memory|                        matched_Q_14|         array|
|matched_Q_14_we0       |  out|    1|   ap_memory|                        matched_Q_14|         array|
|matched_Q_14_d0        |  out|   18|   ap_memory|                        matched_Q_14|         array|
|matched_Q_14_address1  |  out|    8|   ap_memory|                        matched_Q_14|         array|
|matched_Q_14_ce1       |  out|    1|   ap_memory|                        matched_Q_14|         array|
|matched_Q_14_q1        |   in|   18|   ap_memory|                        matched_Q_14|         array|
|matched_Q_15_address0  |  out|    8|   ap_memory|                        matched_Q_15|         array|
|matched_Q_15_ce0       |  out|    1|   ap_memory|                        matched_Q_15|         array|
|matched_Q_15_we0       |  out|    1|   ap_memory|                        matched_Q_15|         array|
|matched_Q_15_d0        |  out|   18|   ap_memory|                        matched_Q_15|         array|
|matched_Q_15_address1  |  out|    8|   ap_memory|                        matched_Q_15|         array|
|matched_Q_15_ce1       |  out|    1|   ap_memory|                        matched_Q_15|         array|
|matched_Q_15_q1        |   in|   18|   ap_memory|                        matched_Q_15|         array|
+-----------------------+-----+-----+------------+------------------------------------+--------------+

