

================================================================
== Vitis HLS Report for 'receiver_Pipeline_VITIS_LOOP_191_15'
================================================================
* Date:           Thu May  2 22:09:53 2024

* Version:        2023.1 (Build 3854077 on May  4 2023)
* Project:        receiver
* Solution:       solution1 (Vivado IP Flow Target)
* Product family: zynq
* Target device:  xc7z020-clg400-1


================================================================
== Performance Estimates
================================================================
+ Timing: 
    * Summary: 
    +--------+---------+----------+------------+
    |  Clock |  Target | Estimated| Uncertainty|
    +--------+---------+----------+------------+
    |ap_clk  |  8.00 ns|  4.696 ns|     2.16 ns|
    +--------+---------+----------+------------+

+ Latency: 
    * Summary: 
    +---------+---------+----------+----------+-----+-----+---------+
    |  Latency (cycles) |  Latency (absolute) |  Interval | Pipeline|
    |   min   |   max   |    min   |    max   | min | max |   Type  |
    +---------+---------+----------+----------+-----+-----+---------+
    |       21|       21|  0.168 us|  0.168 us|   21|   21|       no|
    +---------+---------+----------+----------+-----+-----+---------+

    + Detail: 
        * Instance: 
        N/A

        * Loop: 
        +---------------------+---------+---------+----------+-----------+-----------+------+----------+
        |                     |  Latency (cycles) | Iteration|  Initiation Interval  | Trip |          |
        |      Loop Name      |   min   |   max   |  Latency |  achieved |   target  | Count| Pipelined|
        +---------------------+---------+---------+----------+-----------+-----------+------+----------+
        |- VITIS_LOOP_191_15  |       19|       19|         3|          1|          1|    17|       yes|
        +---------------------+---------+---------+----------+-----------+-----------+------+----------+



================================================================
== Utilization Estimates
================================================================
* Summary: 
+-----------------+---------+-----+--------+-------+-----+
|       Name      | BRAM_18K| DSP |   FF   |  LUT  | URAM|
+-----------------+---------+-----+--------+-------+-----+
|DSP              |        -|    -|       -|      -|    -|
|Expression       |        -|    -|       0|    589|    -|
|FIFO             |        -|    -|       -|      -|    -|
|Instance         |        -|    -|       -|      -|    -|
|Memory           |        -|    -|       -|      -|    -|
|Multiplexer      |        -|    -|       -|     36|    -|
|Register         |        -|    -|     459|      -|    -|
+-----------------+---------+-----+--------+-------+-----+
|Total            |        0|    0|     459|    625|    0|
+-----------------+---------+-----+--------+-------+-----+
|Available        |      280|  220|  106400|  53200|    0|
+-----------------+---------+-----+--------+-------+-----+
|Utilization (%)  |        0|    0|      ~0|      1|    0|
+-----------------+---------+-----+--------+-------+-----+

+ Detail: 
    * Instance: 
    N/A

    * DSP: 
    N/A

    * Memory: 
    N/A

    * FIFO: 
    N/A

    * Expression: 
    +------------------------+----------+----+---+----+------------+------------+
    |      Variable Name     | Operation| DSP| FF| LUT| Bitwidth P0| Bitwidth P1|
    +------------------------+----------+----+---+----+------------+------------+
    |add_ln191_fu_802_p2     |         +|   0|  0|  14|           9|           5|
    |add_ln193_1_fu_835_p2   |         +|   0|  0|  34|          27|          27|
    |add_ln193_2_fu_849_p2   |         +|   0|  0|  34|          27|          27|
    |add_ln193_3_fu_863_p2   |         +|   0|  0|  34|          27|          27|
    |add_ln193_4_fu_933_p2   |         +|   0|  0|  34|          27|          27|
    |add_ln193_5_fu_947_p2   |         +|   0|  0|  34|          27|          27|
    |add_ln193_6_fu_961_p2   |         +|   0|  0|  34|          27|          27|
    |add_ln193_7_fu_975_p2   |         +|   0|  0|  34|          27|          27|
    |add_ln193_fu_821_p2     |         +|   0|  0|  34|          27|          27|
    |add_ln194_1_fu_891_p2   |         +|   0|  0|  34|          27|          27|
    |add_ln194_2_fu_905_p2   |         +|   0|  0|  34|          27|          27|
    |add_ln194_3_fu_919_p2   |         +|   0|  0|  34|          27|          27|
    |add_ln194_4_fu_989_p2   |         +|   0|  0|  34|          27|          27|
    |add_ln194_5_fu_1003_p2  |         +|   0|  0|  34|          27|          27|
    |add_ln194_6_fu_1017_p2  |         +|   0|  0|  34|          27|          27|
    |add_ln194_7_fu_1031_p2  |         +|   0|  0|  34|          27|          27|
    |add_ln194_fu_877_p2     |         +|   0|  0|  34|          27|          27|
    |icmp_ln191_fu_770_p2    |      icmp|   0|  0|  14|           9|           9|
    |or_ln191_1_fu_776_p2    |        or|   0|  0|   6|           6|           1|
    |or_ln191_fu_764_p2      |        or|   0|  0|   9|           9|           4|
    |ap_enable_pp0           |       xor|   0|  0|   2|           1|           2|
    +------------------------+----------+----+---+----+------------+------------+
    |Total                   |          |   0|  0| 589|         466|         453|
    +------------------------+----------+----+---+----+------------+------------+

    * Multiplexer: 
    +----------------------------------+----+-----------+-----+-----------+
    |               Name               | LUT| Input Size| Bits| Total Bits|
    +----------------------------------+----+-----------+-----+-----------+
    |ap_done_int                       |   9|          2|    1|          2|
    |ap_loop_exit_ready_pp0_iter2_reg  |   9|          2|    1|          2|
    |ap_sig_allocacmp_i_10             |   9|          2|    9|         18|
    |i_fu_104                          |   9|          2|    9|         18|
    +----------------------------------+----+-----------+-----+-----------+
    |Total                             |  36|          8|   20|         40|
    +----------------------------------+----+-----------+-----+-----------+

    * Register: 
    +-----------------------------------+----+----+-----+-----------+
    |                Name               | FF | LUT| Bits| Const Bits|
    +-----------------------------------+----+----+-----+-----------+
    |add_ln193_1_reg_1237               |  27|   0|   27|          0|
    |add_ln193_2_reg_1242               |  27|   0|   27|          0|
    |add_ln193_3_reg_1247               |  27|   0|   27|          0|
    |add_ln193_4_reg_1272               |  27|   0|   27|          0|
    |add_ln193_5_reg_1277               |  27|   0|   27|          0|
    |add_ln193_6_reg_1282               |  27|   0|   27|          0|
    |add_ln193_7_reg_1287               |  27|   0|   27|          0|
    |add_ln193_reg_1232                 |  27|   0|   27|          0|
    |add_ln194_1_reg_1257               |  27|   0|   27|          0|
    |add_ln194_2_reg_1262               |  27|   0|   27|          0|
    |add_ln194_3_reg_1267               |  27|   0|   27|          0|
    |add_ln194_4_reg_1292               |  27|   0|   27|          0|
    |add_ln194_5_reg_1297               |  27|   0|   27|          0|
    |add_ln194_6_reg_1302               |  27|   0|   27|          0|
    |add_ln194_7_reg_1307               |  27|   0|   27|          0|
    |add_ln194_reg_1252                 |  27|   0|   27|          0|
    |ap_CS_fsm                          |   1|   0|    1|          0|
    |ap_done_reg                        |   1|   0|    1|          0|
    |ap_enable_reg_pp0_iter1            |   1|   0|    1|          0|
    |ap_enable_reg_pp0_iter2            |   1|   0|    1|          0|
    |ap_loop_exit_ready_pp0_iter1_reg   |   1|   0|    1|          0|
    |ap_loop_exit_ready_pp0_iter2_reg   |   1|   0|    1|          0|
    |i_fu_104                           |   9|   0|    9|          0|
    |icmp_ln191_reg_1148                |   1|   0|    1|          0|
    |icmp_ln191_reg_1148_pp0_iter1_reg  |   1|   0|    1|          0|
    |lshr_ln1_reg_1073                  |   5|   0|    5|          0|
    |lshr_ln1_reg_1073_pp0_iter1_reg    |   5|   0|    5|          0|
    +-----------------------------------+----+----+-----+-----------+
    |Total                              | 459|   0|  459|          0|
    +-----------------------------------+----+----+-----+-----------+



================================================================
== Interface
================================================================
* Summary: 
+--------------------+-----+-----+------------+-------------------------------------+--------------+
|      RTL Ports     | Dir | Bits|  Protocol  |            Source Object            |    C Type    |
+--------------------+-----+-----+------------+-------------------------------------+--------------+
|ap_clk              |   in|    1|  ap_ctrl_hs|  receiver_Pipeline_VITIS_LOOP_191_15|  return value|
|ap_rst              |   in|    1|  ap_ctrl_hs|  receiver_Pipeline_VITIS_LOOP_191_15|  return value|
|ap_start            |   in|    1|  ap_ctrl_hs|  receiver_Pipeline_VITIS_LOOP_191_15|  return value|
|ap_done             |  out|    1|  ap_ctrl_hs|  receiver_Pipeline_VITIS_LOOP_191_15|  return value|
|ap_idle             |  out|    1|  ap_ctrl_hs|  receiver_Pipeline_VITIS_LOOP_191_15|  return value|
|ap_ready            |  out|    1|  ap_ctrl_hs|  receiver_Pipeline_VITIS_LOOP_191_15|  return value|
|arr_3_I_address0    |  out|    6|   ap_memory|                              arr_3_I|         array|
|arr_3_I_ce0         |  out|    1|   ap_memory|                              arr_3_I|         array|
|arr_3_I_q0          |   in|   26|   ap_memory|                              arr_3_I|         array|
|arr_3_I_address1    |  out|    6|   ap_memory|                              arr_3_I|         array|
|arr_3_I_ce1         |  out|    1|   ap_memory|                              arr_3_I|         array|
|arr_3_I_q1          |   in|   26|   ap_memory|                              arr_3_I|         array|
|arr_3_I_1_address0  |  out|    6|   ap_memory|                            arr_3_I_1|         array|
|arr_3_I_1_ce0       |  out|    1|   ap_memory|                            arr_3_I_1|         array|
|arr_3_I_1_q0        |   in|   26|   ap_memory|                            arr_3_I_1|         array|
|arr_3_I_1_address1  |  out|    6|   ap_memory|                            arr_3_I_1|         array|
|arr_3_I_1_ce1       |  out|    1|   ap_memory|                            arr_3_I_1|         array|
|arr_3_I_1_q1        |   in|   26|   ap_memory|                            arr_3_I_1|         array|
|arr_4_I_address0    |  out|    5|   ap_memory|                              arr_4_I|         array|
|arr_4_I_ce0         |  out|    1|   ap_memory|                              arr_4_I|         array|
|arr_4_I_we0         |  out|    1|   ap_memory|                              arr_4_I|         array|
|arr_4_I_d0          |  out|   27|   ap_memory|                              arr_4_I|         array|
|arr_3_Q_address0    |  out|    6|   ap_memory|                              arr_3_Q|         array|
|arr_3_Q_ce0         |  out|    1|   ap_memory|                              arr_3_Q|         array|
|arr_3_Q_q0          |   in|   26|   ap_memory|                              arr_3_Q|         array|
|arr_3_Q_address1    |  out|    6|   ap_memory|                              arr_3_Q|         array|
|arr_3_Q_ce1         |  out|    1|   ap_memory|                              arr_3_Q|         array|
|arr_3_Q_q1          |   in|   26|   ap_memory|                              arr_3_Q|         array|
|arr_3_Q_1_address0  |  out|    6|   ap_memory|                            arr_3_Q_1|         array|
|arr_3_Q_1_ce0       |  out|    1|   ap_memory|                            arr_3_Q_1|         array|
|arr_3_Q_1_q0        |   in|   26|   ap_memory|                            arr_3_Q_1|         array|
|arr_3_Q_1_address1  |  out|    6|   ap_memory|                            arr_3_Q_1|         array|
|arr_3_Q_1_ce1       |  out|    1|   ap_memory|                            arr_3_Q_1|         array|
|arr_3_Q_1_q1        |   in|   26|   ap_memory|                            arr_3_Q_1|         array|
|arr_4_Q_address0    |  out|    5|   ap_memory|                              arr_4_Q|         array|
|arr_4_Q_ce0         |  out|    1|   ap_memory|                              arr_4_Q|         array|
|arr_4_Q_we0         |  out|    1|   ap_memory|                              arr_4_Q|         array|
|arr_4_Q_d0          |  out|   27|   ap_memory|                              arr_4_Q|         array|
|arr_3_I_2_address0  |  out|    6|   ap_memory|                            arr_3_I_2|         array|
|arr_3_I_2_ce0       |  out|    1|   ap_memory|                            arr_3_I_2|         array|
|arr_3_I_2_q0        |   in|   26|   ap_memory|                            arr_3_I_2|         array|
|arr_3_I_2_address1  |  out|    6|   ap_memory|                            arr_3_I_2|         array|
|arr_3_I_2_ce1       |  out|    1|   ap_memory|                            arr_3_I_2|         array|
|arr_3_I_2_q1        |   in|   26|   ap_memory|                            arr_3_I_2|         array|
|arr_3_I_3_address0  |  out|    6|   ap_memory|                            arr_3_I_3|         array|
|arr_3_I_3_ce0       |  out|    1|   ap_memory|                            arr_3_I_3|         array|
|arr_3_I_3_q0        |   in|   26|   ap_memory|                            arr_3_I_3|         array|
|arr_3_I_3_address1  |  out|    6|   ap_memory|                            arr_3_I_3|         array|
|arr_3_I_3_ce1       |  out|    1|   ap_memory|                            arr_3_I_3|         array|
|arr_3_I_3_q1        |   in|   26|   ap_memory|                            arr_3_I_3|         array|
|arr_4_I_1_address0  |  out|    5|   ap_memory|                            arr_4_I_1|         array|
|arr_4_I_1_ce0       |  out|    1|   ap_memory|                            arr_4_I_1|         array|
|arr_4_I_1_we0       |  out|    1|   ap_memory|                            arr_4_I_1|         array|
|arr_4_I_1_d0        |  out|   27|   ap_memory|                            arr_4_I_1|         array|
|arr_3_Q_2_address0  |  out|    6|   ap_memory|                            arr_3_Q_2|         array|
|arr_3_Q_2_ce0       |  out|    1|   ap_memory|                            arr_3_Q_2|         array|
|arr_3_Q_2_q0        |   in|   26|   ap_memory|                            arr_3_Q_2|         array|
|arr_3_Q_2_address1  |  out|    6|   ap_memory|                            arr_3_Q_2|         array|
|arr_3_Q_2_ce1       |  out|    1|   ap_memory|                            arr_3_Q_2|         array|
|arr_3_Q_2_q1        |   in|   26|   ap_memory|                            arr_3_Q_2|         array|
|arr_3_Q_3_address0  |  out|    6|   ap_memory|                            arr_3_Q_3|         array|
|arr_3_Q_3_ce0       |  out|    1|   ap_memory|                            arr_3_Q_3|         array|
|arr_3_Q_3_q0        |   in|   26|   ap_memory|                            arr_3_Q_3|         array|
|arr_3_Q_3_address1  |  out|    6|   ap_memory|                            arr_3_Q_3|         array|
|arr_3_Q_3_ce1       |  out|    1|   ap_memory|                            arr_3_Q_3|         array|
|arr_3_Q_3_q1        |   in|   26|   ap_memory|                            arr_3_Q_3|         array|
|arr_4_Q_1_address0  |  out|    5|   ap_memory|                            arr_4_Q_1|         array|
|arr_4_Q_1_ce0       |  out|    1|   ap_memory|                            arr_4_Q_1|         array|
|arr_4_Q_1_we0       |  out|    1|   ap_memory|                            arr_4_Q_1|         array|
|arr_4_Q_1_d0        |  out|   27|   ap_memory|                            arr_4_Q_1|         array|
|arr_3_I_4_address0  |  out|    6|   ap_memory|                            arr_3_I_4|         array|
|arr_3_I_4_ce0       |  out|    1|   ap_memory|                            arr_3_I_4|         array|
|arr_3_I_4_q0        |   in|   26|   ap_memory|                            arr_3_I_4|         array|
|arr_3_I_4_address1  |  out|    6|   ap_memory|                            arr_3_I_4|         array|
|arr_3_I_4_ce1       |  out|    1|   ap_memory|                            arr_3_I_4|         array|
|arr_3_I_4_q1        |   in|   26|   ap_memory|                            arr_3_I_4|         array|
|arr_3_I_5_address0  |  out|    6|   ap_memory|                            arr_3_I_5|         array|
|arr_3_I_5_ce0       |  out|    1|   ap_memory|                            arr_3_I_5|         array|
|arr_3_I_5_q0        |   in|   26|   ap_memory|                            arr_3_I_5|         array|
|arr_3_I_5_address1  |  out|    6|   ap_memory|                            arr_3_I_5|         array|
|arr_3_I_5_ce1       |  out|    1|   ap_memory|                            arr_3_I_5|         array|
|arr_3_I_5_q1        |   in|   26|   ap_memory|                            arr_3_I_5|         array|
|arr_4_I_2_address0  |  out|    5|   ap_memory|                            arr_4_I_2|         array|
|arr_4_I_2_ce0       |  out|    1|   ap_memory|                            arr_4_I_2|         array|
|arr_4_I_2_we0       |  out|    1|   ap_memory|                            arr_4_I_2|         array|
|arr_4_I_2_d0        |  out|   27|   ap_memory|                            arr_4_I_2|         array|
|arr_3_Q_4_address0  |  out|    6|   ap_memory|                            arr_3_Q_4|         array|
|arr_3_Q_4_ce0       |  out|    1|   ap_memory|                            arr_3_Q_4|         array|
|arr_3_Q_4_q0        |   in|   26|   ap_memory|                            arr_3_Q_4|         array|
|arr_3_Q_4_address1  |  out|    6|   ap_memory|                            arr_3_Q_4|         array|
|arr_3_Q_4_ce1       |  out|    1|   ap_memory|                            arr_3_Q_4|         array|
|arr_3_Q_4_q1        |   in|   26|   ap_memory|                            arr_3_Q_4|         array|
|arr_3_Q_5_address0  |  out|    6|   ap_memory|                            arr_3_Q_5|         array|
|arr_3_Q_5_ce0       |  out|    1|   ap_memory|                            arr_3_Q_5|         array|
|arr_3_Q_5_q0        |   in|   26|   ap_memory|                            arr_3_Q_5|         array|
|arr_3_Q_5_address1  |  out|    6|   ap_memory|                            arr_3_Q_5|         array|
|arr_3_Q_5_ce1       |  out|    1|   ap_memory|                            arr_3_Q_5|         array|
|arr_3_Q_5_q1        |   in|   26|   ap_memory|                            arr_3_Q_5|         array|
|arr_4_Q_2_address0  |  out|    5|   ap_memory|                            arr_4_Q_2|         array|
|arr_4_Q_2_ce0       |  out|    1|   ap_memory|                            arr_4_Q_2|         array|
|arr_4_Q_2_we0       |  out|    1|   ap_memory|                            arr_4_Q_2|         array|
|arr_4_Q_2_d0        |  out|   27|   ap_memory|                            arr_4_Q_2|         array|
|arr_3_I_6_address0  |  out|    6|   ap_memory|                            arr_3_I_6|         array|
|arr_3_I_6_ce0       |  out|    1|   ap_memory|                            arr_3_I_6|         array|
|arr_3_I_6_q0        |   in|   26|   ap_memory|                            arr_3_I_6|         array|
|arr_3_I_6_address1  |  out|    6|   ap_memory|                            arr_3_I_6|         array|
|arr_3_I_6_ce1       |  out|    1|   ap_memory|                            arr_3_I_6|         array|
|arr_3_I_6_q1        |   in|   26|   ap_memory|                            arr_3_I_6|         array|
|arr_3_I_7_address0  |  out|    6|   ap_memory|                            arr_3_I_7|         array|
|arr_3_I_7_ce0       |  out|    1|   ap_memory|                            arr_3_I_7|         array|
|arr_3_I_7_q0        |   in|   26|   ap_memory|                            arr_3_I_7|         array|
|arr_3_I_7_address1  |  out|    6|   ap_memory|                            arr_3_I_7|         array|
|arr_3_I_7_ce1       |  out|    1|   ap_memory|                            arr_3_I_7|         array|
|arr_3_I_7_q1        |   in|   26|   ap_memory|                            arr_3_I_7|         array|
|arr_4_I_3_address0  |  out|    5|   ap_memory|                            arr_4_I_3|         array|
|arr_4_I_3_ce0       |  out|    1|   ap_memory|                            arr_4_I_3|         array|
|arr_4_I_3_we0       |  out|    1|   ap_memory|                            arr_4_I_3|         array|
|arr_4_I_3_d0        |  out|   27|   ap_memory|                            arr_4_I_3|         array|
|arr_3_Q_6_address0  |  out|    6|   ap_memory|                            arr_3_Q_6|         array|
|arr_3_Q_6_ce0       |  out|    1|   ap_memory|                            arr_3_Q_6|         array|
|arr_3_Q_6_q0        |   in|   26|   ap_memory|                            arr_3_Q_6|         array|
|arr_3_Q_6_address1  |  out|    6|   ap_memory|                            arr_3_Q_6|         array|
|arr_3_Q_6_ce1       |  out|    1|   ap_memory|                            arr_3_Q_6|         array|
|arr_3_Q_6_q1        |   in|   26|   ap_memory|                            arr_3_Q_6|         array|
|arr_3_Q_7_address0  |  out|    6|   ap_memory|                            arr_3_Q_7|         array|
|arr_3_Q_7_ce0       |  out|    1|   ap_memory|                            arr_3_Q_7|         array|
|arr_3_Q_7_q0        |   in|   26|   ap_memory|                            arr_3_Q_7|         array|
|arr_3_Q_7_address1  |  out|    6|   ap_memory|                            arr_3_Q_7|         array|
|arr_3_Q_7_ce1       |  out|    1|   ap_memory|                            arr_3_Q_7|         array|
|arr_3_Q_7_q1        |   in|   26|   ap_memory|                            arr_3_Q_7|         array|
|arr_4_Q_3_address0  |  out|    5|   ap_memory|                            arr_4_Q_3|         array|
|arr_4_Q_3_ce0       |  out|    1|   ap_memory|                            arr_4_Q_3|         array|
|arr_4_Q_3_we0       |  out|    1|   ap_memory|                            arr_4_Q_3|         array|
|arr_4_Q_3_d0        |  out|   27|   ap_memory|                            arr_4_Q_3|         array|
|arr_4_I_4_address0  |  out|    5|   ap_memory|                            arr_4_I_4|         array|
|arr_4_I_4_ce0       |  out|    1|   ap_memory|                            arr_4_I_4|         array|
|arr_4_I_4_we0       |  out|    1|   ap_memory|                            arr_4_I_4|         array|
|arr_4_I_4_d0        |  out|   27|   ap_memory|                            arr_4_I_4|         array|
|arr_4_Q_4_address0  |  out|    5|   ap_memory|                            arr_4_Q_4|         array|
|arr_4_Q_4_ce0       |  out|    1|   ap_memory|                            arr_4_Q_4|         array|
|arr_4_Q_4_we0       |  out|    1|   ap_memory|                            arr_4_Q_4|         array|
|arr_4_Q_4_d0        |  out|   27|   ap_memory|                            arr_4_Q_4|         array|
|arr_4_I_5_address0  |  out|    5|   ap_memory|                            arr_4_I_5|         array|
|arr_4_I_5_ce0       |  out|    1|   ap_memory|                            arr_4_I_5|         array|
|arr_4_I_5_we0       |  out|    1|   ap_memory|                            arr_4_I_5|         array|
|arr_4_I_5_d0        |  out|   27|   ap_memory|                            arr_4_I_5|         array|
|arr_4_Q_5_address0  |  out|    5|   ap_memory|                            arr_4_Q_5|         array|
|arr_4_Q_5_ce0       |  out|    1|   ap_memory|                            arr_4_Q_5|         array|
|arr_4_Q_5_we0       |  out|    1|   ap_memory|                            arr_4_Q_5|         array|
|arr_4_Q_5_d0        |  out|   27|   ap_memory|                            arr_4_Q_5|         array|
|arr_4_I_6_address0  |  out|    5|   ap_memory|                            arr_4_I_6|         array|
|arr_4_I_6_ce0       |  out|    1|   ap_memory|                            arr_4_I_6|         array|
|arr_4_I_6_we0       |  out|    1|   ap_memory|                            arr_4_I_6|         array|
|arr_4_I_6_d0        |  out|   27|   ap_memory|                            arr_4_I_6|         array|
|arr_4_Q_6_address0  |  out|    5|   ap_memory|                            arr_4_Q_6|         array|
|arr_4_Q_6_ce0       |  out|    1|   ap_memory|                            arr_4_Q_6|         array|
|arr_4_Q_6_we0       |  out|    1|   ap_memory|                            arr_4_Q_6|         array|
|arr_4_Q_6_d0        |  out|   27|   ap_memory|                            arr_4_Q_6|         array|
|arr_4_I_7_address0  |  out|    5|   ap_memory|                            arr_4_I_7|         array|
|arr_4_I_7_ce0       |  out|    1|   ap_memory|                            arr_4_I_7|         array|
|arr_4_I_7_we0       |  out|    1|   ap_memory|                            arr_4_I_7|         array|
|arr_4_I_7_d0        |  out|   27|   ap_memory|                            arr_4_I_7|         array|
|arr_4_Q_7_address0  |  out|    5|   ap_memory|                            arr_4_Q_7|         array|
|arr_4_Q_7_ce0       |  out|    1|   ap_memory|                            arr_4_Q_7|         array|
|arr_4_Q_7_we0       |  out|    1|   ap_memory|                            arr_4_Q_7|         array|
|arr_4_Q_7_d0        |  out|   27|   ap_memory|                            arr_4_Q_7|         array|
+--------------------+-----+-----+------------+-------------------------------------+--------------+

