

================================================================
== Vitis HLS Report for 'receiver_Pipeline_VITIS_LOOP_235_18'
================================================================
* Date:           Sat May 11 11:31:40 2024

* Version:        2022.2 (Build 3670227 on Oct 13 2022)
* Project:        receiver
* Solution:       solution1 (Vivado IP Flow Target)
* Product family: zynq
* Target device:  xc7z020-clg400-1


================================================================
== Performance Estimates
================================================================
+ Timing: 
    * Summary: 
    +--------+---------+----------+------------+
    |  Clock |  Target | Estimated| Uncertainty|
    +--------+---------+----------+------------+
    |ap_clk  |  8.00 ns|  4.785 ns|     2.16 ns|
    +--------+---------+----------+------------+

+ Latency: 
    * Summary: 
    +---------+---------+----------+----------+-----+-----+---------+
    |  Latency (cycles) |  Latency (absolute) |  Interval | Pipeline|
    |   min   |   max   |    min   |    max   | min | max |   Type  |
    +---------+---------+----------+----------+-----+-----+---------+
    |       20|       20|  0.160 us|  0.160 us|   20|   20|       no|
    +---------+---------+----------+----------+-----+-----+---------+

    + Detail: 
        * Instance: 
        N/A

        * Loop: 
        +---------------------+---------+---------+----------+-----------+-----------+------+----------+
        |                     |  Latency (cycles) | Iteration|  Initiation Interval  | Trip |          |
        |      Loop Name      |   min   |   max   |  Latency |  achieved |   target  | Count| Pipelined|
        +---------------------+---------+---------+----------+-----------+-----------+------+----------+
        |- VITIS_LOOP_235_18  |       18|       18|         3|          1|          1|    17|       yes|
        +---------------------+---------+---------+----------+-----------+-----------+------+----------+



================================================================
== Utilization Estimates
================================================================
* Summary: 
+-----------------+---------+-----+--------+-------+-----+
|       Name      | BRAM_18K| DSP |   FF   |  LUT  | URAM|
+-----------------+---------+-----+--------+-------+-----+
|DSP              |        -|    -|       -|      -|    -|
|Expression       |        -|    -|       0|    100|    -|
|FIFO             |        -|    -|       -|      -|    -|
|Instance         |        -|    -|       -|      -|    -|
|Memory           |        -|    -|       -|      -|    -|
|Multiplexer      |        -|    -|       -|     36|    -|
|Register         |        -|    -|      81|      -|    -|
+-----------------+---------+-----+--------+-------+-----+
|Total            |        0|    0|      81|    136|    0|
+-----------------+---------+-----+--------+-------+-----+
|Available        |      280|  220|  106400|  53200|    0|
+-----------------+---------+-----+--------+-------+-----+
|Utilization (%)  |        0|    0|      ~0|     ~0|    0|
+-----------------+---------+-----+--------+-------+-----+

+ Detail: 
    * Instance: 
    N/A

    * DSP: 
    N/A

    * Memory: 
    N/A

    * FIFO: 
    N/A

    * Expression: 
    +----------------------+----------+----+---+----+------------+------------+
    |     Variable Name    | Operation| DSP| FF| LUT| Bitwidth P0| Bitwidth P1|
    +----------------------+----------+----+---+----+------------+------------+
    |add_ln235_fu_156_p2   |         +|   0|  0|  14|           6|           2|
    |ret_V_34_fu_189_p2    |         +|   0|  0|  37|          30|          30|
    |ret_V_fu_175_p2       |         +|   0|  0|  37|          30|          30|
    |icmp_ln235_fu_132_p2  |      icmp|   0|  0|  10|           6|           6|
    |ap_enable_pp0         |       xor|   0|  0|   2|           1|           2|
    +----------------------+----------+----+---+----+------------+------------+
    |Total                 |          |   0|  0| 100|          73|          70|
    +----------------------+----------+----+---+----+------------+------------+

    * Multiplexer: 
    +-------------------------+----+-----------+-----+-----------+
    |           Name          | LUT| Input Size| Bits| Total Bits|
    +-------------------------+----+-----------+-----+-----------+
    |ap_done_int              |   9|          2|    1|          2|
    |ap_enable_reg_pp0_iter1  |   9|          2|    1|          2|
    |ap_sig_allocacmp_i_8     |   9|          2|    6|         12|
    |i_fu_42                  |   9|          2|    6|         12|
    +-------------------------+----+-----------+-----+-----------+
    |Total                    |  36|          8|   14|         28|
    +-------------------------+----+-----------+-----+-----------+

    * Register: 
    +----------------------------------+----+----+-----+-----------+
    |               Name               | FF | LUT| Bits| Const Bits|
    +----------------------------------+----+----+-----+-----------+
    |ap_CS_fsm                         |   1|   0|    1|          0|
    |ap_done_reg                       |   1|   0|    1|          0|
    |ap_enable_reg_pp0_iter1           |   1|   0|    1|          0|
    |ap_enable_reg_pp0_iter2           |   1|   0|    1|          0|
    |ap_loop_exit_ready_pp0_iter1_reg  |   1|   0|    1|          0|
    |i_fu_42                           |   6|   0|    6|          0|
    |ret_V_34_reg_237                  |  30|   0|   30|          0|
    |ret_V_reg_232                     |  30|   0|   30|          0|
    |zext_ln813_reg_206                |   5|   0|   64|         59|
    |zext_ln813_reg_206_pp0_iter1_reg  |   5|   0|   64|         59|
    +----------------------------------+----+----+-----+-----------+
    |Total                             |  81|   0|  199|        118|
    +----------------------------------+----+----+-----+-----------+



================================================================
== Interface
================================================================
* Summary: 
+----------------------+-----+-----+------------+-------------------------------------+--------------+
|       RTL Ports      | Dir | Bits|  Protocol  |            Source Object            |    C Type    |
+----------------------+-----+-----+------------+-------------------------------------+--------------+
|ap_clk                |   in|    1|  ap_ctrl_hs|  receiver_Pipeline_VITIS_LOOP_235_18|  return value|
|ap_rst                |   in|    1|  ap_ctrl_hs|  receiver_Pipeline_VITIS_LOOP_235_18|  return value|
|ap_start              |   in|    1|  ap_ctrl_hs|  receiver_Pipeline_VITIS_LOOP_235_18|  return value|
|ap_done               |  out|    1|  ap_ctrl_hs|  receiver_Pipeline_VITIS_LOOP_235_18|  return value|
|ap_idle               |  out|    1|  ap_ctrl_hs|  receiver_Pipeline_VITIS_LOOP_235_18|  return value|
|ap_ready              |  out|    1|  ap_ctrl_hs|  receiver_Pipeline_VITIS_LOOP_235_18|  return value|
|arr_6_I_V_address0    |  out|    5|   ap_memory|                            arr_6_I_V|         array|
|arr_6_I_V_ce0         |  out|    1|   ap_memory|                            arr_6_I_V|         array|
|arr_6_I_V_q0          |   in|   29|   ap_memory|                            arr_6_I_V|         array|
|arr_6_I_V_2_address0  |  out|    5|   ap_memory|                          arr_6_I_V_2|         array|
|arr_6_I_V_2_ce0       |  out|    1|   ap_memory|                          arr_6_I_V_2|         array|
|arr_6_I_V_2_q0        |   in|   29|   ap_memory|                          arr_6_I_V_2|         array|
|arr_7_I_V_address0    |  out|    5|   ap_memory|                            arr_7_I_V|         array|
|arr_7_I_V_ce0         |  out|    1|   ap_memory|                            arr_7_I_V|         array|
|arr_7_I_V_we0         |  out|    1|   ap_memory|                            arr_7_I_V|         array|
|arr_7_I_V_d0          |  out|   30|   ap_memory|                            arr_7_I_V|         array|
|arr_6_Q_V_address0    |  out|    5|   ap_memory|                            arr_6_Q_V|         array|
|arr_6_Q_V_ce0         |  out|    1|   ap_memory|                            arr_6_Q_V|         array|
|arr_6_Q_V_q0          |   in|   29|   ap_memory|                            arr_6_Q_V|         array|
|arr_6_Q_V_2_address0  |  out|    5|   ap_memory|                          arr_6_Q_V_2|         array|
|arr_6_Q_V_2_ce0       |  out|    1|   ap_memory|                          arr_6_Q_V_2|         array|
|arr_6_Q_V_2_q0        |   in|   29|   ap_memory|                          arr_6_Q_V_2|         array|
|arr_7_Q_V_address0    |  out|    5|   ap_memory|                            arr_7_Q_V|         array|
|arr_7_Q_V_ce0         |  out|    1|   ap_memory|                            arr_7_Q_V|         array|
|arr_7_Q_V_we0         |  out|    1|   ap_memory|                            arr_7_Q_V|         array|
|arr_7_Q_V_d0          |  out|   30|   ap_memory|                            arr_7_Q_V|         array|
+----------------------+-----+-----+------------+-------------------------------------+--------------+

