Thu May  2 22:01:19 2024: Running xcd server. This server was built by gradle.
Thu May  2 22:01:19 2024: Server was asked to start on port: '32843'
Thu May  2 22:01:19 2024: Server is using token UUID: '7a41a793-6d77-44b3-af3c-c81b5c3e77df'
Thu May  2 22:01:19 2024: SESSION_MGR: creating session with session uuid: '6d04a3e9-ade5-4ab9-8d63-1f78fcd2ec76' and name 'default'
Thu May  2 22:01:19 2024: Attempting to start server on port '32843'
Thu May  2 22:01:19 2024: XCD main fifo: created main fifo '/tmp/xcdmain7a41a793-6d77-44b3-af3c-c81b5c3e77df', fd read = 13
Thu May  2 22:01:19 2024: Running Dispatch Server
Thu May  2 22:01:19 2024: Version 2.2.0
Thu May  2 22:01:28 2024: Dispatch Server: Accepted socket connection from client
Thu May  2 22:01:28 2024: Starting Socket connection
Thu May  2 22:01:28 2024: EXCHANGE_TOKEN received, server token: 7a41a793-6d77-44b3-af3c-c81b5c3e77df, passed token: 7a41a793-6d77-44b3-af3c-c81b5c3e77df
Thu May  2 22:01:28 2024: SESSION_MGR: creating session with session uuid: '1f349435-0151-482e-854b-d6588871fbeb' and name 'vitis_hls'
Thu May  2 22:01:28 2024: KERNEL_SVC: creating session with uuid: '1f349435-0151-482e-854b-d6588871fbeb' and name 'vitis_hls'
Thu May  2 22:01:28 2024: GUIDANCE_SMGR: creating guidance session with uuid: '1f349435-0151-482e-854b-d6588871fbeb' and name 'vitis_hls'
Thu May  2 22:01:31 2024: STOP_SERVER received, server token: 7a41a793-6d77-44b3-af3c-c81b5c3e77df, passed token: 7a41a793-6d77-44b3-af3c-c81b5c3e77df
Thu May  2 22:01:31 2024: Socket received request to stop server.
Thu May  2 22:01:31 2024: Dispatch Server: do_await_stop
Thu May  2 22:01:31 2024: Dispatch Server: stopping mainFifo_
Thu May  2 22:01:31 2024: XCD main fifo: Stopping
Thu May  2 22:01:31 2024: XCD main fifo: do_read error code: Operation canceled
Thu May  2 22:01:31 2024: XCD main fifo: bytes_transferred: 0
Thu May  2 22:01:31 2024: SERVER: destructor for server bound to port 32843
Thu May  2 22:01:31 2024: XCD main fifo: Good unlink of /tmp/xcdmain7a41a793-6d77-44b3-af3c-c81b5c3e77df
Thu May  2 22:01:31 2024: Server exiting with status 0.
Thu May  2 22:01:31 2024: Closing log file.
Thu May  2 22:02:11 2024: Running xcd server. This server was built by gradle.
Thu May  2 22:02:11 2024: Server was asked to start on port: '43919'
Thu May  2 22:02:11 2024: Server is using token UUID: '872bd64e-4f95-4a4a-b43d-a224c98e0361'
Thu May  2 22:02:11 2024: SESSION_MGR: creating session with session uuid: '6d04a3e9-ade5-4ab9-8d63-1f78fcd2ec76' and name 'default'
Thu May  2 22:02:11 2024: Attempting to start server on port '43919'
Thu May  2 22:02:11 2024: XCD main fifo: created main fifo '/tmp/xcdmain872bd64e-4f95-4a4a-b43d-a224c98e0361', fd read = 13
Thu May  2 22:02:11 2024: Running Dispatch Server
Thu May  2 22:02:11 2024: Version 2.2.0
Thu May  2 22:02:20 2024: Dispatch Server: Accepted socket connection from client
Thu May  2 22:02:20 2024: Starting Socket connection
Thu May  2 22:02:20 2024: EXCHANGE_TOKEN received, server token: 872bd64e-4f95-4a4a-b43d-a224c98e0361, passed token: 872bd64e-4f95-4a4a-b43d-a224c98e0361
Thu May  2 22:02:20 2024: SESSION_MGR: creating session with session uuid: 'dc5fdb68-e810-4355-97eb-af04232d04aa' and name 'vitis_hls'
Thu May  2 22:02:20 2024: KERNEL_SVC: creating session with uuid: 'dc5fdb68-e810-4355-97eb-af04232d04aa' and name 'vitis_hls'
Thu May  2 22:02:20 2024: GUIDANCE_SMGR: creating guidance session with uuid: 'dc5fdb68-e810-4355-97eb-af04232d04aa' and name 'vitis_hls'
Thu May  2 22:02:22 2024: STOP_SERVER received, server token: 872bd64e-4f95-4a4a-b43d-a224c98e0361, passed token: 872bd64e-4f95-4a4a-b43d-a224c98e0361
Thu May  2 22:02:22 2024: Socket received request to stop server.
Thu May  2 22:02:22 2024: Dispatch Server: do_await_stop
Thu May  2 22:02:22 2024: Dispatch Server: stopping mainFifo_
Thu May  2 22:02:22 2024: XCD main fifo: Stopping
Thu May  2 22:02:22 2024: XCD main fifo: do_read error code: Operation canceled
Thu May  2 22:02:22 2024: XCD main fifo: bytes_transferred: 0
Thu May  2 22:02:22 2024: SERVER: destructor for server bound to port 43919
Thu May  2 22:02:22 2024: XCD main fifo: Good unlink of /tmp/xcdmain872bd64e-4f95-4a4a-b43d-a224c98e0361
Thu May  2 22:02:22 2024: Server exiting with status 0.
Thu May  2 22:02:22 2024: Closing log file.
Thu May  2 22:02:51 2024: Running xcd server. This server was built by gradle.
Thu May  2 22:02:51 2024: Server was asked to start on port: '45747'
Thu May  2 22:02:51 2024: Server is using token UUID: '9a6d9f38-f4f0-47ef-8e0e-233f8623b48d'
Thu May  2 22:02:51 2024: SESSION_MGR: creating session with session uuid: '6d04a3e9-ade5-4ab9-8d63-1f78fcd2ec76' and name 'default'
Thu May  2 22:02:51 2024: Attempting to start server on port '45747'
Thu May  2 22:02:51 2024: XCD main fifo: created main fifo '/tmp/xcdmain9a6d9f38-f4f0-47ef-8e0e-233f8623b48d', fd read = 13
Thu May  2 22:02:51 2024: Running Dispatch Server
Thu May  2 22:02:51 2024: Version 2.2.0
Thu May  2 22:03:00 2024: Dispatch Server: Accepted socket connection from client
Thu May  2 22:03:00 2024: Starting Socket connection
Thu May  2 22:03:00 2024: EXCHANGE_TOKEN received, server token: 9a6d9f38-f4f0-47ef-8e0e-233f8623b48d, passed token: 9a6d9f38-f4f0-47ef-8e0e-233f8623b48d
Thu May  2 22:03:00 2024: SESSION_MGR: creating session with session uuid: 'b44dbd47-a373-4e81-9aa4-3f2502b75c97' and name 'vitis_hls'
Thu May  2 22:03:00 2024: KERNEL_SVC: creating session with uuid: 'b44dbd47-a373-4e81-9aa4-3f2502b75c97' and name 'vitis_hls'
Thu May  2 22:03:00 2024: GUIDANCE_SMGR: creating guidance session with uuid: 'b44dbd47-a373-4e81-9aa4-3f2502b75c97' and name 'vitis_hls'
Thu May  2 22:03:01 2024: STOP_SERVER received, server token: 9a6d9f38-f4f0-47ef-8e0e-233f8623b48d, passed token: 9a6d9f38-f4f0-47ef-8e0e-233f8623b48d
Thu May  2 22:03:01 2024: Socket received request to stop server.
Thu May  2 22:03:01 2024: Dispatch Server: do_await_stop
Thu May  2 22:03:01 2024: Dispatch Server: stopping mainFifo_
Thu May  2 22:03:01 2024: XCD main fifo: Stopping
Thu May  2 22:03:01 2024: XCD main fifo: do_read error code: Operation canceled
Thu May  2 22:03:01 2024: XCD main fifo: bytes_transferred: 0
Thu May  2 22:03:01 2024: SERVER: destructor for server bound to port 45747
Thu May  2 22:03:01 2024: XCD main fifo: Good unlink of /tmp/xcdmain9a6d9f38-f4f0-47ef-8e0e-233f8623b48d
Thu May  2 22:03:01 2024: Server exiting with status 0.
Thu May  2 22:03:01 2024: Closing log file.
